Log file open, 03/14/18 03:46:03
LogWindows: Failed to load 'aqProf.dll' (GetLastError=126)
LogWindows: File 'aqProf.dll' does not exist
LogWindows: Failed to load 'VSPerf140.dll' (GetLastError=126)
LogWindows: File 'VSPerf140.dll' does not exist
LogWindows: Failed to load 'VtuneApi.dll' (GetLastError=126)
LogWindows: File 'VtuneApi.dll' does not exist
LogWindows: Failed to load 'VtuneApi32e.dll' (GetLastError=126)
LogWindows: File 'VtuneApi32e.dll' does not exist
LogInit: Display: Running engine for game: GameProject
LogPlatformFile: Not using cached read wrapper
LogInit: Display: RandInit(226994646) SRandInit(226994646).
LogInit: Read version file with build ID '3709383'
LogInit: Overriding engine version to CL 3832480, compatible CL 3709383
LogInit: Registered custom module enumerator with build ID '3709383'
LogTaskGraph: Started task graph with 5 named threads and 14 total threads with 3 sets of task threads.
LogStats: Stats thread started at 4.076051
LogD3D11RHI: Aftermath initialized
LogModuleManager: Display: Found up-to-date module file ../../../Engine/Plugins/2D/Paper2D/Binaries/Win64/UE4Editor-Paper2D.dll (API version 3709383).
LogModuleManager: Display: Found up-to-date module file ../../../Engine/Plugins/2D/Paper2D/Binaries/Win64/UE4Editor-Paper2DEditor.dll (API version 3709383).
LogModuleManager: Display: Found up-to-date module file ../../../Engine/Plugins/2D/Paper2D/Binaries/Win64/UE4Editor-PaperSpriteSheetImporter.dll (API version 3709383).
LogModuleManager: Display: Found up-to-date module file ../../../Engine/Plugins/2D/Paper2D/Binaries/Win64/UE4Editor-PaperTiledImporter.dll (API version 3709383).
LogModuleManager: Display: Found up-to-date module file ../../../Engine/Plugins/2D/Paper2D/Binaries/Win64/UE4Editor-SmartSnapping.dll (API version 3709383).
LogModuleManager: Display: Found up-to-date module file ../../../Engine/Plugins/Blendables/LightPropagationVolume/Binaries/Win64/UE4Editor-LightPropagationVolumeRuntime.dll (API version 3709383).
LogModuleManager: Display: Found up-to-date module file ../../../Engine/Plugins/Blendables/LightPropagationVolume/Binaries/Win64/UE4Editor-LightPropagationVolumeEditor.dll (API version 3709383).
LogModuleManager: Display: Found up-to-date module file ../../../Engine/Plugins/Developer/GitSourceControl/Binaries/Win64/UE4Editor-GitSourceControl.dll (API version 3709383).
LogModuleManager: Display: Found up-to-date module file ../../../Engine/Plugins/Developer/PerforceSourceControl/Binaries/Win64/UE4Editor-PerforceSourceControl.dll (API version 3709383).
LogModuleManager: Display: Found up-to-date module file ../../../Engine/Plugins/Developer/SubversionSourceControl/Binaries/Win64/UE4Editor-SubversionSourceControl.dll (API version 3709383).
LogModuleManager: Display: Found up-to-date module file ../../../Engine/Plugins/Developer/UObjectPlugin/Binaries/Win64/UE4Editor-UObjectPlugin.dll (API version 3709383).
LogModuleManager: Display: Found up-to-date module file ../../../Engine/Plugins/Developer/VisualStudioCodeSourceCodeAccess/Binaries/Win64/UE4Editor-VisualStudioCodeSourceCodeAccess.dll (API version 3709383).
LogModuleManager: Display: Found up-to-date module file ../../../Engine/Plugins/Developer/VisualStudioSourceCodeAccess/Binaries/Win64/UE4Editor-VisualStudioSourceCodeAccess.dll (API version 3709383).
LogModuleManager: Display: Found up-to-date module file ../../../Engine/Plugins/Editor/AssetManagerEditor/Binaries/Win64/UE4Editor-AssetManagerEditor.dll (API version 3709383).
LogModuleManager: Display: Found up-to-date module file ../../../Engine/Plugins/Editor/AudioCapture/Binaries/Win64/UE4Editor-AudioCapture.dll (API version 3709383).
LogModuleManager: Display: Found up-to-date module file ../../../Engine/Plugins/Editor/FacialAnimation/Binaries/Win64/UE4Editor-FacialAnimation.dll (API version 3709383).
LogModuleManager: Display: Found up-to-date module file ../../../Engine/Plugins/Editor/FacialAnimation/Binaries/Win64/UE4Editor-FacialAnimationEditor.dll (API version 3709383).
LogModuleManager: Display: Found up-to-date module file ../../../Engine/Plugins/Editor/GameplayTagsEditor/Binaries/Win64/UE4Editor-GameplayTagsEditor.dll (API version 3709383).
LogModuleManager: Display: Found up-to-date module file ../../../Engine/Plugins/Editor/MobileLauncherProfileWizard/Binaries/Win64/UE4Editor-MobileLauncherProfileWizard.dll (API version 3709383).
LogModuleManager: Display: Found up-to-date module file ../../../Engine/Plugins/Editor/PluginBrowser/Binaries/Win64/UE4Editor-PluginBrowser.dll (API version 3709383).
LogModuleManager: Display: Found up-to-date module file ../../../Engine/Plugins/Editor/SpeedTreeImporter/Binaries/Win64/UE4Editor-SpeedTreeImporter.dll (API version 3709383).
LogModuleManager: Display: Found up-to-date module file ../../../Engine/Plugins/Experimental/AlembicImporter/Binaries/Win64/UE4Editor-AlembicImporter.dll (API version 3709383).
LogModuleManager: Display: Found up-to-date module file ../../../Engine/Plugins/Experimental/AlembicImporter/Binaries/Win64/UE4Editor-AlembicLibrary.dll (API version 3709383).
LogModuleManager: Display: Found up-to-date module file ../../../Engine/Plugins/Experimental/CharacterAI/Binaries/Win64/UE4Editor-CharacterAI.dll (API version 3709383).
LogModuleManager: Display: Found up-to-date module file ../../../Engine/Plugins/Experimental/HTML5Networking/Binaries/Win64/UE4Editor-HTML5Networking.dll (API version 3709383).
LogModuleManager: Display: Found up-to-date module file ../../../Engine/Plugins/Media/AndroidMedia/Binaries/Win64/UE4Editor-AndroidMediaEditor.dll (API version 3709383).
LogModuleManager: Display: Found up-to-date module file ../../../Engine/Plugins/Media/AndroidMedia/Binaries/Win64/UE4Editor-AndroidMediaFactory.dll (API version 3709383).
LogModuleManager: Display: Found up-to-date module file ../../../Engine/Plugins/Media/AvfMedia/Binaries/Win64/UE4Editor-AvfMediaEditor.dll (API version 3709383).
LogModuleManager: Display: Found up-to-date module file ../../../Engine/Plugins/Media/AvfMedia/Binaries/Win64/UE4Editor-AvfMediaFactory.dll (API version 3709383).
LogModuleManager: Display: Found up-to-date module file ../../../Engine/Plugins/Media/AvfMedia/Binaries/Win64/UE4Editor-AvfMediaFactory.dll (API version 3709383).
LogModuleManager: Display: Found up-to-date module file ../../../Engine/Plugins/Media/ImgMedia/Binaries/Win64/UE4Editor-ImgMedia.dll (API version 3709383).
LogModuleManager: Display: Found up-to-date module file ../../../Engine/Plugins/Media/ImgMedia/Binaries/Win64/UE4Editor-ImgMediaEditor.dll (API version 3709383).
LogModuleManager: Display: Found up-to-date module file ../../../Engine/Plugins/Media/ImgMedia/Binaries/Win64/UE4Editor-ImgMediaFactory.dll (API version 3709383).
LogModuleManager: Display: Found up-to-date module file ../../../Engine/Plugins/Media/ImgMedia/Binaries/Win64/UE4Editor-ImgMediaFactory.dll (API version 3709383).
LogModuleManager: Display: Found up-to-date module file ../../../Engine/Plugins/Media/ImgMedia/Binaries/Win64/UE4Editor-OpenExrWrapper.dll (API version 3709383).
LogModuleManager: Display: Found up-to-date module file ../../../Engine/Plugins/Media/MediaCompositing/Binaries/Win64/UE4Editor-MediaCompositing.dll (API version 3709383).
LogModuleManager: Display: Found up-to-date module file ../../../Engine/Plugins/Media/MediaCompositing/Binaries/Win64/UE4Editor-MediaCompositingEditor.dll (API version 3709383).
LogModuleManager: Display: Found up-to-date module file ../../../Engine/Plugins/Media/MediaPlayerEditor/Binaries/Win64/UE4Editor-MediaPlayerEditor.dll (API version 3709383).
LogModuleManager: Display: Found up-to-date module file ../../../Engine/Plugins/Media/WmfMedia/Binaries/Win64/UE4Editor-WmfMedia.dll (API version 3709383).
LogModuleManager: Display: Found up-to-date module file ../../../Engine/Plugins/Media/WmfMedia/Binaries/Win64/UE4Editor-WmfMediaEditor.dll (API version 3709383).
LogModuleManager: Display: Found up-to-date module file ../../../Engine/Plugins/Media/WmfMedia/Binaries/Win64/UE4Editor-WmfMediaFactory.dll (API version 3709383).
LogModuleManager: Display: Found up-to-date module file ../../../Engine/Plugins/Media/WmfMedia/Binaries/Win64/UE4Editor-WmfMediaFactory.dll (API version 3709383).
LogModuleManager: Display: Found up-to-date module file ../../../Engine/Plugins/Messaging/TcpMessaging/Binaries/Win64/UE4Editor-TcpMessaging.dll (API version 3709383).
LogModuleManager: Display: Found up-to-date module file ../../../Engine/Plugins/Messaging/UdpMessaging/Binaries/Win64/UE4Editor-UdpMessaging.dll (API version 3709383).
LogModuleManager: Display: Found up-to-date module file ../../../Engine/Plugins/MovieScene/ActorSequence/Binaries/Win64/UE4Editor-ActorSequence.dll (API version 3709383).
LogModuleManager: Display: Found up-to-date module file ../../../Engine/Plugins/MovieScene/LevelSequenceEditor/Binaries/Win64/UE4Editor-LevelSequenceEditor.dll (API version 3709383).
LogModuleManager: Display: Found up-to-date module file ../../../Engine/Plugins/MovieScene/MatineeToLevelSequence/Binaries/Win64/UE4Editor-MatineeToLevelSequence.dll (API version 3709383).
LogModuleManager: Display: Found up-to-date module file ../../../Engine/Plugins/Online/OnlineSubsystem/Binaries/Win64/UE4Editor-OnlineSubsystem.dll (API version 3709383).
LogModuleManager: Display: Found up-to-date module file ../../../Engine/Plugins/Runtime/AndroidPermission/Binaries/Win64/UE4Editor-AndroidPermission.dll (API version 3709383).
LogModuleManager: Display: Found up-to-date module file ../../../Engine/Plugins/Online/OnlineSubsystemNull/Binaries/Win64/UE4Editor-OnlineSubsystemNull.dll (API version 3709383).
LogModuleManager: Display: Found up-to-date module file ../../../Engine/Plugins/Online/OnlineSubsystemUtils/Binaries/Win64/UE4Editor-OnlineSubsystemUtils.dll (API version 3709383).
LogModuleManager: Display: Found up-to-date module file ../../../Engine/Plugins/Online/OnlineSubsystemUtils/Binaries/Win64/UE4Editor-OnlineBlueprintSupport.dll (API version 3709383).
LogModuleManager: Display: Found up-to-date module file ../../../Engine/Plugins/Runtime/AndroidDeviceProfileSelector/Binaries/Win64/UE4Editor-AndroidDeviceProfileSelector.dll (API version 3709383).
LogModuleManager: Display: Found up-to-date module file ../../../Engine/Plugins/Runtime/AppleARKit/Binaries/Win64/UE4Editor-AppleARKit.dll (API version 3709383).
LogModuleManager: Display: Found up-to-date module file ../../../Engine/Plugins/Runtime/ArchVisCharacter/Binaries/Win64/UE4Editor-ArchVisCharacter.dll (API version 3709383).
LogModuleManager: Display: Found up-to-date module file ../../../Engine/Plugins/Runtime/CableComponent/Binaries/Win64/UE4Editor-CableComponent.dll (API version 3709383).
LogModuleManager: Display: Found up-to-date module file ../../../Engine/Plugins/Runtime/CustomMeshComponent/Binaries/Win64/UE4Editor-CustomMeshComponent.dll (API version 3709383).
LogModuleManager: Display: Found up-to-date module file ../../../Engine/Plugins/Runtime/ExampleDeviceProfileSelector/Binaries/Win64/UE4Editor-ExampleDeviceProfileSelector.dll (API version 3709383).
LogModuleManager: Display: Found up-to-date module file ../../../Engine/Plugins/Runtime/ImmediatePhysics/Binaries/Win64/UE4Editor-ImmediatePhysics.dll (API version 3709383).
LogModuleManager: Display: Found up-to-date module file ../../../Engine/Plugins/Runtime/ImmediatePhysics/Binaries/Win64/UE4Editor-ImmediatePhysicsEditor.dll (API version 3709383).
LogModuleManager: Display: Found up-to-date module file ../../../Engine/Plugins/Runtime/LocationServicesBPLibrary/Binaries/Win64/UE4Editor-LocationServicesBPLibrary.dll (API version 3709383).
LogModuleManager: Display: Found up-to-date module file ../../../Engine/Plugins/Runtime/MobilePatchingUtils/Binaries/Win64/UE4Editor-MobilePatchingUtils.dll (API version 3709383).
LogModuleManager: Display: Found up-to-date module file ../../../Engine/Plugins/Runtime/Oculus/OculusVR/Binaries/Win64/UE4Editor-OculusHMD.dll (API version 3709383).
LogModuleManager: Display: Found up-to-date module file ../../../Engine/Plugins/Runtime/Oculus/OculusVR/Binaries/Win64/UE4Editor-OculusInput.dll (API version 3709383).
LogModuleManager: Display: Found up-to-date module file ../../../Engine/Plugins/Runtime/Oculus/OculusVR/Binaries/Win64/UE4Editor-OculusEditor.dll (API version 3709383).
LogModuleManager: Display: Found up-to-date module file ../../../Engine/Plugins/Runtime/PhysXVehicles/Binaries/Win64/UE4Editor-PhysXVehicles.dll (API version 3709383).
LogModuleManager: Display: Found up-to-date module file ../../../Engine/Plugins/Runtime/PhysXVehicles/Binaries/Win64/UE4Editor-PhysXVehiclesEditor.dll (API version 3709383).
LogModuleManager: Display: Found up-to-date module file ../../../Engine/Plugins/Runtime/ProceduralMeshComponent/Binaries/Win64/UE4Editor-ProceduralMeshComponent.dll (API version 3709383).
LogModuleManager: Display: Found up-to-date module file ../../../Engine/Plugins/Runtime/ProceduralMeshComponent/Binaries/Win64/UE4Editor-ProceduralMeshComponentEditor.dll (API version 3709383).
LogModuleManager: Display: Found up-to-date module file ../../../Engine/Plugins/Runtime/RuntimePhysXCooking/Binaries/Win64/UE4Editor-RuntimePhysXCooking.dll (API version 3709383).
LogModuleManager: Display: Found up-to-date module file ../../../Engine/Plugins/Runtime/Steam/SteamVR/Binaries/Win64/UE4Editor-SteamVR.dll (API version 3709383).
LogModuleManager: Display: Found up-to-date module file ../../../Engine/Plugins/Runtime/Steam/SteamVR/Binaries/Win64/UE4Editor-SteamVRController.dll (API version 3709383).
LogModuleManager: Display: Found up-to-date module file ../../../Engine/Plugins/Runtime/WindowsMoviePlayer/Binaries/Win64/UE4Editor-WindowsMoviePlayer.dll (API version 3709383).
LogPluginManager: Mounting plugin Paper2D
LogPluginManager: Mounting plugin LightPropagationVolume
LogPluginManager: Mounting plugin CodeLiteSourceCodeAccess
LogPluginManager: Mounting plugin GitSourceControl
LogPluginManager: Mounting plugin KDevelopSourceCodeAccess
LogPluginManager: Mounting plugin NullSourceCodeAccess
LogPluginManager: Mounting plugin PerforceSourceControl
LogPluginManager: Mounting plugin SubversionSourceControl
LogPluginManager: Mounting plugin UObjectPlugin
LogPluginManager: Mounting plugin VisualStudioCodeSourceCodeAccess
LogPluginManager: Mounting plugin VisualStudioSourceCodeAccess
LogPluginManager: Mounting plugin XCodeSourceCodeAccess
LogPluginManager: Mounting plugin AssetManagerEditor
LogPluginManager: Mounting plugin AudioCapture
LogPluginManager: Mounting plugin FacialAnimation
LogPluginManager: Mounting plugin GameplayTagsEditor
LogPluginManager: Mounting plugin MobileLauncherProfileWizard
LogPluginManager: Mounting plugin PluginBrowser
LogPluginManager: Mounting plugin SpeedTreeImporter
LogPluginManager: Mounting plugin AlembicImporter
LogPluginManager: Mounting plugin CharacterAI
LogPluginManager: Mounting plugin HTML5Networking
LogPluginManager: Mounting plugin AndroidMedia
LogPluginManager: Mounting plugin AvfMedia
LogPluginManager: Mounting plugin ImgMedia
LogPluginManager: Mounting plugin MediaCompositing
LogPluginManager: Mounting plugin MediaPlayerEditor
LogPluginManager: Mounting plugin WmfMedia
LogPluginManager: Mounting plugin TcpMessaging
LogPluginManager: Mounting plugin UdpMessaging
LogPluginManager: Mounting plugin ActorSequence
LogPluginManager: Mounting plugin LevelSequenceEditor
LogPluginManager: Mounting plugin MatineeToLevelSequence
LogPluginManager: Mounting plugin OnlineSubsystemGooglePlay
LogPluginManager: Mounting plugin OnlineSubsystemIOS
LogPluginManager: Mounting plugin OnlineSubsystem
LogPluginManager: Mounting plugin OnlineSubsystemNull
LogPluginManager: Mounting plugin OnlineSubsystemUtils
LogPluginManager: Mounting plugin AndroidDeviceProfileSelector
LogPluginManager: Mounting plugin AndroidMoviePlayer
LogPluginManager: Mounting plugin AndroidPermission
LogPluginManager: Mounting plugin AppleARKit
LogPluginManager: Mounting plugin AppleMoviePlayer
LogPluginManager: Mounting plugin ArchVisCharacter
LogPluginManager: Mounting plugin CableComponent
LogPluginManager: Mounting plugin CustomMeshComponent
LogPluginManager: Mounting plugin ExampleDeviceProfileSelector
LogPluginManager: Mounting plugin GoogleCloudMessaging
LogPluginManager: Mounting plugin ImmediatePhysics
LogPluginManager: Mounting plugin IOSDeviceProfileSelector
LogPluginManager: Mounting plugin LinuxDeviceProfileSelector
LogPluginManager: Mounting plugin LocationServicesBPLibrary
LogPluginManager: Mounting plugin MobilePatchingUtils
LogPluginManager: Mounting plugin OculusVR
LogPluginManager: Plugin shader directory ../../../Engine/Plugins/Runtime/Oculus/OculusVR/Shaders found
LogPluginManager: Mapping shader source directory ../../../Engine/Plugins/Runtime/Oculus/OculusVR/Shaders to virtual directory /Plugin/OculusVR
LogPluginManager: Mounting plugin PhysXVehicles
LogPluginManager: Mounting plugin ProceduralMeshComponent
LogPluginManager: Mounting plugin RuntimePhysXCooking
LogPluginManager: Mounting plugin SteamVR
LogPluginManager: Mounting plugin WindowsMoviePlayer
LogInit: Using libcurl 7.47.1
LogInit:  - built for x86_64-pc-win32
LogInit:  - supports SSL with OpenSSL/1.0.2g
LogInit:  - supports HTTP deflate (compression) using libz 1.2.8
LogInit:  - other features:
LogInit:      CURL_VERSION_SSL
LogInit:      CURL_VERSION_LIBZ
LogInit:      CURL_VERSION_IPV6
LogInit:      CURL_VERSION_ASYNCHDNS
LogInit:      CURL_VERSION_LARGEFILE
LogInit:      CURL_VERSION_IDN
LogInit:  CurlRequestOptions (configurable via config and command line):
LogInit:  - bVerifyPeer = false  - Libcurl will NOT verify peer certificate
LogInit:  - bUseHttpProxy = false  - Libcurl will NOT use HTTP proxy
LogInit:  - bDontReuseConnections = false  - Libcurl will reuse connections
LogInit:  - CertBundlePath = nullptr  - Libcurl will use whatever was configured at build time.
LogInit: Build: ++UE4+Release-4.18-CL-3832480
LogInit: Engine Version: 4.18.3-3832480+++UE4+Release-4.18
LogInit: Compatible Engine Version: 4.18.0-3709383+++UE4+Release-4.18
LogInit: Net CL: 3709383
LogDevObjectVersion: Number of dev versions registered: 16
LogDevObjectVersion:   Dev-Blueprints (B0D832E4-1F89-4F0D-ACCF-7EB736FD4AA2): 10
LogDevObjectVersion:   Dev-Build (E1C64328-A22C-4D53-A36C-8E866417BD8C): 0
LogDevObjectVersion:   Dev-Core (375EC13C-06E4-48FB-B500-84F0262A717E): 2
LogDevObjectVersion:   Dev-Editor (E4B068ED-F494-42E9-A231-DA0B2E46BB41): 20
LogDevObjectVersion:   Dev-Framework (CFFC743F-43B0-4480-9391-14DF171D2073): 30
LogDevObjectVersion:   Dev-Mobile (B02B49B5-BB20-44E9-A304-32B752E40360): 0
LogDevObjectVersion:   Dev-Networking (A4E4105C-59A1-49B5-A7C5-40C4547EDFEE): 0
LogDevObjectVersion:   Dev-Online (39C831C9-5AE6-47DC-9A44-9C173E1C8E7C): 0
LogDevObjectVersion:   Dev-Physics (78F01B33-EBEA-4F98-B9B4-84EACCB95AA2): 0
LogDevObjectVersion:   Dev-Platform (6631380F-2D4D-43E0-8009-CF276956A95A): 0
LogDevObjectVersion:   Dev-Rendering (12F88B9F-8875-4AFC-A67C-D90C383ABD29): 20
LogDevObjectVersion:   Dev-Sequencer (7B5AE74C-D270-4C10-A958-57980B212A5A): 4
LogDevObjectVersion:   Dev-VR (D7296918-1DD6-4BDD-9DE2-64A83CC13884): 0
LogDevObjectVersion:   Dev-LoadTimes (C2A15278-BFE7-4AFE-6C17-90FF531DF755): 1
LogDevObjectVersion:   Private-Geometry (6EACA3D4-40EC-4CC1-B786-8BED09428FC5): 1
LogDevObjectVersion:   Dev-AnimPhys (29E575DD-E0A3-4627-9D10-D276232CDCEA): 12
LogInit: Compiled (64-bit): Jan 12 2018 02:04:55
LogInit: Compiled with Visual C++: 19.00.24215.01
LogInit: Build Configuration: Development
LogInit: Branch Name: ++UE4+Release-4.18
LogInit: Command line:  
LogInit: Base directory: C:/Program Files/Epic Games/UE_4.18/Engine/Binaries/Win64/
LogInit: Installed Engine Build: 1
LogInit: Presizing for max 8388607 objects, including 0 objects not considered by GC, pre-allocating 0 bytes for permanent pool.
LogInit: Object subsystem initialized
[2018.03.14-07.46.09:166][  0]LogInit: Selected Device Profile: [Windows]
[2018.03.14-07.46.09:166][  0]LogInit: Applying CVar settings loaded from the selected device profile: [Windows]
[2018.03.14-07.46.09:251][  0]LogConfig: Warning: Failed to saved backup for config[DeviceProfiles]
[2018.03.14-07.46.09:347][  0]LogInit: Computer: MIKAEL_DESKTOP
[2018.03.14-07.46.09:347][  0]LogInit: User: mikaelmantis
[2018.03.14-07.46.09:347][  0]LogInit: CPU Page size=4096, Cores=4
[2018.03.14-07.46.09:347][  0]LogInit: High frequency timer resolution =3.020497 MHz
[2018.03.14-07.46.09:347][  0]LogMemory: Memory total: Physical=5.9GB (6GB approx)
[2018.03.14-07.46.09:347][  0]LogMemory: Platform Memory Stats for Windows
[2018.03.14-07.46.09:347][  0]LogMemory: Process Physical Memory: 275.75 MB used, 275.75 MB peak
[2018.03.14-07.46.09:347][  0]LogMemory: Process Virtual Memory: 271.77 MB used, 271.77 MB peak
[2018.03.14-07.46.09:347][  0]LogMemory: Physical Memory: 3732.69 MB used,  2310.15 MB free, 6042.84 MB total
[2018.03.14-07.46.09:347][  0]LogMemory: Virtual Memory: 683.91 MB used,  2310.15 MB free, 134217728.00 MB total
[2018.03.14-07.46.10:644][  0]LogInit: Using OS detected language (en-US).
[2018.03.14-07.46.10:644][  0]LogInit: Using OS detected locale (en-US).
[2018.03.14-07.46.10:971][  0]LogTextLocalizationManager: No specific localization for 'en-US' exists, so the 'en' localization will be used.
[2018.03.14-07.46.11:834][  0]LogInit: Setting process to per monitor DPI aware
[2018.03.14-07.46.15:657][  0]LogD3D11RHI: D3D11 adapters:
[2018.03.14-07.46.15:673][  0]LogD3D11RHI:    0. 'Intel(R) HD Graphics' (Feature Level 11_0)
[2018.03.14-07.46.15:673][  0]LogD3D11RHI:       32/0/1760 MB DedicatedVideo/DedicatedSystem/SharedSystem, Outputs:2, VendorId:0x8086
[2018.03.14-07.46.15:678][  0]LogD3D11RHI:    1. 'Microsoft Basic Render Driver' (Feature Level 11_0)
[2018.03.14-07.46.15:678][  0]LogD3D11RHI:       0/0/3021 MB DedicatedVideo/DedicatedSystem/SharedSystem, Outputs:0, VendorId:0x1414
[2018.03.14-07.46.15:678][  0]LogD3D11RHI: Chosen D3D11 Adapter: 0
[2018.03.14-07.46.15:687][  0]LogD3D11RHI: Creating new Direct3DDevice
[2018.03.14-07.46.15:687][  0]LogD3D11RHI:     GPU DeviceId: 0x152 (for the marketing name, search the web for "GPU Device Id")
[2018.03.14-07.46.15:687][  0]LogWindows: EnumDisplayDevices:
[2018.03.14-07.46.15:688][  0]LogWindows:    0. 'Intel(R) HD Graphics' (P:1 D:1)
[2018.03.14-07.46.15:688][  0]LogWindows:    1. 'Intel(R) HD Graphics' (P:0 D:1)
[2018.03.14-07.46.15:689][  0]LogWindows: DebugString: GetVideoDriverDetailsInvalid PrimaryIsNotTheChoosenAdapter GetVideoDriverDetailsInvalid PrimaryIsNotTheChoosenAdapter FoundDriverCount:0 
[2018.03.14-07.46.15:689][  0]LogD3D11RHI:     Adapter Name: Intel(R) HD Graphics
[2018.03.14-07.46.15:689][  0]LogD3D11RHI:   Driver Version: Unknown (internal:Unknown, unified:Unknown)
[2018.03.14-07.46.15:689][  0]LogD3D11RHI:      Driver Date: Unknown
[2018.03.14-07.46.15:689][  0]LogRHI: Texture pool is 638 MB (70% of 912 MB)
[2018.03.14-07.46.15:735][  0]LogD3D11RHI: Async texture creation enabled
[2018.03.14-07.46.16:012][  0]LogD3D11RHI: GPU Timing Frequency: 12.500000 (Debug: 2 0)
[2018.03.14-07.46.16:106][  0]LogShaderCompilers: Guid format shader working directory is -30 characters bigger than the processId version (../../../../../../Users/mikael_mantis/Documents/CIS568/DefendTheOrchard/GameProject/Intermediate/Shaders/WorkingDirectory/13008/).
[2018.03.14-07.46.16:107][  0]LogShaderCompilers: Cleaned the shader compiler working directory 'C:/Users/mikael_mantis/AppData/Local/Temp/UnrealShaderWorkingDir/1C2C87174D438C6B31D79FB36B7EACD3/'.
[2018.03.14-07.46.16:125][  0]LogShaderCompilers: Display: Using Local Shader Compiler.
[2018.03.14-07.46.32:058][  0]LogTemp: Display: Loaded TP AllDesktopTargetPlatform
[2018.03.14-07.46.32:127][  0]LogTemp: Display: Loaded TP MacClientTargetPlatform
[2018.03.14-07.46.32:196][  0]LogTemp: Display: Loaded TP MacNoEditorTargetPlatform
[2018.03.14-07.46.32:265][  0]LogTemp: Display: Loaded TP MacServerTargetPlatform
[2018.03.14-07.46.32:334][  0]LogTemp: Display: Loaded TP MacTargetPlatform
[2018.03.14-07.46.32:402][  0]LogTemp: Display: Loaded TP WindowsClientTargetPlatform
[2018.03.14-07.46.32:472][  0]LogTemp: Display: Loaded TP WindowsNoEditorTargetPlatform
[2018.03.14-07.46.32:541][  0]LogTemp: Display: Loaded TP WindowsServerTargetPlatform
[2018.03.14-07.46.32:601][  0]LogTemp: Display: Loaded TP WindowsTargetPlatform
[2018.03.14-07.46.32:668][  0]LogTemp: Display: Loaded TP Android_ASTCTargetPlatform
[2018.03.14-07.46.32:736][  0]LogTemp: Display: Loaded TP Android_ATCTargetPlatform
[2018.03.14-07.46.32:803][  0]LogTemp: Display: Loaded TP Android_DXTTargetPlatform
[2018.03.14-07.46.32:869][  0]LogTemp: Display: Loaded TP Android_ETC1TargetPlatform
[2018.03.14-07.46.32:935][  0]LogTemp: Display: Loaded TP Android_ETC2TargetPlatform
[2018.03.14-07.46.33:069][  0]LogTemp: Display: Loaded TP Android_MultiTargetPlatform
[2018.03.14-07.46.33:069][  0]LogTemp: Display: Loaded TP Android_PVRTCTargetPlatform
[2018.03.14-07.46.33:136][  0]LogTemp: Display: Loaded TP AndroidTargetPlatform
[2018.03.14-07.46.33:188][  0]LogTemp: Display: Loaded TP HTML5TargetPlatform
[2018.03.14-07.46.33:307][  0]LogTemp: Display: Loaded TP IOSTargetPlatform
[2018.03.14-07.46.33:344][  0]LogTemp: Display: Loaded TP TVOSTargetPlatform
[2018.03.14-07.46.33:410][  0]LogTemp: Display: Loaded TP LinuxClientTargetPlatform
[2018.03.14-07.46.33:477][  0]LogTemp: Display: Loaded TP LinuxNoEditorTargetPlatform
[2018.03.14-07.46.33:545][  0]LogTemp: Display: Loaded TP LinuxServerTargetPlatform
[2018.03.14-07.46.33:613][  0]LogTemp: Display: Loaded TP LinuxTargetPlatform
[2018.03.14-07.46.33:613][  0]LogTargetPlatformManager: Display: Building Assets For Windows
[2018.03.14-07.46.34:377][  0]LogDerivedDataCache: Display: Max Cache Size: 512 MB
[2018.03.14-07.46.35:451][  0]LogDerivedDataCache: Loaded boot cache 1.06s 78MB C:/Users/mikael_mantis/AppData/Local/UnrealEngine/4.18/DerivedDataCache/Boot.ddc.
[2018.03.14-07.46.35:451][  0]LogDerivedDataCache: Display: Loaded Boot cache: C:/Users/mikael_mantis/AppData/Local/UnrealEngine/4.18/DerivedDataCache/Boot.ddc
[2018.03.14-07.46.35:451][  0]LogDerivedDataCache: FDerivedDataBackendGraph:  Pak pak cache file ../../../../../../Users/mikael_mantis/Documents/CIS568/DefendTheOrchard/GameProject/DerivedDataCache/DDC.ddp not found, will not use a pak cache.
[2018.03.14-07.46.35:451][  0]LogDerivedDataCache: Unable to find inner node Pak for hierarchical cache Hierarchy.
[2018.03.14-07.46.35:451][  0]LogDerivedDataCache: FDerivedDataBackendGraph:  CompressedPak pak cache file ../../../../../../Users/mikael_mantis/Documents/CIS568/DefendTheOrchard/GameProject/DerivedDataCache/Compressed.ddp not found, will not use a pak cache.
[2018.03.14-07.46.35:451][  0]LogDerivedDataCache: Unable to find inner node CompressedPak for hierarchical cache Hierarchy.
[2018.03.14-07.46.35:576][  0]LogDerivedDataCache: Display: Pak cache opened for reading ../../../Engine/DerivedDataCache/Compressed.ddp.
[2018.03.14-07.46.35:644][  0]LogDerivedDataCache: Using Local data cache path C:/Users/mikael_mantis/AppData/Local/UnrealEngine/Common/DerivedDataCache: Writable
[2018.03.14-07.46.35:741][  0]LogMaterial: Verifying Global Shaders for PCD3D_SM5
[2018.03.14-07.46.35:811][  0]LogSlate: Using Freetype 2.6.0
[2018.03.14-07.46.35:946][  0]LogSlate: SlateFontCache - WITH_FREETYPE: 1, WITH_HARFBUZZ: 1
[2018.03.14-07.46.35:948][  0]LogSlate: SlateFontCache - WITH_FREETYPE: 1, WITH_HARFBUZZ: 1
[2018.03.14-07.46.42:406][  0]LogInit: Selected Device Profile: [Windows]
[2018.03.14-07.46.45:145][  0]LogSimplygon: Simplygon DLL not present - disabling.
[2018.03.14-07.46.45:288][  0]LogMeshReduction: Using SimplygonSwarm for distributed automatic mesh merging
[2018.03.14-07.46.45:289][  0]LogMeshReduction: Using QuadricMeshReduction for automatic static mesh reduction
[2018.03.14-07.46.45:289][  0]LogMeshReduction: No automatic skeletal mesh reduction module available
[2018.03.14-07.46.45:289][  0]LogMeshReduction: No automatic mesh merging module available
[2018.03.14-07.46.45:289][  0]LogMeshMerging: No automatic mesh merging module available
[2018.03.14-07.46.45:832][  0]LogNetVersion: GameProject , NetCL: 3709383, EngineNetVer: 2, GameNetVer: 0 (Checksum: 2708194857)
[2018.03.14-07.46.47:963][  0]LogAssetRegistry: FAssetRegistry took 0.0555 seconds to start up
[2018.03.14-07.47.03:094][  0]LogAssetRegistry: Error: Failed to open file for write ../../../../../../Users/mikael_mantis/Documents/CIS568/DefendTheOrchard/GameProject/Intermediate/CachedAssetRegistry.bin
[2018.03.14-07.47.03:095][  0]LogAssetRegistry: Error: Failed to open file for write ../../../../../../Users/mikael_mantis/Documents/CIS568/DefendTheOrchard/GameProject/Intermediate/AssetRegistryCache/5a627529.bin
[2018.03.14-07.47.03:168][  0]LogAssetRegistry: Error: Failed to open file for write ../../../../../../Users/mikael_mantis/Documents/CIS568/DefendTheOrchard/GameProject/Intermediate/AssetRegistryCache/2657c409.bin
[2018.03.14-07.47.03:308][  0]LogPackageLocalizationCache: Processed 7 localized package path(s) for 2 prioritized culture(s) in 0.274341 seconds
[2018.03.14-07.47.03:363][  0]LogUObjectArray: 35870 objects as part of root set at end of initial load.
[2018.03.14-07.47.03:364][  0]LogUObjectAllocator: 7363696 out of 0 bytes used by permanent object pool.
[2018.03.14-07.47.03:364][  0]LogUObjectArray: CloseDisregardForGC: 0/0 objects in disregard for GC pool
[2018.03.14-07.47.03:585][  0]LogInit: WinSock: version 1.1 (2.2), MaxSocks=32767, MaxUdp=65467
[2018.03.14-07.47.53:411][  0]LogTcpMessaging: Initializing TcpMessaging bridge
[2018.03.14-07.47.53:517][  0]LogUdpMessaging: Initializing bridge on interface 0.0.0.0:0 to multicast group 230.0.0.1:6666.
[2018.03.14-07.48.00:997][  0]LogMaterial: Uniform references updated for custom material expression Custom.
[2018.03.14-07.48.11:606][  0]SourceControl: Source control is disabled
[2018.03.14-07.48.11:834][  0]SourceControl: Source control is disabled
[2018.03.14-07.48.13:127][  0]SourceControl: Source control is disabled
[2018.03.14-07.48.13:797][  0]SourceControl: Source control is disabled
[2018.03.14-07.48.27:310][  0]LogAndroidPermission: UAndroidPermissionCallbackProxy::GetInstance
[2018.03.14-07.48.28:150][  0]LogOcInput: OculusInput pre-init called
[2018.03.14-07.48.37:806][  0]LogEngine: Initializing Engine...
[2018.03.14-07.48.38:843][  0]LogHMD: Failed to initialize OpenVR with code 110
[2018.03.14-07.48.43:938][  0]LogStats: UGameplayTagsManager::ConstructGameplayTagTree: Construct from data asset -  0.000 s
[2018.03.14-07.48.44:036][  0]LogStats: UGameplayTagsManager::ConstructGameplayTagTree: GameplayTagTreeChangedEvent.Broadcast -  0.024 s
[2018.03.14-07.48.50:971][  0]LogAIModule: Creating AISystem for world Untitled
[2018.03.14-07.48.53:858][  0]LogInit: XAudio2 using 'SAMSUNG (Intel(R) Display Audio)' : 2 channels at 48 kHz using 16 bits per sample (channel mask 0x3)
[2018.03.14-07.48.55:809][  0]LogInit: FAudioDevice initialized.
[2018.03.14-07.48.56:200][  0]LogDerivedDataCache: Error: Could not save memory cache C:/Users/mikael_mantis/AppData/Local/UnrealEngine/4.18/DerivedDataCache/Boot.ddc.
[2018.03.14-07.48.56:251][  0]LogInit: Texture streaming: Enabled
[2018.03.14-07.49.01:648][  0]LogEngineSessionManager: EngineSessionManager initialized
[2018.03.14-07.49.05:585][  0]LogInit: Transaction tracking system initialized
[2018.03.14-07.49.11:694][  0]BlueprintLog: New page: Editor Load
[2018.03.14-07.49.31:281][  0]LogConfig: Warning: Failed to saved backup for config[LocalizationServiceSettings]
[2018.03.14-07.49.31:282][  0]LocalizationService: Localization service is disabled
[2018.03.14-07.49.38:790][  0]LogConsoleResponse: Display: 
[2018.03.14-07.49.49:836][  0]LogFileCache: Scanning file cache for directory 'C:/Users/mikael_mantis/Documents/CIS568/DefendTheOrchard/GameProject/Content/' took 0.11s
[2018.03.14-07.49.49:836][  0]LogCook: Display: Max memory allowance for cook 16384mb min free memory 0mb
[2018.03.14-07.49.49:915][  0]LogCook: Display: Mobile HDR setting 1
[2018.03.14-07.49.50:052][  0]LogGameplayTags: Display: UGameplayTagsManager::DoneAddingNativeTags. DelegateIsBound: 0
[2018.03.14-07.50.02:294][  0]SourceControl: Source control is disabled
[2018.03.14-07.50.02:486][  0]Cmd: MAP LOAD FILE="../../../../../../Users/mikael_mantis/Documents/CIS568/DefendTheOrchard/GameProject/Content/ThirdPersonBP/Maps/ThirdPersonExampleMap.umap" TEMPLATE=0 SHOWPROGRESS=1 FEATURELEVEL=3
[2018.03.14-07.50.02:622][  0]LightingResults: New page: Lighting Build
[2018.03.14-07.50.04:023][  0]MapCheck: New page: Map Check
[2018.03.14-07.50.04:023][  0]LightingResults: New page: Lighting Build
[2018.03.14-07.50.49:606][  0]LogAIModule: Creating AISystem for world ThirdPersonExampleMap
[2018.03.14-07.50.55:425][  0]LogEditorServer: Finished looking for orphan Actors (0.000 secs)
[2018.03.14-07.50.56:843][  0]Cmd: MAP CHECKDEP NOCLEARLOG
[2018.03.14-07.50.57:136][  0]MapCheck: Map check complete: 0 Error(s), 0 Warning(s), took 290.652ms to complete.
[2018.03.14-07.50.57:194][  0]LogFileHelpers: Loading map 'ThirdPersonExampleMap' took 54.841
[2018.03.14-07.51.08:070][  0]LogCollectionManager: Loaded 0 collections in 0.002916 seconds
[2018.03.14-07.51.08:626][  0]LogFileCache: Scanning file cache for directory 'C:/Users/mikael_mantis/Documents/CIS568/DefendTheOrchard/GameProject/Saved/Collections/' took 0.01s
[2018.03.14-07.51.08:626][  0]LogFileCache: Scanning file cache for directory 'C:/Users/mikael_mantis/Documents/CIS568/DefendTheOrchard/GameProject/Content/Developers/mikaelmantis/Collections/' took 0.01s
[2018.03.14-07.51.08:626][  0]LogFileCache: Scanning file cache for directory 'C:/Users/mikael_mantis/Documents/CIS568/DefendTheOrchard/GameProject/Content/Collections/' took 0.01s
[2018.03.14-07.51.08:626][  0]LogCollectionManager: Rebuilt the GUID cache for 0 collections in 0.000000 seconds
[2018.03.14-07.51.08:855][  0]LogContentBrowser: Native class hierarchy populated in 0.0156 seconds. Added 2363 classes and 519 folders.
[2018.03.14-07.51.09:210][  0]LogContentBrowser: Native class hierarchy updated for 'WidgetCarousel' in 0.0003 seconds. Added 0 classes and 0 folders.
[2018.03.14-07.51.13:513][  0]LogContentBrowser: Native class hierarchy updated for 'AddContentDialog' in 0.0003 seconds. Added 0 classes and 0 folders.
[2018.03.14-07.51.13:752][  0]LogContentBrowser: Native class hierarchy updated for 'SceneOutliner' in 0.0003 seconds. Added 1 classes and 2 folders.
[2018.03.14-07.51.16:455][  0]LogSlate: Took 0.088730 seconds to synchronously load lazily loaded font '../../../Engine/Content/Slate/Fonts/Roboto-Regular.ttf' (155K)
[2018.03.14-07.51.16:646][  0]LogSlate: Took 0.093802 seconds to synchronously load lazily loaded font '../../../Engine/Content/Slate/Fonts/Roboto-Bold.ttf' (160K)
[2018.03.14-07.51.16:906][  0]LogSlate: Took 0.063889 seconds to synchronously load lazily loaded font '../../../Engine/Content/Editor/Slate/Fonts/FontAwesome.ttf' (139K)
[2018.03.14-07.51.19:959][  0]LogRenderer: Reallocating scene render targets to support 804x340 Format 9 NumSamples 1 (Frame:1).
[2018.03.14-07.51.36:137][  0]LogContentBrowser: Native class hierarchy updated for 'HierarchicalLODOutliner' in 0.0004 seconds. Added 1 classes and 2 folders.
[2018.03.14-07.51.36:137][  0]LogLoad: (Engine Initialization) Total time: 350.97 seconds
[2018.03.14-07.51.36:137][  0]LogLoad: (Engine Initialization) Total Blueprint compile time: 0.00 seconds
[2018.03.14-07.51.36:221][  0]LogExternalProfiler: No external profilers were discovered.  External profiling features will not be available.
[2018.03.14-07.51.38:717][  0]LogContentStreaming: Texture pool size now 400 MB
[2018.03.14-07.51.42:176][  1]LogSlate: Took 0.366556 seconds to synchronously load lazily loaded font '../../../Engine/Content/Slate/Fonts/Roboto-Light.ttf' (159K)
[2018.03.14-07.51.43:143][  2]LogD3D11RHI: Timed out while waiting for GPU to catch up. (0.5 s)
[2018.03.14-07.51.44:534][  2]LogD3D11RHI: Error: Direct3DDevice->CreateBuffer(&Desc, NULL, UniformBufferResource.GetInitReference()) failed 
 at D:\Build\++UE4+Release-4.18+Compile\Sync\Engine\Source\Runtime\Windows\D3D11RHI\Private\D3D11UniformBuffer.cpp:159 
 with error DXGI_ERROR_DEVICE_REMOVED DXGI_ERROR_DEVICE_HUNG
[2018.03.14-07.51.44:534][  2]LogWindows: Windows GetLastError: The operation completed successfully. (0)
[2018.03.14-07.52.56:247][  2]LogWindows: Windows GetLastError: The operation completed successfully. (0)
