Log file open, 03/18/18 16:01:30
LogWindows: Failed to load 'aqProf.dll' (GetLastError=126)
LogWindows: File 'aqProf.dll' does not exist
LogWindows: Failed to load 'VSPerf140.dll' (GetLastError=126)
LogWindows: File 'VSPerf140.dll' does not exist
LogWindows: Failed to load 'VtuneApi.dll' (GetLastError=126)
LogWindows: File 'VtuneApi.dll' does not exist
LogWindows: Failed to load 'VtuneApi32e.dll' (GetLastError=126)
LogWindows: File 'VtuneApi32e.dll' does not exist
LogInit: Display: Running engine for game: GameProject
LogPlatformFile: Not using cached read wrapper
LogInit: Display: RandInit(-424920752) SRandInit(-424920752).
LogInit: Read version file with build ID '3709383'
LogInit: Overriding engine version to CL 3832480, compatible CL 3709383
LogInit: Registered custom module enumerator with build ID '3709383'
LogTaskGraph: Started task graph with 5 named threads and 14 total threads with 3 sets of task threads.
LogStats: Stats thread started at 0.168133
LogD3D11RHI: Aftermath initialized
LogModuleManager: Display: Found up-to-date module file ../../../Engine/Plugins/2D/Paper2D/Binaries/Win64/UE4Editor-Paper2D.dll (API version 3709383).
LogModuleManager: Display: Found up-to-date module file ../../../Engine/Plugins/2D/Paper2D/Binaries/Win64/UE4Editor-Paper2DEditor.dll (API version 3709383).
LogModuleManager: Display: Found up-to-date module file ../../../Engine/Plugins/2D/Paper2D/Binaries/Win64/UE4Editor-PaperSpriteSheetImporter.dll (API version 3709383).
LogModuleManager: Display: Found up-to-date module file ../../../Engine/Plugins/2D/Paper2D/Binaries/Win64/UE4Editor-PaperTiledImporter.dll (API version 3709383).
LogModuleManager: Display: Found up-to-date module file ../../../Engine/Plugins/2D/Paper2D/Binaries/Win64/UE4Editor-SmartSnapping.dll (API version 3709383).
LogModuleManager: Display: Found up-to-date module file ../../../Engine/Plugins/Blendables/LightPropagationVolume/Binaries/Win64/UE4Editor-LightPropagationVolumeRuntime.dll (API version 3709383).
LogModuleManager: Display: Found up-to-date module file ../../../Engine/Plugins/Blendables/LightPropagationVolume/Binaries/Win64/UE4Editor-LightPropagationVolumeEditor.dll (API version 3709383).
LogModuleManager: Display: Found up-to-date module file ../../../Engine/Plugins/Developer/GitSourceControl/Binaries/Win64/UE4Editor-GitSourceControl.dll (API version 3709383).
LogModuleManager: Display: Found up-to-date module file ../../../Engine/Plugins/Developer/PerforceSourceControl/Binaries/Win64/UE4Editor-PerforceSourceControl.dll (API version 3709383).
LogModuleManager: Display: Found up-to-date module file ../../../Engine/Plugins/Developer/SubversionSourceControl/Binaries/Win64/UE4Editor-SubversionSourceControl.dll (API version 3709383).
LogModuleManager: Display: Found up-to-date module file ../../../Engine/Plugins/Developer/UObjectPlugin/Binaries/Win64/UE4Editor-UObjectPlugin.dll (API version 3709383).
LogModuleManager: Display: Found up-to-date module file ../../../Engine/Plugins/Developer/VisualStudioCodeSourceCodeAccess/Binaries/Win64/UE4Editor-VisualStudioCodeSourceCodeAccess.dll (API version 3709383).
LogModuleManager: Display: Found up-to-date module file ../../../Engine/Plugins/Developer/VisualStudioSourceCodeAccess/Binaries/Win64/UE4Editor-VisualStudioSourceCodeAccess.dll (API version 3709383).
LogModuleManager: Display: Found up-to-date module file ../../../Engine/Plugins/Editor/AssetManagerEditor/Binaries/Win64/UE4Editor-AssetManagerEditor.dll (API version 3709383).
LogModuleManager: Display: Found up-to-date module file ../../../Engine/Plugins/Editor/AudioCapture/Binaries/Win64/UE4Editor-AudioCapture.dll (API version 3709383).
LogModuleManager: Display: Found up-to-date module file ../../../Engine/Plugins/Editor/FacialAnimation/Binaries/Win64/UE4Editor-FacialAnimation.dll (API version 3709383).
LogModuleManager: Display: Found up-to-date module file ../../../Engine/Plugins/Editor/FacialAnimation/Binaries/Win64/UE4Editor-FacialAnimationEditor.dll (API version 3709383).
LogModuleManager: Display: Found up-to-date module file ../../../Engine/Plugins/Editor/GameplayTagsEditor/Binaries/Win64/UE4Editor-GameplayTagsEditor.dll (API version 3709383).
LogModuleManager: Display: Found up-to-date module file ../../../Engine/Plugins/Editor/MobileLauncherProfileWizard/Binaries/Win64/UE4Editor-MobileLauncherProfileWizard.dll (API version 3709383).
LogModuleManager: Display: Found up-to-date module file ../../../Engine/Plugins/Editor/PluginBrowser/Binaries/Win64/UE4Editor-PluginBrowser.dll (API version 3709383).
LogModuleManager: Display: Found up-to-date module file ../../../Engine/Plugins/Editor/SpeedTreeImporter/Binaries/Win64/UE4Editor-SpeedTreeImporter.dll (API version 3709383).
LogModuleManager: Display: Found up-to-date module file ../../../Engine/Plugins/Experimental/AlembicImporter/Binaries/Win64/UE4Editor-AlembicImporter.dll (API version 3709383).
LogModuleManager: Display: Found up-to-date module file ../../../Engine/Plugins/Experimental/AlembicImporter/Binaries/Win64/UE4Editor-AlembicLibrary.dll (API version 3709383).
LogModuleManager: Display: Found up-to-date module file ../../../Engine/Plugins/Experimental/CharacterAI/Binaries/Win64/UE4Editor-CharacterAI.dll (API version 3709383).
LogModuleManager: Display: Found up-to-date module file ../../../Engine/Plugins/Experimental/HTML5Networking/Binaries/Win64/UE4Editor-HTML5Networking.dll (API version 3709383).
LogModuleManager: Display: Found up-to-date module file ../../../Engine/Plugins/Media/AndroidMedia/Binaries/Win64/UE4Editor-AndroidMediaEditor.dll (API version 3709383).
LogModuleManager: Display: Found up-to-date module file ../../../Engine/Plugins/Media/AndroidMedia/Binaries/Win64/UE4Editor-AndroidMediaFactory.dll (API version 3709383).
LogModuleManager: Display: Found up-to-date module file ../../../Engine/Plugins/Media/AvfMedia/Binaries/Win64/UE4Editor-AvfMediaEditor.dll (API version 3709383).
LogModuleManager: Display: Found up-to-date module file ../../../Engine/Plugins/Media/AvfMedia/Binaries/Win64/UE4Editor-AvfMediaFactory.dll (API version 3709383).
LogModuleManager: Display: Found up-to-date module file ../../../Engine/Plugins/Media/AvfMedia/Binaries/Win64/UE4Editor-AvfMediaFactory.dll (API version 3709383).
LogModuleManager: Display: Found up-to-date module file ../../../Engine/Plugins/Media/ImgMedia/Binaries/Win64/UE4Editor-ImgMedia.dll (API version 3709383).
LogModuleManager: Display: Found up-to-date module file ../../../Engine/Plugins/Media/ImgMedia/Binaries/Win64/UE4Editor-ImgMediaEditor.dll (API version 3709383).
LogModuleManager: Display: Found up-to-date module file ../../../Engine/Plugins/Media/ImgMedia/Binaries/Win64/UE4Editor-ImgMediaFactory.dll (API version 3709383).
LogModuleManager: Display: Found up-to-date module file ../../../Engine/Plugins/Media/ImgMedia/Binaries/Win64/UE4Editor-ImgMediaFactory.dll (API version 3709383).
LogModuleManager: Display: Found up-to-date module file ../../../Engine/Plugins/Media/ImgMedia/Binaries/Win64/UE4Editor-OpenExrWrapper.dll (API version 3709383).
LogModuleManager: Display: Found up-to-date module file ../../../Engine/Plugins/Media/MediaCompositing/Binaries/Win64/UE4Editor-MediaCompositing.dll (API version 3709383).
LogModuleManager: Display: Found up-to-date module file ../../../Engine/Plugins/Media/MediaCompositing/Binaries/Win64/UE4Editor-MediaCompositingEditor.dll (API version 3709383).
LogModuleManager: Display: Found up-to-date module file ../../../Engine/Plugins/Media/MediaPlayerEditor/Binaries/Win64/UE4Editor-MediaPlayerEditor.dll (API version 3709383).
LogModuleManager: Display: Found up-to-date module file ../../../Engine/Plugins/Media/WmfMedia/Binaries/Win64/UE4Editor-WmfMedia.dll (API version 3709383).
LogModuleManager: Display: Found up-to-date module file ../../../Engine/Plugins/Media/WmfMedia/Binaries/Win64/UE4Editor-WmfMediaEditor.dll (API version 3709383).
LogModuleManager: Display: Found up-to-date module file ../../../Engine/Plugins/Media/WmfMedia/Binaries/Win64/UE4Editor-WmfMediaFactory.dll (API version 3709383).
LogModuleManager: Display: Found up-to-date module file ../../../Engine/Plugins/Media/WmfMedia/Binaries/Win64/UE4Editor-WmfMediaFactory.dll (API version 3709383).
LogModuleManager: Display: Found up-to-date module file ../../../Engine/Plugins/Messaging/TcpMessaging/Binaries/Win64/UE4Editor-TcpMessaging.dll (API version 3709383).
LogModuleManager: Display: Found up-to-date module file ../../../Engine/Plugins/Messaging/UdpMessaging/Binaries/Win64/UE4Editor-UdpMessaging.dll (API version 3709383).
LogModuleManager: Display: Found up-to-date module file ../../../Engine/Plugins/MovieScene/ActorSequence/Binaries/Win64/UE4Editor-ActorSequence.dll (API version 3709383).
LogModuleManager: Display: Found up-to-date module file ../../../Engine/Plugins/MovieScene/LevelSequenceEditor/Binaries/Win64/UE4Editor-LevelSequenceEditor.dll (API version 3709383).
LogModuleManager: Display: Found up-to-date module file ../../../Engine/Plugins/MovieScene/MatineeToLevelSequence/Binaries/Win64/UE4Editor-MatineeToLevelSequence.dll (API version 3709383).
LogModuleManager: Display: Found up-to-date module file ../../../Engine/Plugins/Online/OnlineSubsystem/Binaries/Win64/UE4Editor-OnlineSubsystem.dll (API version 3709383).
LogModuleManager: Display: Found up-to-date module file ../../../Engine/Plugins/Runtime/AndroidPermission/Binaries/Win64/UE4Editor-AndroidPermission.dll (API version 3709383).
LogModuleManager: Display: Found up-to-date module file ../../../Engine/Plugins/Online/OnlineSubsystemNull/Binaries/Win64/UE4Editor-OnlineSubsystemNull.dll (API version 3709383).
LogModuleManager: Display: Found up-to-date module file ../../../Engine/Plugins/Online/OnlineSubsystemUtils/Binaries/Win64/UE4Editor-OnlineSubsystemUtils.dll (API version 3709383).
LogModuleManager: Display: Found up-to-date module file ../../../Engine/Plugins/Online/OnlineSubsystemUtils/Binaries/Win64/UE4Editor-OnlineBlueprintSupport.dll (API version 3709383).
LogModuleManager: Display: Found up-to-date module file ../../../Engine/Plugins/Runtime/AndroidDeviceProfileSelector/Binaries/Win64/UE4Editor-AndroidDeviceProfileSelector.dll (API version 3709383).
LogModuleManager: Display: Found up-to-date module file ../../../Engine/Plugins/Runtime/AppleARKit/Binaries/Win64/UE4Editor-AppleARKit.dll (API version 3709383).
LogModuleManager: Display: Found up-to-date module file ../../../Engine/Plugins/Runtime/ArchVisCharacter/Binaries/Win64/UE4Editor-ArchVisCharacter.dll (API version 3709383).
LogModuleManager: Display: Found up-to-date module file ../../../Engine/Plugins/Runtime/CableComponent/Binaries/Win64/UE4Editor-CableComponent.dll (API version 3709383).
LogModuleManager: Display: Found up-to-date module file ../../../Engine/Plugins/Runtime/CustomMeshComponent/Binaries/Win64/UE4Editor-CustomMeshComponent.dll (API version 3709383).
LogModuleManager: Display: Found up-to-date module file ../../../Engine/Plugins/Runtime/ExampleDeviceProfileSelector/Binaries/Win64/UE4Editor-ExampleDeviceProfileSelector.dll (API version 3709383).
LogModuleManager: Display: Found up-to-date module file ../../../Engine/Plugins/Runtime/ImmediatePhysics/Binaries/Win64/UE4Editor-ImmediatePhysics.dll (API version 3709383).
LogModuleManager: Display: Found up-to-date module file ../../../Engine/Plugins/Runtime/ImmediatePhysics/Binaries/Win64/UE4Editor-ImmediatePhysicsEditor.dll (API version 3709383).
LogModuleManager: Display: Found up-to-date module file ../../../Engine/Plugins/Runtime/LocationServicesBPLibrary/Binaries/Win64/UE4Editor-LocationServicesBPLibrary.dll (API version 3709383).
LogModuleManager: Display: Found up-to-date module file ../../../Engine/Plugins/Runtime/MobilePatchingUtils/Binaries/Win64/UE4Editor-MobilePatchingUtils.dll (API version 3709383).
LogModuleManager: Display: Found up-to-date module file ../../../Engine/Plugins/Runtime/Oculus/OculusVR/Binaries/Win64/UE4Editor-OculusHMD.dll (API version 3709383).
LogModuleManager: Display: Found up-to-date module file ../../../Engine/Plugins/Runtime/Oculus/OculusVR/Binaries/Win64/UE4Editor-OculusInput.dll (API version 3709383).
LogModuleManager: Display: Found up-to-date module file ../../../Engine/Plugins/Runtime/Oculus/OculusVR/Binaries/Win64/UE4Editor-OculusEditor.dll (API version 3709383).
LogModuleManager: Display: Found up-to-date module file ../../../Engine/Plugins/Runtime/PhysXVehicles/Binaries/Win64/UE4Editor-PhysXVehicles.dll (API version 3709383).
LogModuleManager: Display: Found up-to-date module file ../../../Engine/Plugins/Runtime/PhysXVehicles/Binaries/Win64/UE4Editor-PhysXVehiclesEditor.dll (API version 3709383).
LogModuleManager: Display: Found up-to-date module file ../../../Engine/Plugins/Runtime/ProceduralMeshComponent/Binaries/Win64/UE4Editor-ProceduralMeshComponent.dll (API version 3709383).
LogModuleManager: Display: Found up-to-date module file ../../../Engine/Plugins/Runtime/ProceduralMeshComponent/Binaries/Win64/UE4Editor-ProceduralMeshComponentEditor.dll (API version 3709383).
LogModuleManager: Display: Found up-to-date module file ../../../Engine/Plugins/Runtime/RuntimePhysXCooking/Binaries/Win64/UE4Editor-RuntimePhysXCooking.dll (API version 3709383).
LogModuleManager: Display: Found up-to-date module file ../../../Engine/Plugins/Runtime/Steam/SteamVR/Binaries/Win64/UE4Editor-SteamVR.dll (API version 3709383).
LogModuleManager: Display: Found up-to-date module file ../../../Engine/Plugins/Runtime/Steam/SteamVR/Binaries/Win64/UE4Editor-SteamVRController.dll (API version 3709383).
LogModuleManager: Display: Found up-to-date module file ../../../Engine/Plugins/Runtime/WindowsMoviePlayer/Binaries/Win64/UE4Editor-WindowsMoviePlayer.dll (API version 3709383).
LogPluginManager: Mounting plugin Paper2D
LogPluginManager: Mounting plugin LightPropagationVolume
LogPluginManager: Mounting plugin CodeLiteSourceCodeAccess
LogPluginManager: Mounting plugin GitSourceControl
LogPluginManager: Mounting plugin KDevelopSourceCodeAccess
LogPluginManager: Mounting plugin NullSourceCodeAccess
LogPluginManager: Mounting plugin PerforceSourceControl
LogPluginManager: Mounting plugin SubversionSourceControl
LogPluginManager: Mounting plugin UObjectPlugin
LogPluginManager: Mounting plugin VisualStudioCodeSourceCodeAccess
LogPluginManager: Mounting plugin VisualStudioSourceCodeAccess
LogPluginManager: Mounting plugin XCodeSourceCodeAccess
LogPluginManager: Mounting plugin AssetManagerEditor
LogPluginManager: Mounting plugin AudioCapture
LogPluginManager: Mounting plugin FacialAnimation
LogPluginManager: Mounting plugin GameplayTagsEditor
LogPluginManager: Mounting plugin MobileLauncherProfileWizard
LogPluginManager: Mounting plugin PluginBrowser
LogPluginManager: Mounting plugin SpeedTreeImporter
LogPluginManager: Mounting plugin AlembicImporter
LogPluginManager: Mounting plugin CharacterAI
LogPluginManager: Mounting plugin HTML5Networking
LogPluginManager: Mounting plugin AndroidMedia
LogPluginManager: Mounting plugin AvfMedia
LogPluginManager: Mounting plugin ImgMedia
LogPluginManager: Mounting plugin MediaCompositing
LogPluginManager: Mounting plugin MediaPlayerEditor
LogPluginManager: Mounting plugin WmfMedia
LogPluginManager: Mounting plugin TcpMessaging
LogPluginManager: Mounting plugin UdpMessaging
LogPluginManager: Mounting plugin ActorSequence
LogPluginManager: Mounting plugin LevelSequenceEditor
LogPluginManager: Mounting plugin MatineeToLevelSequence
LogPluginManager: Mounting plugin OnlineSubsystemGooglePlay
LogPluginManager: Mounting plugin OnlineSubsystemIOS
LogPluginManager: Mounting plugin OnlineSubsystem
LogPluginManager: Mounting plugin OnlineSubsystemNull
LogPluginManager: Mounting plugin OnlineSubsystemUtils
LogPluginManager: Mounting plugin AndroidDeviceProfileSelector
LogPluginManager: Mounting plugin AndroidMoviePlayer
LogPluginManager: Mounting plugin AndroidPermission
LogPluginManager: Mounting plugin AppleARKit
LogPluginManager: Mounting plugin AppleMoviePlayer
LogPluginManager: Mounting plugin ArchVisCharacter
LogPluginManager: Mounting plugin CableComponent
LogPluginManager: Mounting plugin CustomMeshComponent
LogPluginManager: Mounting plugin ExampleDeviceProfileSelector
LogPluginManager: Mounting plugin GoogleCloudMessaging
LogPluginManager: Mounting plugin ImmediatePhysics
LogPluginManager: Mounting plugin IOSDeviceProfileSelector
LogPluginManager: Mounting plugin LinuxDeviceProfileSelector
LogPluginManager: Mounting plugin LocationServicesBPLibrary
LogPluginManager: Mounting plugin MobilePatchingUtils
LogPluginManager: Mounting plugin OculusVR
LogPluginManager: Plugin shader directory ../../../Engine/Plugins/Runtime/Oculus/OculusVR/Shaders found
LogPluginManager: Mapping shader source directory ../../../Engine/Plugins/Runtime/Oculus/OculusVR/Shaders to virtual directory /Plugin/OculusVR
LogPluginManager: Mounting plugin PhysXVehicles
LogPluginManager: Mounting plugin ProceduralMeshComponent
LogPluginManager: Mounting plugin RuntimePhysXCooking
LogPluginManager: Mounting plugin SteamVR
LogPluginManager: Mounting plugin WindowsMoviePlayer
LogInit: Using libcurl 7.47.1
LogInit:  - built for x86_64-pc-win32
LogInit:  - supports SSL with OpenSSL/1.0.2g
LogInit:  - supports HTTP deflate (compression) using libz 1.2.8
LogInit:  - other features:
LogInit:      CURL_VERSION_SSL
LogInit:      CURL_VERSION_LIBZ
LogInit:      CURL_VERSION_IPV6
LogInit:      CURL_VERSION_ASYNCHDNS
LogInit:      CURL_VERSION_LARGEFILE
LogInit:      CURL_VERSION_IDN
LogInit:  CurlRequestOptions (configurable via config and command line):
LogInit:  - bVerifyPeer = false  - Libcurl will NOT verify peer certificate
LogInit:  - bUseHttpProxy = false  - Libcurl will NOT use HTTP proxy
LogInit:  - bDontReuseConnections = false  - Libcurl will reuse connections
LogInit:  - CertBundlePath = nullptr  - Libcurl will use whatever was configured at build time.
LogInit: Build: ++UE4+Release-4.18-CL-3832480
LogInit: Engine Version: 4.18.3-3832480+++UE4+Release-4.18
LogInit: Compatible Engine Version: 4.18.0-3709383+++UE4+Release-4.18
LogInit: Net CL: 3709383
LogDevObjectVersion: Number of dev versions registered: 16
LogDevObjectVersion:   Dev-Blueprints (B0D832E4-1F89-4F0D-ACCF-7EB736FD4AA2): 10
LogDevObjectVersion:   Dev-Build (E1C64328-A22C-4D53-A36C-8E866417BD8C): 0
LogDevObjectVersion:   Dev-Core (375EC13C-06E4-48FB-B500-84F0262A717E): 2
LogDevObjectVersion:   Dev-Editor (E4B068ED-F494-42E9-A231-DA0B2E46BB41): 20
LogDevObjectVersion:   Dev-Framework (CFFC743F-43B0-4480-9391-14DF171D2073): 30
LogDevObjectVersion:   Dev-Mobile (B02B49B5-BB20-44E9-A304-32B752E40360): 0
LogDevObjectVersion:   Dev-Networking (A4E4105C-59A1-49B5-A7C5-40C4547EDFEE): 0
LogDevObjectVersion:   Dev-Online (39C831C9-5AE6-47DC-9A44-9C173E1C8E7C): 0
LogDevObjectVersion:   Dev-Physics (78F01B33-EBEA-4F98-B9B4-84EACCB95AA2): 0
LogDevObjectVersion:   Dev-Platform (6631380F-2D4D-43E0-8009-CF276956A95A): 0
LogDevObjectVersion:   Dev-Rendering (12F88B9F-8875-4AFC-A67C-D90C383ABD29): 20
LogDevObjectVersion:   Dev-Sequencer (7B5AE74C-D270-4C10-A958-57980B212A5A): 4
LogDevObjectVersion:   Dev-VR (D7296918-1DD6-4BDD-9DE2-64A83CC13884): 0
LogDevObjectVersion:   Dev-LoadTimes (C2A15278-BFE7-4AFE-6C17-90FF531DF755): 1
LogDevObjectVersion:   Private-Geometry (6EACA3D4-40EC-4CC1-B786-8BED09428FC5): 1
LogDevObjectVersion:   Dev-AnimPhys (29E575DD-E0A3-4627-9D10-D276232CDCEA): 12
LogInit: Compiled (64-bit): Jan 12 2018 02:04:55
LogInit: Compiled with Visual C++: 19.00.24215.01
LogInit: Build Configuration: Development
LogInit: Branch Name: ++UE4+Release-4.18
LogInit: Command line:  
LogInit: Base directory: D:/Unreal/UE_4.18/Engine/Binaries/Win64/
LogInit: Installed Engine Build: 1
LogInit: Presizing for max 8388607 objects, including 0 objects not considered by GC, pre-allocating 0 bytes for permanent pool.
LogInit: Object subsystem initialized
[2018.03.18-20.01.31:894][  0]LogInit: Selected Device Profile: [Windows]
[2018.03.18-20.01.31:894][  0]LogInit: Applying CVar settings loaded from the selected device profile: [Windows]
[2018.03.18-20.01.31:905][  0]LogInit: Computer: DESKTOP-8DQOABU
[2018.03.18-20.01.31:905][  0]LogInit: User: lingh
[2018.03.18-20.01.31:905][  0]LogInit: CPU Page size=4096, Cores=4
[2018.03.18-20.01.31:905][  0]LogInit: High frequency timer resolution =1.945310 MHz
[2018.03.18-20.01.31:905][  0]LogMemory: Memory total: Physical=15.8GB (16GB approx)
[2018.03.18-20.01.31:905][  0]LogMemory: Platform Memory Stats for Windows
[2018.03.18-20.01.31:905][  0]LogMemory: Process Physical Memory: 272.06 MB used, 272.06 MB peak
[2018.03.18-20.01.31:905][  0]LogMemory: Process Virtual Memory: 269.82 MB used, 269.82 MB peak
[2018.03.18-20.01.31:905][  0]LogMemory: Physical Memory: 6909.28 MB used,  9308.74 MB free, 16218.02 MB total
[2018.03.18-20.01.31:905][  0]LogMemory: Virtual Memory: 682.23 MB used,  9308.74 MB free, 134217728.00 MB total
[2018.03.18-20.01.32:030][  0]LogInit: Using OS detected language (en-US).
[2018.03.18-20.01.32:030][  0]LogInit: Using OS detected locale (en-US).
[2018.03.18-20.01.32:033][  0]LogTextLocalizationManager: No specific localization for 'en-US' exists, so the 'en' localization will be used.
[2018.03.18-20.01.32:511][  0]LogInit: Setting process to per monitor DPI aware
[2018.03.18-20.01.32:788][  0]LogD3D11RHI: D3D11 adapters:
[2018.03.18-20.01.32:802][  0]LogD3D11RHI:    0. 'Intel(R) UHD Graphics 620' (Feature Level 11_0)
[2018.03.18-20.01.32:802][  0]LogD3D11RHI:       128/0/8109 MB DedicatedVideo/DedicatedSystem/SharedSystem, Outputs:1, VendorId:0x8086
[2018.03.18-20.01.32:804][  0]LogD3D11RHI:    1. 'Microsoft Basic Render Driver' (Feature Level 11_0)
[2018.03.18-20.01.32:804][  0]LogD3D11RHI:       0/0/8109 MB DedicatedVideo/DedicatedSystem/SharedSystem, Outputs:0, VendorId:0x1414
[2018.03.18-20.01.32:804][  0]LogD3D11RHI: Chosen D3D11 Adapter: 0
[2018.03.18-20.01.32:812][  0]LogD3D11RHI: Creating new Direct3DDevice
[2018.03.18-20.01.32:812][  0]LogD3D11RHI:     GPU DeviceId: 0x5917 (for the marketing name, search the web for "GPU Device Id")
[2018.03.18-20.01.32:812][  0]LogWindows: EnumDisplayDevices:
[2018.03.18-20.01.32:813][  0]LogWindows:    0. 'Intel(R) UHD Graphics 620' (P:1 D:1)
[2018.03.18-20.01.32:813][  0]LogWindows:    1. 'Intel(R) UHD Graphics 620' (P:0 D:0)
[2018.03.18-20.01.32:813][  0]LogWindows:    2. 'Intel(R) UHD Graphics 620' (P:0 D:0)
[2018.03.18-20.01.32:813][  0]LogWindows: DebugString: GetVideoDriverDetailsInvalid PrimaryIsNotTheChoosenAdapter GetVideoDriverDetailsInvalid PrimaryIsNotTheChoosenAdapter GetVideoDriverDetailsInvalid PrimaryIsNotTheChoosenAdapter FoundDriverCount:0 
[2018.03.18-20.01.32:813][  0]LogD3D11RHI:     Adapter Name: Intel(R) UHD Graphics 620
[2018.03.18-20.01.32:813][  0]LogD3D11RHI:   Driver Version: Unknown (internal:Unknown, unified:Unknown)
[2018.03.18-20.01.32:813][  0]LogD3D11RHI:      Driver Date: Unknown
[2018.03.18-20.01.32:813][  0]LogRHI: Texture pool is 1523 MB (70% of 2176 MB)
[2018.03.18-20.01.32:823][  0]LogD3D11RHI: Async texture creation enabled
[2018.03.18-20.01.32:828][  0]LogD3D11RHI: GPU Timing Frequency: 12.000000 (Debug: 2 0)
[2018.03.18-20.01.32:830][  0]LogShaderCompilers: Guid format shader working directory is -8 characters bigger than the processId version (E:/CIS_568_Game/Project1/DefendTheOrchard/GameProject/Intermediate/Shaders/WorkingDirectory/14808/).
[2018.03.18-20.01.32:830][  0]LogShaderCompilers: Cleaned the shader compiler working directory 'C:/Users/lingh/AppData/Local/Temp/UnrealShaderWorkingDir/66C752BC42854E6185FB1BA7BA05FCCC/'.
[2018.03.18-20.01.32:830][  0]LogShaderCompilers: Display: Using Local Shader Compiler.
[2018.03.18-20.01.33:943][  0]LogTemp: Display: Loaded TP AllDesktopTargetPlatform
[2018.03.18-20.01.33:987][  0]LogTemp: Display: Loaded TP MacClientTargetPlatform
[2018.03.18-20.01.34:032][  0]LogTemp: Display: Loaded TP MacNoEditorTargetPlatform
[2018.03.18-20.01.34:074][  0]LogTemp: Display: Loaded TP MacServerTargetPlatform
[2018.03.18-20.01.34:115][  0]LogTemp: Display: Loaded TP MacTargetPlatform
[2018.03.18-20.01.34:156][  0]LogTemp: Display: Loaded TP WindowsClientTargetPlatform
[2018.03.18-20.01.34:195][  0]LogTemp: Display: Loaded TP WindowsNoEditorTargetPlatform
[2018.03.18-20.01.34:236][  0]LogTemp: Display: Loaded TP WindowsServerTargetPlatform
[2018.03.18-20.01.34:271][  0]LogTemp: Display: Loaded TP WindowsTargetPlatform
[2018.03.18-20.01.34:309][  0]LogTemp: Display: Loaded TP Android_ASTCTargetPlatform
[2018.03.18-20.01.34:348][  0]LogTemp: Display: Loaded TP Android_ATCTargetPlatform
[2018.03.18-20.01.34:387][  0]LogTemp: Display: Loaded TP Android_DXTTargetPlatform
[2018.03.18-20.01.34:426][  0]LogTemp: Display: Loaded TP Android_ETC1TargetPlatform
[2018.03.18-20.01.34:464][  0]LogTemp: Display: Loaded TP Android_ETC2TargetPlatform
[2018.03.18-20.01.34:539][  0]LogTemp: Display: Loaded TP Android_MultiTargetPlatform
[2018.03.18-20.01.34:539][  0]LogTemp: Display: Loaded TP Android_PVRTCTargetPlatform
[2018.03.18-20.01.34:581][  0]LogTemp: Display: Loaded TP AndroidTargetPlatform
[2018.03.18-20.01.34:611][  0]LogTemp: Display: Loaded TP HTML5TargetPlatform
[2018.03.18-20.01.34:682][  0]LogTemp: Display: Loaded TP IOSTargetPlatform
[2018.03.18-20.01.34:702][  0]LogTemp: Display: Loaded TP TVOSTargetPlatform
[2018.03.18-20.01.34:738][  0]LogTemp: Display: Loaded TP LinuxClientTargetPlatform
[2018.03.18-20.01.34:774][  0]LogTemp: Display: Loaded TP LinuxNoEditorTargetPlatform
[2018.03.18-20.01.34:811][  0]LogTemp: Display: Loaded TP LinuxServerTargetPlatform
[2018.03.18-20.01.34:848][  0]LogTemp: Display: Loaded TP LinuxTargetPlatform
[2018.03.18-20.01.34:848][  0]LogTargetPlatformManager: Display: Building Assets For Windows
[2018.03.18-20.01.35:200][  0]LogDerivedDataCache: Display: Max Cache Size: 512 MB
[2018.03.18-20.01.35:267][  0]LogDerivedDataCache: Loaded boot cache 0.07s 78MB C:/Users/lingh/AppData/Local/UnrealEngine/4.18/DerivedDataCache/Boot.ddc.
[2018.03.18-20.01.35:267][  0]LogDerivedDataCache: Display: Loaded Boot cache: C:/Users/lingh/AppData/Local/UnrealEngine/4.18/DerivedDataCache/Boot.ddc
[2018.03.18-20.01.35:267][  0]LogDerivedDataCache: FDerivedDataBackendGraph:  Pak pak cache file E:/CIS_568_Game/Project1/DefendTheOrchard/GameProject/DerivedDataCache/DDC.ddp not found, will not use a pak cache.
[2018.03.18-20.01.35:267][  0]LogDerivedDataCache: Unable to find inner node Pak for hierarchical cache Hierarchy.
[2018.03.18-20.01.35:267][  0]LogDerivedDataCache: FDerivedDataBackendGraph:  CompressedPak pak cache file E:/CIS_568_Game/Project1/DefendTheOrchard/GameProject/DerivedDataCache/Compressed.ddp not found, will not use a pak cache.
[2018.03.18-20.01.35:267][  0]LogDerivedDataCache: Unable to find inner node CompressedPak for hierarchical cache Hierarchy.
[2018.03.18-20.01.35:282][  0]LogDerivedDataCache: Display: Pak cache opened for reading ../../../Engine/DerivedDataCache/Compressed.ddp.
[2018.03.18-20.01.35:294][  0]LogDerivedDataCache: Using Local data cache path C:/Users/lingh/AppData/Local/UnrealEngine/Common/DerivedDataCache: Writable
[2018.03.18-20.01.35:304][  0]LogMaterial: Verifying Global Shaders for PCD3D_SM5
[2018.03.18-20.01.35:304][  0]LogSlate: Using Freetype 2.6.0
[2018.03.18-20.01.35:305][  0]LogSlate: SlateFontCache - WITH_FREETYPE: 1, WITH_HARFBUZZ: 1
[2018.03.18-20.01.35:305][  0]LogSlate: SlateFontCache - WITH_FREETYPE: 1, WITH_HARFBUZZ: 1
[2018.03.18-20.01.35:639][  0]LogInit: Selected Device Profile: [Windows]
[2018.03.18-20.01.35:885][  0]LogSimplygon: Simplygon DLL not present - disabling.
[2018.03.18-20.01.35:915][  0]LogMeshReduction: Using SimplygonSwarm for distributed automatic mesh merging
[2018.03.18-20.01.35:915][  0]LogMeshReduction: Using QuadricMeshReduction for automatic static mesh reduction
[2018.03.18-20.01.35:916][  0]LogMeshReduction: No automatic skeletal mesh reduction module available
[2018.03.18-20.01.35:916][  0]LogMeshReduction: No automatic mesh merging module available
[2018.03.18-20.01.35:916][  0]LogMeshMerging: No automatic mesh merging module available
[2018.03.18-20.01.35:943][  0]LogNetVersion: GameProject , NetCL: 3709383, EngineNetVer: 2, GameNetVer: 0 (Checksum: 2708194857)
[2018.03.18-20.01.36:084][  0]LogAssetRegistry: FAssetRegistry took 0.0255 seconds to start up
[2018.03.18-20.01.36:494][  0]LogPackageLocalizationCache: Processed 7 localized package path(s) for 2 prioritized culture(s) in 0.042995 seconds
[2018.03.18-20.01.36:499][  0]LogUObjectArray: 35870 objects as part of root set at end of initial load.
[2018.03.18-20.01.36:499][  0]LogUObjectAllocator: 7363696 out of 0 bytes used by permanent object pool.
[2018.03.18-20.01.36:499][  0]LogUObjectArray: CloseDisregardForGC: 0/0 objects in disregard for GC pool
[2018.03.18-20.01.36:530][  0]LogInit: WinSock: version 1.1 (2.2), MaxSocks=32767, MaxUdp=65467
[2018.03.18-20.01.40:890][  0]LogTcpMessaging: Initializing TcpMessaging bridge
[2018.03.18-20.01.40:961][  0]LogUdpMessaging: Initializing bridge on interface 0.0.0.0:0 to multicast group 230.0.0.1:6666.
[2018.03.18-20.01.42:657][  0]LogMaterial: Uniform references updated for custom material expression Custom.
[2018.03.18-20.01.43:697][  0]SourceControl: Source control is disabled
[2018.03.18-20.01.43:697][  0]SourceControl: Source control is disabled
[2018.03.18-20.01.43:808][  0]SourceControl: Source control is disabled
[2018.03.18-20.01.43:914][  0]SourceControl: Source control is disabled
[2018.03.18-20.01.45:536][  0]LogAndroidPermission: UAndroidPermissionCallbackProxy::GetInstance
[2018.03.18-20.01.45:891][  0]LogOcInput: OculusInput pre-init called
[2018.03.18-20.01.46:167][  0]LogEngine: Initializing Engine...
[2018.03.18-20.01.46:170][  0]LogHMD: Failed to initialize OpenVR with code 110
[2018.03.18-20.01.46:405][  0]LogStats: UGameplayTagsManager::ConstructGameplayTagTree: Construct from data asset -  0.000 s
[2018.03.18-20.01.46:405][  0]LogStats: UGameplayTagsManager::ConstructGameplayTagTree: GameplayTagTreeChangedEvent.Broadcast -  0.000 s
[2018.03.18-20.01.46:505][  0]LogAIModule: Creating AISystem for world Untitled
[2018.03.18-20.01.46:513][  0]LogInit: XAudio2 using 'Speakers (Realtek(R) Audio)' : 2 channels at 48 kHz using 32 bits per sample (channel mask 0x3)
[2018.03.18-20.01.46:582][  0]LogInit: FAudioDevice initialized.
[2018.03.18-20.01.46:642][  0]LogDerivedDataCache: Saved boot cache 0.06s 78MB C:/Users/lingh/AppData/Local/UnrealEngine/4.18/DerivedDataCache/Boot.ddc.
[2018.03.18-20.01.46:649][  0]LogInit: Texture streaming: Enabled
[2018.03.18-20.01.46:715][  0]LogEngineSessionManager: EngineSessionManager initialized
[2018.03.18-20.01.46:810][  0]LogInit: Transaction tracking system initialized
[2018.03.18-20.01.47:025][  0]BlueprintLog: New page: Editor Load
[2018.03.18-20.01.47:607][  0]LocalizationService: Localization service is disabled
[2018.03.18-20.01.47:951][  0]LogLinker: Warning: Can't find file '/Game/FirstPersonBP/FirstPersonOverview'
[2018.03.18-20.01.47:951][  0]LogLinker: Warning: Can't find file '/Game/FirstPersonBP/FirstPersonOverview'
[2018.03.18-20.01.47:951][  0]LogUObjectGlobals: Warning: Failed to find object 'Class /Game/FirstPersonBP/FirstPersonOverview.FirstPersonOverview_C'
[2018.03.18-20.01.48:093][  0]LogConsoleResponse: Display: 
[2018.03.18-20.01.48:247][  0]LogCook: Display: Max memory allowance for cook 16384mb min free memory 0mb
[2018.03.18-20.01.48:247][  0]LogCook: Display: Mobile HDR setting 1
[2018.03.18-20.01.48:247][  0]LogGameplayTags: Display: UGameplayTagsManager::DoneAddingNativeTags. DelegateIsBound: 0
[2018.03.18-20.01.48:575][  0]LogFileCache: Scanning file cache for directory 'E:/CIS_568_Game/Project1/DefendTheOrchard/GameProject/Content/' took 0.01s
[2018.03.18-20.01.49:080][  0]SourceControl: Source control is disabled
[2018.03.18-20.01.49:080][  0]Cmd: MAP LOAD FILE="E:/CIS_568_Game/Project1/DefendTheOrchard/GameProject/Content/ThirdPersonBP/Maps/ThirdPersonExampleMap.umap" TEMPLATE=0 SHOWPROGRESS=1 FEATURELEVEL=3
[2018.03.18-20.01.49:081][  0]LightingResults: New page: Lighting Build
[2018.03.18-20.01.49:107][  0]MapCheck: New page: Map Check
[2018.03.18-20.01.49:107][  0]LightingResults: New page: Lighting Build
[2018.03.18-20.01.49:542][  0]LogLinker: Warning: Can't find file '/Game/ThirdPersonBP/Maps/ThirdPersonExampleMap_BuiltData'
[2018.03.18-20.01.49:542][  0]LogLinker: Warning: Can't find file for asset '/Game/ThirdPersonBP/Maps/ThirdPersonExampleMap_BuiltData' while loading E:/CIS_568_Game/Project1/DefendTheOrchard/GameProject/Content/ThirdPersonBP/Maps/ThirdPersonExampleMap.umap.
[2018.03.18-20.01.49:542][  0]LoadErrors: Error: /Game/ThirdPersonBP/Maps/ThirdPersonExampleMap : Can't find file for asset. /Game/ThirdPersonBP/Maps/ThirdPersonExampleMap_BuiltData
[2018.03.18-20.01.49:548][  0]LogLinker: Warning: Can't find file '/Game/ThirdPersonBP/Maps/ThirdPersonExampleMap_BuiltData'
[2018.03.18-20.01.49:548][  0]LogLinker: Warning: Can't find file for asset '/Game/ThirdPersonBP/Maps/ThirdPersonExampleMap_BuiltData' while loading E:/CIS_568_Game/Project1/DefendTheOrchard/GameProject/Content/ThirdPersonBP/Maps/ThirdPersonExampleMap.umap.
[2018.03.18-20.01.49:548][  0]LoadErrors: Error: /Game/ThirdPersonBP/Maps/ThirdPersonExampleMap : Can't find file for asset. /Game/ThirdPersonBP/Maps/ThirdPersonExampleMap_BuiltData
[2018.03.18-20.01.49:551][  0]LogLinker: Warning: Can't find file '/Game/ThirdPersonBP/Maps/ThirdPersonExampleMap_BuiltData'
[2018.03.18-20.01.49:551][  0]LogLinker: Warning: Can't find file for asset '/Game/ThirdPersonBP/Maps/ThirdPersonExampleMap_BuiltData' while loading NULL.
[2018.03.18-20.01.49:551][  0]LogLinker: Warning: Can't find file '/Game/ThirdPersonBP/Maps/ThirdPersonExampleMap_BuiltData'
[2018.03.18-20.01.49:551][  0]LogLinker: Warning: Can't find file for asset '/Game/ThirdPersonBP/Maps/ThirdPersonExampleMap_BuiltData' while loading NULL.
[2018.03.18-20.01.49:574][  0]LogLinker: Warning: Can't find file '/Game/ThirdPersonBP/Maps/ThirdPersonExampleMap_BuiltData'
[2018.03.18-20.01.49:574][  0]LoadErrors: Failed to load /Game/ThirdPersonBP/Maps/ThirdPersonExampleMap_BuiltData.ThirdPersonExampleMap_BuiltData Referenced by PersistentLevel
[2018.03.18-20.01.49:574][  0]LogLinker: Warning: Can't find file for asset '/Game/ThirdPersonBP/Maps/ThirdPersonExampleMap_BuiltData' while loading NULL.
[2018.03.18-20.01.49:574][  0]LoadErrors: Failed to load /Game/ThirdPersonBP/Maps/ThirdPersonExampleMap_BuiltData.ThirdPersonExampleMap_BuiltData Referenced by PersistentLevel
[2018.03.18-20.01.49:929][  0]LogAIModule: Creating AISystem for world ThirdPersonExampleMap
[2018.03.18-20.01.49:959][  0]LogEditorServer: Finished looking for orphan Actors (0.000 secs)
[2018.03.18-20.01.49:977][  0]Cmd: MAP CHECKDEP NOCLEARLOG
[2018.03.18-20.01.50:041][  0]MapCheck: Map check complete: 0 Error(s), 0 Warning(s), took 64.369ms to complete.
[2018.03.18-20.01.50:041][  0]LogFileHelpers: Loading map 'ThirdPersonExampleMap' took 0.961
[2018.03.18-20.01.50:142][  0]LogWindowsTextInputMethodSystem: Display: IME system now activated using TSF (搜狗拼音输入法).
[2018.03.18-20.01.50:143][  0]LogWindowsTextInputMethodSystem: Display: IME system now activated using TSF (搜狗拼音输入法).
[2018.03.18-20.01.50:211][  0]LogCollectionManager: Loaded 0 collections in 0.000891 seconds
[2018.03.18-20.01.50:279][  0]LogFileCache: Scanning file cache for directory 'E:/CIS_568_Game/Project1/DefendTheOrchard/GameProject/Saved/Collections/' took 0.01s
[2018.03.18-20.01.50:279][  0]LogFileCache: Scanning file cache for directory 'E:/CIS_568_Game/Project1/DefendTheOrchard/GameProject/Content/Developers/lingh/Collections/' took 0.01s
[2018.03.18-20.01.50:279][  0]LogFileCache: Scanning file cache for directory 'E:/CIS_568_Game/Project1/DefendTheOrchard/GameProject/Content/Collections/' took 0.01s
[2018.03.18-20.01.50:279][  0]LogCollectionManager: Rebuilt the GUID cache for 0 collections in 0.000000 seconds
[2018.03.18-20.01.50:287][  0]LogContentBrowser: Native class hierarchy populated in 0.0077 seconds. Added 2363 classes and 519 folders.
[2018.03.18-20.01.50:328][  0]LogContentBrowser: Native class hierarchy updated for 'WidgetCarousel' in 0.0002 seconds. Added 0 classes and 0 folders.
[2018.03.18-20.01.50:362][  0]LogContentBrowser: Native class hierarchy updated for 'AddContentDialog' in 0.0002 seconds. Added 0 classes and 0 folders.
[2018.03.18-20.01.50:392][  0]LogContentBrowser: Native class hierarchy updated for 'SceneOutliner' in 0.0002 seconds. Added 1 classes and 2 folders.
[2018.03.18-20.01.50:462][  0]LogContentBrowser: Native class hierarchy updated for 'HierarchicalLODOutliner' in 0.0002 seconds. Added 1 classes and 2 folders.
[2018.03.18-20.01.50:462][  0]LogLoad: (Engine Initialization) Total time: 20.67 seconds
[2018.03.18-20.01.50:462][  0]LogLoad: (Engine Initialization) Total Blueprint compile time: 0.00 seconds
[2018.03.18-20.01.50:463][  0]LogExternalProfiler: No external profilers were discovered.  External profiling features will not be available.
[2018.03.18-20.01.50:501][  0]LogContentStreaming: Texture pool size now 1000 MB
[2018.03.18-20.01.50:513][  0]LogSlate: Took 0.000178 seconds to synchronously load lazily loaded font '../../../Engine/Content/Slate/Fonts/Roboto-Regular.ttf' (155K)
[2018.03.18-20.01.50:515][  0]LogSlate: Took 0.000170 seconds to synchronously load lazily loaded font '../../../Engine/Content/Slate/Fonts/Roboto-Bold.ttf' (160K)
[2018.03.18-20.01.50:518][  0]LogSlate: Took 0.000121 seconds to synchronously load lazily loaded font '../../../Engine/Content/Editor/Slate/Fonts/FontAwesome.ttf' (139K)
[2018.03.18-20.01.50:600][  0]LogSlate: Took 0.000250 seconds to synchronously load lazily loaded font '../../../Engine/Content/Slate/Fonts/Roboto-Light.ttf' (159K)
[2018.03.18-20.01.50:628][  1]LogAssetRegistry: Asset discovery search completed in 14.5653 seconds
[2018.03.18-20.01.50:630][  1]LogCollectionManager: Rebuilt the object cache for 0 collections in 0.000001 seconds (found 0 objects)
[2018.03.18-20.01.50:630][  1]LogCollectionManager: Fixed up redirectors for 0 collections in 0.000052 seconds (updated 0 objects)
[2018.03.18-20.01.50:650][  2]LogRenderer: Reallocating scene render targets to support 796x376 Format 10 NumSamples 1 (Frame:1).
[2018.03.18-20.02.22:404][429]LogRenderer: Reallocating scene render targets to support 964x460 Format 10 NumSamples 1 (Frame:356).
[2018.03.18-20.02.30:270][846]MapCheck: New page: Map Check
[2018.03.18-20.02.30:288][846]Cmd: MAP REBUILD ALLVISIBLE
[2018.03.18-20.02.30:288][846]LogEditorServer: Rebuildmap Clear paths rebuilt
[2018.03.18-20.02.30:464][846]LogMaterial: Missing cached shader map for material FDebugViewModeMaterialProxy WorldGridMaterial, compiling. Is special engine material.
[2018.03.18-20.02.30:470][846]LogMaterial: Missing cached shader map for material FDebugViewModeMaterialProxy MaterialInstanceDynamic_1, compiling. 
[2018.03.18-20.02.30:476][846]LogMaterial: Missing cached shader map for material FDebugViewModeMaterialProxy HelpActorMaterial, compiling. 
[2018.03.18-20.02.30:481][846]LogMaterial: Missing cached shader map for material FDebugViewModeMaterialProxy CubeMaterial, compiling. 
[2018.03.18-20.02.30:487][846]LogMaterial: Missing cached shader map for material FDebugViewModeMaterialProxy DefaultTextMaterialOpaque, compiling. 
[2018.03.18-20.02.30:494][846]LogMaterial: Missing cached shader map for material FDebugViewModeMaterialProxy treetrunktexture, compiling. 
[2018.03.18-20.02.30:502][846]LogMaterial: Missing cached shader map for material FDebugViewModeMaterialProxy treecrowntexture, compiling. 
[2018.03.18-20.02.30:509][846]LogMaterial: Missing cached shader map for material FDebugViewModeMaterialProxy bananatreebarktexture, compiling. 
[2018.03.18-20.02.30:516][846]LogMaterial: Missing cached shader map for material FDebugViewModeMaterialProxy bananaleaftexture, compiling. 
[2018.03.18-20.02.30:523][846]LogMaterial: Missing cached shader map for material FDebugViewModeMaterialProxy applebodytexture, compiling. 
[2018.03.18-20.02.30:529][846]LogMaterial: Missing cached shader map for material FDebugViewModeMaterialProxy applebranchtexture, compiling. 
[2018.03.18-20.02.30:534][846]LogMaterial: Missing cached shader map for material FDebugViewModeMaterialProxy appleleaftexture, compiling. 
[2018.03.18-20.02.30:539][846]LogMaterial: Missing cached shader map for material FDebugViewModeMaterialProxy bananaskintexture, compiling. 
[2018.03.18-20.02.30:545][846]LogMaterial: Missing cached shader map for material FDebugViewModeMaterialProxy coconutbodytexture, compiling. 
[2018.03.18-20.02.30:550][846]LogMaterial: Missing cached shader map for material FDebugViewModeMaterialProxy coconutholetesture, compiling. 
[2018.03.18-20.02.30:556][846]LogMaterial: Missing cached shader map for material FDebugViewModeMaterialProxy duriantexture, compiling. 
[2018.03.18-20.02.30:561][846]LogMaterial: Missing cached shader map for material FDebugViewModeMaterialProxy lemontexture, compiling. 
[2018.03.18-20.02.30:567][846]LogMaterial: Missing cached shader map for material FDebugViewModeMaterialProxy melonbodytexture, compiling. 
[2018.03.18-20.02.30:572][846]LogMaterial: Missing cached shader map for material FDebugViewModeMaterialProxy orangebodytexture, compiling. 
[2018.03.18-20.02.30:578][846]LogMaterial: Missing cached shader map for material FDebugViewModeMaterialProxy orangetiptexture, compiling. 
[2018.03.18-20.02.30:583][846]LogMaterial: Missing cached shader map for material FDebugViewModeMaterialProxy Peasant_Man_02, compiling. 
[2018.03.18-20.02.30:590][846]LogMaterial: Missing cached shader map for material FDebugViewModeMaterialProxy Boy01_Head_MAT, compiling. 
[2018.03.18-20.02.30:597][846]LogMaterial: Missing cached shader map for material FDebugViewModeMaterialProxy Boy01_Hands_MAT, compiling. 
[2018.03.18-20.02.30:603][846]LogMaterial: Missing cached shader map for material FDebugViewModeMaterialProxy Boy01_UpperBody_MAT, compiling. 
[2018.03.18-20.02.30:611][846]LogMaterial: Missing cached shader map for material FDebugViewModeMaterialProxy Boy01_LowerBody_MAT, compiling. 
[2018.03.18-20.02.30:619][846]LogMaterial: Missing cached shader map for material FDebugViewModeMaterialProxy Boy01_Shoes_MAT, compiling. 
[2018.03.18-20.02.30:626][846]LogMaterial: Missing cached shader map for material FDebugViewModeMaterialProxy Boy01_Scarf_MAT, compiling. 
[2018.03.18-20.02.30:631][846]LogMaterial: Missing cached shader map for material FDebugViewModeMaterialProxy Boy01_Hair_MAT, compiling. 
[2018.03.18-20.02.30:637][846]LogMaterial: Missing cached shader map for material FDebugViewModeMaterialProxy M_Basic_Wall, compiling. 
[2018.03.18-20.02.30:645][846]LogMaterial: Missing cached shader map for material FDebugViewModeMaterialProxy MatineeCam_mat, compiling. 
[2018.03.18-20.02.32:173][846]TextureStreamingBuild: Display: Compiling optional shaders took 1.714 seconds.
[2018.03.18-20.02.32:285][846]LogLevel: Display: Export Material TexCoord Scales took 0.113 seconds.
[2018.03.18-20.02.32:298][846]TextureStreamingBuild: Display: Build Texture Streaming took 0.013 seconds.
[2018.03.18-20.02.32:309][846]LightingResults: New page: Lighting Build - Mar 18, 2018, 12:02:32 PM
[2018.03.18-20.02.32:358][846]LogSwarmInterface: [OpenConnection] Registering TCP channel ...
[2018.03.18-20.02.32:552][846]LogSwarmInterface: [OpenConnection] Connecting to agent ...
[2018.03.18-20.02.32:568][846]LogSwarmInterface: [TryOpenConnection] Testing the Agent
[2018.03.18-20.02.33:585][846]LogSwarmInterface: [TryOpenConnection] Opening Connection to Agent
[2018.03.18-20.02.33:585][846]LogSwarmInterface: [TryOpenConnection] Local Process ID is 14808
[2018.03.18-20.02.35:784][846]LogStaticLightingSystem: Running Lightmass w/ ImmediateImport mode ENABLED
[2018.03.18-20.02.35:784][846]LogStaticLightingSystem: Running Lightmass w/ ImmediateProcess mode ENABLED
[2018.03.18-20.02.35:784][846]LogStaticLightingSystem: Running Lightmass w/ Sorting mode ENABLED
[2018.03.18-20.02.35:784][846]LogStaticLightingSystem: Running Lightmass w/ Mapping paddings ENABLED
[2018.03.18-20.02.35:784][846]LogStaticLightingSystem: Running Lightmass w/ Mapping debug paddings DISABLED
[2018.03.18-20.02.35:980][846]Cmd: MAP CHECK DONTDISPLAYDIALOG
[2018.03.18-20.02.35:980][846]MapCheck: New page: ThirdPersonExampleMap - Mar 18, 2018, 12:02:35 PM
[2018.03.18-20.02.35:980][846]MapCheck: Warning: Floor_1 Large actor receives a pre-shadow and will cause an extreme performance hit unless bCastDynamicShadow is set to false. 
[2018.03.18-20.02.36:022][846]MapCheck: Map check complete: 0 Error(s), 1 Warning(s), took 42.455ms to complete.
[2018.03.18-20.02.36:044][846]LogEditorBuildUtils: Build time 0:05
[2018.03.18-20.02.36:066][846]LogMaterial: Missing cached shader map for material FLightmassMaterialRenderer MaterialInstanceDynamic_1, compiling. 
[2018.03.18-20.02.36:073][846]LogMaterial: Missing cached shader map for material FLightmassMaterialRenderer MaterialInstanceDynamic_1, compiling. 
[2018.03.18-20.02.36:133][847]LogMaterial: Missing cached shader map for material FLightmassMaterialRenderer WorldGridMaterial, compiling. Is special engine material.
[2018.03.18-20.02.36:145][847]LogMaterial: Missing cached shader map for material FLightmassMaterialRenderer WorldGridMaterial, compiling. Is special engine material.
[2018.03.18-20.02.39:555][915]Job is a success!
[2018.03.18-20.02.39:647][916]LogSlate: Took 0.000413 seconds to synchronously load lazily loaded font '../../../Engine/Content/Slate/Fonts/Roboto-Light.ttf' (159K)
[2018.03.18-20.02.39:710][916]LogVolumetricLightmapImport: Imported Volumetric Lightmap in 0.021s
[2018.03.18-20.02.39:710][916]LogVolumetricLightmapImport:      Indirection Texture 16x16x16 = 0.0Mb
[2018.03.18-20.02.39:710][916]LogVolumetricLightmapImport:      BrickData 5x5x5 = 0.0Mb
[2018.03.18-20.02.39:710][916]LogVolumetricLightmapImport:      Bricks at Level
[2018.03.18-20.02.39:710][916]LogVolumetricLightmapImport:          0: 100.0% covering 100.0% of volume
[2018.03.18-20.02.39:710][916]LogVolumetricLightmapImport:          1: 0.0% covering 0.0% of volume
[2018.03.18-20.02.39:710][916]LogVolumetricLightmapImport:          2: 0.0% covering 0.0% of volume
[2018.03.18-20.02.39:743][916]LogTexture: Display: Building textures: SkyOcclusion0_1 (AutoDXT, 64X32)
[2018.03.18-20.02.39:744][916]LogTexture: Display: Building textures: HQ_Lightmap0_1 (AutoDXT, 64X64)
[2018.03.18-20.02.39:744][916]LogTexture: Display: Building textures: LQ_Lightmap_0_1 (DXT1, 64X64)
[2018.03.18-20.02.39:744][916]LogTexture: Display: Building textures: ShadowMapTexture2D_0 (G8, 32X32)
[2018.03.18-20.02.39:797][916]Lightmass on DESKTOP-8DQOABU: 1.60 sec total, 445 ms importing, 43 ms setup, 403 ms photons, 688 ms processing, 0 ms extra exporting [1/1 mappings]. Threads: 4.63 sec total, 379 ms processing.
[2018.03.18-20.02.39:851][916]LogStaticLightingSystem: Illumination: 7.45 sec (10 ms encoding lightmaps, 1 ms encoding shadowmaps)
[2018.03.18-20.02.39:851][916]LogStaticLightingSystem: Lightmap texture memory:  0.0 MB (0.0 MB streaming, 0.0 MB non-streaming), 2 textures
[2018.03.18-20.02.39:851][916]LogStaticLightingSystem: Shadowmap texture memory: 0.0 MB (0.0 MB streaming, 0.0 MB non-streaming), 1 textures
[2018.03.18-20.02.40:791][916]DumpUnbuiltLightIteractions
[2018.03.18-20.02.40:791][916]Lights with unbuilt interactions: 0
[2018.03.18-20.02.40:791][916]
[2018.03.18-20.02.40:791][916]Primitives with unbuilt interactions: 0
[2018.03.18-20.02.41:061][917]Cmd: MAP CHECK NOTIFYRESULTS
[2018.03.18-20.02.41:061][917]MapCheck: New page: ThirdPersonExampleMap - Mar 18, 2018, 12:02:41 PM
[2018.03.18-20.02.41:061][917]MapCheck: Warning: Floor_1 Large actor receives a pre-shadow and will cause an extreme performance hit unless bCastDynamicShadow is set to false. 
[2018.03.18-20.02.41:112][917]MapCheck: Map check complete: 0 Error(s), 1 Warning(s), took 51.064ms to complete.
[2018.03.18-20.03.23:646][663]LogSavePackage: Save=207.40ms
[2018.03.18-20.03.23:647][663]LogSavePackage: Moving 'E:/CIS_568_Game/Project1/DefendTheOrchard/GameProject/Saved/ThirdPersonExampleMapA4FC23B0474F54DC5C8FAFBAE0F260A4.tmp' to 'E:/CIS_568_Game/Project1/DefendTheOrchard/GameProject/Content/ThirdPersonBP/Maps/ThirdPersonExampleMap.umap'
[2018.03.18-20.03.23:649][663]LogSavePackage: Display: Finished SavePackage E:/CIS_568_Game/Project1/DefendTheOrchard/GameProject/Content/ThirdPersonBP/Maps/ThirdPersonExampleMap.umap
[2018.03.18-20.03.23:667][663]LogFileHelpers: Saving map 'ThirdPersonExampleMap' took 0.296
[2018.03.18-20.03.23:672][663]LogSavePackage: Save=4.14ms
[2018.03.18-20.03.23:672][663]LogSavePackage: Moving 'E:/CIS_568_Game/Project1/DefendTheOrchard/GameProject/Saved/ThirdPersonExampleMap_BuiltData518B761D4C846284C7E6F5B759E16714.tmp' to 'E:/CIS_568_Game/Project1/DefendTheOrchard/GameProject/Content/ThirdPersonBP/Maps/ThirdPersonExampleMap_BuiltData.uasset'
[2018.03.18-20.03.23:673][663]LogSavePackage: Display: Finished SavePackage E:/CIS_568_Game/Project1/DefendTheOrchard/GameProject/Content/ThirdPersonBP/Maps/ThirdPersonExampleMap_BuiltData.uasset
[2018.03.18-20.03.23:674][663]LogSlate: Took 0.000108 seconds to synchronously load lazily loaded font '../../../Engine/Content/Slate/Fonts/Roboto-Regular.ttf' (155K)
[2018.03.18-20.03.23:680][663]Cmd: MAP LOAD FILE="E:/CIS_568_Game/Project1/DefendTheOrchard/GameProject/Content/ThirdPersonBP/Maps/ThirdPersonExampleMap.umap" TEMPLATE=0 SHOWPROGRESS=1 FEATURELEVEL=3
[2018.03.18-20.03.23:680][663]LightingResults: New page: Lighting Build
[2018.03.18-20.03.23:681][663]LoadErrors: New page: Loading map: ThirdPersonExampleMap.umap
[2018.03.18-20.03.23:682][663]MapCheck: New page: Map Check
[2018.03.18-20.03.23:682][663]LightingResults: New page: Lighting Build
[2018.03.18-20.03.23:733][663]LogAIModule: Creating AISystem for world ThirdPersonExampleMap
[2018.03.18-20.03.23:750][663]LogEditorServer: Finished looking for orphan Actors (0.000 secs)
[2018.03.18-20.03.23:779][663]Cmd: MAP CHECKDEP NOCLEARLOG
[2018.03.18-20.03.23:824][663]MapCheck: Map check complete: 0 Error(s), 0 Warning(s), took 44.376ms to complete.
[2018.03.18-20.03.23:825][663]LogFileHelpers: Loading map 'ThirdPersonExampleMap' took 0.146
[2018.03.18-20.03.29:330][860]LogWindowsTextInputMethodSystem: Display: IME system now activated using TSF (搜狗拼音输入法).
[2018.03.18-20.03.29:331][860]LogWindowsTextInputMethodSystem: Display: IME system now activated using TSF (搜狗拼音输入法).
[2018.03.18-20.03.29:338][860]LogWindowsTextInputMethodSystem: Display: IME system now activated using TSF (搜狗拼音输入法).
[2018.03.18-20.03.29:338][860]LogWindowsTextInputMethodSystem: Display: IME system now activated using TSF (搜狗拼音输入法).
[2018.03.18-20.03.29:557][861]Cmd: QUIT_EDITOR
[2018.03.18-20.03.29:589][861]LogWindowsTextInputMethodSystem: Display: IME system now activated using TSF (搜狗拼音输入法).
[2018.03.18-20.03.29:590][861]LogWindowsTextInputMethodSystem: Display: IME system now activated using TSF (搜狗拼音输入法).
[2018.03.18-20.03.29:607][861]LogExit: Preparing to exit.
[2018.03.18-20.03.30:100][861]LogExit: Editor shut down
[2018.03.18-20.03.30:103][861]LogExit: Transaction tracking system shut down
[2018.03.18-20.03.30:324][861]LogDirectoryWatcher: A directory notification for '../../../Engine/Content/' was aborted.
[2018.03.18-20.03.30:324][861]LogDirectoryWatcher: A directory notification for 'E:/CIS_568_Game/Project1/DefendTheOrchard/GameProject/Content/' was aborted.
[2018.03.18-20.03.30:324][861]LogDirectoryWatcher: A directory notification for '../../../Engine/Plugins/2D/Paper2D/Content/' was aborted.
[2018.03.18-20.03.30:324][861]LogDirectoryWatcher: A directory notification for '../../../Engine/Plugins/Media/MediaCompositing/Content/' was aborted.
[2018.03.18-20.03.30:324][861]LogDirectoryWatcher: A directory notification for '../../../Engine/Plugins/Runtime/AppleARKit/Content/' was aborted.
[2018.03.18-20.03.30:325][861]LogDirectoryWatcher: A directory notification for '../../../Engine/Plugins/Runtime/Oculus/OculusVR/Content/' was aborted.
[2018.03.18-20.03.30:325][861]LogDirectoryWatcher: A directory notification for '../../../Engine/Plugins/Runtime/Steam/SteamVR/Content/' was aborted.
[2018.03.18-20.03.30:412][861]LogExit: Object subsystem successfully closed.
[2018.03.18-20.03.30:446][861]LogD3D11RHI: Shutdown
[2018.03.18-20.03.30:446][861]LogD3D11RHI: CleanupD3DDevice
[2018.03.18-20.03.30:481][861]LogD3D11RHI: ~FD3D11DynamicRHI
[2018.03.18-20.03.30:498][861]LogModuleManager: Shutting down and abandoning module HierarchicalLODUtilities (550)
[2018.03.18-20.03.30:498][861]LogModuleManager: Shutting down and abandoning module HierarchicalLODOutliner (548)
[2018.03.18-20.03.30:499][861]LogModuleManager: Shutting down and abandoning module SceneOutliner (546)
[2018.03.18-20.03.30:499][861]LogModuleManager: Shutting down and abandoning module AddContentDialog (544)
[2018.03.18-20.03.30:499][861]LogDirectoryWatcher: A directory notification for 'D:/Unreal/UE_4.18/FeaturePacks/' was aborted.
[2018.03.18-20.03.30:500][861]LogModuleManager: Shutting down and abandoning module WidgetCarousel (543)
[2018.03.18-20.03.30:501][861]LogModuleManager: Shutting down and abandoning module EditorWidgets (540)
[2018.03.18-20.03.30:501][861]LogModuleManager: Shutting down and abandoning module CollectionManager (538)
[2018.03.18-20.03.30:501][861]LogDirectoryWatcher: A directory notification for 'E:/CIS_568_Game/Project1/DefendTheOrchard/GameProject/Content/Collections/' was aborted.
[2018.03.18-20.03.30:501][861]LogDirectoryWatcher: A directory notification for 'E:/CIS_568_Game/Project1/DefendTheOrchard/GameProject/Content/Developers/lingh/Collections/' was aborted.
[2018.03.18-20.03.30:501][861]LogDirectoryWatcher: A directory notification for 'E:/CIS_568_Game/Project1/DefendTheOrchard/GameProject/Saved/Collections/' was aborted.
[2018.03.18-20.03.30:501][861]LogModuleManager: Shutting down and abandoning module StatsViewer (536)
[2018.03.18-20.03.30:501][861]LogModuleManager: Shutting down and abandoning module FoliageEdit (534)
[2018.03.18-20.03.30:501][861]LogModuleManager: Shutting down and abandoning module LandscapeEditor (532)
[2018.03.18-20.03.30:501][861]LogModuleManager: Shutting down and abandoning module MeshPaintMode (530)
[2018.03.18-20.03.30:502][861]LogModuleManager: Shutting down and abandoning module SceneDepthPickerMode (528)
[2018.03.18-20.03.30:502][861]LogModuleManager: Shutting down and abandoning module ActorPickerMode (526)
[2018.03.18-20.03.30:502][861]LogModuleManager: Shutting down and abandoning module GeometryMode (524)
[2018.03.18-20.03.30:502][861]LogModuleManager: Shutting down and abandoning module TextureAlignMode (522)
[2018.03.18-20.03.30:502][861]LogModuleManager: Shutting down and abandoning module BspMode (520)
[2018.03.18-20.03.30:502][861]LogModuleManager: Shutting down and abandoning module PIEPreviewDeviceProfileSelector (518)
[2018.03.18-20.03.30:502][861]LogModuleManager: Shutting down and abandoning module HardwareSurvey (516)
[2018.03.18-20.03.30:502][861]LogModuleManager: Shutting down and abandoning module SequenceRecorderSections (514)
[2018.03.18-20.03.30:502][861]LogModuleManager: Shutting down and abandoning module AutomationWorker (512)
[2018.03.18-20.03.30:502][861]LogModuleManager: Shutting down and abandoning module MatineeToLevelSequence (510)
[2018.03.18-20.03.30:502][861]LogModuleManager: Shutting down and abandoning module LevelSequenceEditor (508)
[2018.03.18-20.03.30:502][861]LogModuleManager: Shutting down and abandoning module PlacementMode (507)
[2018.03.18-20.03.30:502][861]LogModuleManager: Shutting down and abandoning module WmfMediaFactory (504)
[2018.03.18-20.03.30:502][861]LogModuleManager: Shutting down and abandoning module WmfMediaEditor (502)
[2018.03.18-20.03.30:502][861]LogModuleManager: Shutting down and abandoning module OpenExrWrapper (500)
[2018.03.18-20.03.30:503][861]LogModuleManager: Shutting down and abandoning module ImgMediaFactory (498)
[2018.03.18-20.03.30:503][861]LogModuleManager: Shutting down and abandoning module ImgMediaEditor (496)
[2018.03.18-20.03.30:503][861]LogModuleManager: Shutting down and abandoning module AvfMediaFactory (494)
[2018.03.18-20.03.30:503][861]LogModuleManager: Shutting down and abandoning module AvfMediaEditor (492)
[2018.03.18-20.03.30:503][861]LogModuleManager: Shutting down and abandoning module AndroidMediaFactory (490)
[2018.03.18-20.03.30:503][861]LogModuleManager: Shutting down and abandoning module AndroidMediaEditor (488)
[2018.03.18-20.03.30:503][861]LogModuleManager: Shutting down and abandoning module CharacterAI (486)
[2018.03.18-20.03.30:503][861]LogModuleManager: Shutting down and abandoning module AudioCapture (484)
[2018.03.18-20.03.30:503][861]LogModuleManager: Shutting down and abandoning module SequenceRecorder (483)
[2018.03.18-20.03.30:503][861]LogModuleManager: Shutting down and abandoning module SmartSnapping (480)
[2018.03.18-20.03.30:503][861]LogModuleManager: Shutting down and abandoning module SessionServices (478)
[2018.03.18-20.03.30:503][861]LogModuleManager: Shutting down and abandoning module ViewportSnapping (476)
[2018.03.18-20.03.30:503][861]LogModuleManager: Shutting down and abandoning module ViewportInteraction (474)
[2018.03.18-20.03.30:503][861]LogModuleManager: Shutting down and abandoning module ClothPainter (472)
[2018.03.18-20.03.30:503][861]LogModuleManager: Shutting down and abandoning module SkeletalMeshEditor (471)
[2018.03.18-20.03.30:503][861]LogModuleManager: Shutting down and abandoning module LogVisualizer (468)
[2018.03.18-20.03.30:503][861]LogModuleManager: Shutting down and abandoning module IntroTutorials (466)
[2018.03.18-20.03.30:504][861]LogModuleManager: Shutting down and abandoning module GameProjectGeneration (465)
[2018.03.18-20.03.30:504][861]LogModuleManager: Shutting down and abandoning module IOSPlatformEditor (462)
[2018.03.18-20.03.30:504][861]LogModuleManager: Shutting down and abandoning module HTML5PlatformEditor (460)
[2018.03.18-20.03.30:504][861]LogModuleManager: Shutting down and abandoning module AndroidPlatformEditor (458)
[2018.03.18-20.03.30:504][861]LogModuleManager: Shutting down and abandoning module AndroidDeviceDetection (457)
[2018.03.18-20.03.30:894][861]LogModuleManager: Shutting down and abandoning module WindowsPlatformEditor (454)
[2018.03.18-20.03.30:895][861]LogModuleManager: Shutting down and abandoning module IOSRuntimeSettings (452)
[2018.03.18-20.03.30:895][861]LogModuleManager: Shutting down and abandoning module AndroidRuntimeSettings (450)
[2018.03.18-20.03.30:895][861]LogModuleManager: Shutting down and abandoning module InputBindingEditor (448)
[2018.03.18-20.03.30:895][861]LogModuleManager: Shutting down and abandoning module MergeActors (446)
[2018.03.18-20.03.30:895][861]LogModuleManager: Shutting down and abandoning module SizeMap (444)
[2018.03.18-20.03.30:895][861]LogModuleManager: Shutting down and abandoning module TreeMap (442)
[2018.03.18-20.03.30:895][861]LogModuleManager: Shutting down and abandoning module ReferenceViewer (440)
[2018.03.18-20.03.30:895][861]LogModuleManager: Shutting down and abandoning module LocalizationDashboard (438)
[2018.03.18-20.03.30:895][861]LogModuleManager: Shutting down and abandoning module LocalizationService (437)
[2018.03.18-20.03.30:895][861]LogModuleManager: Shutting down and abandoning module HardwareTargeting (434)
[2018.03.18-20.03.30:895][861]LogModuleManager: Shutting down and abandoning module DeviceProfileEditor (432)
[2018.03.18-20.03.30:895][861]LogModuleManager: Shutting down and abandoning module UndoHistory (430)
[2018.03.18-20.03.30:895][861]LogModuleManager: Shutting down and abandoning module XmlParser (428)
[2018.03.18-20.03.30:895][861]LogModuleManager: Shutting down and abandoning module Blutility (426)
[2018.03.18-20.03.30:895][861]LogModuleManager: Shutting down and abandoning module ProjectSettingsViewer (424)
[2018.03.18-20.03.30:895][861]LogModuleManager: Shutting down and abandoning module ProjectTargetPlatformEditor (423)
[2018.03.18-20.03.30:896][861]LogModuleManager: Shutting down and abandoning module EditorSettingsViewer (420)
[2018.03.18-20.03.30:896][861]LogModuleManager: Shutting down and abandoning module SettingsEditor (418)
[2018.03.18-20.03.30:896][861]LogModuleManager: Shutting down and abandoning module ProjectLauncher (416)
[2018.03.18-20.03.30:896][861]LogModuleManager: Shutting down and abandoning module SessionFrontend (414)
[2018.03.18-20.03.30:896][861]LogModuleManager: Shutting down and abandoning module ProfilerClient (412)
[2018.03.18-20.03.30:896][861]LogModuleManager: Shutting down and abandoning module DeviceManager (410)
[2018.03.18-20.03.30:896][861]LogModuleManager: Shutting down and abandoning module TargetDeviceServices (409)
[2018.03.18-20.03.30:948][861]LogModuleManager: Shutting down and abandoning module AutomationController (406)
[2018.03.18-20.03.30:948][861]LogModuleManager: Shutting down and abandoning module AutomationWindow (404)
[2018.03.18-20.03.30:948][861]LogModuleManager: Shutting down and abandoning module Layers (402)
[2018.03.18-20.03.30:948][861]LogModuleManager: Shutting down and abandoning module ComponentVisualizers (400)
[2018.03.18-20.03.30:948][861]LogModuleManager: Shutting down and abandoning module DetailCustomizations (398)
[2018.03.18-20.03.30:948][861]LogModuleManager: Shutting down and abandoning module PackagesDialog (396)
[2018.03.18-20.03.30:949][861]LogModuleManager: Shutting down and abandoning module Persona (394)
[2018.03.18-20.03.30:949][861]LogModuleManager: Shutting down and abandoning module AdvancedPreviewScene (393)
[2018.03.18-20.03.30:949][861]LogModuleManager: Shutting down and abandoning module AnimGraph (391)
[2018.03.18-20.03.30:949][861]LogModuleManager: Shutting down and abandoning module Kismet (388)
[2018.03.18-20.03.30:951][861]LogModuleManager: Shutting down and abandoning module ClassViewer (386)
[2018.03.18-20.03.30:951][861]LogModuleManager: Shutting down and abandoning module Toolbox (384)
[2018.03.18-20.03.30:951][861]LogModuleManager: Shutting down and abandoning module ModuleUI (382)
[2018.03.18-20.03.30:951][861]LogModuleManager: Shutting down and abandoning module MovieSceneTools (380)
[2018.03.18-20.03.30:951][861]LogModuleManager: Shutting down and abandoning module OutputLog (378)
[2018.03.18-20.03.30:951][861]LogModuleManager: Shutting down and abandoning module GammaUI (376)
[2018.03.18-20.03.30:951][861]LogModuleManager: Shutting down and abandoning module Documentation (374)
[2018.03.18-20.03.30:951][861]LogModuleManager: Shutting down and abandoning module MovieSceneTracks (372)
[2018.03.18-20.03.30:951][861]LogModuleManager: Shutting down and abandoning module MovieScene (370)
[2018.03.18-20.03.30:951][861]LogModuleManager: Shutting down and abandoning module StreamingPauseRendering (368)
[2018.03.18-20.03.30:951][861]LogModuleManager: Shutting down and abandoning module LauncherPlatform (366)
[2018.03.18-20.03.30:951][861]LogModuleManager: Shutting down and abandoning module AnalyticsET (364)
[2018.03.18-20.03.30:951][861]LogModuleManager: Shutting down and abandoning module PortalServices (362)
[2018.03.18-20.03.30:951][861]LogModuleManager: Shutting down and abandoning module PortalRpc (360)
[2018.03.18-20.03.30:952][861]LogModuleManager: Shutting down and abandoning module MessagingRpc (358)
[2018.03.18-20.03.30:952][861]LogModuleManager: Shutting down and abandoning module AIModule (356)
[2018.03.18-20.03.30:952][861]LogModuleManager: Shutting down and abandoning module GameplayDebugger (355)
[2018.03.18-20.03.30:952][861]LogModuleManager: Shutting down and abandoning module AITestSuite (353)
[2018.03.18-20.03.30:952][861]LogModuleManager: Shutting down and abandoning module DesktopPlatform (350)
[2018.03.18-20.03.30:952][861]LogModuleManager: Shutting down and abandoning module ProfilerService (348)
[2018.03.18-20.03.31:003][861]LogModuleManager: Shutting down and abandoning module TaskGraph (346)
[2018.03.18-20.03.31:003][861]LogModuleManager: Shutting down and abandoning module SteamVRController (344)
[2018.03.18-20.03.31:003][861]LogModuleManager: Shutting down and abandoning module ProceduralMeshComponentEditor (342)
[2018.03.18-20.03.31:003][861]LogModuleManager: Shutting down and abandoning module ProceduralMeshComponent (340)
[2018.03.18-20.03.31:003][861]LogModuleManager: Shutting down and abandoning module OculusInput (338)
[2018.03.18-20.03.31:003][861]LogModuleManager: Shutting down and abandoning module MobilePatchingUtils (336)
[2018.03.18-20.03.31:003][861]LogModuleManager: Shutting down and abandoning module CustomMeshComponent (334)
[2018.03.18-20.03.31:003][861]LogModuleManager: Shutting down and abandoning module CableComponent (332)
[2018.03.18-20.03.31:003][861]LogModuleManager: Shutting down and abandoning module ArchVisCharacter (330)
[2018.03.18-20.03.31:003][861]LogModuleManager: Shutting down and abandoning module AndroidPermission (328)
[2018.03.18-20.03.31:004][861]LogModuleManager: Shutting down and abandoning module ActorSequence (324)
[2018.03.18-20.03.31:004][861]LogModuleManager: Shutting down and abandoning module MediaPlayerEditor (322)
[2018.03.18-20.03.31:004][861]LogModuleManager: Shutting down and abandoning module MediaCompositingEditor (320)
[2018.03.18-20.03.31:004][861]LogModuleManager: Shutting down and abandoning module MediaCompositing (318)
[2018.03.18-20.03.31:004][861]LogModuleManager: Shutting down and abandoning module HTML5Networking (316)
[2018.03.18-20.03.31:004][861]LogModuleManager: Shutting down and abandoning module AlembicImporter (314)
[2018.03.18-20.03.31:004][861]LogModuleManager: Shutting down and abandoning module AlembicLibrary (313)
[2018.03.18-20.03.31:004][861]LogModuleManager: Shutting down and abandoning module GeometryCache (312)
[2018.03.18-20.03.31:004][861]LogModuleManager: Shutting down and abandoning module GeometryCacheEd (311)
[2018.03.18-20.03.31:004][861]LogModuleManager: Shutting down and abandoning module SpeedTreeImporter (306)
[2018.03.18-20.03.31:004][861]LogModuleManager: Shutting down and abandoning module PluginBrowser (304)
[2018.03.18-20.03.31:004][861]LogModuleManager: Shutting down and abandoning module MobileLauncherProfileWizard (302)
[2018.03.18-20.03.31:004][861]LogModuleManager: Shutting down and abandoning module VisualStudioSourceCodeAccess (300)
[2018.03.18-20.03.31:004][861]LogModuleManager: Shutting down and abandoning module VisualStudioCodeSourceCodeAccess (298)
[2018.03.18-20.03.31:004][861]LogModuleManager: Shutting down and abandoning module UObjectPlugin (296)
[2018.03.18-20.03.31:004][861]LogModuleManager: Shutting down and abandoning module SubversionSourceControl (294)
[2018.03.18-20.03.31:004][861]LogModuleManager: Shutting down and abandoning module PerforceSourceControl (292)
[2018.03.18-20.03.31:004][861]LogModuleManager: Shutting down and abandoning module GitSourceControl (290)
[2018.03.18-20.03.31:004][861]LogModuleManager: Shutting down and abandoning module SourceControl (289)
[2018.03.18-20.03.31:005][861]LogModuleManager: Shutting down and abandoning module LightPropagationVolumeEditor (286)
[2018.03.18-20.03.31:005][861]LogModuleManager: Shutting down and abandoning module PaperTiledImporter (284)
[2018.03.18-20.03.31:005][861]LogModuleManager: Shutting down and abandoning module PaperSpriteSheetImporter (282)
[2018.03.18-20.03.31:005][861]LogModuleManager: Shutting down and abandoning module Paper2DEditor (280)
[2018.03.18-20.03.31:005][861]LogModuleManager: Shutting down and abandoning module MeshPaint (279)
[2018.03.18-20.03.31:005][861]LogModuleManager: Shutting down and abandoning module LevelEditor (277)
[2018.03.18-20.03.31:006][861]LogModuleManager: Shutting down and abandoning module PixelInspectorModule (276)
[2018.03.18-20.03.31:006][861]LogModuleManager: Shutting down and abandoning module MainFrame (274)
[2018.03.18-20.03.31:006][861]LogModuleManager: Shutting down and abandoning module HotReload (273)
[2018.03.18-20.03.31:007][861]LogModuleManager: Shutting down and abandoning module RuntimePhysXCooking (268)
[2018.03.18-20.03.31:007][861]LogModuleManager: Shutting down and abandoning module PhysXVehiclesEditor (266)
[2018.03.18-20.03.31:007][861]LogModuleManager: Shutting down and abandoning module PhysXVehicles (264)
[2018.03.18-20.03.31:007][861]LogModuleManager: Shutting down and abandoning module OculusEditor (262)
[2018.03.18-20.03.31:007][861]LogModuleManager: Shutting down and abandoning module LocationServicesBPLibrary (260)
[2018.03.18-20.03.31:007][861]LogModuleManager: Shutting down and abandoning module ImmediatePhysicsEditor (258)
[2018.03.18-20.03.31:007][861]LogModuleManager: Shutting down and abandoning module ImmediatePhysics (256)
[2018.03.18-20.03.31:007][861]LogModuleManager: Shutting down and abandoning module UdpMessaging (254)
[2018.03.18-20.03.31:107][861]LogModuleManager: Shutting down and abandoning module TcpMessaging (252)
[2018.03.18-20.03.31:208][861]LogModuleManager: Shutting down and abandoning module GameplayTagsEditor (250)
[2018.03.18-20.03.31:208][861]LogModuleManager: Shutting down and abandoning module FacialAnimationEditor (248)
[2018.03.18-20.03.31:208][861]LogModuleManager: Shutting down and abandoning module FacialAnimation (246)
[2018.03.18-20.03.31:208][861]LogModuleManager: Shutting down and abandoning module AssetManagerEditor (244)
[2018.03.18-20.03.31:208][861]LogModuleManager: Shutting down and abandoning module GraphEditor (243)
[2018.03.18-20.03.31:208][861]LogModuleManager: Shutting down and abandoning module ContentBrowser (241)
[2018.03.18-20.03.31:210][861]LogModuleManager: Shutting down and abandoning module LightPropagationVolumeRuntime (238)
[2018.03.18-20.03.31:211][861]LogModuleManager: Shutting down and abandoning module Paper2D (236)
[2018.03.18-20.03.31:211][861]LogModuleManager: Shutting down and abandoning module WindowsMoviePlayer (234)
[2018.03.18-20.03.31:211][861]LogModuleManager: Shutting down and abandoning module WmfMedia (232)
[2018.03.18-20.03.31:214][861]LogModuleManager: Shutting down and abandoning module ImgMedia (230)
[2018.03.18-20.03.31:214][861]LogModuleManager: Shutting down and abandoning module PacketHandler (228)
[2018.03.18-20.03.31:214][861]LogModuleManager: Shutting down and abandoning module ClothingSystemEditor (226)
[2018.03.18-20.03.31:214][861]LogModuleManager: Shutting down and abandoning module ClothingSystemRuntime (224)
[2018.03.18-20.03.31:214][861]LogModuleManager: Shutting down and abandoning module MediaAssets (222)
[2018.03.18-20.03.31:214][861]LogModuleManager: Shutting down and abandoning module Media (221)
[2018.03.18-20.03.31:221][861]LogModuleManager: Shutting down and abandoning module Overlay (218)
[2018.03.18-20.03.31:221][861]LogModuleManager: Shutting down and abandoning module OverlayEditor (217)
[2018.03.18-20.03.31:221][861]LogModuleManager: Shutting down and abandoning module VREditor (214)
[2018.03.18-20.03.31:221][861]LogModuleManager: Shutting down and abandoning module StringTableEditor (212)
[2018.03.18-20.03.31:221][861]LogModuleManager: Shutting down and abandoning module GameplayTasksEditor (210)
[2018.03.18-20.03.31:221][861]LogModuleManager: Shutting down and abandoning module BehaviorTreeEditor (208)
[2018.03.18-20.03.31:221][861]LogModuleManager: Shutting down and abandoning module FunctionalTesting (206)
[2018.03.18-20.03.31:221][861]LogModuleManager: Shutting down and abandoning module CollisionAnalyzer (204)
[2018.03.18-20.03.31:221][861]LogModuleManager: Shutting down and abandoning module WorkspaceMenuStructure (203)
[2018.03.18-20.03.31:221][861]LogModuleManager: Shutting down and abandoning module UMG (200)
[2018.03.18-20.03.31:221][861]LogModuleManager: Shutting down and abandoning module UMGEditor (199)
[2018.03.18-20.03.31:221][861]LogModuleManager: Shutting down and abandoning module Sequencer (198)
[2018.03.18-20.03.31:221][861]LogModuleManager: Shutting down and abandoning module MessageLog (195)
[2018.03.18-20.03.31:221][861]LogModuleManager: Shutting down and abandoning module SlateReflector (190)
[2018.03.18-20.03.31:221][861]LogModuleManager: Shutting down and abandoning module Slate (188)
[2018.03.18-20.03.31:221][861]LogModuleManager: Shutting down and abandoning module EditorStyle (186)
[2018.03.18-20.03.31:224][861]LogModuleManager: Shutting down and abandoning module MRMesh (184)
[2018.03.18-20.03.31:224][861]LogModuleManager: Shutting down and abandoning module SourceCodeAccess (182)
[2018.03.18-20.03.31:224][861]LogModuleManager: Shutting down and abandoning module HeadMountedDisplay (180)
[2018.03.18-20.03.31:224][861]LogModuleManager: Shutting down and abandoning module XAudio2 (178)
[2018.03.18-20.03.31:224][861]LogModuleManager: Shutting down and abandoning module Networking (176)
[2018.03.18-20.03.31:224][861]LogModuleManager: Shutting down and abandoning module Core (172)
[2018.03.18-20.03.31:224][861]LogModuleManager: Shutting down and abandoning module LevelSequence (168)
[2018.03.18-20.03.31:224][861]LogModuleManager: Shutting down and abandoning module DirectoryWatcher (166)
[2018.03.18-20.03.31:225][861]LogModuleManager: Shutting down and abandoning module KismetCompiler (164)
[2018.03.18-20.03.31:225][861]LogModuleManager: Shutting down and abandoning module MeshUtilities (162)
[2018.03.18-20.03.31:225][861]LogModuleManager: Shutting down and abandoning module MeshMergeUtilities (161)
[2018.03.18-20.03.31:225][861]LogModuleManager: Shutting down and abandoning module MeshReductionInterface (160)
[2018.03.18-20.03.31:225][861]LogModuleManager: Shutting down and abandoning module SimplygonSwarm (159)
[2018.03.18-20.03.31:225][861]LogModuleManager: Shutting down and abandoning module SimplygonMeshReduction (157)
[2018.03.18-20.03.31:225][861]LogModuleManager: Shutting down and abandoning module QuadricMeshReduction (155)
[2018.03.18-20.03.31:225][861]LogModuleManager: Shutting down and abandoning module MaterialBaking (151)
[2018.03.18-20.03.31:225][861]LogModuleManager: Shutting down and abandoning module DerivedDataCache (148)
[2018.03.18-20.03.31:378][861]LogDerivedDataCache: Shutdown
[2018.03.18-20.03.31:378][861]LogModuleManager: Shutting down and abandoning module TargetPlatform (146)
[2018.03.18-20.03.31:378][861]LogModuleManager: Shutting down and abandoning module VulkanShaderFormat (145)
[2018.03.18-20.03.31:378][861]LogModuleManager: Shutting down and abandoning module ShaderFormatVectorVM (143)
[2018.03.18-20.03.31:378][861]LogModuleManager: Shutting down and abandoning module ShaderFormatOpenGL (141)
[2018.03.18-20.03.31:378][861]LogModuleManager: Shutting down and abandoning module ShaderFormatD3D (139)
[2018.03.18-20.03.31:378][861]LogModuleManager: Shutting down and abandoning module MetalShaderFormat (137)
[2018.03.18-20.03.31:378][861]LogModuleManager: Shutting down and abandoning module TextureFormatUncompressed (135)
[2018.03.18-20.03.31:378][861]LogModuleManager: Shutting down and abandoning module TextureFormatPVR (133)
[2018.03.18-20.03.31:378][861]LogModuleManager: Shutting down and abandoning module TextureFormatDXT (131)
[2018.03.18-20.03.31:378][861]LogModuleManager: Shutting down and abandoning module TextureFormatIntelISPCTexComp (129)
[2018.03.18-20.03.31:378][861]LogModuleManager: Shutting down and abandoning module TextureFormatASTC (127)
[2018.03.18-20.03.31:378][861]LogModuleManager: Shutting down and abandoning module ImageWrapper (126)
[2018.03.18-20.03.31:378][861]LogModuleManager: Shutting down and abandoning module TextureFormatAndroid (123)
[2018.03.18-20.03.31:378][861]LogModuleManager: Shutting down and abandoning module AudioFormatOpus (121)
[2018.03.18-20.03.31:378][861]LogModuleManager: Shutting down and abandoning module AudioFormatOgg (119)
[2018.03.18-20.03.31:378][861]LogModuleManager: Shutting down and abandoning module AudioFormatADPCM (117)
[2018.03.18-20.03.31:378][861]LogModuleManager: Shutting down and abandoning module LinuxTargetPlatform (115)
[2018.03.18-20.03.31:378][861]LogModuleManager: Shutting down and abandoning module LinuxServerTargetPlatform (113)
[2018.03.18-20.03.31:378][861]LogModuleManager: Shutting down and abandoning module LinuxNoEditorTargetPlatform (111)
[2018.03.18-20.03.31:378][861]LogModuleManager: Shutting down and abandoning module LinuxClientTargetPlatform (109)
[2018.03.18-20.03.31:378][861]LogModuleManager: Shutting down and abandoning module TVOSTargetPlatform (107)
[2018.03.18-20.03.31:378][861]LogModuleManager: Shutting down and abandoning module Messaging (105)
[2018.03.18-20.03.31:378][861]LogModuleManager: Shutting down and abandoning module IOSTargetPlatform (103)
[2018.03.18-20.03.31:378][861]LogModuleManager: Shutting down and abandoning module HTML5TargetPlatform (101)
[2018.03.18-20.03.31:378][861]LogModuleManager: Shutting down and abandoning module AndroidTargetPlatform (99)
[2018.03.18-20.03.31:378][861]LogModuleManager: Shutting down and abandoning module Android_PVRTCTargetPlatform (97)
[2018.03.18-20.03.31:378][861]LogModuleManager: Shutting down and abandoning module Android_MultiTargetPlatform (95)
[2018.03.18-20.03.31:378][861]LogModuleManager: Shutting down and abandoning module Android_ETC2TargetPlatform (93)
[2018.03.18-20.03.31:378][861]LogModuleManager: Shutting down and abandoning module Android_ETC1TargetPlatform (91)
[2018.03.18-20.03.31:378][861]LogModuleManager: Shutting down and abandoning module Android_DXTTargetPlatform (89)
[2018.03.18-20.03.31:378][861]LogModuleManager: Shutting down and abandoning module Android_ATCTargetPlatform (87)
[2018.03.18-20.03.31:378][861]LogModuleManager: Shutting down and abandoning module Android_ASTCTargetPlatform (85)
[2018.03.18-20.03.31:378][861]LogModuleManager: Shutting down and abandoning module WindowsTargetPlatform (83)
[2018.03.18-20.03.31:379][861]LogModuleManager: Shutting down and abandoning module WindowsServerTargetPlatform (81)
[2018.03.18-20.03.31:379][861]LogModuleManager: Shutting down and abandoning module WindowsNoEditorTargetPlatform (79)
[2018.03.18-20.03.31:379][861]LogModuleManager: Shutting down and abandoning module WindowsClientTargetPlatform (77)
[2018.03.18-20.03.31:379][861]LogModuleManager: Shutting down and abandoning module MacTargetPlatform (75)
[2018.03.18-20.03.31:379][861]LogModuleManager: Shutting down and abandoning module MacServerTargetPlatform (73)
[2018.03.18-20.03.31:379][861]LogModuleManager: Shutting down and abandoning module MacNoEditorTargetPlatform (71)
[2018.03.18-20.03.31:379][861]LogModuleManager: Shutting down and abandoning module MacClientTargetPlatform (69)
[2018.03.18-20.03.31:379][861]LogModuleManager: Shutting down and abandoning module AllDesktopTargetPlatform (67)
[2018.03.18-20.03.31:379][861]LogModuleManager: Shutting down and abandoning module InputCore (64)
[2018.03.18-20.03.31:379][861]LogModuleManager: Shutting down and abandoning module Settings (62)
[2018.03.18-20.03.31:379][861]LogModuleManager: Shutting down and abandoning module PhysXCooking (60)
[2018.03.18-20.03.31:379][861]LogModuleManager: Shutting down and abandoning module SteamVR (58)
[2018.03.18-20.03.31:379][861]LogModuleManager: Shutting down and abandoning module OculusHMD (56)
[2018.03.18-20.03.31:379][861]LogModuleManager: Shutting down and abandoning module ExampleDeviceProfileSelector (54)
[2018.03.18-20.03.31:379][861]LogModuleManager: Shutting down and abandoning module AppleARKit (52)
[2018.03.18-20.03.31:379][861]LogModuleManager: Shutting down and abandoning module AugmentedReality (51)
[2018.03.18-20.03.31:379][861]LogModuleManager: Shutting down and abandoning module OnlineBlueprintSupport (48)
[2018.03.18-20.03.31:379][861]LogModuleManager: Shutting down and abandoning module OnlineSubsystem (44)
[2018.03.18-20.03.31:379][861]LogModuleManager: Shutting down and abandoning module XMPP (43)
[2018.03.18-20.03.31:379][861]LogModuleManager: Shutting down and abandoning module HTTP (41)
[2018.03.18-20.03.31:379][861]LogHttp: Display: Http module shutting down, but needs to wait on 1 outstanding Http requests:
[2018.03.18-20.03.31:379][861]LogHttp: Display: 	verb=[POST] url=[https://datarouter.ol.epicgames.com/datarouter/api/v1/public/data?SessionID=%7B34AB7AF7-41CA-7C02-0B1A-1EA7F048A850%7D&AppID=UEEditor.Rocket.Release&AppVersion=4.18.3-3832480%2B%2B%2BUE4%2BRelease-4.18&UserID=a326b07d48e1804d5ac8448c4791f7e2%7C187d76b23fec41e89cedda504afaf210%7C92677d9c-c710-41c7-b8ee-2c49066b37fc&AppEnvironment=datacollector-binary&UploadType=eteventstream] status=Processing
[2018.03.18-20.03.31:391][861]LogModuleManager: Shutting down and abandoning module SSL (40)
[2018.03.18-20.03.31:393][861]LogModuleManager: Shutting down and abandoning module AnimationModifiers (36)
[2018.03.18-20.03.31:393][861]LogModuleManager: Shutting down and abandoning module PropertyEditor (35)
[2018.03.18-20.03.31:393][861]LogModuleManager: Shutting down and abandoning module AudioEditor (32)
[2018.03.18-20.03.31:393][861]LogModuleManager: Shutting down and abandoning module TextureCompressor (30)
[2018.03.18-20.03.31:393][861]LogModuleManager: Shutting down and abandoning module ShaderCore (28)
[2018.03.18-20.03.31:393][861]LogModuleManager: Shutting down and abandoning module Landscape (26)
[2018.03.18-20.03.31:394][861]LogModuleManager: Shutting down and abandoning module SlateRHIRenderer (24)
[2018.03.18-20.03.31:394][861]LogModuleManager: Shutting down and abandoning module OpenGLDrv (22)
[2018.03.18-20.03.31:394][861]LogModuleManager: Shutting down and abandoning module D3D11RHI (20)
[2018.03.18-20.03.31:394][861]LogModuleManager: Shutting down and abandoning module AnimGraphRuntime (18)
[2018.03.18-20.03.31:394][861]LogModuleManager: Shutting down and abandoning module Renderer (16)
[2018.03.18-20.03.31:394][861]LogModuleManager: Shutting down and abandoning module Engine (14)
[2018.03.18-20.03.31:394][861]LogModuleManager: Shutting down and abandoning module CoreUObject (12)
[2018.03.18-20.03.31:394][861]LogModuleManager: Shutting down and abandoning module NetworkFile (10)
[2018.03.18-20.03.31:394][861]LogModuleManager: Shutting down and abandoning module CookedIterativeFile (8)
[2018.03.18-20.03.31:394][861]LogModuleManager: Shutting down and abandoning module StreamingFile (6)
[2018.03.18-20.03.31:394][861]LogModuleManager: Shutting down and abandoning module SandboxFile (4)
[2018.03.18-20.03.31:394][861]LogModuleManager: Shutting down and abandoning module PakFile (2)
[2018.03.18-20.03.31:399][861]LogExit: Exiting.
[2018.03.18-20.03.31:411][861]Log file closed, 03/18/18 16:03:31
