Log file open, 03/27/18 10:49:43
LogWindows: Failed to load 'aqProf.dll' (GetLastError=126)
LogWindows: File 'aqProf.dll' does not exist
LogWindows: Failed to load 'VSPerf140.dll' (GetLastError=126)
LogWindows: File 'VSPerf140.dll' does not exist
LogWindows: Failed to load 'VtuneApi.dll' (GetLastError=126)
LogWindows: File 'VtuneApi.dll' does not exist
LogWindows: Failed to load 'VtuneApi32e.dll' (GetLastError=126)
LogWindows: File 'VtuneApi32e.dll' does not exist
LogInit: Display: Running engine for game: GameProject
LogPlatformFile: Not using cached read wrapper
LogInit: Display: RandInit(-1537471485) SRandInit(-1537471485).
LogInit: Read version file with build ID '3709383'
LogInit: Overriding engine version to CL 3832480, compatible CL 3709383
LogInit: Registered custom module enumerator with build ID '3709383'
LogTaskGraph: Started task graph with 5 named threads and 14 total threads with 3 sets of task threads.
LogStats: Stats thread started at 0.574026
LogD3D11RHI: Aftermath initialized
LogModuleManager: Display: Found up-to-date module file ../../../Engine/Plugins/2D/Paper2D/Binaries/Win64/UE4Editor-Paper2D.dll (API version 3709383).
LogModuleManager: Display: Found up-to-date module file ../../../Engine/Plugins/2D/Paper2D/Binaries/Win64/UE4Editor-Paper2DEditor.dll (API version 3709383).
LogModuleManager: Display: Found up-to-date module file ../../../Engine/Plugins/2D/Paper2D/Binaries/Win64/UE4Editor-PaperSpriteSheetImporter.dll (API version 3709383).
LogModuleManager: Display: Found up-to-date module file ../../../Engine/Plugins/2D/Paper2D/Binaries/Win64/UE4Editor-PaperTiledImporter.dll (API version 3709383).
LogModuleManager: Display: Found up-to-date module file ../../../Engine/Plugins/2D/Paper2D/Binaries/Win64/UE4Editor-SmartSnapping.dll (API version 3709383).
LogModuleManager: Display: Found up-to-date module file ../../../Engine/Plugins/Blendables/LightPropagationVolume/Binaries/Win64/UE4Editor-LightPropagationVolumeRuntime.dll (API version 3709383).
LogModuleManager: Display: Found up-to-date module file ../../../Engine/Plugins/Blendables/LightPropagationVolume/Binaries/Win64/UE4Editor-LightPropagationVolumeEditor.dll (API version 3709383).
LogModuleManager: Display: Found up-to-date module file ../../../Engine/Plugins/Developer/GitSourceControl/Binaries/Win64/UE4Editor-GitSourceControl.dll (API version 3709383).
LogModuleManager: Display: Found up-to-date module file ../../../Engine/Plugins/Developer/PerforceSourceControl/Binaries/Win64/UE4Editor-PerforceSourceControl.dll (API version 3709383).
LogModuleManager: Display: Found up-to-date module file ../../../Engine/Plugins/Developer/SubversionSourceControl/Binaries/Win64/UE4Editor-SubversionSourceControl.dll (API version 3709383).
LogModuleManager: Display: Found up-to-date module file ../../../Engine/Plugins/Developer/UObjectPlugin/Binaries/Win64/UE4Editor-UObjectPlugin.dll (API version 3709383).
LogModuleManager: Display: Found up-to-date module file ../../../Engine/Plugins/Developer/VisualStudioCodeSourceCodeAccess/Binaries/Win64/UE4Editor-VisualStudioCodeSourceCodeAccess.dll (API version 3709383).
LogModuleManager: Display: Found up-to-date module file ../../../Engine/Plugins/Developer/VisualStudioSourceCodeAccess/Binaries/Win64/UE4Editor-VisualStudioSourceCodeAccess.dll (API version 3709383).
LogModuleManager: Display: Found up-to-date module file ../../../Engine/Plugins/Editor/AssetManagerEditor/Binaries/Win64/UE4Editor-AssetManagerEditor.dll (API version 3709383).
LogModuleManager: Display: Found up-to-date module file ../../../Engine/Plugins/Editor/AudioCapture/Binaries/Win64/UE4Editor-AudioCapture.dll (API version 3709383).
LogModuleManager: Display: Found up-to-date module file ../../../Engine/Plugins/Editor/FacialAnimation/Binaries/Win64/UE4Editor-FacialAnimation.dll (API version 3709383).
LogModuleManager: Display: Found up-to-date module file ../../../Engine/Plugins/Editor/FacialAnimation/Binaries/Win64/UE4Editor-FacialAnimationEditor.dll (API version 3709383).
LogModuleManager: Display: Found up-to-date module file ../../../Engine/Plugins/Editor/GameplayTagsEditor/Binaries/Win64/UE4Editor-GameplayTagsEditor.dll (API version 3709383).
LogModuleManager: Display: Found up-to-date module file ../../../Engine/Plugins/Editor/MobileLauncherProfileWizard/Binaries/Win64/UE4Editor-MobileLauncherProfileWizard.dll (API version 3709383).
LogModuleManager: Display: Found up-to-date module file ../../../Engine/Plugins/Editor/PluginBrowser/Binaries/Win64/UE4Editor-PluginBrowser.dll (API version 3709383).
LogModuleManager: Display: Found up-to-date module file ../../../Engine/Plugins/Editor/SpeedTreeImporter/Binaries/Win64/UE4Editor-SpeedTreeImporter.dll (API version 3709383).
LogModuleManager: Display: Found up-to-date module file ../../../Engine/Plugins/Experimental/AlembicImporter/Binaries/Win64/UE4Editor-AlembicImporter.dll (API version 3709383).
LogModuleManager: Display: Found up-to-date module file ../../../Engine/Plugins/Experimental/AlembicImporter/Binaries/Win64/UE4Editor-AlembicLibrary.dll (API version 3709383).
LogModuleManager: Display: Found up-to-date module file ../../../Engine/Plugins/Experimental/CharacterAI/Binaries/Win64/UE4Editor-CharacterAI.dll (API version 3709383).
LogModuleManager: Display: Found up-to-date module file ../../../Engine/Plugins/Experimental/HTML5Networking/Binaries/Win64/UE4Editor-HTML5Networking.dll (API version 3709383).
LogModuleManager: Display: Found up-to-date module file ../../../Engine/Plugins/Media/AndroidMedia/Binaries/Win64/UE4Editor-AndroidMediaEditor.dll (API version 3709383).
LogModuleManager: Display: Found up-to-date module file ../../../Engine/Plugins/Media/AndroidMedia/Binaries/Win64/UE4Editor-AndroidMediaFactory.dll (API version 3709383).
LogModuleManager: Display: Found up-to-date module file ../../../Engine/Plugins/Media/AvfMedia/Binaries/Win64/UE4Editor-AvfMediaEditor.dll (API version 3709383).
LogModuleManager: Display: Found up-to-date module file ../../../Engine/Plugins/Media/AvfMedia/Binaries/Win64/UE4Editor-AvfMediaFactory.dll (API version 3709383).
LogModuleManager: Display: Found up-to-date module file ../../../Engine/Plugins/Media/AvfMedia/Binaries/Win64/UE4Editor-AvfMediaFactory.dll (API version 3709383).
LogModuleManager: Display: Found up-to-date module file ../../../Engine/Plugins/Media/ImgMedia/Binaries/Win64/UE4Editor-ImgMedia.dll (API version 3709383).
LogModuleManager: Display: Found up-to-date module file ../../../Engine/Plugins/Media/ImgMedia/Binaries/Win64/UE4Editor-ImgMediaEditor.dll (API version 3709383).
LogModuleManager: Display: Found up-to-date module file ../../../Engine/Plugins/Media/ImgMedia/Binaries/Win64/UE4Editor-ImgMediaFactory.dll (API version 3709383).
LogModuleManager: Display: Found up-to-date module file ../../../Engine/Plugins/Media/ImgMedia/Binaries/Win64/UE4Editor-ImgMediaFactory.dll (API version 3709383).
LogModuleManager: Display: Found up-to-date module file ../../../Engine/Plugins/Media/ImgMedia/Binaries/Win64/UE4Editor-OpenExrWrapper.dll (API version 3709383).
LogModuleManager: Display: Found up-to-date module file ../../../Engine/Plugins/Media/MediaCompositing/Binaries/Win64/UE4Editor-MediaCompositing.dll (API version 3709383).
LogModuleManager: Display: Found up-to-date module file ../../../Engine/Plugins/Media/MediaCompositing/Binaries/Win64/UE4Editor-MediaCompositingEditor.dll (API version 3709383).
LogModuleManager: Display: Found up-to-date module file ../../../Engine/Plugins/Media/MediaPlayerEditor/Binaries/Win64/UE4Editor-MediaPlayerEditor.dll (API version 3709383).
LogModuleManager: Display: Found up-to-date module file ../../../Engine/Plugins/Media/WmfMedia/Binaries/Win64/UE4Editor-WmfMedia.dll (API version 3709383).
LogModuleManager: Display: Found up-to-date module file ../../../Engine/Plugins/Media/WmfMedia/Binaries/Win64/UE4Editor-WmfMediaEditor.dll (API version 3709383).
LogModuleManager: Display: Found up-to-date module file ../../../Engine/Plugins/Media/WmfMedia/Binaries/Win64/UE4Editor-WmfMediaFactory.dll (API version 3709383).
LogModuleManager: Display: Found up-to-date module file ../../../Engine/Plugins/Media/WmfMedia/Binaries/Win64/UE4Editor-WmfMediaFactory.dll (API version 3709383).
LogModuleManager: Display: Found up-to-date module file ../../../Engine/Plugins/Messaging/TcpMessaging/Binaries/Win64/UE4Editor-TcpMessaging.dll (API version 3709383).
LogModuleManager: Display: Found up-to-date module file ../../../Engine/Plugins/Messaging/UdpMessaging/Binaries/Win64/UE4Editor-UdpMessaging.dll (API version 3709383).
LogModuleManager: Display: Found up-to-date module file ../../../Engine/Plugins/MovieScene/ActorSequence/Binaries/Win64/UE4Editor-ActorSequence.dll (API version 3709383).
LogModuleManager: Display: Found up-to-date module file ../../../Engine/Plugins/MovieScene/LevelSequenceEditor/Binaries/Win64/UE4Editor-LevelSequenceEditor.dll (API version 3709383).
LogModuleManager: Display: Found up-to-date module file ../../../Engine/Plugins/MovieScene/MatineeToLevelSequence/Binaries/Win64/UE4Editor-MatineeToLevelSequence.dll (API version 3709383).
LogModuleManager: Display: Found up-to-date module file ../../../Engine/Plugins/Online/OnlineSubsystem/Binaries/Win64/UE4Editor-OnlineSubsystem.dll (API version 3709383).
LogModuleManager: Display: Found up-to-date module file ../../../Engine/Plugins/Runtime/AndroidPermission/Binaries/Win64/UE4Editor-AndroidPermission.dll (API version 3709383).
LogModuleManager: Display: Found up-to-date module file ../../../Engine/Plugins/Online/OnlineSubsystemNull/Binaries/Win64/UE4Editor-OnlineSubsystemNull.dll (API version 3709383).
LogModuleManager: Display: Found up-to-date module file ../../../Engine/Plugins/Online/OnlineSubsystemUtils/Binaries/Win64/UE4Editor-OnlineSubsystemUtils.dll (API version 3709383).
LogModuleManager: Display: Found up-to-date module file ../../../Engine/Plugins/Online/OnlineSubsystemUtils/Binaries/Win64/UE4Editor-OnlineBlueprintSupport.dll (API version 3709383).
LogModuleManager: Display: Found up-to-date module file ../../../Engine/Plugins/Runtime/AndroidDeviceProfileSelector/Binaries/Win64/UE4Editor-AndroidDeviceProfileSelector.dll (API version 3709383).
LogModuleManager: Display: Found up-to-date module file ../../../Engine/Plugins/Runtime/AppleARKit/Binaries/Win64/UE4Editor-AppleARKit.dll (API version 3709383).
LogModuleManager: Display: Found up-to-date module file ../../../Engine/Plugins/Runtime/ArchVisCharacter/Binaries/Win64/UE4Editor-ArchVisCharacter.dll (API version 3709383).
LogModuleManager: Display: Found up-to-date module file ../../../Engine/Plugins/Runtime/CableComponent/Binaries/Win64/UE4Editor-CableComponent.dll (API version 3709383).
LogModuleManager: Display: Found up-to-date module file ../../../Engine/Plugins/Runtime/CustomMeshComponent/Binaries/Win64/UE4Editor-CustomMeshComponent.dll (API version 3709383).
LogModuleManager: Display: Found up-to-date module file ../../../Engine/Plugins/Runtime/ExampleDeviceProfileSelector/Binaries/Win64/UE4Editor-ExampleDeviceProfileSelector.dll (API version 3709383).
LogModuleManager: Display: Found up-to-date module file ../../../Engine/Plugins/Runtime/ImmediatePhysics/Binaries/Win64/UE4Editor-ImmediatePhysics.dll (API version 3709383).
LogModuleManager: Display: Found up-to-date module file ../../../Engine/Plugins/Runtime/ImmediatePhysics/Binaries/Win64/UE4Editor-ImmediatePhysicsEditor.dll (API version 3709383).
LogModuleManager: Display: Found up-to-date module file ../../../Engine/Plugins/Runtime/LocationServicesBPLibrary/Binaries/Win64/UE4Editor-LocationServicesBPLibrary.dll (API version 3709383).
LogModuleManager: Display: Found up-to-date module file ../../../Engine/Plugins/Runtime/MobilePatchingUtils/Binaries/Win64/UE4Editor-MobilePatchingUtils.dll (API version 3709383).
LogModuleManager: Display: Found up-to-date module file ../../../Engine/Plugins/Runtime/Oculus/OculusVR/Binaries/Win64/UE4Editor-OculusHMD.dll (API version 3709383).
LogModuleManager: Display: Found up-to-date module file ../../../Engine/Plugins/Runtime/Oculus/OculusVR/Binaries/Win64/UE4Editor-OculusInput.dll (API version 3709383).
LogModuleManager: Display: Found up-to-date module file ../../../Engine/Plugins/Runtime/Oculus/OculusVR/Binaries/Win64/UE4Editor-OculusEditor.dll (API version 3709383).
LogModuleManager: Display: Found up-to-date module file ../../../Engine/Plugins/Runtime/PhysXVehicles/Binaries/Win64/UE4Editor-PhysXVehicles.dll (API version 3709383).
LogModuleManager: Display: Found up-to-date module file ../../../Engine/Plugins/Runtime/PhysXVehicles/Binaries/Win64/UE4Editor-PhysXVehiclesEditor.dll (API version 3709383).
LogModuleManager: Display: Found up-to-date module file ../../../Engine/Plugins/Runtime/ProceduralMeshComponent/Binaries/Win64/UE4Editor-ProceduralMeshComponent.dll (API version 3709383).
LogModuleManager: Display: Found up-to-date module file ../../../Engine/Plugins/Runtime/ProceduralMeshComponent/Binaries/Win64/UE4Editor-ProceduralMeshComponentEditor.dll (API version 3709383).
LogModuleManager: Display: Found up-to-date module file ../../../Engine/Plugins/Runtime/RuntimePhysXCooking/Binaries/Win64/UE4Editor-RuntimePhysXCooking.dll (API version 3709383).
LogModuleManager: Display: Found up-to-date module file ../../../Engine/Plugins/Runtime/Steam/SteamVR/Binaries/Win64/UE4Editor-SteamVR.dll (API version 3709383).
LogModuleManager: Display: Found up-to-date module file ../../../Engine/Plugins/Runtime/Steam/SteamVR/Binaries/Win64/UE4Editor-SteamVRController.dll (API version 3709383).
LogModuleManager: Display: Found up-to-date module file ../../../Engine/Plugins/Runtime/WindowsMoviePlayer/Binaries/Win64/UE4Editor-WindowsMoviePlayer.dll (API version 3709383).
LogPluginManager: Mounting plugin Paper2D
LogPluginManager: Mounting plugin LightPropagationVolume
LogPluginManager: Mounting plugin CodeLiteSourceCodeAccess
LogPluginManager: Mounting plugin GitSourceControl
LogPluginManager: Mounting plugin KDevelopSourceCodeAccess
LogPluginManager: Mounting plugin NullSourceCodeAccess
LogPluginManager: Mounting plugin PerforceSourceControl
LogPluginManager: Mounting plugin SubversionSourceControl
LogPluginManager: Mounting plugin UObjectPlugin
LogPluginManager: Mounting plugin VisualStudioCodeSourceCodeAccess
LogPluginManager: Mounting plugin VisualStudioSourceCodeAccess
LogPluginManager: Mounting plugin XCodeSourceCodeAccess
LogPluginManager: Mounting plugin AssetManagerEditor
LogPluginManager: Mounting plugin AudioCapture
LogPluginManager: Mounting plugin FacialAnimation
LogPluginManager: Mounting plugin GameplayTagsEditor
LogPluginManager: Mounting plugin MobileLauncherProfileWizard
LogPluginManager: Mounting plugin PluginBrowser
LogPluginManager: Mounting plugin SpeedTreeImporter
LogPluginManager: Mounting plugin AlembicImporter
LogPluginManager: Mounting plugin CharacterAI
LogPluginManager: Mounting plugin HTML5Networking
LogPluginManager: Mounting plugin AndroidMedia
LogPluginManager: Mounting plugin AvfMedia
LogPluginManager: Mounting plugin ImgMedia
LogPluginManager: Mounting plugin MediaCompositing
LogPluginManager: Mounting plugin MediaPlayerEditor
LogPluginManager: Mounting plugin WmfMedia
LogPluginManager: Mounting plugin TcpMessaging
LogPluginManager: Mounting plugin UdpMessaging
LogPluginManager: Mounting plugin ActorSequence
LogPluginManager: Mounting plugin LevelSequenceEditor
LogPluginManager: Mounting plugin MatineeToLevelSequence
LogPluginManager: Mounting plugin OnlineSubsystemGooglePlay
LogPluginManager: Mounting plugin OnlineSubsystemIOS
LogPluginManager: Mounting plugin OnlineSubsystem
LogPluginManager: Mounting plugin OnlineSubsystemNull
LogPluginManager: Mounting plugin OnlineSubsystemUtils
LogPluginManager: Mounting plugin AndroidDeviceProfileSelector
LogPluginManager: Mounting plugin AndroidMoviePlayer
LogPluginManager: Mounting plugin AndroidPermission
LogPluginManager: Mounting plugin AppleARKit
LogPluginManager: Mounting plugin AppleMoviePlayer
LogPluginManager: Mounting plugin ArchVisCharacter
LogPluginManager: Mounting plugin CableComponent
LogPluginManager: Mounting plugin CustomMeshComponent
LogPluginManager: Mounting plugin ExampleDeviceProfileSelector
LogPluginManager: Mounting plugin GoogleCloudMessaging
LogPluginManager: Mounting plugin ImmediatePhysics
LogPluginManager: Mounting plugin IOSDeviceProfileSelector
LogPluginManager: Mounting plugin LinuxDeviceProfileSelector
LogPluginManager: Mounting plugin LocationServicesBPLibrary
LogPluginManager: Mounting plugin MobilePatchingUtils
LogPluginManager: Mounting plugin OculusVR
LogPluginManager: Plugin shader directory ../../../Engine/Plugins/Runtime/Oculus/OculusVR/Shaders found
LogPluginManager: Mapping shader source directory ../../../Engine/Plugins/Runtime/Oculus/OculusVR/Shaders to virtual directory /Plugin/OculusVR
LogPluginManager: Mounting plugin PhysXVehicles
LogPluginManager: Mounting plugin ProceduralMeshComponent
LogPluginManager: Mounting plugin RuntimePhysXCooking
LogPluginManager: Mounting plugin SteamVR
LogPluginManager: Mounting plugin WindowsMoviePlayer
LogInit: Using libcurl 7.47.1
LogInit:  - built for x86_64-pc-win32
LogInit:  - supports SSL with OpenSSL/1.0.2g
LogInit:  - supports HTTP deflate (compression) using libz 1.2.8
LogInit:  - other features:
LogInit:      CURL_VERSION_SSL
LogInit:      CURL_VERSION_LIBZ
LogInit:      CURL_VERSION_IPV6
LogInit:      CURL_VERSION_ASYNCHDNS
LogInit:      CURL_VERSION_LARGEFILE
LogInit:      CURL_VERSION_IDN
LogInit:  CurlRequestOptions (configurable via config and command line):
LogInit:  - bVerifyPeer = false  - Libcurl will NOT verify peer certificate
LogInit:  - bUseHttpProxy = false  - Libcurl will NOT use HTTP proxy
LogInit:  - bDontReuseConnections = false  - Libcurl will reuse connections
LogInit:  - CertBundlePath = nullptr  - Libcurl will use whatever was configured at build time.
LogInit: Build: ++UE4+Release-4.18-CL-3832480
LogInit: Engine Version: 4.18.3-3832480+++UE4+Release-4.18
LogInit: Compatible Engine Version: 4.18.0-3709383+++UE4+Release-4.18
LogInit: Net CL: 3709383
LogDevObjectVersion: Number of dev versions registered: 16
LogDevObjectVersion:   Dev-Blueprints (B0D832E4-1F89-4F0D-ACCF-7EB736FD4AA2): 10
LogDevObjectVersion:   Dev-Build (E1C64328-A22C-4D53-A36C-8E866417BD8C): 0
LogDevObjectVersion:   Dev-Core (375EC13C-06E4-48FB-B500-84F0262A717E): 2
LogDevObjectVersion:   Dev-Editor (E4B068ED-F494-42E9-A231-DA0B2E46BB41): 20
LogDevObjectVersion:   Dev-Framework (CFFC743F-43B0-4480-9391-14DF171D2073): 30
LogDevObjectVersion:   Dev-Mobile (B02B49B5-BB20-44E9-A304-32B752E40360): 0
LogDevObjectVersion:   Dev-Networking (A4E4105C-59A1-49B5-A7C5-40C4547EDFEE): 0
LogDevObjectVersion:   Dev-Online (39C831C9-5AE6-47DC-9A44-9C173E1C8E7C): 0
LogDevObjectVersion:   Dev-Physics (78F01B33-EBEA-4F98-B9B4-84EACCB95AA2): 0
LogDevObjectVersion:   Dev-Platform (6631380F-2D4D-43E0-8009-CF276956A95A): 0
LogDevObjectVersion:   Dev-Rendering (12F88B9F-8875-4AFC-A67C-D90C383ABD29): 20
LogDevObjectVersion:   Dev-Sequencer (7B5AE74C-D270-4C10-A958-57980B212A5A): 4
LogDevObjectVersion:   Dev-VR (D7296918-1DD6-4BDD-9DE2-64A83CC13884): 0
LogDevObjectVersion:   Dev-LoadTimes (C2A15278-BFE7-4AFE-6C17-90FF531DF755): 1
LogDevObjectVersion:   Private-Geometry (6EACA3D4-40EC-4CC1-B786-8BED09428FC5): 1
LogDevObjectVersion:   Dev-AnimPhys (29E575DD-E0A3-4627-9D10-D276232CDCEA): 12
LogInit: Compiled (64-bit): Jan 12 2018 02:04:55
LogInit: Compiled with Visual C++: 19.00.24215.01
LogInit: Build Configuration: Development
LogInit: Branch Name: ++UE4+Release-4.18
LogInit: Command line:  
LogInit: Base directory: D:/Unreal/UE_4.18/Engine/Binaries/Win64/
LogInit: Installed Engine Build: 1
LogInit: Presizing for max 8388607 objects, including 0 objects not considered by GC, pre-allocating 0 bytes for permanent pool.
LogInit: Object subsystem initialized
[2018.03.27-14.49.45:984][  0]LogInit: Selected Device Profile: [Windows]
[2018.03.27-14.49.45:984][  0]LogInit: Applying CVar settings loaded from the selected device profile: [Windows]
[2018.03.27-14.49.45:997][  0]LogInit: Computer: DESKTOP-8DQOABU
[2018.03.27-14.49.45:997][  0]LogInit: User: lingh
[2018.03.27-14.49.45:997][  0]LogInit: CPU Page size=4096, Cores=4
[2018.03.27-14.49.45:997][  0]LogInit: High frequency timer resolution =1.945310 MHz
[2018.03.27-14.49.45:997][  0]LogMemory: Memory total: Physical=15.8GB (16GB approx)
[2018.03.27-14.49.45:997][  0]LogMemory: Platform Memory Stats for Windows
[2018.03.27-14.49.45:997][  0]LogMemory: Process Physical Memory: 272.55 MB used, 272.55 MB peak
[2018.03.27-14.49.45:997][  0]LogMemory: Process Virtual Memory: 269.75 MB used, 269.75 MB peak
[2018.03.27-14.49.45:997][  0]LogMemory: Physical Memory: 5316.18 MB used,  10901.84 MB free, 16218.02 MB total
[2018.03.27-14.49.45:997][  0]LogMemory: Virtual Memory: 682.25 MB used,  10901.84 MB free, 134217728.00 MB total
[2018.03.27-14.49.46:252][  0]LogInit: Using OS detected language (en-US).
[2018.03.27-14.49.46:252][  0]LogInit: Using OS detected locale (en-US).
[2018.03.27-14.49.46:263][  0]LogTextLocalizationManager: No specific localization for 'en-US' exists, so the 'en' localization will be used.
[2018.03.27-14.49.46:650][  0]LogInit: Setting process to per monitor DPI aware
[2018.03.27-14.49.47:122][  0]LogD3D11RHI: D3D11 adapters:
[2018.03.27-14.49.47:133][  0]LogD3D11RHI:    0. 'Intel(R) UHD Graphics 620' (Feature Level 11_0)
[2018.03.27-14.49.47:133][  0]LogD3D11RHI:       128/0/8109 MB DedicatedVideo/DedicatedSystem/SharedSystem, Outputs:1, VendorId:0x8086
[2018.03.27-14.49.47:136][  0]LogD3D11RHI:    1. 'Microsoft Basic Render Driver' (Feature Level 11_0)
[2018.03.27-14.49.47:136][  0]LogD3D11RHI:       0/0/8109 MB DedicatedVideo/DedicatedSystem/SharedSystem, Outputs:0, VendorId:0x1414
[2018.03.27-14.49.47:136][  0]LogD3D11RHI: Chosen D3D11 Adapter: 0
[2018.03.27-14.49.47:141][  0]LogD3D11RHI: Creating new Direct3DDevice
[2018.03.27-14.49.47:141][  0]LogD3D11RHI:     GPU DeviceId: 0x5917 (for the marketing name, search the web for "GPU Device Id")
[2018.03.27-14.49.47:141][  0]LogWindows: EnumDisplayDevices:
[2018.03.27-14.49.47:142][  0]LogWindows:    0. 'Intel(R) UHD Graphics 620' (P:1 D:1)
[2018.03.27-14.49.47:142][  0]LogWindows:    1. 'Intel(R) UHD Graphics 620' (P:0 D:0)
[2018.03.27-14.49.47:143][  0]LogWindows:    2. 'Intel(R) UHD Graphics 620' (P:0 D:0)
[2018.03.27-14.49.47:143][  0]LogWindows: DebugString: GetVideoDriverDetailsInvalid PrimaryIsNotTheChoosenAdapter GetVideoDriverDetailsInvalid PrimaryIsNotTheChoosenAdapter GetVideoDriverDetailsInvalid PrimaryIsNotTheChoosenAdapter FoundDriverCount:0 
[2018.03.27-14.49.47:143][  0]LogD3D11RHI:     Adapter Name: Intel(R) UHD Graphics 620
[2018.03.27-14.49.47:143][  0]LogD3D11RHI:   Driver Version: Unknown (internal:Unknown, unified:Unknown)
[2018.03.27-14.49.47:143][  0]LogD3D11RHI:      Driver Date: Unknown
[2018.03.27-14.49.47:143][  0]LogRHI: Texture pool is 1523 MB (70% of 2176 MB)
[2018.03.27-14.49.47:150][  0]LogD3D11RHI: Async texture creation enabled
[2018.03.27-14.49.47:167][  0]LogD3D11RHI: GPU Timing Frequency: 12.000000 (Debug: 2 0)
[2018.03.27-14.49.47:171][  0]LogShaderCompilers: Guid format shader working directory is -7 characters bigger than the processId version (E:/CIS_568_Game/Project1/DefendTheOrchard/GameProject/Intermediate/Shaders/WorkingDirectory/8692/).
[2018.03.27-14.49.47:171][  0]LogShaderCompilers: Cleaned the shader compiler working directory 'C:/Users/lingh/AppData/Local/Temp/UnrealShaderWorkingDir/DABEFCA648E115D728A9E0A016E2A72F/'.
[2018.03.27-14.49.47:171][  0]LogShaderCompilers: Display: Using Local Shader Compiler.
[2018.03.27-14.49.48:184][  0]LogTemp: Display: Loaded TP AllDesktopTargetPlatform
[2018.03.27-14.49.48:267][  0]LogTemp: Display: Loaded TP MacClientTargetPlatform
[2018.03.27-14.49.48:351][  0]LogTemp: Display: Loaded TP MacNoEditorTargetPlatform
[2018.03.27-14.49.48:430][  0]LogTemp: Display: Loaded TP MacServerTargetPlatform
[2018.03.27-14.49.48:514][  0]LogTemp: Display: Loaded TP MacTargetPlatform
[2018.03.27-14.49.48:619][  0]LogTemp: Display: Loaded TP WindowsClientTargetPlatform
[2018.03.27-14.49.48:714][  0]LogTemp: Display: Loaded TP WindowsNoEditorTargetPlatform
[2018.03.27-14.49.48:793][  0]LogTemp: Display: Loaded TP WindowsServerTargetPlatform
[2018.03.27-14.49.48:868][  0]LogTemp: Display: Loaded TP WindowsTargetPlatform
[2018.03.27-14.49.48:946][  0]LogTemp: Display: Loaded TP Android_ASTCTargetPlatform
[2018.03.27-14.49.49:027][  0]LogTemp: Display: Loaded TP Android_ATCTargetPlatform
[2018.03.27-14.49.49:105][  0]LogTemp: Display: Loaded TP Android_DXTTargetPlatform
[2018.03.27-14.49.49:193][  0]LogTemp: Display: Loaded TP Android_ETC1TargetPlatform
[2018.03.27-14.49.49:279][  0]LogTemp: Display: Loaded TP Android_ETC2TargetPlatform
[2018.03.27-14.49.49:446][  0]LogTemp: Display: Loaded TP Android_MultiTargetPlatform
[2018.03.27-14.49.49:446][  0]LogTemp: Display: Loaded TP Android_PVRTCTargetPlatform
[2018.03.27-14.49.49:526][  0]LogTemp: Display: Loaded TP AndroidTargetPlatform
[2018.03.27-14.49.49:631][  0]LogTemp: Display: Loaded TP HTML5TargetPlatform
[2018.03.27-14.49.49:845][  0]LogTemp: Display: Loaded TP IOSTargetPlatform
[2018.03.27-14.49.49:984][  0]LogTemp: Display: Loaded TP TVOSTargetPlatform
[2018.03.27-14.49.50:066][  0]LogTemp: Display: Loaded TP LinuxClientTargetPlatform
[2018.03.27-14.49.50:405][  0]LogTemp: Display: Loaded TP LinuxNoEditorTargetPlatform
[2018.03.27-14.49.50:500][  0]LogTemp: Display: Loaded TP LinuxServerTargetPlatform
[2018.03.27-14.49.50:628][  0]LogTemp: Display: Loaded TP LinuxTargetPlatform
[2018.03.27-14.49.50:629][  0]LogTargetPlatformManager: Display: Building Assets For Windows
[2018.03.27-14.49.51:468][  0]LogDerivedDataCache: Display: Max Cache Size: 512 MB
[2018.03.27-14.49.51:720][  0]LogDerivedDataCache: Loaded boot cache 0.25s 79MB C:/Users/lingh/AppData/Local/UnrealEngine/4.18/DerivedDataCache/Boot.ddc.
[2018.03.27-14.49.51:720][  0]LogDerivedDataCache: Display: Loaded Boot cache: C:/Users/lingh/AppData/Local/UnrealEngine/4.18/DerivedDataCache/Boot.ddc
[2018.03.27-14.49.51:720][  0]LogDerivedDataCache: FDerivedDataBackendGraph:  Pak pak cache file E:/CIS_568_Game/Project1/DefendTheOrchard/GameProject/DerivedDataCache/DDC.ddp not found, will not use a pak cache.
[2018.03.27-14.49.51:720][  0]LogDerivedDataCache: Unable to find inner node Pak for hierarchical cache Hierarchy.
[2018.03.27-14.49.51:720][  0]LogDerivedDataCache: FDerivedDataBackendGraph:  CompressedPak pak cache file E:/CIS_568_Game/Project1/DefendTheOrchard/GameProject/DerivedDataCache/Compressed.ddp not found, will not use a pak cache.
[2018.03.27-14.49.51:721][  0]LogDerivedDataCache: Unable to find inner node CompressedPak for hierarchical cache Hierarchy.
[2018.03.27-14.49.51:741][  0]LogDerivedDataCache: Display: Pak cache opened for reading ../../../Engine/DerivedDataCache/Compressed.ddp.
[2018.03.27-14.49.51:754][  0]LogDerivedDataCache: Using Local data cache path C:/Users/lingh/AppData/Local/UnrealEngine/Common/DerivedDataCache: Writable
[2018.03.27-14.49.51:768][  0]LogMaterial: Verifying Global Shaders for PCD3D_SM5
[2018.03.27-14.49.51:770][  0]LogSlate: Using Freetype 2.6.0
[2018.03.27-14.49.51:775][  0]LogSlate: SlateFontCache - WITH_FREETYPE: 1, WITH_HARFBUZZ: 1
[2018.03.27-14.49.51:775][  0]LogSlate: SlateFontCache - WITH_FREETYPE: 1, WITH_HARFBUZZ: 1
[2018.03.27-14.49.52:373][  0]LogInit: Selected Device Profile: [Windows]
[2018.03.27-14.49.52:697][  0]LogSimplygon: Simplygon DLL not present - disabling.
[2018.03.27-14.49.52:726][  0]LogMeshReduction: Using SimplygonSwarm for distributed automatic mesh merging
[2018.03.27-14.49.52:726][  0]LogMeshReduction: Using QuadricMeshReduction for automatic static mesh reduction
[2018.03.27-14.49.52:726][  0]LogMeshReduction: No automatic skeletal mesh reduction module available
[2018.03.27-14.49.52:726][  0]LogMeshReduction: No automatic mesh merging module available
[2018.03.27-14.49.52:726][  0]LogMeshMerging: No automatic mesh merging module available
[2018.03.27-14.49.52:771][  0]LogNetVersion: GameProject , NetCL: 3709383, EngineNetVer: 2, GameNetVer: 0 (Checksum: 2708194857)
[2018.03.27-14.49.52:965][  0]LogAssetRegistry: FAssetRegistry took 0.0261 seconds to start up
[2018.03.27-14.49.53:461][  0]LogPackageLocalizationCache: Processed 7 localized package path(s) for 2 prioritized culture(s) in 0.043036 seconds
[2018.03.27-14.49.53:466][  0]LogUObjectArray: 35870 objects as part of root set at end of initial load.
[2018.03.27-14.49.53:466][  0]LogUObjectAllocator: 7363696 out of 0 bytes used by permanent object pool.
[2018.03.27-14.49.53:466][  0]LogUObjectArray: CloseDisregardForGC: 0/0 objects in disregard for GC pool
[2018.03.27-14.49.53:495][  0]LogInit: WinSock: version 1.1 (2.2), MaxSocks=32767, MaxUdp=65467
[2018.03.27-14.49.56:320][  0]LogTcpMessaging: Initializing TcpMessaging bridge
[2018.03.27-14.49.56:354][  0]LogUdpMessaging: Initializing bridge on interface 0.0.0.0:0 to multicast group 230.0.0.1:6666.
[2018.03.27-14.49.56:955][  0]LogMaterial: Uniform references updated for custom material expression Custom.
[2018.03.27-14.49.57:296][  0]SourceControl: Source control is disabled
[2018.03.27-14.49.57:296][  0]SourceControl: Source control is disabled
[2018.03.27-14.49.57:339][  0]SourceControl: Source control is disabled
[2018.03.27-14.49.57:377][  0]SourceControl: Source control is disabled
[2018.03.27-14.49.57:973][  0]LogAndroidPermission: UAndroidPermissionCallbackProxy::GetInstance
[2018.03.27-14.49.58:154][  0]LogOcInput: OculusInput pre-init called
[2018.03.27-14.49.58:379][  0]LogEngine: Initializing Engine...
[2018.03.27-14.49.58:382][  0]LogHMD: Failed to initialize OpenVR with code 110
[2018.03.27-14.49.58:600][  0]LogStats: UGameplayTagsManager::ConstructGameplayTagTree: Construct from data asset -  0.000 s
[2018.03.27-14.49.58:600][  0]LogStats: UGameplayTagsManager::ConstructGameplayTagTree: GameplayTagTreeChangedEvent.Broadcast -  0.000 s
[2018.03.27-14.49.58:704][  0]LogAIModule: Creating AISystem for world Untitled
[2018.03.27-14.49.58:717][  0]LogInit: XAudio2 using 'Speakers (Realtek(R) Audio)' : 2 channels at 48 kHz using 32 bits per sample (channel mask 0x3)
[2018.03.27-14.49.59:977][  0]LogInit: FAudioDevice initialized.
[2018.03.27-14.50.00:029][  0]LogDerivedDataCache: Saved boot cache 0.05s 79MB C:/Users/lingh/AppData/Local/UnrealEngine/4.18/DerivedDataCache/Boot.ddc.
[2018.03.27-14.50.00:035][  0]LogInit: Texture streaming: Enabled
[2018.03.27-14.50.00:103][  0]LogEngineSessionManager: EngineSessionManager initialized
[2018.03.27-14.50.00:222][  0]LogInit: Transaction tracking system initialized
[2018.03.27-14.50.00:431][  0]BlueprintLog: New page: Editor Load
[2018.03.27-14.50.01:062][  0]LocalizationService: Localization service is disabled
[2018.03.27-14.50.01:691][  0]LogConsoleResponse: Display: 
[2018.03.27-14.50.01:923][  0]LogCook: Display: Max memory allowance for cook 16384mb min free memory 0mb
[2018.03.27-14.50.01:923][  0]LogCook: Display: Mobile HDR setting 1
[2018.03.27-14.50.01:923][  0]LogGameplayTags: Display: UGameplayTagsManager::DoneAddingNativeTags. DelegateIsBound: 0
[2018.03.27-14.50.02:585][  0]LogFileCache: Scanning file cache for directory 'E:/CIS_568_Game/Project1/DefendTheOrchard/GameProject/Content/' took 0.02s
[2018.03.27-14.50.03:042][  0]SourceControl: Source control is disabled
[2018.03.27-14.50.03:043][  0]Cmd: MAP LOAD FILE="E:/CIS_568_Game/Project1/DefendTheOrchard/GameProject/Content/ThirdPersonBP/Maps/ThirdPersonExampleMap.umap" TEMPLATE=0 SHOWPROGRESS=1 FEATURELEVEL=3
[2018.03.27-14.50.03:045][  0]LightingResults: New page: Lighting Build
[2018.03.27-14.50.03:074][  0]MapCheck: New page: Map Check
[2018.03.27-14.50.03:074][  0]LightingResults: New page: Lighting Build
[2018.03.27-14.50.04:556][  0]LogAIModule: Creating AISystem for world ThirdPersonExampleMap
[2018.03.27-14.50.04:741][  0]LogEditorServer: Finished looking for orphan Actors (0.000 secs)
[2018.03.27-14.50.04:782][  0]Cmd: MAP CHECKDEP NOCLEARLOG
[2018.03.27-14.50.04:841][  0]MapCheck: Map check complete: 0 Error(s), 0 Warning(s), took 59.524ms to complete.
[2018.03.27-14.50.04:841][  0]LogFileHelpers: Loading map 'ThirdPersonExampleMap' took 1.799
[2018.03.27-14.50.05:064][  0]LogCollectionManager: Loaded 0 collections in 0.001258 seconds
[2018.03.27-14.50.05:142][  0]LogFileCache: Scanning file cache for directory 'E:/CIS_568_Game/Project1/DefendTheOrchard/GameProject/Saved/Collections/' took 0.01s
[2018.03.27-14.50.05:142][  0]LogFileCache: Scanning file cache for directory 'E:/CIS_568_Game/Project1/DefendTheOrchard/GameProject/Content/Developers/lingh/Collections/' took 0.01s
[2018.03.27-14.50.05:142][  0]LogFileCache: Scanning file cache for directory 'E:/CIS_568_Game/Project1/DefendTheOrchard/GameProject/Content/Collections/' took 0.01s
[2018.03.27-14.50.05:142][  0]LogCollectionManager: Rebuilt the GUID cache for 0 collections in 0.000000 seconds
[2018.03.27-14.50.05:153][  0]LogContentBrowser: Native class hierarchy populated in 0.0097 seconds. Added 2363 classes and 519 folders.
[2018.03.27-14.50.05:197][  0]LogContentBrowser: Native class hierarchy updated for 'WidgetCarousel' in 0.0002 seconds. Added 0 classes and 0 folders.
[2018.03.27-14.50.05:324][  0]LogContentBrowser: Native class hierarchy updated for 'AddContentDialog' in 0.0002 seconds. Added 0 classes and 0 folders.
[2018.03.27-14.50.05:360][  0]LogContentBrowser: Native class hierarchy updated for 'SceneOutliner' in 0.0002 seconds. Added 1 classes and 2 folders.
[2018.03.27-14.50.05:493][  0]LogSlate: Took 0.000965 seconds to synchronously load lazily loaded font '../../../Engine/Content/Slate/Fonts/Roboto-Regular.ttf' (155K)
[2018.03.27-14.50.05:496][  0]LogSlate: Took 0.000917 seconds to synchronously load lazily loaded font '../../../Engine/Content/Slate/Fonts/Roboto-Bold.ttf' (160K)
[2018.03.27-14.50.05:501][  0]LogSlate: Took 0.001181 seconds to synchronously load lazily loaded font '../../../Engine/Content/Editor/Slate/Fonts/FontAwesome.ttf' (139K)
[2018.03.27-14.50.05:606][  0]LogRenderer: Reallocating scene render targets to support 792x440 Format 10 NumSamples 1 (Frame:1).
[2018.03.27-14.50.06:488][  0]LogContentBrowser: Native class hierarchy updated for 'HierarchicalLODOutliner' in 0.0002 seconds. Added 1 classes and 2 folders.
[2018.03.27-14.50.06:488][  0]LogLoad: (Engine Initialization) Total time: 25.07 seconds
[2018.03.27-14.50.06:488][  0]LogLoad: (Engine Initialization) Total Blueprint compile time: 0.00 seconds
[2018.03.27-14.50.06:488][  0]LogExternalProfiler: No external profilers were discovered.  External profiling features will not be available.
[2018.03.27-14.50.06:523][  0]LogContentStreaming: Texture pool size now 1000 MB
[2018.03.27-14.50.06:570][  0]LogSlate: Took 0.001814 seconds to synchronously load lazily loaded font '../../../Engine/Content/Slate/Fonts/Roboto-Light.ttf' (159K)
[2018.03.27-14.50.06:589][  1]LogAssetRegistry: Asset discovery search completed in 13.6461 seconds
[2018.03.27-14.50.06:591][  1]LogCollectionManager: Rebuilt the object cache for 0 collections in 0.000001 seconds (found 0 objects)
[2018.03.27-14.50.06:591][  1]LogCollectionManager: Fixed up redirectors for 0 collections in 0.000051 seconds (updated 0 objects)
[2018.03.27-14.50.10:868][161]LogRenderer: Reallocating scene render targets to support 792x452 Format 10 NumSamples 1 (Frame:138).
[2018.03.27-14.50.10:934][162]LogRenderer: Reallocating scene render targets to support 792x460 Format 10 NumSamples 1 (Frame:140).
[2018.03.27-14.50.11:008][163]LogRenderer: Reallocating scene render targets to support 792x468 Format 10 NumSamples 1 (Frame:142).
[2018.03.27-14.50.11:113][164]LogRenderer: Reallocating scene render targets to support 792x480 Format 10 NumSamples 1 (Frame:144).
[2018.03.27-14.50.11:186][165]LogRenderer: Reallocating scene render targets to support 792x504 Format 10 NumSamples 1 (Frame:146).
[2018.03.27-14.50.11:256][166]LogRenderer: Reallocating scene render targets to support 792x512 Format 10 NumSamples 1 (Frame:148).
[2018.03.27-14.50.11:324][167]LogRenderer: Reallocating scene render targets to support 792x516 Format 10 NumSamples 1 (Frame:150).
[2018.03.27-14.50.11:393][168]LogRenderer: Reallocating scene render targets to support 792x520 Format 10 NumSamples 1 (Frame:152).
[2018.03.27-14.50.11:526][171]LogRenderer: Reallocating scene render targets to support 792x524 Format 10 NumSamples 1 (Frame:156).
[2018.03.27-14.50.18:031][448]LogSlate: Took 0.000323 seconds to synchronously load lazily loaded font '../../../Engine/Content/Slate/Fonts/Roboto-Light.ttf' (159K)
[2018.03.27-14.50.18:132][448]LogAIModule: Creating AISystem for world WinMap
[2018.03.27-14.50.18:157][448]Cmd: MAP LOAD FILE="E:/CIS_568_Game/Project1/DefendTheOrchard/GameProject/Content/ThirdPersonBP/Maps/WinMap.umap" TEMPLATE=0 SHOWPROGRESS=1 FEATURELEVEL=3
[2018.03.27-14.50.18:157][448]LightingResults: New page: Lighting Build
[2018.03.27-14.50.18:158][448]LoadErrors: New page: Loading map: WinMap.umap
[2018.03.27-14.50.18:165][448]MapCheck: New page: Map Check
[2018.03.27-14.50.18:165][448]LightingResults: New page: Lighting Build
[2018.03.27-14.50.18:274][448]LogEditorServer: Finished looking for orphan Actors (0.000 secs)
[2018.03.27-14.50.18:329][448]Cmd: MAP CHECKDEP NOCLEARLOG
[2018.03.27-14.50.18:421][448]MapCheck: Map check complete: 0 Error(s), 0 Warning(s), took 91.522ms to complete.
[2018.03.27-14.50.18:422][448]LogFileHelpers: Loading map 'WinMap' took 0.267
[2018.03.27-14.50.21:556][502]LogTemp: Repeating last play command: New Editor Window (PIE)
[2018.03.27-14.50.21:629][502]LogPlayLevel: PlayLevel: No blueprints needed recompiling
[2018.03.27-14.50.21:630][502]PIE: New page: PIE session: WinMap (Mar 27, 2018, 6:50:21 AM)
[2018.03.27-14.50.21:630][502]LogPlayLevel: Creating play world package: /Game/ThirdPersonBP/Maps/UEDPIE_0_WinMap
[2018.03.27-14.50.21:631][502]LogPlayLevel: PIE: StaticDuplicateObject took: (0.001186s)
[2018.03.27-14.50.21:631][502]LogAIModule: Creating AISystem for world WinMap
[2018.03.27-14.50.21:632][502]LogPlayLevel: PIE: World Init took: (0.000740s)
[2018.03.27-14.50.21:632][502]LogPlayLevel: PIE: Created PIE world by copying editor world from /Game/ThirdPersonBP/Maps/WinMap.WinMap to /Game/ThirdPersonBP/Maps/UEDPIE_0_WinMap.WinMap (0.002226s)
[2018.03.27-14.50.21:646][502]LogInit: XAudio2 using 'Speakers (Realtek(R) Audio)' : 2 channels at 48 kHz using 32 bits per sample (channel mask 0x3)
[2018.03.27-14.50.21:717][502]LogInit: FAudioDevice initialized.
[2018.03.27-14.50.21:816][502]LogLoad: Game class is 'WinMode_C'
[2018.03.27-14.50.21:819][502]LogWorld: Bringing World /Game/ThirdPersonBP/Maps/UEDPIE_0_WinMap.WinMap up for play (max tick rate 0) at 2018.03.27-10.50.21
[2018.03.27-14.50.21:819][502]LogWorld: Bringing up level for play took: 0.000534
[2018.03.27-14.50.21:861][502]LogContentBrowser: Native class hierarchy updated for 'MovieSceneCapture' in 0.0004 seconds. Added 11 classes and 0 folders.
[2018.03.27-14.50.21:868][502]PIE: Play in editor start time for /Game/ThirdPersonBP/Maps/UEDPIE_0_WinMap -0.358
[2018.03.27-14.50.21:893][502]LogRenderer: Reallocating scene render targets to support 1024x576 Format 10 NumSamples 1 (Frame:1).
[2018.03.27-14.50.35:262][197]LogNet: Browse: /Game/ThirdPersonBP/Maps/MenuMap
[2018.03.27-14.50.35:280][197]LogLoad: LoadMap: /Game/ThirdPersonBP/Maps/MenuMap
[2018.03.27-14.50.36:203][197]LogAIModule: Creating AISystem for world MenuMap
[2018.03.27-14.50.36:203][197]LogLoad: Game class is 'MenuMode_C'
[2018.03.27-14.50.36:204][197]LogWorld: Bringing World /Game/ThirdPersonBP/Maps/UEDPIE_0_MenuMap.MenuMap up for play (max tick rate 0) at 2018.03.27-10.50.36
[2018.03.27-14.50.36:205][197]LogWorld: Bringing up level for play took: 0.000492
[2018.03.27-14.50.36:205][197]LogGameMode: FindPlayerStart: PATHS NOT DEFINED or NO PLAYERSTART with positive rating
[2018.03.27-14.50.36:206][197]LogLoad: Took 0.925788 seconds to LoadMap(/Game/ThirdPersonBP/Maps/MenuMap)
[2018.03.27-14.50.40:275][416]LogNet: Browse: /Game/ThirdPersonBP/Maps/ThirdPersonExampleMap
[2018.03.27-14.50.40:279][416]LogLoad: LoadMap: /Game/ThirdPersonBP/Maps/ThirdPersonExampleMap
[2018.03.27-14.50.41:013][416]LogAIModule: Creating AISystem for world ThirdPersonExampleMap
[2018.03.27-14.50.41:013][416]LogLoad: Game class is 'ThirdPersonGameMode_C'
[2018.03.27-14.50.41:070][416]LogWorld: Bringing World /Game/ThirdPersonBP/Maps/UEDPIE_0_ThirdPersonExampleMap.ThirdPersonExampleMap up for play (max tick rate 0) at 2018.03.27-10.50.41
[2018.03.27-14.50.41:073][416]LogWorld: Bringing up level for play took: 0.059422
[2018.03.27-14.50.41:081][416]LogLoad: Took 0.802534 seconds to LoadMap(/Game/ThirdPersonBP/Maps/ThirdPersonExampleMap)
[2018.03.27-14.50.42:244][450]LogBlueprintUserMessages: [SlingshotBP_C_0] No fruit equipped!
[2018.03.27-14.51.09:655][377]LogBlueprintUserMessages: [SlingshotBP_C_0] No fruit equipped!
[2018.03.27-14.55.28:292][941]LogAIModule: Creating AISystem for world Map
[2018.03.27-14.55.38:186][594]LogSavePackage: Save=5.35ms
[2018.03.27-14.55.38:186][594]LogSavePackage: Moving 'E:/CIS_568_Game/Project1/DefendTheOrchard/GameProject/Saved/LoseMap334C4D9A47F936070FD6AFA4AC2B7D1D.tmp' to 'E:/CIS_568_Game/Project1/DefendTheOrchard/GameProject/Content/ThirdPersonBP/Maps/LoseMap.umap'
[2018.03.27-14.55.38:188][594]LogSavePackage: Display: Finished SavePackage E:/CIS_568_Game/Project1/DefendTheOrchard/GameProject/Content/ThirdPersonBP/Maps/LoseMap.umap
[2018.03.27-14.55.38:190][594]LogFileHelpers: Saving map 'LoseMap' took 0.077
[2018.03.27-14.56.51:737][745]LogContentBrowser: Native class hierarchy updated for 'BlueprintGraph' in 0.0008 seconds. Added 116 classes and 0 folders.
[2018.03.27-14.56.52:416][745]LogSlate: Took 0.000162 seconds to synchronously load lazily loaded font '../../../Engine/Content/Slate/Fonts/Roboto-Light.ttf' (159K)
[2018.03.27-14.56.52:418][745]LogSlate: Took 0.001430 seconds to synchronously load lazily loaded font '../../../Engine/Content/Editor/Slate/Fonts/Roboto-BoldCondensed.ttf' (158K)
[2018.03.27-14.57.42:487][779]BlueprintLog: New page: Compile LoseWidget
[2018.03.27-14.57.47:916][973]LogSlate: Took 0.018719 seconds to synchronously load lazily loaded font '../../../Engine/Content/Slate/Fonts/DroidSansFallback.ttf' (3848K)
[2018.03.27-14.58.05:665][750]LogSavePackage: Save=47.82ms
[2018.03.27-14.58.05:665][750]LogSavePackage: Moving 'E:/CIS_568_Game/Project1/DefendTheOrchard/GameProject/Saved/LoseWidgetC1FD6B3748EAFAA859D88B8E2B02F1F0.tmp' to 'E:/CIS_568_Game/Project1/DefendTheOrchard/GameProject/Content/ThirdPersonBP/Blueprints/WinLose/LoseWidget.uasset'
[2018.03.27-14.58.05:668][750]LogSavePackage: Display: Finished SavePackage E:/CIS_568_Game/Project1/DefendTheOrchard/GameProject/Content/ThirdPersonBP/Blueprints/WinLose/LoseWidget.uasset
[2018.03.27-14.58.12:227][ 52]LogSlate: Took 0.001403 seconds to synchronously load lazily loaded font '../../../Engine/Content/Editor/Slate/Fonts/Roboto-Italic.ttf' (157K)
[2018.03.27-14.58.16:848][285]BlueprintLog: New page: Compile LoseHUD
[2018.03.27-14.58.20:194][411]LogSavePackage: Save=19.39ms
[2018.03.27-14.58.20:194][411]LogSavePackage: Moving 'E:/CIS_568_Game/Project1/DefendTheOrchard/GameProject/Saved/LoseHUD5718819C46CD6635387E888D0156ABEE.tmp' to 'E:/CIS_568_Game/Project1/DefendTheOrchard/GameProject/Content/ThirdPersonBP/Blueprints/WinLose/LoseHUD.uasset'
[2018.03.27-14.58.20:197][411]LogSavePackage: Display: Finished SavePackage E:/CIS_568_Game/Project1/DefendTheOrchard/GameProject/Content/ThirdPersonBP/Blueprints/WinLose/LoseHUD.uasset
[2018.03.27-14.58.33:139][914]LogSavePackage: Save=3.72ms
[2018.03.27-14.58.33:139][914]LogSavePackage: Moving 'E:/CIS_568_Game/Project1/DefendTheOrchard/GameProject/Saved/LoseMode54F83C5A4DF650ACCC4F648E7D31FFAD.tmp' to 'E:/CIS_568_Game/Project1/DefendTheOrchard/GameProject/Content/ThirdPersonBP/Blueprints/WinLose/LoseMode.uasset'
[2018.03.27-14.58.33:141][914]LogSavePackage: Display: Finished SavePackage E:/CIS_568_Game/Project1/DefendTheOrchard/GameProject/Content/ThirdPersonBP/Blueprints/WinLose/LoseMode.uasset
[2018.03.27-14.58.33:147][914]Cmd: MAP LOAD FILE="E:/CIS_568_Game/Project1/DefendTheOrchard/GameProject/Content/ThirdPersonBP/Maps/LoseMap.umap" TEMPLATE=0 SHOWPROGRESS=1 FEATURELEVEL=3
[2018.03.27-14.58.33:147][914]LightingResults: New page: Lighting Build
[2018.03.27-14.58.33:148][914]LoadErrors: New page: Loading map: LoseMap.umap
[2018.03.27-14.58.33:148][914]MapCheck: New page: Map Check
[2018.03.27-14.58.33:148][914]LightingResults: New page: Lighting Build
[2018.03.27-14.58.33:232][914]LogEditorServer: Finished looking for orphan Actors (0.000 secs)
[2018.03.27-14.58.33:248][914]LogSlate: Took 0.000164 seconds to synchronously load lazily loaded font '../../../Engine/Content/Slate/Fonts/Roboto-Regular.ttf' (155K)
[2018.03.27-14.58.33:273][914]Cmd: MAP CHECKDEP NOCLEARLOG
[2018.03.27-14.58.33:334][914]MapCheck: Map check complete: 0 Error(s), 0 Warning(s), took 61.077ms to complete.
[2018.03.27-14.58.33:334][914]LogFileHelpers: Loading map 'LoseMap' took 0.189
[2018.03.27-14.58.40:004][262]LogSlate: Warning: Prevented a slow task dialog from being summoned while a context menu was open
[2018.03.27-14.58.50:372][973]LogTemp: Repeating last play command: New Editor Window (PIE)
[2018.03.27-14.58.50:405][973]LogPlayLevel: PlayLevel: No blueprints needed recompiling
[2018.03.27-14.58.50:405][973]PIE: New page: PIE session: LoseMap (Mar 27, 2018, 6:58:50 AM)
[2018.03.27-14.58.50:405][973]LogPlayLevel: Creating play world package: /Game/ThirdPersonBP/Maps/UEDPIE_0_LoseMap
[2018.03.27-14.58.50:406][973]LogPlayLevel: PIE: StaticDuplicateObject took: (0.000973s)
[2018.03.27-14.58.50:407][973]LogAIModule: Creating AISystem for world LoseMap
[2018.03.27-14.58.50:407][973]LogPlayLevel: PIE: World Init took: (0.000906s)
[2018.03.27-14.58.50:407][973]LogPlayLevel: PIE: Created PIE world by copying editor world from /Game/ThirdPersonBP/Maps/LoseMap.LoseMap to /Game/ThirdPersonBP/Maps/UEDPIE_0_LoseMap.LoseMap (0.002213s)
[2018.03.27-14.58.50:430][973]LogInit: XAudio2 using 'Speakers (Realtek(R) Audio)' : 2 channels at 48 kHz using 32 bits per sample (channel mask 0x3)
[2018.03.27-14.58.50:507][973]LogInit: FAudioDevice initialized.
[2018.03.27-14.58.50:595][973]LogLoad: Game class is 'LoseMode_C'
[2018.03.27-14.58.50:596][973]LogWorld: Bringing World /Game/ThirdPersonBP/Maps/UEDPIE_0_LoseMap.LoseMap up for play (max tick rate 0) at 2018.03.27-10.58.50
[2018.03.27-14.58.50:597][973]LogWorld: Bringing up level for play took: 0.000627
[2018.03.27-14.58.50:603][973]PIE: Play in editor start time for /Game/ThirdPersonBP/Maps/UEDPIE_0_LoseMap 0.376
[2018.03.27-14.58.55:699][232]LogNet: Browse: /Game/ThirdPersonBP/Maps/MenuMap
[2018.03.27-14.58.55:718][232]LogLoad: LoadMap: /Game/ThirdPersonBP/Maps/MenuMap
[2018.03.27-14.58.55:794][232]LogAIModule: Creating AISystem for world MenuMap
[2018.03.27-14.58.55:794][232]LogLoad: Game class is 'MenuMode_C'
[2018.03.27-14.58.55:795][232]LogWorld: Bringing World /Game/ThirdPersonBP/Maps/UEDPIE_0_MenuMap.MenuMap up for play (max tick rate 0) at 2018.03.27-10.58.55
[2018.03.27-14.58.55:796][232]LogWorld: Bringing up level for play took: 0.000834
[2018.03.27-14.58.55:796][232]LogGameMode: FindPlayerStart: PATHS NOT DEFINED or NO PLAYERSTART with positive rating
[2018.03.27-14.58.55:798][232]LogLoad: Took 0.079720 seconds to LoadMap(/Game/ThirdPersonBP/Maps/MenuMap)
[2018.03.27-14.59.00:754][483]LogAIModule: Creating AISystem for world WinMap
[2018.03.27-14.59.02:886][483]LogSavePackage: Save=3.81ms
[2018.03.27-14.59.02:886][483]LogSavePackage: Moving 'E:/CIS_568_Game/Project1/DefendTheOrchard/GameProject/Saved/LoseModeD6DD3D7141C21178FD4C438A3273BBE0.tmp' to 'E:/CIS_568_Game/Project1/DefendTheOrchard/GameProject/Content/ThirdPersonBP/Blueprints/WinLose/LoseMode.uasset'
[2018.03.27-14.59.02:888][483]LogSavePackage: Display: Finished SavePackage E:/CIS_568_Game/Project1/DefendTheOrchard/GameProject/Content/ThirdPersonBP/Blueprints/WinLose/LoseMode.uasset
[2018.03.27-14.59.02:967][483]LogSavePackage: Save=4.44ms
[2018.03.27-14.59.02:967][483]LogSavePackage: Moving 'E:/CIS_568_Game/Project1/DefendTheOrchard/GameProject/Saved/LoseMap3FF6639C4B2059D19E885F966CC28B24.tmp' to 'E:/CIS_568_Game/Project1/DefendTheOrchard/GameProject/Content/ThirdPersonBP/Maps/LoseMap.umap'
[2018.03.27-14.59.02:969][483]LogSavePackage: Display: Finished SavePackage E:/CIS_568_Game/Project1/DefendTheOrchard/GameProject/Content/ThirdPersonBP/Maps/LoseMap.umap
[2018.03.27-14.59.02:991][483]LogFileHelpers: Saving map 'LoseMap' took 0.103
[2018.03.27-14.59.02:992][483]Cmd: MAP LOAD FILE="E:/CIS_568_Game/Project1/DefendTheOrchard/GameProject/Content/ThirdPersonBP/Maps/WinMap.umap" TEMPLATE=0 SHOWPROGRESS=1 FEATURELEVEL=3
[2018.03.27-14.59.02:992][483]LightingResults: New page: Lighting Build
[2018.03.27-14.59.02:993][483]LoadErrors: New page: Loading map: WinMap.umap
[2018.03.27-14.59.02:993][483]MapCheck: New page: Map Check
[2018.03.27-14.59.02:993][483]LightingResults: New page: Lighting Build
[2018.03.27-14.59.03:060][483]LogEditorServer: Finished looking for orphan Actors (0.000 secs)
[2018.03.27-14.59.03:097][483]Cmd: MAP CHECKDEP NOCLEARLOG
[2018.03.27-14.59.03:148][483]MapCheck: Map check complete: 0 Error(s), 0 Warning(s), took 51.163ms to complete.
[2018.03.27-14.59.03:148][483]LogFileHelpers: Loading map 'WinMap' took 0.157
[2018.03.27-14.59.03:890][524]LogTemp: Repeating last play command: New Editor Window (PIE)
[2018.03.27-14.59.03:907][524]LogPlayLevel: PlayLevel: No blueprints needed recompiling
[2018.03.27-14.59.03:908][524]PIE: New page: PIE session: WinMap (Mar 27, 2018, 6:59:03 AM)
[2018.03.27-14.59.03:908][524]LogPlayLevel: Creating play world package: /Game/ThirdPersonBP/Maps/UEDPIE_0_WinMap
[2018.03.27-14.59.03:908][524]LogPlayLevel: PIE: StaticDuplicateObject took: (0.000481s)
[2018.03.27-14.59.03:909][524]LogAIModule: Creating AISystem for world WinMap
[2018.03.27-14.59.03:909][524]LogPlayLevel: PIE: World Init took: (0.000548s)
[2018.03.27-14.59.03:909][524]LogPlayLevel: PIE: Created PIE world by copying editor world from /Game/ThirdPersonBP/Maps/WinMap.WinMap to /Game/ThirdPersonBP/Maps/UEDPIE_0_WinMap.WinMap (0.001241s)
[2018.03.27-14.59.03:923][524]LogInit: XAudio2 using 'Speakers (Realtek(R) Audio)' : 2 channels at 48 kHz using 32 bits per sample (channel mask 0x3)
[2018.03.27-14.59.03:984][524]LogInit: FAudioDevice initialized.
[2018.03.27-14.59.04:059][524]LogLoad: Game class is 'WinMode_C'
[2018.03.27-14.59.04:061][524]LogWorld: Bringing World /Game/ThirdPersonBP/Maps/UEDPIE_0_WinMap.WinMap up for play (max tick rate 0) at 2018.03.27-10.59.04
[2018.03.27-14.59.04:061][524]LogWorld: Bringing up level for play took: 0.001094
[2018.03.27-14.59.04:066][524]PIE: Play in editor start time for /Game/ThirdPersonBP/Maps/UEDPIE_0_WinMap -0.16
[2018.03.27-14.59.10:940][883]LogSavePackage: Save=8.33ms
[2018.03.27-14.59.10:940][883]LogSavePackage: Moving 'E:/CIS_568_Game/Project1/DefendTheOrchard/GameProject/Saved/WinMapE069F3C34B7BC21DDEF1E695CB44671B.tmp' to 'E:/CIS_568_Game/Project1/DefendTheOrchard/GameProject/Content/ThirdPersonBP/Maps/WinMap.umap'
[2018.03.27-14.59.10:941][883]LogSavePackage: Display: Finished SavePackage E:/CIS_568_Game/Project1/DefendTheOrchard/GameProject/Content/ThirdPersonBP/Maps/WinMap.umap
[2018.03.27-14.59.15:556][115]Cmd: QUIT_EDITOR
[2018.03.27-14.59.15:828][115]LogWindowsTextInputMethodSystem: Display: IME system now activated using TSF (搜狗拼音输入法).
[2018.03.27-14.59.15:828][115]LogWindowsTextInputMethodSystem: Display: IME system now activated using TSF (搜狗拼音输入法).
[2018.03.27-14.59.15:837][115]LogExit: Preparing to exit.
[2018.03.27-14.59.16:612][115]LogExit: Editor shut down
[2018.03.27-14.59.16:615][115]LogExit: Transaction tracking system shut down
[2018.03.27-14.59.16:740][115]LogDirectoryWatcher: A directory notification for '../../../Engine/Content/' was aborted.
[2018.03.27-14.59.16:740][115]LogDirectoryWatcher: A directory notification for 'E:/CIS_568_Game/Project1/DefendTheOrchard/GameProject/Content/' was aborted.
[2018.03.27-14.59.16:741][115]LogDirectoryWatcher: A directory notification for '../../../Engine/Plugins/2D/Paper2D/Content/' was aborted.
[2018.03.27-14.59.16:741][115]LogDirectoryWatcher: A directory notification for '../../../Engine/Plugins/Media/MediaCompositing/Content/' was aborted.
[2018.03.27-14.59.16:741][115]LogDirectoryWatcher: A directory notification for '../../../Engine/Plugins/Runtime/AppleARKit/Content/' was aborted.
[2018.03.27-14.59.16:741][115]LogDirectoryWatcher: A directory notification for '../../../Engine/Plugins/Runtime/Oculus/OculusVR/Content/' was aborted.
[2018.03.27-14.59.16:741][115]LogDirectoryWatcher: A directory notification for '../../../Engine/Plugins/Runtime/Steam/SteamVR/Content/' was aborted.
[2018.03.27-14.59.16:828][115]LogExit: Object subsystem successfully closed.
[2018.03.27-14.59.16:856][115]LogD3D11RHI: Shutdown
[2018.03.27-14.59.16:856][115]LogD3D11RHI: CleanupD3DDevice
[2018.03.27-14.59.16:868][115]LogD3D11RHI: ~FD3D11DynamicRHI
[2018.03.27-14.59.16:879][115]LogModuleManager: Shutting down and abandoning module SequencerWidgets (556)
[2018.03.27-14.59.16:880][115]LogModuleManager: Shutting down and abandoning module BlueprintGraph (554)
[2018.03.27-14.59.16:880][115]LogModuleManager: Shutting down and abandoning module HierarchicalLODUtilities (552)
[2018.03.27-14.59.16:880][115]LogModuleManager: Shutting down and abandoning module MovieSceneCapture (550)
[2018.03.27-14.59.16:880][115]LogModuleManager: Shutting down and abandoning module HierarchicalLODOutliner (548)
[2018.03.27-14.59.16:880][115]LogModuleManager: Shutting down and abandoning module SceneOutliner (546)
[2018.03.27-14.59.16:880][115]LogModuleManager: Shutting down and abandoning module AddContentDialog (544)
[2018.03.27-14.59.16:880][115]LogDirectoryWatcher: A directory notification for 'D:/Unreal/UE_4.18/FeaturePacks/' was aborted.
[2018.03.27-14.59.16:880][115]LogModuleManager: Shutting down and abandoning module WidgetCarousel (543)
[2018.03.27-14.59.16:880][115]LogModuleManager: Shutting down and abandoning module EditorWidgets (540)
[2018.03.27-14.59.16:880][115]LogModuleManager: Shutting down and abandoning module CollectionManager (538)
[2018.03.27-14.59.16:880][115]LogDirectoryWatcher: A directory notification for 'E:/CIS_568_Game/Project1/DefendTheOrchard/GameProject/Content/Collections/' was aborted.
[2018.03.27-14.59.16:880][115]LogDirectoryWatcher: A directory notification for 'E:/CIS_568_Game/Project1/DefendTheOrchard/GameProject/Content/Developers/lingh/Collections/' was aborted.
[2018.03.27-14.59.16:880][115]LogDirectoryWatcher: A directory notification for 'E:/CIS_568_Game/Project1/DefendTheOrchard/GameProject/Saved/Collections/' was aborted.
[2018.03.27-14.59.16:881][115]LogModuleManager: Shutting down and abandoning module StatsViewer (536)
[2018.03.27-14.59.16:881][115]LogModuleManager: Shutting down and abandoning module FoliageEdit (534)
[2018.03.27-14.59.16:881][115]LogModuleManager: Shutting down and abandoning module LandscapeEditor (532)
[2018.03.27-14.59.16:882][115]LogModuleManager: Shutting down and abandoning module MeshPaintMode (530)
[2018.03.27-14.59.16:882][115]LogModuleManager: Shutting down and abandoning module SceneDepthPickerMode (528)
[2018.03.27-14.59.16:882][115]LogModuleManager: Shutting down and abandoning module ActorPickerMode (526)
[2018.03.27-14.59.16:882][115]LogModuleManager: Shutting down and abandoning module GeometryMode (524)
[2018.03.27-14.59.16:882][115]LogModuleManager: Shutting down and abandoning module TextureAlignMode (522)
[2018.03.27-14.59.16:882][115]LogModuleManager: Shutting down and abandoning module BspMode (520)
[2018.03.27-14.59.16:882][115]LogModuleManager: Shutting down and abandoning module PIEPreviewDeviceProfileSelector (518)
[2018.03.27-14.59.16:882][115]LogModuleManager: Shutting down and abandoning module HardwareSurvey (516)
[2018.03.27-14.59.16:882][115]LogModuleManager: Shutting down and abandoning module SequenceRecorderSections (514)
[2018.03.27-14.59.16:882][115]LogModuleManager: Shutting down and abandoning module AutomationWorker (512)
[2018.03.27-14.59.16:882][115]LogModuleManager: Shutting down and abandoning module MatineeToLevelSequence (510)
[2018.03.27-14.59.16:882][115]LogModuleManager: Shutting down and abandoning module LevelSequenceEditor (508)
[2018.03.27-14.59.16:882][115]LogModuleManager: Shutting down and abandoning module PlacementMode (507)
[2018.03.27-14.59.16:882][115]LogModuleManager: Shutting down and abandoning module WmfMediaFactory (504)
[2018.03.27-14.59.16:882][115]LogModuleManager: Shutting down and abandoning module WmfMediaEditor (502)
[2018.03.27-14.59.16:882][115]LogModuleManager: Shutting down and abandoning module OpenExrWrapper (500)
[2018.03.27-14.59.16:882][115]LogModuleManager: Shutting down and abandoning module ImgMediaFactory (498)
[2018.03.27-14.59.16:882][115]LogModuleManager: Shutting down and abandoning module ImgMediaEditor (496)
[2018.03.27-14.59.16:882][115]LogModuleManager: Shutting down and abandoning module AvfMediaFactory (494)
[2018.03.27-14.59.16:882][115]LogModuleManager: Shutting down and abandoning module AvfMediaEditor (492)
[2018.03.27-14.59.16:882][115]LogModuleManager: Shutting down and abandoning module AndroidMediaFactory (490)
[2018.03.27-14.59.16:882][115]LogModuleManager: Shutting down and abandoning module AndroidMediaEditor (488)
[2018.03.27-14.59.16:882][115]LogModuleManager: Shutting down and abandoning module CharacterAI (486)
[2018.03.27-14.59.16:882][115]LogModuleManager: Shutting down and abandoning module AudioCapture (484)
[2018.03.27-14.59.16:882][115]LogModuleManager: Shutting down and abandoning module SequenceRecorder (483)
[2018.03.27-14.59.16:882][115]LogModuleManager: Shutting down and abandoning module SmartSnapping (480)
[2018.03.27-14.59.16:882][115]LogModuleManager: Shutting down and abandoning module SessionServices (478)
[2018.03.27-14.59.16:882][115]LogModuleManager: Shutting down and abandoning module ViewportSnapping (476)
[2018.03.27-14.59.16:882][115]LogModuleManager: Shutting down and abandoning module ViewportInteraction (474)
[2018.03.27-14.59.16:882][115]LogModuleManager: Shutting down and abandoning module ClothPainter (472)
[2018.03.27-14.59.16:882][115]LogModuleManager: Shutting down and abandoning module SkeletalMeshEditor (471)
[2018.03.27-14.59.16:883][115]LogModuleManager: Shutting down and abandoning module LogVisualizer (468)
[2018.03.27-14.59.16:883][115]LogModuleManager: Shutting down and abandoning module IntroTutorials (466)
[2018.03.27-14.59.16:883][115]LogModuleManager: Shutting down and abandoning module GameProjectGeneration (465)
[2018.03.27-14.59.16:883][115]LogModuleManager: Shutting down and abandoning module IOSPlatformEditor (462)
[2018.03.27-14.59.16:883][115]LogModuleManager: Shutting down and abandoning module HTML5PlatformEditor (460)
[2018.03.27-14.59.16:883][115]LogModuleManager: Shutting down and abandoning module AndroidPlatformEditor (458)
[2018.03.27-14.59.16:883][115]LogModuleManager: Shutting down and abandoning module AndroidDeviceDetection (457)
[2018.03.27-14.59.17:546][115]LogModuleManager: Shutting down and abandoning module WindowsPlatformEditor (454)
[2018.03.27-14.59.17:546][115]LogModuleManager: Shutting down and abandoning module IOSRuntimeSettings (452)
[2018.03.27-14.59.17:546][115]LogModuleManager: Shutting down and abandoning module AndroidRuntimeSettings (450)
[2018.03.27-14.59.17:546][115]LogModuleManager: Shutting down and abandoning module InputBindingEditor (448)
[2018.03.27-14.59.17:546][115]LogModuleManager: Shutting down and abandoning module MergeActors (446)
[2018.03.27-14.59.17:548][115]LogModuleManager: Shutting down and abandoning module SizeMap (444)
[2018.03.27-14.59.17:548][115]LogModuleManager: Shutting down and abandoning module TreeMap (442)
[2018.03.27-14.59.17:548][115]LogModuleManager: Shutting down and abandoning module ReferenceViewer (440)
[2018.03.27-14.59.17:548][115]LogModuleManager: Shutting down and abandoning module LocalizationDashboard (438)
[2018.03.27-14.59.17:548][115]LogModuleManager: Shutting down and abandoning module LocalizationService (437)
[2018.03.27-14.59.17:548][115]LogModuleManager: Shutting down and abandoning module HardwareTargeting (434)
[2018.03.27-14.59.17:548][115]LogModuleManager: Shutting down and abandoning module DeviceProfileEditor (432)
[2018.03.27-14.59.17:548][115]LogModuleManager: Shutting down and abandoning module UndoHistory (430)
[2018.03.27-14.59.17:548][115]LogModuleManager: Shutting down and abandoning module XmlParser (428)
[2018.03.27-14.59.17:548][115]LogModuleManager: Shutting down and abandoning module Blutility (426)
[2018.03.27-14.59.17:548][115]LogModuleManager: Shutting down and abandoning module ProjectSettingsViewer (424)
[2018.03.27-14.59.17:548][115]LogModuleManager: Shutting down and abandoning module ProjectTargetPlatformEditor (423)
[2018.03.27-14.59.17:548][115]LogModuleManager: Shutting down and abandoning module EditorSettingsViewer (420)
[2018.03.27-14.59.17:548][115]LogModuleManager: Shutting down and abandoning module SettingsEditor (418)
[2018.03.27-14.59.17:549][115]LogModuleManager: Shutting down and abandoning module ProjectLauncher (416)
[2018.03.27-14.59.17:549][115]LogModuleManager: Shutting down and abandoning module SessionFrontend (414)
[2018.03.27-14.59.17:549][115]LogModuleManager: Shutting down and abandoning module ProfilerClient (412)
[2018.03.27-14.59.17:549][115]LogModuleManager: Shutting down and abandoning module DeviceManager (410)
[2018.03.27-14.59.17:549][115]LogModuleManager: Shutting down and abandoning module TargetDeviceServices (409)
[2018.03.27-14.59.17:603][115]LogModuleManager: Shutting down and abandoning module AutomationController (406)
[2018.03.27-14.59.17:604][115]LogModuleManager: Shutting down and abandoning module AutomationWindow (404)
[2018.03.27-14.59.17:605][115]LogModuleManager: Shutting down and abandoning module Layers (402)
[2018.03.27-14.59.17:608][115]LogModuleManager: Shutting down and abandoning module ComponentVisualizers (400)
[2018.03.27-14.59.17:608][115]LogModuleManager: Shutting down and abandoning module DetailCustomizations (398)
[2018.03.27-14.59.17:608][115]LogModuleManager: Shutting down and abandoning module PackagesDialog (396)
[2018.03.27-14.59.17:609][115]LogModuleManager: Shutting down and abandoning module Persona (394)
[2018.03.27-14.59.17:610][115]LogModuleManager: Shutting down and abandoning module AdvancedPreviewScene (393)
[2018.03.27-14.59.17:610][115]LogModuleManager: Shutting down and abandoning module AnimGraph (391)
[2018.03.27-14.59.17:610][115]LogModuleManager: Shutting down and abandoning module Kismet (388)
[2018.03.27-14.59.17:617][115]LogModuleManager: Shutting down and abandoning module ClassViewer (386)
[2018.03.27-14.59.17:618][115]LogModuleManager: Shutting down and abandoning module Toolbox (384)
[2018.03.27-14.59.17:618][115]LogModuleManager: Shutting down and abandoning module ModuleUI (382)
[2018.03.27-14.59.17:619][115]LogModuleManager: Shutting down and abandoning module MovieSceneTools (380)
[2018.03.27-14.59.17:619][115]LogModuleManager: Shutting down and abandoning module OutputLog (378)
[2018.03.27-14.59.17:619][115]LogModuleManager: Shutting down and abandoning module GammaUI (376)
[2018.03.27-14.59.17:620][115]LogModuleManager: Shutting down and abandoning module Documentation (374)
[2018.03.27-14.59.17:620][115]LogModuleManager: Shutting down and abandoning module MovieSceneTracks (372)
[2018.03.27-14.59.17:620][115]LogModuleManager: Shutting down and abandoning module MovieScene (370)
[2018.03.27-14.59.17:620][115]LogModuleManager: Shutting down and abandoning module StreamingPauseRendering (368)
[2018.03.27-14.59.17:620][115]LogModuleManager: Shutting down and abandoning module LauncherPlatform (366)
[2018.03.27-14.59.17:620][115]LogModuleManager: Shutting down and abandoning module AnalyticsET (364)
[2018.03.27-14.59.17:620][115]LogModuleManager: Shutting down and abandoning module PortalServices (362)
[2018.03.27-14.59.17:620][115]LogModuleManager: Shutting down and abandoning module PortalRpc (360)
[2018.03.27-14.59.17:620][115]LogModuleManager: Shutting down and abandoning module MessagingRpc (358)
[2018.03.27-14.59.17:620][115]LogModuleManager: Shutting down and abandoning module AIModule (356)
[2018.03.27-14.59.17:620][115]LogModuleManager: Shutting down and abandoning module GameplayDebugger (355)
[2018.03.27-14.59.17:620][115]LogModuleManager: Shutting down and abandoning module AITestSuite (353)
[2018.03.27-14.59.17:620][115]LogModuleManager: Shutting down and abandoning module DesktopPlatform (350)
[2018.03.27-14.59.17:620][115]LogModuleManager: Shutting down and abandoning module ProfilerService (348)
[2018.03.27-14.59.17:864][115]LogModuleManager: Shutting down and abandoning module TaskGraph (346)
[2018.03.27-14.59.17:864][115]LogModuleManager: Shutting down and abandoning module SteamVRController (344)
[2018.03.27-14.59.17:864][115]LogModuleManager: Shutting down and abandoning module ProceduralMeshComponentEditor (342)
[2018.03.27-14.59.17:864][115]LogModuleManager: Shutting down and abandoning module ProceduralMeshComponent (340)
[2018.03.27-14.59.17:864][115]LogModuleManager: Shutting down and abandoning module OculusInput (338)
[2018.03.27-14.59.17:864][115]LogModuleManager: Shutting down and abandoning module MobilePatchingUtils (336)
[2018.03.27-14.59.17:864][115]LogModuleManager: Shutting down and abandoning module CustomMeshComponent (334)
[2018.03.27-14.59.17:864][115]LogModuleManager: Shutting down and abandoning module CableComponent (332)
[2018.03.27-14.59.17:864][115]LogModuleManager: Shutting down and abandoning module ArchVisCharacter (330)
[2018.03.27-14.59.17:864][115]LogModuleManager: Shutting down and abandoning module AndroidPermission (328)
[2018.03.27-14.59.17:864][115]LogModuleManager: Shutting down and abandoning module ActorSequence (324)
[2018.03.27-14.59.17:864][115]LogModuleManager: Shutting down and abandoning module MediaPlayerEditor (322)
[2018.03.27-14.59.17:866][115]LogModuleManager: Shutting down and abandoning module MediaCompositingEditor (320)
[2018.03.27-14.59.17:866][115]LogModuleManager: Shutting down and abandoning module MediaCompositing (318)
[2018.03.27-14.59.17:866][115]LogModuleManager: Shutting down and abandoning module HTML5Networking (316)
[2018.03.27-14.59.17:866][115]LogModuleManager: Shutting down and abandoning module AlembicImporter (314)
[2018.03.27-14.59.17:866][115]LogModuleManager: Shutting down and abandoning module AlembicLibrary (313)
[2018.03.27-14.59.17:866][115]LogModuleManager: Shutting down and abandoning module GeometryCache (312)
[2018.03.27-14.59.17:866][115]LogModuleManager: Shutting down and abandoning module GeometryCacheEd (311)
[2018.03.27-14.59.17:866][115]LogModuleManager: Shutting down and abandoning module SpeedTreeImporter (306)
[2018.03.27-14.59.17:866][115]LogModuleManager: Shutting down and abandoning module PluginBrowser (304)
[2018.03.27-14.59.17:867][115]LogModuleManager: Shutting down and abandoning module MobileLauncherProfileWizard (302)
[2018.03.27-14.59.17:867][115]LogModuleManager: Shutting down and abandoning module VisualStudioSourceCodeAccess (300)
[2018.03.27-14.59.17:867][115]LogModuleManager: Shutting down and abandoning module VisualStudioCodeSourceCodeAccess (298)
[2018.03.27-14.59.17:867][115]LogModuleManager: Shutting down and abandoning module UObjectPlugin (296)
[2018.03.27-14.59.17:867][115]LogModuleManager: Shutting down and abandoning module SubversionSourceControl (294)
[2018.03.27-14.59.17:867][115]LogModuleManager: Shutting down and abandoning module PerforceSourceControl (292)
[2018.03.27-14.59.17:867][115]LogModuleManager: Shutting down and abandoning module GitSourceControl (290)
[2018.03.27-14.59.17:867][115]LogModuleManager: Shutting down and abandoning module SourceControl (289)
[2018.03.27-14.59.17:867][115]LogModuleManager: Shutting down and abandoning module LightPropagationVolumeEditor (286)
[2018.03.27-14.59.17:867][115]LogModuleManager: Shutting down and abandoning module PaperTiledImporter (284)
[2018.03.27-14.59.17:867][115]LogModuleManager: Shutting down and abandoning module PaperSpriteSheetImporter (282)
[2018.03.27-14.59.17:867][115]LogModuleManager: Shutting down and abandoning module Paper2DEditor (280)
[2018.03.27-14.59.17:868][115]LogModuleManager: Shutting down and abandoning module MeshPaint (279)
[2018.03.27-14.59.17:868][115]LogModuleManager: Shutting down and abandoning module LevelEditor (277)
[2018.03.27-14.59.17:868][115]LogModuleManager: Shutting down and abandoning module PixelInspectorModule (276)
[2018.03.27-14.59.17:869][115]LogModuleManager: Shutting down and abandoning module MainFrame (274)
[2018.03.27-14.59.17:869][115]LogModuleManager: Shutting down and abandoning module HotReload (273)
[2018.03.27-14.59.17:869][115]LogModuleManager: Shutting down and abandoning module RuntimePhysXCooking (268)
[2018.03.27-14.59.17:869][115]LogModuleManager: Shutting down and abandoning module PhysXVehiclesEditor (266)
[2018.03.27-14.59.17:869][115]LogModuleManager: Shutting down and abandoning module PhysXVehicles (264)
[2018.03.27-14.59.17:869][115]LogModuleManager: Shutting down and abandoning module OculusEditor (262)
[2018.03.27-14.59.17:869][115]LogModuleManager: Shutting down and abandoning module LocationServicesBPLibrary (260)
[2018.03.27-14.59.17:869][115]LogModuleManager: Shutting down and abandoning module ImmediatePhysicsEditor (258)
[2018.03.27-14.59.17:869][115]LogModuleManager: Shutting down and abandoning module ImmediatePhysics (256)
[2018.03.27-14.59.17:869][115]LogModuleManager: Shutting down and abandoning module UdpMessaging (254)
[2018.03.27-14.59.17:971][115]LogModuleManager: Shutting down and abandoning module TcpMessaging (252)
[2018.03.27-14.59.18:071][115]LogModuleManager: Shutting down and abandoning module GameplayTagsEditor (250)
[2018.03.27-14.59.18:071][115]LogModuleManager: Shutting down and abandoning module FacialAnimationEditor (248)
[2018.03.27-14.59.18:071][115]LogModuleManager: Shutting down and abandoning module FacialAnimation (246)
[2018.03.27-14.59.18:071][115]LogModuleManager: Shutting down and abandoning module AssetManagerEditor (244)
[2018.03.27-14.59.18:071][115]LogModuleManager: Shutting down and abandoning module GraphEditor (243)
[2018.03.27-14.59.18:071][115]LogModuleManager: Shutting down and abandoning module ContentBrowser (241)
[2018.03.27-14.59.18:074][115]LogModuleManager: Shutting down and abandoning module LightPropagationVolumeRuntime (238)
[2018.03.27-14.59.18:074][115]LogModuleManager: Shutting down and abandoning module Paper2D (236)
[2018.03.27-14.59.18:074][115]LogModuleManager: Shutting down and abandoning module WindowsMoviePlayer (234)
[2018.03.27-14.59.18:075][115]LogModuleManager: Shutting down and abandoning module WmfMedia (232)
[2018.03.27-14.59.18:084][115]LogModuleManager: Shutting down and abandoning module ImgMedia (230)
[2018.03.27-14.59.18:084][115]LogModuleManager: Shutting down and abandoning module PacketHandler (228)
[2018.03.27-14.59.18:085][115]LogModuleManager: Shutting down and abandoning module ClothingSystemEditor (226)
[2018.03.27-14.59.18:085][115]LogModuleManager: Shutting down and abandoning module ClothingSystemRuntime (224)
[2018.03.27-14.59.18:085][115]LogModuleManager: Shutting down and abandoning module MediaAssets (222)
[2018.03.27-14.59.18:086][115]LogModuleManager: Shutting down and abandoning module Media (221)
[2018.03.27-14.59.18:094][115]LogModuleManager: Shutting down and abandoning module Overlay (218)
[2018.03.27-14.59.18:094][115]LogModuleManager: Shutting down and abandoning module OverlayEditor (217)
[2018.03.27-14.59.18:094][115]LogModuleManager: Shutting down and abandoning module VREditor (214)
[2018.03.27-14.59.18:095][115]LogModuleManager: Shutting down and abandoning module StringTableEditor (212)
[2018.03.27-14.59.18:095][115]LogModuleManager: Shutting down and abandoning module GameplayTasksEditor (210)
[2018.03.27-14.59.18:095][115]LogModuleManager: Shutting down and abandoning module BehaviorTreeEditor (208)
[2018.03.27-14.59.18:097][115]LogModuleManager: Shutting down and abandoning module FunctionalTesting (206)
[2018.03.27-14.59.18:097][115]LogModuleManager: Shutting down and abandoning module CollisionAnalyzer (204)
[2018.03.27-14.59.18:097][115]LogModuleManager: Shutting down and abandoning module WorkspaceMenuStructure (203)
[2018.03.27-14.59.18:097][115]LogModuleManager: Shutting down and abandoning module UMG (200)
[2018.03.27-14.59.18:097][115]LogModuleManager: Shutting down and abandoning module UMGEditor (199)
[2018.03.27-14.59.18:097][115]LogModuleManager: Shutting down and abandoning module Sequencer (198)
[2018.03.27-14.59.18:098][115]LogModuleManager: Shutting down and abandoning module MessageLog (195)
[2018.03.27-14.59.18:098][115]LogModuleManager: Shutting down and abandoning module SlateReflector (190)
[2018.03.27-14.59.18:100][115]LogModuleManager: Shutting down and abandoning module Slate (188)
[2018.03.27-14.59.18:100][115]LogModuleManager: Shutting down and abandoning module EditorStyle (186)
[2018.03.27-14.59.18:107][115]LogModuleManager: Shutting down and abandoning module MRMesh (184)
[2018.03.27-14.59.18:107][115]LogModuleManager: Shutting down and abandoning module SourceCodeAccess (182)
[2018.03.27-14.59.18:107][115]LogModuleManager: Shutting down and abandoning module HeadMountedDisplay (180)
[2018.03.27-14.59.18:107][115]LogModuleManager: Shutting down and abandoning module XAudio2 (178)
[2018.03.27-14.59.18:107][115]LogModuleManager: Shutting down and abandoning module Networking (176)
[2018.03.27-14.59.18:107][115]LogModuleManager: Shutting down and abandoning module Core (172)
[2018.03.27-14.59.18:107][115]LogModuleManager: Shutting down and abandoning module LevelSequence (168)
[2018.03.27-14.59.18:108][115]LogModuleManager: Shutting down and abandoning module DirectoryWatcher (166)
[2018.03.27-14.59.18:110][115]LogModuleManager: Shutting down and abandoning module KismetCompiler (164)
[2018.03.27-14.59.18:110][115]LogModuleManager: Shutting down and abandoning module MeshUtilities (162)
[2018.03.27-14.59.18:111][115]LogModuleManager: Shutting down and abandoning module MeshMergeUtilities (161)
[2018.03.27-14.59.18:111][115]LogModuleManager: Shutting down and abandoning module MeshReductionInterface (160)
[2018.03.27-14.59.18:111][115]LogModuleManager: Shutting down and abandoning module SimplygonSwarm (159)
[2018.03.27-14.59.18:112][115]LogModuleManager: Shutting down and abandoning module SimplygonMeshReduction (157)
[2018.03.27-14.59.18:112][115]LogModuleManager: Shutting down and abandoning module QuadricMeshReduction (155)
[2018.03.27-14.59.18:112][115]LogModuleManager: Shutting down and abandoning module MaterialBaking (151)
[2018.03.27-14.59.18:112][115]LogModuleManager: Shutting down and abandoning module DerivedDataCache (148)
[2018.03.27-14.59.18:116][115]LogDerivedDataCache: Shutdown
[2018.03.27-14.59.18:116][115]LogModuleManager: Shutting down and abandoning module TargetPlatform (146)
[2018.03.27-14.59.18:116][115]LogModuleManager: Shutting down and abandoning module VulkanShaderFormat (145)
[2018.03.27-14.59.18:116][115]LogModuleManager: Shutting down and abandoning module ShaderFormatVectorVM (143)
[2018.03.27-14.59.18:117][115]LogModuleManager: Shutting down and abandoning module ShaderFormatOpenGL (141)
[2018.03.27-14.59.18:117][115]LogModuleManager: Shutting down and abandoning module ShaderFormatD3D (139)
[2018.03.27-14.59.18:118][115]LogModuleManager: Shutting down and abandoning module MetalShaderFormat (137)
[2018.03.27-14.59.18:118][115]LogModuleManager: Shutting down and abandoning module TextureFormatUncompressed (135)
[2018.03.27-14.59.18:118][115]LogModuleManager: Shutting down and abandoning module TextureFormatPVR (133)
[2018.03.27-14.59.18:118][115]LogModuleManager: Shutting down and abandoning module TextureFormatDXT (131)
[2018.03.27-14.59.18:119][115]LogModuleManager: Shutting down and abandoning module TextureFormatIntelISPCTexComp (129)
[2018.03.27-14.59.18:119][115]LogModuleManager: Shutting down and abandoning module TextureFormatASTC (127)
[2018.03.27-14.59.18:119][115]LogModuleManager: Shutting down and abandoning module ImageWrapper (126)
[2018.03.27-14.59.18:119][115]LogModuleManager: Shutting down and abandoning module TextureFormatAndroid (123)
[2018.03.27-14.59.18:119][115]LogModuleManager: Shutting down and abandoning module AudioFormatOpus (121)
[2018.03.27-14.59.18:119][115]LogModuleManager: Shutting down and abandoning module AudioFormatOgg (119)
[2018.03.27-14.59.18:119][115]LogModuleManager: Shutting down and abandoning module AudioFormatADPCM (117)
[2018.03.27-14.59.18:119][115]LogModuleManager: Shutting down and abandoning module LinuxTargetPlatform (115)
[2018.03.27-14.59.18:119][115]LogModuleManager: Shutting down and abandoning module LinuxServerTargetPlatform (113)
[2018.03.27-14.59.18:119][115]LogModuleManager: Shutting down and abandoning module LinuxNoEditorTargetPlatform (111)
[2018.03.27-14.59.18:120][115]LogModuleManager: Shutting down and abandoning module LinuxClientTargetPlatform (109)
[2018.03.27-14.59.18:120][115]LogModuleManager: Shutting down and abandoning module TVOSTargetPlatform (107)
[2018.03.27-14.59.18:120][115]LogModuleManager: Shutting down and abandoning module Messaging (105)
[2018.03.27-14.59.18:120][115]LogModuleManager: Shutting down and abandoning module IOSTargetPlatform (103)
[2018.03.27-14.59.18:120][115]LogModuleManager: Shutting down and abandoning module HTML5TargetPlatform (101)
[2018.03.27-14.59.18:120][115]LogModuleManager: Shutting down and abandoning module AndroidTargetPlatform (99)
[2018.03.27-14.59.18:120][115]LogModuleManager: Shutting down and abandoning module Android_PVRTCTargetPlatform (97)
[2018.03.27-14.59.18:120][115]LogModuleManager: Shutting down and abandoning module Android_MultiTargetPlatform (95)
[2018.03.27-14.59.18:120][115]LogModuleManager: Shutting down and abandoning module Android_ETC2TargetPlatform (93)
[2018.03.27-14.59.18:120][115]LogModuleManager: Shutting down and abandoning module Android_ETC1TargetPlatform (91)
[2018.03.27-14.59.18:120][115]LogModuleManager: Shutting down and abandoning module Android_DXTTargetPlatform (89)
[2018.03.27-14.59.18:120][115]LogModuleManager: Shutting down and abandoning module Android_ATCTargetPlatform (87)
[2018.03.27-14.59.18:120][115]LogModuleManager: Shutting down and abandoning module Android_ASTCTargetPlatform (85)
[2018.03.27-14.59.18:120][115]LogModuleManager: Shutting down and abandoning module WindowsTargetPlatform (83)
[2018.03.27-14.59.18:121][115]LogModuleManager: Shutting down and abandoning module WindowsServerTargetPlatform (81)
[2018.03.27-14.59.18:121][115]LogModuleManager: Shutting down and abandoning module WindowsNoEditorTargetPlatform (79)
[2018.03.27-14.59.18:121][115]LogModuleManager: Shutting down and abandoning module WindowsClientTargetPlatform (77)
[2018.03.27-14.59.18:121][115]LogModuleManager: Shutting down and abandoning module MacTargetPlatform (75)
[2018.03.27-14.59.18:121][115]LogModuleManager: Shutting down and abandoning module MacServerTargetPlatform (73)
[2018.03.27-14.59.18:121][115]LogModuleManager: Shutting down and abandoning module MacNoEditorTargetPlatform (71)
[2018.03.27-14.59.18:121][115]LogModuleManager: Shutting down and abandoning module MacClientTargetPlatform (69)
[2018.03.27-14.59.18:121][115]LogModuleManager: Shutting down and abandoning module AllDesktopTargetPlatform (67)
[2018.03.27-14.59.18:121][115]LogModuleManager: Shutting down and abandoning module InputCore (64)
[2018.03.27-14.59.18:122][115]LogModuleManager: Shutting down and abandoning module Settings (62)
[2018.03.27-14.59.18:122][115]LogModuleManager: Shutting down and abandoning module PhysXCooking (60)
[2018.03.27-14.59.18:122][115]LogModuleManager: Shutting down and abandoning module SteamVR (58)
[2018.03.27-14.59.18:122][115]LogModuleManager: Shutting down and abandoning module OculusHMD (56)
[2018.03.27-14.59.18:122][115]LogModuleManager: Shutting down and abandoning module ExampleDeviceProfileSelector (54)
[2018.03.27-14.59.18:122][115]LogModuleManager: Shutting down and abandoning module AppleARKit (52)
[2018.03.27-14.59.18:122][115]LogModuleManager: Shutting down and abandoning module AugmentedReality (51)
[2018.03.27-14.59.18:122][115]LogModuleManager: Shutting down and abandoning module OnlineBlueprintSupport (48)
[2018.03.27-14.59.18:122][115]LogModuleManager: Shutting down and abandoning module OnlineSubsystem (44)
[2018.03.27-14.59.18:123][115]LogModuleManager: Shutting down and abandoning module XMPP (43)
[2018.03.27-14.59.18:123][115]LogModuleManager: Shutting down and abandoning module HTTP (41)
[2018.03.27-14.59.18:123][115]LogHttp: Display: Http module shutting down, but needs to wait on 1 outstanding Http requests:
[2018.03.27-14.59.18:123][115]LogHttp: Display: 	verb=[POST] url=[https://datarouter.ol.epicgames.com/datarouter/api/v1/public/data?SessionID=%7B1B6E8958-4098-C72E-84AC-7BB5677BF847%7D&AppID=UEEditor.Rocket.Release&AppVersion=4.18.3-3832480%2B%2B%2BUE4%2BRelease-4.18&UserID=a326b07d48e1804d5ac8448c4791f7e2%7C187d76b23fec41e89cedda504afaf210%7C92677d9c-c710-41c7-b8ee-2c49066b37fc&AppEnvironment=datacollector-binary&UploadType=eteventstream] status=Processing
[2018.03.27-14.59.18:133][115]LogModuleManager: Shutting down and abandoning module SSL (40)
[2018.03.27-14.59.18:137][115]LogModuleManager: Shutting down and abandoning module AnimationModifiers (36)
[2018.03.27-14.59.18:138][115]LogModuleManager: Shutting down and abandoning module PropertyEditor (35)
[2018.03.27-14.59.18:138][115]LogModuleManager: Shutting down and abandoning module AudioEditor (32)
[2018.03.27-14.59.18:138][115]LogModuleManager: Shutting down and abandoning module TextureCompressor (30)
[2018.03.27-14.59.18:138][115]LogModuleManager: Shutting down and abandoning module ShaderCore (28)
[2018.03.27-14.59.18:139][115]LogModuleManager: Shutting down and abandoning module Landscape (26)
[2018.03.27-14.59.18:139][115]LogModuleManager: Shutting down and abandoning module SlateRHIRenderer (24)
[2018.03.27-14.59.18:142][115]LogModuleManager: Shutting down and abandoning module OpenGLDrv (22)
[2018.03.27-14.59.18:142][115]LogModuleManager: Shutting down and abandoning module D3D11RHI (20)
[2018.03.27-14.59.18:142][115]LogModuleManager: Shutting down and abandoning module AnimGraphRuntime (18)
[2018.03.27-14.59.18:142][115]LogModuleManager: Shutting down and abandoning module Renderer (16)
[2018.03.27-14.59.18:142][115]LogModuleManager: Shutting down and abandoning module Engine (14)
[2018.03.27-14.59.18:142][115]LogModuleManager: Shutting down and abandoning module CoreUObject (12)
[2018.03.27-14.59.18:142][115]LogModuleManager: Shutting down and abandoning module NetworkFile (10)
[2018.03.27-14.59.18:142][115]LogModuleManager: Shutting down and abandoning module CookedIterativeFile (8)
[2018.03.27-14.59.18:142][115]LogModuleManager: Shutting down and abandoning module StreamingFile (6)
[2018.03.27-14.59.18:142][115]LogModuleManager: Shutting down and abandoning module SandboxFile (4)
[2018.03.27-14.59.18:142][115]LogModuleManager: Shutting down and abandoning module PakFile (2)
[2018.03.27-14.59.18:149][115]LogExit: Exiting.
[2018.03.27-14.59.18:160][115]Log file closed, 03/27/18 10:59:18
