Log file open, 03/14/18 15:01:01
LogWindows: Failed to load 'aqProf.dll' (GetLastError=126)
LogWindows: File 'aqProf.dll' does not exist
LogWindows: Failed to load 'VSPerf140.dll' (GetLastError=126)
LogWindows: File 'VSPerf140.dll' does not exist
LogWindows: Failed to load 'VtuneApi.dll' (GetLastError=126)
LogWindows: File 'VtuneApi.dll' does not exist
LogWindows: Failed to load 'VtuneApi32e.dll' (GetLastError=126)
LogWindows: File 'VtuneApi32e.dll' does not exist
LogInit: Display: Running engine for game: GameProject
LogPlatformFile: Not using cached read wrapper
LogInit: Display: RandInit(1152000100) SRandInit(1152000100).
LogInit: Read version file with build ID '3709383'
LogInit: Overriding engine version to CL 3832480, compatible CL 3709383
LogInit: Registered custom module enumerator with build ID '3709383'
LogTaskGraph: Started task graph with 5 named threads and 14 total threads with 3 sets of task threads.
LogStats: Stats thread started at 0.176914
LogD3D11RHI: Aftermath initialized
LogModuleManager: Display: Found up-to-date module file ../../../Engine/Plugins/2D/Paper2D/Binaries/Win64/UE4Editor-Paper2D.dll (API version 3709383).
LogModuleManager: Display: Found up-to-date module file ../../../Engine/Plugins/2D/Paper2D/Binaries/Win64/UE4Editor-Paper2DEditor.dll (API version 3709383).
LogModuleManager: Display: Found up-to-date module file ../../../Engine/Plugins/2D/Paper2D/Binaries/Win64/UE4Editor-PaperSpriteSheetImporter.dll (API version 3709383).
LogModuleManager: Display: Found up-to-date module file ../../../Engine/Plugins/2D/Paper2D/Binaries/Win64/UE4Editor-PaperTiledImporter.dll (API version 3709383).
LogModuleManager: Display: Found up-to-date module file ../../../Engine/Plugins/2D/Paper2D/Binaries/Win64/UE4Editor-SmartSnapping.dll (API version 3709383).
LogModuleManager: Display: Found up-to-date module file ../../../Engine/Plugins/Blendables/LightPropagationVolume/Binaries/Win64/UE4Editor-LightPropagationVolumeRuntime.dll (API version 3709383).
LogModuleManager: Display: Found up-to-date module file ../../../Engine/Plugins/Blendables/LightPropagationVolume/Binaries/Win64/UE4Editor-LightPropagationVolumeEditor.dll (API version 3709383).
LogModuleManager: Display: Found up-to-date module file ../../../Engine/Plugins/Developer/GitSourceControl/Binaries/Win64/UE4Editor-GitSourceControl.dll (API version 3709383).
LogModuleManager: Display: Found up-to-date module file ../../../Engine/Plugins/Developer/PerforceSourceControl/Binaries/Win64/UE4Editor-PerforceSourceControl.dll (API version 3709383).
LogModuleManager: Display: Found up-to-date module file ../../../Engine/Plugins/Developer/SubversionSourceControl/Binaries/Win64/UE4Editor-SubversionSourceControl.dll (API version 3709383).
LogModuleManager: Display: Found up-to-date module file ../../../Engine/Plugins/Developer/UObjectPlugin/Binaries/Win64/UE4Editor-UObjectPlugin.dll (API version 3709383).
LogModuleManager: Display: Found up-to-date module file ../../../Engine/Plugins/Developer/VisualStudioCodeSourceCodeAccess/Binaries/Win64/UE4Editor-VisualStudioCodeSourceCodeAccess.dll (API version 3709383).
LogModuleManager: Display: Found up-to-date module file ../../../Engine/Plugins/Developer/VisualStudioSourceCodeAccess/Binaries/Win64/UE4Editor-VisualStudioSourceCodeAccess.dll (API version 3709383).
LogModuleManager: Display: Found up-to-date module file ../../../Engine/Plugins/Editor/AssetManagerEditor/Binaries/Win64/UE4Editor-AssetManagerEditor.dll (API version 3709383).
LogModuleManager: Display: Found up-to-date module file ../../../Engine/Plugins/Editor/AudioCapture/Binaries/Win64/UE4Editor-AudioCapture.dll (API version 3709383).
LogModuleManager: Display: Found up-to-date module file ../../../Engine/Plugins/Editor/FacialAnimation/Binaries/Win64/UE4Editor-FacialAnimation.dll (API version 3709383).
LogModuleManager: Display: Found up-to-date module file ../../../Engine/Plugins/Editor/FacialAnimation/Binaries/Win64/UE4Editor-FacialAnimationEditor.dll (API version 3709383).
LogModuleManager: Display: Found up-to-date module file ../../../Engine/Plugins/Editor/GameplayTagsEditor/Binaries/Win64/UE4Editor-GameplayTagsEditor.dll (API version 3709383).
LogModuleManager: Display: Found up-to-date module file ../../../Engine/Plugins/Editor/MobileLauncherProfileWizard/Binaries/Win64/UE4Editor-MobileLauncherProfileWizard.dll (API version 3709383).
LogModuleManager: Display: Found up-to-date module file ../../../Engine/Plugins/Editor/PluginBrowser/Binaries/Win64/UE4Editor-PluginBrowser.dll (API version 3709383).
LogModuleManager: Display: Found up-to-date module file ../../../Engine/Plugins/Editor/SpeedTreeImporter/Binaries/Win64/UE4Editor-SpeedTreeImporter.dll (API version 3709383).
LogModuleManager: Display: Found up-to-date module file ../../../Engine/Plugins/Experimental/AlembicImporter/Binaries/Win64/UE4Editor-AlembicImporter.dll (API version 3709383).
LogModuleManager: Display: Found up-to-date module file ../../../Engine/Plugins/Experimental/AlembicImporter/Binaries/Win64/UE4Editor-AlembicLibrary.dll (API version 3709383).
LogModuleManager: Display: Found up-to-date module file ../../../Engine/Plugins/Experimental/CharacterAI/Binaries/Win64/UE4Editor-CharacterAI.dll (API version 3709383).
LogModuleManager: Display: Found up-to-date module file ../../../Engine/Plugins/Experimental/HTML5Networking/Binaries/Win64/UE4Editor-HTML5Networking.dll (API version 3709383).
LogModuleManager: Display: Found up-to-date module file ../../../Engine/Plugins/Media/AndroidMedia/Binaries/Win64/UE4Editor-AndroidMediaEditor.dll (API version 3709383).
LogModuleManager: Display: Found up-to-date module file ../../../Engine/Plugins/Media/AndroidMedia/Binaries/Win64/UE4Editor-AndroidMediaFactory.dll (API version 3709383).
LogModuleManager: Display: Found up-to-date module file ../../../Engine/Plugins/Media/AvfMedia/Binaries/Win64/UE4Editor-AvfMediaEditor.dll (API version 3709383).
LogModuleManager: Display: Found up-to-date module file ../../../Engine/Plugins/Media/AvfMedia/Binaries/Win64/UE4Editor-AvfMediaFactory.dll (API version 3709383).
LogModuleManager: Display: Found up-to-date module file ../../../Engine/Plugins/Media/AvfMedia/Binaries/Win64/UE4Editor-AvfMediaFactory.dll (API version 3709383).
LogModuleManager: Display: Found up-to-date module file ../../../Engine/Plugins/Media/ImgMedia/Binaries/Win64/UE4Editor-ImgMedia.dll (API version 3709383).
LogModuleManager: Display: Found up-to-date module file ../../../Engine/Plugins/Media/ImgMedia/Binaries/Win64/UE4Editor-ImgMediaEditor.dll (API version 3709383).
LogModuleManager: Display: Found up-to-date module file ../../../Engine/Plugins/Media/ImgMedia/Binaries/Win64/UE4Editor-ImgMediaFactory.dll (API version 3709383).
LogModuleManager: Display: Found up-to-date module file ../../../Engine/Plugins/Media/ImgMedia/Binaries/Win64/UE4Editor-ImgMediaFactory.dll (API version 3709383).
LogModuleManager: Display: Found up-to-date module file ../../../Engine/Plugins/Media/ImgMedia/Binaries/Win64/UE4Editor-OpenExrWrapper.dll (API version 3709383).
LogModuleManager: Display: Found up-to-date module file ../../../Engine/Plugins/Media/MediaCompositing/Binaries/Win64/UE4Editor-MediaCompositing.dll (API version 3709383).
LogModuleManager: Display: Found up-to-date module file ../../../Engine/Plugins/Media/MediaCompositing/Binaries/Win64/UE4Editor-MediaCompositingEditor.dll (API version 3709383).
LogModuleManager: Display: Found up-to-date module file ../../../Engine/Plugins/Media/MediaPlayerEditor/Binaries/Win64/UE4Editor-MediaPlayerEditor.dll (API version 3709383).
LogModuleManager: Display: Found up-to-date module file ../../../Engine/Plugins/Media/WmfMedia/Binaries/Win64/UE4Editor-WmfMedia.dll (API version 3709383).
LogModuleManager: Display: Found up-to-date module file ../../../Engine/Plugins/Media/WmfMedia/Binaries/Win64/UE4Editor-WmfMediaEditor.dll (API version 3709383).
LogModuleManager: Display: Found up-to-date module file ../../../Engine/Plugins/Media/WmfMedia/Binaries/Win64/UE4Editor-WmfMediaFactory.dll (API version 3709383).
LogModuleManager: Display: Found up-to-date module file ../../../Engine/Plugins/Media/WmfMedia/Binaries/Win64/UE4Editor-WmfMediaFactory.dll (API version 3709383).
LogModuleManager: Display: Found up-to-date module file ../../../Engine/Plugins/Messaging/TcpMessaging/Binaries/Win64/UE4Editor-TcpMessaging.dll (API version 3709383).
LogModuleManager: Display: Found up-to-date module file ../../../Engine/Plugins/Messaging/UdpMessaging/Binaries/Win64/UE4Editor-UdpMessaging.dll (API version 3709383).
LogModuleManager: Display: Found up-to-date module file ../../../Engine/Plugins/MovieScene/ActorSequence/Binaries/Win64/UE4Editor-ActorSequence.dll (API version 3709383).
LogModuleManager: Display: Found up-to-date module file ../../../Engine/Plugins/MovieScene/LevelSequenceEditor/Binaries/Win64/UE4Editor-LevelSequenceEditor.dll (API version 3709383).
LogModuleManager: Display: Found up-to-date module file ../../../Engine/Plugins/MovieScene/MatineeToLevelSequence/Binaries/Win64/UE4Editor-MatineeToLevelSequence.dll (API version 3709383).
LogModuleManager: Display: Found up-to-date module file ../../../Engine/Plugins/Online/OnlineSubsystem/Binaries/Win64/UE4Editor-OnlineSubsystem.dll (API version 3709383).
LogModuleManager: Display: Found up-to-date module file ../../../Engine/Plugins/Runtime/AndroidPermission/Binaries/Win64/UE4Editor-AndroidPermission.dll (API version 3709383).
LogModuleManager: Display: Found up-to-date module file ../../../Engine/Plugins/Online/OnlineSubsystemNull/Binaries/Win64/UE4Editor-OnlineSubsystemNull.dll (API version 3709383).
LogModuleManager: Display: Found up-to-date module file ../../../Engine/Plugins/Online/OnlineSubsystemUtils/Binaries/Win64/UE4Editor-OnlineSubsystemUtils.dll (API version 3709383).
LogModuleManager: Display: Found up-to-date module file ../../../Engine/Plugins/Online/OnlineSubsystemUtils/Binaries/Win64/UE4Editor-OnlineBlueprintSupport.dll (API version 3709383).
LogModuleManager: Display: Found up-to-date module file ../../../Engine/Plugins/Runtime/AndroidDeviceProfileSelector/Binaries/Win64/UE4Editor-AndroidDeviceProfileSelector.dll (API version 3709383).
LogModuleManager: Display: Found up-to-date module file ../../../Engine/Plugins/Runtime/AppleARKit/Binaries/Win64/UE4Editor-AppleARKit.dll (API version 3709383).
LogModuleManager: Display: Found up-to-date module file ../../../Engine/Plugins/Runtime/ArchVisCharacter/Binaries/Win64/UE4Editor-ArchVisCharacter.dll (API version 3709383).
LogModuleManager: Display: Found up-to-date module file ../../../Engine/Plugins/Runtime/CableComponent/Binaries/Win64/UE4Editor-CableComponent.dll (API version 3709383).
LogModuleManager: Display: Found up-to-date module file ../../../Engine/Plugins/Runtime/CustomMeshComponent/Binaries/Win64/UE4Editor-CustomMeshComponent.dll (API version 3709383).
LogModuleManager: Display: Found up-to-date module file ../../../Engine/Plugins/Runtime/ExampleDeviceProfileSelector/Binaries/Win64/UE4Editor-ExampleDeviceProfileSelector.dll (API version 3709383).
LogModuleManager: Display: Found up-to-date module file ../../../Engine/Plugins/Runtime/ImmediatePhysics/Binaries/Win64/UE4Editor-ImmediatePhysics.dll (API version 3709383).
LogModuleManager: Display: Found up-to-date module file ../../../Engine/Plugins/Runtime/ImmediatePhysics/Binaries/Win64/UE4Editor-ImmediatePhysicsEditor.dll (API version 3709383).
LogModuleManager: Display: Found up-to-date module file ../../../Engine/Plugins/Runtime/LocationServicesBPLibrary/Binaries/Win64/UE4Editor-LocationServicesBPLibrary.dll (API version 3709383).
LogModuleManager: Display: Found up-to-date module file ../../../Engine/Plugins/Runtime/MobilePatchingUtils/Binaries/Win64/UE4Editor-MobilePatchingUtils.dll (API version 3709383).
LogModuleManager: Display: Found up-to-date module file ../../../Engine/Plugins/Runtime/Oculus/OculusVR/Binaries/Win64/UE4Editor-OculusHMD.dll (API version 3709383).
LogModuleManager: Display: Found up-to-date module file ../../../Engine/Plugins/Runtime/Oculus/OculusVR/Binaries/Win64/UE4Editor-OculusInput.dll (API version 3709383).
LogModuleManager: Display: Found up-to-date module file ../../../Engine/Plugins/Runtime/Oculus/OculusVR/Binaries/Win64/UE4Editor-OculusEditor.dll (API version 3709383).
LogModuleManager: Display: Found up-to-date module file ../../../Engine/Plugins/Runtime/PhysXVehicles/Binaries/Win64/UE4Editor-PhysXVehicles.dll (API version 3709383).
LogModuleManager: Display: Found up-to-date module file ../../../Engine/Plugins/Runtime/PhysXVehicles/Binaries/Win64/UE4Editor-PhysXVehiclesEditor.dll (API version 3709383).
LogModuleManager: Display: Found up-to-date module file ../../../Engine/Plugins/Runtime/ProceduralMeshComponent/Binaries/Win64/UE4Editor-ProceduralMeshComponent.dll (API version 3709383).
LogModuleManager: Display: Found up-to-date module file ../../../Engine/Plugins/Runtime/ProceduralMeshComponent/Binaries/Win64/UE4Editor-ProceduralMeshComponentEditor.dll (API version 3709383).
LogModuleManager: Display: Found up-to-date module file ../../../Engine/Plugins/Runtime/RuntimePhysXCooking/Binaries/Win64/UE4Editor-RuntimePhysXCooking.dll (API version 3709383).
LogModuleManager: Display: Found up-to-date module file ../../../Engine/Plugins/Runtime/Steam/SteamVR/Binaries/Win64/UE4Editor-SteamVR.dll (API version 3709383).
LogModuleManager: Display: Found up-to-date module file ../../../Engine/Plugins/Runtime/Steam/SteamVR/Binaries/Win64/UE4Editor-SteamVRController.dll (API version 3709383).
LogModuleManager: Display: Found up-to-date module file ../../../Engine/Plugins/Runtime/WindowsMoviePlayer/Binaries/Win64/UE4Editor-WindowsMoviePlayer.dll (API version 3709383).
LogPluginManager: Mounting plugin Paper2D
LogPluginManager: Mounting plugin LightPropagationVolume
LogPluginManager: Mounting plugin CodeLiteSourceCodeAccess
LogPluginManager: Mounting plugin GitSourceControl
LogPluginManager: Mounting plugin KDevelopSourceCodeAccess
LogPluginManager: Mounting plugin NullSourceCodeAccess
LogPluginManager: Mounting plugin PerforceSourceControl
LogPluginManager: Mounting plugin SubversionSourceControl
LogPluginManager: Mounting plugin UObjectPlugin
LogPluginManager: Mounting plugin VisualStudioCodeSourceCodeAccess
LogPluginManager: Mounting plugin VisualStudioSourceCodeAccess
LogPluginManager: Mounting plugin XCodeSourceCodeAccess
LogPluginManager: Mounting plugin AssetManagerEditor
LogPluginManager: Mounting plugin AudioCapture
LogPluginManager: Mounting plugin FacialAnimation
LogPluginManager: Mounting plugin GameplayTagsEditor
LogPluginManager: Mounting plugin MobileLauncherProfileWizard
LogPluginManager: Mounting plugin PluginBrowser
LogPluginManager: Mounting plugin SpeedTreeImporter
LogPluginManager: Mounting plugin AlembicImporter
LogPluginManager: Mounting plugin CharacterAI
LogPluginManager: Mounting plugin HTML5Networking
LogPluginManager: Mounting plugin AndroidMedia
LogPluginManager: Mounting plugin AvfMedia
LogPluginManager: Mounting plugin ImgMedia
LogPluginManager: Mounting plugin MediaCompositing
LogPluginManager: Mounting plugin MediaPlayerEditor
LogPluginManager: Mounting plugin WmfMedia
LogPluginManager: Mounting plugin TcpMessaging
LogPluginManager: Mounting plugin UdpMessaging
LogPluginManager: Mounting plugin ActorSequence
LogPluginManager: Mounting plugin LevelSequenceEditor
LogPluginManager: Mounting plugin MatineeToLevelSequence
LogPluginManager: Mounting plugin OnlineSubsystemGooglePlay
LogPluginManager: Mounting plugin OnlineSubsystemIOS
LogPluginManager: Mounting plugin OnlineSubsystem
LogPluginManager: Mounting plugin OnlineSubsystemNull
LogPluginManager: Mounting plugin OnlineSubsystemUtils
LogPluginManager: Mounting plugin AndroidDeviceProfileSelector
LogPluginManager: Mounting plugin AndroidMoviePlayer
LogPluginManager: Mounting plugin AndroidPermission
LogPluginManager: Mounting plugin AppleARKit
LogPluginManager: Mounting plugin AppleMoviePlayer
LogPluginManager: Mounting plugin ArchVisCharacter
LogPluginManager: Mounting plugin CableComponent
LogPluginManager: Mounting plugin CustomMeshComponent
LogPluginManager: Mounting plugin ExampleDeviceProfileSelector
LogPluginManager: Mounting plugin GoogleCloudMessaging
LogPluginManager: Mounting plugin ImmediatePhysics
LogPluginManager: Mounting plugin IOSDeviceProfileSelector
LogPluginManager: Mounting plugin LinuxDeviceProfileSelector
LogPluginManager: Mounting plugin LocationServicesBPLibrary
LogPluginManager: Mounting plugin MobilePatchingUtils
LogPluginManager: Mounting plugin OculusVR
LogPluginManager: Plugin shader directory ../../../Engine/Plugins/Runtime/Oculus/OculusVR/Shaders found
LogPluginManager: Mapping shader source directory ../../../Engine/Plugins/Runtime/Oculus/OculusVR/Shaders to virtual directory /Plugin/OculusVR
LogPluginManager: Mounting plugin PhysXVehicles
LogPluginManager: Mounting plugin ProceduralMeshComponent
LogPluginManager: Mounting plugin RuntimePhysXCooking
LogPluginManager: Mounting plugin SteamVR
LogPluginManager: Mounting plugin WindowsMoviePlayer
LogInit: Using libcurl 7.47.1
LogInit:  - built for x86_64-pc-win32
LogInit:  - supports SSL with OpenSSL/1.0.2g
LogInit:  - supports HTTP deflate (compression) using libz 1.2.8
LogInit:  - other features:
LogInit:      CURL_VERSION_SSL
LogInit:      CURL_VERSION_LIBZ
LogInit:      CURL_VERSION_IPV6
LogInit:      CURL_VERSION_ASYNCHDNS
LogInit:      CURL_VERSION_LARGEFILE
LogInit:      CURL_VERSION_IDN
LogInit:  CurlRequestOptions (configurable via config and command line):
LogInit:  - bVerifyPeer = false  - Libcurl will NOT verify peer certificate
LogInit:  - bUseHttpProxy = false  - Libcurl will NOT use HTTP proxy
LogInit:  - bDontReuseConnections = false  - Libcurl will reuse connections
LogInit:  - CertBundlePath = nullptr  - Libcurl will use whatever was configured at build time.
LogInit: Build: ++UE4+Release-4.18-CL-3832480
LogInit: Engine Version: 4.18.3-3832480+++UE4+Release-4.18
LogInit: Compatible Engine Version: 4.18.0-3709383+++UE4+Release-4.18
LogInit: Net CL: 3709383
LogDevObjectVersion: Number of dev versions registered: 16
LogDevObjectVersion:   Dev-Blueprints (B0D832E4-1F89-4F0D-ACCF-7EB736FD4AA2): 10
LogDevObjectVersion:   Dev-Build (E1C64328-A22C-4D53-A36C-8E866417BD8C): 0
LogDevObjectVersion:   Dev-Core (375EC13C-06E4-48FB-B500-84F0262A717E): 2
LogDevObjectVersion:   Dev-Editor (E4B068ED-F494-42E9-A231-DA0B2E46BB41): 20
LogDevObjectVersion:   Dev-Framework (CFFC743F-43B0-4480-9391-14DF171D2073): 30
LogDevObjectVersion:   Dev-Mobile (B02B49B5-BB20-44E9-A304-32B752E40360): 0
LogDevObjectVersion:   Dev-Networking (A4E4105C-59A1-49B5-A7C5-40C4547EDFEE): 0
LogDevObjectVersion:   Dev-Online (39C831C9-5AE6-47DC-9A44-9C173E1C8E7C): 0
LogDevObjectVersion:   Dev-Physics (78F01B33-EBEA-4F98-B9B4-84EACCB95AA2): 0
LogDevObjectVersion:   Dev-Platform (6631380F-2D4D-43E0-8009-CF276956A95A): 0
LogDevObjectVersion:   Dev-Rendering (12F88B9F-8875-4AFC-A67C-D90C383ABD29): 20
LogDevObjectVersion:   Dev-Sequencer (7B5AE74C-D270-4C10-A958-57980B212A5A): 4
LogDevObjectVersion:   Dev-VR (D7296918-1DD6-4BDD-9DE2-64A83CC13884): 0
LogDevObjectVersion:   Dev-LoadTimes (C2A15278-BFE7-4AFE-6C17-90FF531DF755): 1
LogDevObjectVersion:   Private-Geometry (6EACA3D4-40EC-4CC1-B786-8BED09428FC5): 1
LogDevObjectVersion:   Dev-AnimPhys (29E575DD-E0A3-4627-9D10-D276232CDCEA): 12
LogInit: Compiled (64-bit): Jan 12 2018 02:04:55
LogInit: Compiled with Visual C++: 19.00.24215.01
LogInit: Build Configuration: Development
LogInit: Branch Name: ++UE4+Release-4.18
LogInit: Command line:  
LogInit: Base directory: D:/Unreal/UE_4.18/Engine/Binaries/Win64/
LogInit: Installed Engine Build: 1
LogInit: Presizing for max 8388607 objects, including 0 objects not considered by GC, pre-allocating 0 bytes for permanent pool.
LogInit: Object subsystem initialized
[2018.03.14-19.01.02:398][  0]LogInit: Selected Device Profile: [Windows]
[2018.03.14-19.01.02:398][  0]LogInit: Applying CVar settings loaded from the selected device profile: [Windows]
[2018.03.14-19.01.02:408][  0]LogInit: Computer: DESKTOP-8DQOABU
[2018.03.14-19.01.02:408][  0]LogInit: User: lingh
[2018.03.14-19.01.02:408][  0]LogInit: CPU Page size=4096, Cores=4
[2018.03.14-19.01.02:408][  0]LogInit: High frequency timer resolution =1.945313 MHz
[2018.03.14-19.01.02:408][  0]LogMemory: Memory total: Physical=15.8GB (16GB approx)
[2018.03.14-19.01.02:408][  0]LogMemory: Platform Memory Stats for Windows
[2018.03.14-19.01.02:408][  0]LogMemory: Process Physical Memory: 271.83 MB used, 271.83 MB peak
[2018.03.14-19.01.02:408][  0]LogMemory: Process Virtual Memory: 269.96 MB used, 269.96 MB peak
[2018.03.14-19.01.02:408][  0]LogMemory: Physical Memory: 8640.93 MB used,  7577.09 MB free, 16218.02 MB total
[2018.03.14-19.01.02:408][  0]LogMemory: Virtual Memory: 682.25 MB used,  7577.09 MB free, 134217728.00 MB total
[2018.03.14-19.01.02:512][  0]LogInit: Using OS detected language (en-US).
[2018.03.14-19.01.02:512][  0]LogInit: Using OS detected locale (en-US).
[2018.03.14-19.01.02:515][  0]LogTextLocalizationManager: No specific localization for 'en-US' exists, so the 'en' localization will be used.
[2018.03.14-19.01.02:868][  0]LogInit: Setting process to per monitor DPI aware
[2018.03.14-19.01.03:119][  0]LogD3D11RHI: D3D11 adapters:
[2018.03.14-19.01.03:130][  0]LogD3D11RHI:    0. 'Intel(R) UHD Graphics 620' (Feature Level 11_0)
[2018.03.14-19.01.03:130][  0]LogD3D11RHI:       128/0/8109 MB DedicatedVideo/DedicatedSystem/SharedSystem, Outputs:1, VendorId:0x8086
[2018.03.14-19.01.03:132][  0]LogD3D11RHI:    1. 'Microsoft Basic Render Driver' (Feature Level 11_0)
[2018.03.14-19.01.03:132][  0]LogD3D11RHI:       0/0/8109 MB DedicatedVideo/DedicatedSystem/SharedSystem, Outputs:0, VendorId:0x1414
[2018.03.14-19.01.03:132][  0]LogD3D11RHI: Chosen D3D11 Adapter: 0
[2018.03.14-19.01.03:139][  0]LogD3D11RHI: Creating new Direct3DDevice
[2018.03.14-19.01.03:139][  0]LogD3D11RHI:     GPU DeviceId: 0x5917 (for the marketing name, search the web for "GPU Device Id")
[2018.03.14-19.01.03:140][  0]LogWindows: EnumDisplayDevices:
[2018.03.14-19.01.03:140][  0]LogWindows:    0. 'Intel(R) UHD Graphics 620' (P:1 D:1)
[2018.03.14-19.01.03:140][  0]LogWindows:    1. 'Intel(R) UHD Graphics 620' (P:0 D:0)
[2018.03.14-19.01.03:140][  0]LogWindows:    2. 'Intel(R) UHD Graphics 620' (P:0 D:0)
[2018.03.14-19.01.03:140][  0]LogWindows: DebugString: GetVideoDriverDetailsInvalid PrimaryIsNotTheChoosenAdapter GetVideoDriverDetailsInvalid PrimaryIsNotTheChoosenAdapter GetVideoDriverDetailsInvalid PrimaryIsNotTheChoosenAdapter FoundDriverCount:0 
[2018.03.14-19.01.03:140][  0]LogD3D11RHI:     Adapter Name: Intel(R) UHD Graphics 620
[2018.03.14-19.01.03:140][  0]LogD3D11RHI:   Driver Version: Unknown (internal:Unknown, unified:Unknown)
[2018.03.14-19.01.03:140][  0]LogD3D11RHI:      Driver Date: Unknown
[2018.03.14-19.01.03:140][  0]LogRHI: Texture pool is 1523 MB (70% of 2176 MB)
[2018.03.14-19.01.03:150][  0]LogD3D11RHI: Async texture creation enabled
[2018.03.14-19.01.03:155][  0]LogD3D11RHI: GPU Timing Frequency: 12.000000 (Debug: 2 0)
[2018.03.14-19.01.03:156][  0]LogShaderCompilers: Guid format shader working directory is -8 characters bigger than the processId version (E:/CIS_568_Game/Project1/DefendTheOrchard/GameProject/Intermediate/Shaders/WorkingDirectory/13344/).
[2018.03.14-19.01.03:156][  0]LogShaderCompilers: Cleaned the shader compiler working directory 'C:/Users/lingh/AppData/Local/Temp/UnrealShaderWorkingDir/4B726D364592CF8E58C58A86EB7CAEC2/'.
[2018.03.14-19.01.03:156][  0]LogShaderCompilers: Display: Using Local Shader Compiler.
[2018.03.14-19.01.03:917][  0]LogTemp: Display: Loaded TP AllDesktopTargetPlatform
[2018.03.14-19.01.03:958][  0]LogTemp: Display: Loaded TP MacClientTargetPlatform
[2018.03.14-19.01.03:994][  0]LogTemp: Display: Loaded TP MacNoEditorTargetPlatform
[2018.03.14-19.01.04:035][  0]LogTemp: Display: Loaded TP MacServerTargetPlatform
[2018.03.14-19.01.04:072][  0]LogTemp: Display: Loaded TP MacTargetPlatform
[2018.03.14-19.01.04:109][  0]LogTemp: Display: Loaded TP WindowsClientTargetPlatform
[2018.03.14-19.01.04:147][  0]LogTemp: Display: Loaded TP WindowsNoEditorTargetPlatform
[2018.03.14-19.01.04:183][  0]LogTemp: Display: Loaded TP WindowsServerTargetPlatform
[2018.03.14-19.01.04:214][  0]LogTemp: Display: Loaded TP WindowsTargetPlatform
[2018.03.14-19.01.04:249][  0]LogTemp: Display: Loaded TP Android_ASTCTargetPlatform
[2018.03.14-19.01.04:285][  0]LogTemp: Display: Loaded TP Android_ATCTargetPlatform
[2018.03.14-19.01.04:325][  0]LogTemp: Display: Loaded TP Android_DXTTargetPlatform
[2018.03.14-19.01.04:363][  0]LogTemp: Display: Loaded TP Android_ETC1TargetPlatform
[2018.03.14-19.01.04:400][  0]LogTemp: Display: Loaded TP Android_ETC2TargetPlatform
[2018.03.14-19.01.04:473][  0]LogTemp: Display: Loaded TP Android_MultiTargetPlatform
[2018.03.14-19.01.04:473][  0]LogTemp: Display: Loaded TP Android_PVRTCTargetPlatform
[2018.03.14-19.01.04:511][  0]LogTemp: Display: Loaded TP AndroidTargetPlatform
[2018.03.14-19.01.04:538][  0]LogTemp: Display: Loaded TP HTML5TargetPlatform
[2018.03.14-19.01.04:607][  0]LogTemp: Display: Loaded TP IOSTargetPlatform
[2018.03.14-19.01.04:647][  0]LogTemp: Display: Loaded TP TVOSTargetPlatform
[2018.03.14-19.01.04:685][  0]LogTemp: Display: Loaded TP LinuxClientTargetPlatform
[2018.03.14-19.01.04:721][  0]LogTemp: Display: Loaded TP LinuxNoEditorTargetPlatform
[2018.03.14-19.01.04:756][  0]LogTemp: Display: Loaded TP LinuxServerTargetPlatform
[2018.03.14-19.01.04:796][  0]LogTemp: Display: Loaded TP LinuxTargetPlatform
[2018.03.14-19.01.04:796][  0]LogTargetPlatformManager: Display: Building Assets For Windows
[2018.03.14-19.01.06:933][  0]LogDerivedDataCache: Display: Max Cache Size: 512 MB
[2018.03.14-19.01.07:002][  0]LogDerivedDataCache: Loaded boot cache 0.07s 78MB C:/Users/lingh/AppData/Local/UnrealEngine/4.18/DerivedDataCache/Boot.ddc.
[2018.03.14-19.01.07:002][  0]LogDerivedDataCache: Display: Loaded Boot cache: C:/Users/lingh/AppData/Local/UnrealEngine/4.18/DerivedDataCache/Boot.ddc
[2018.03.14-19.01.07:002][  0]LogDerivedDataCache: FDerivedDataBackendGraph:  Pak pak cache file E:/CIS_568_Game/Project1/DefendTheOrchard/GameProject/DerivedDataCache/DDC.ddp not found, will not use a pak cache.
[2018.03.14-19.01.07:002][  0]LogDerivedDataCache: Unable to find inner node Pak for hierarchical cache Hierarchy.
[2018.03.14-19.01.07:002][  0]LogDerivedDataCache: FDerivedDataBackendGraph:  CompressedPak pak cache file E:/CIS_568_Game/Project1/DefendTheOrchard/GameProject/DerivedDataCache/Compressed.ddp not found, will not use a pak cache.
[2018.03.14-19.01.07:002][  0]LogDerivedDataCache: Unable to find inner node CompressedPak for hierarchical cache Hierarchy.
[2018.03.14-19.01.07:017][  0]LogDerivedDataCache: Display: Pak cache opened for reading ../../../Engine/DerivedDataCache/Compressed.ddp.
[2018.03.14-19.01.07:030][  0]LogDerivedDataCache: Using Local data cache path C:/Users/lingh/AppData/Local/UnrealEngine/Common/DerivedDataCache: Writable
[2018.03.14-19.01.07:042][  0]LogMaterial: Verifying Global Shaders for PCD3D_SM5
[2018.03.14-19.01.07:042][  0]LogSlate: Using Freetype 2.6.0
[2018.03.14-19.01.07:043][  0]LogSlate: SlateFontCache - WITH_FREETYPE: 1, WITH_HARFBUZZ: 1
[2018.03.14-19.01.07:043][  0]LogSlate: SlateFontCache - WITH_FREETYPE: 1, WITH_HARFBUZZ: 1
[2018.03.14-19.01.07:372][  0]LogInit: Selected Device Profile: [Windows]
[2018.03.14-19.01.07:561][  0]LogSimplygon: Simplygon DLL not present - disabling.
[2018.03.14-19.01.07:598][  0]LogMeshReduction: Using SimplygonSwarm for distributed automatic mesh merging
[2018.03.14-19.01.07:598][  0]LogMeshReduction: Using QuadricMeshReduction for automatic static mesh reduction
[2018.03.14-19.01.07:598][  0]LogMeshReduction: No automatic skeletal mesh reduction module available
[2018.03.14-19.01.07:598][  0]LogMeshReduction: No automatic mesh merging module available
[2018.03.14-19.01.07:598][  0]LogMeshMerging: No automatic mesh merging module available
[2018.03.14-19.01.07:696][  0]LogNetVersion: GameProject , NetCL: 3709383, EngineNetVer: 2, GameNetVer: 0 (Checksum: 2708194857)
[2018.03.14-19.01.07:849][  0]LogAssetRegistry: FAssetRegistry took 0.0257 seconds to start up
[2018.03.14-19.01.08:319][  0]LogPackageLocalizationCache: Processed 7 localized package path(s) for 2 prioritized culture(s) in 0.051175 seconds
[2018.03.14-19.01.08:324][  0]LogUObjectArray: 35870 objects as part of root set at end of initial load.
[2018.03.14-19.01.08:324][  0]LogUObjectAllocator: 7363696 out of 0 bytes used by permanent object pool.
[2018.03.14-19.01.08:324][  0]LogUObjectArray: CloseDisregardForGC: 0/0 objects in disregard for GC pool
[2018.03.14-19.01.08:361][  0]LogInit: WinSock: version 1.1 (2.2), MaxSocks=32767, MaxUdp=65467
[2018.03.14-19.01.10:599][  0]LogTcpMessaging: Initializing TcpMessaging bridge
[2018.03.14-19.01.10:647][  0]LogUdpMessaging: Initializing bridge on interface 0.0.0.0:0 to multicast group 230.0.0.1:6666.
[2018.03.14-19.01.11:357][  0]LogMaterial: Uniform references updated for custom material expression Custom.
[2018.03.14-19.01.11:773][  0]SourceControl: Source control is disabled
[2018.03.14-19.01.11:773][  0]SourceControl: Source control is disabled
[2018.03.14-19.01.11:813][  0]SourceControl: Source control is disabled
[2018.03.14-19.01.11:854][  0]SourceControl: Source control is disabled
[2018.03.14-19.01.12:496][  0]LogAndroidPermission: UAndroidPermissionCallbackProxy::GetInstance
[2018.03.14-19.01.12:698][  0]LogOcInput: OculusInput pre-init called
[2018.03.14-19.01.12:921][  0]LogEngine: Initializing Engine...
[2018.03.14-19.01.12:923][  0]LogHMD: Failed to initialize OpenVR with code 110
[2018.03.14-19.01.13:123][  0]LogStats: UGameplayTagsManager::ConstructGameplayTagTree: Construct from data asset -  0.000 s
[2018.03.14-19.01.13:124][  0]LogStats: UGameplayTagsManager::ConstructGameplayTagTree: GameplayTagTreeChangedEvent.Broadcast -  0.000 s
[2018.03.14-19.01.13:234][  0]LogAIModule: Creating AISystem for world Untitled
[2018.03.14-19.01.13:242][  0]LogInit: XAudio2 using 'Speakers (Realtek(R) Audio)' : 2 channels at 48 kHz using 32 bits per sample (channel mask 0x3)
[2018.03.14-19.01.14:561][  0]LogInit: FAudioDevice initialized.
[2018.03.14-19.01.14:645][  0]LogDerivedDataCache: Saved boot cache 0.08s 78MB C:/Users/lingh/AppData/Local/UnrealEngine/4.18/DerivedDataCache/Boot.ddc.
[2018.03.14-19.01.14:654][  0]LogInit: Texture streaming: Enabled
[2018.03.14-19.01.14:723][  0]LogEngineSessionManager: EngineSessionManager initialized
[2018.03.14-19.01.14:812][  0]LogInit: Transaction tracking system initialized
[2018.03.14-19.01.15:024][  0]BlueprintLog: New page: Editor Load
[2018.03.14-19.01.15:599][  0]LocalizationService: Localization service is disabled
[2018.03.14-19.01.15:964][  0]LogLinker: Warning: Can't find file '/Game/FirstPersonBP/FirstPersonOverview'
[2018.03.14-19.01.15:965][  0]LogLinker: Warning: Can't find file '/Game/FirstPersonBP/FirstPersonOverview'
[2018.03.14-19.01.15:965][  0]LogUObjectGlobals: Warning: Failed to find object 'Class /Game/FirstPersonBP/FirstPersonOverview.FirstPersonOverview_C'
[2018.03.14-19.01.16:114][  0]LogConsoleResponse: Display: 
[2018.03.14-19.01.16:265][  0]LogCook: Display: Max memory allowance for cook 16384mb min free memory 0mb
[2018.03.14-19.01.16:265][  0]LogCook: Display: Mobile HDR setting 1
[2018.03.14-19.01.16:265][  0]LogGameplayTags: Display: UGameplayTagsManager::DoneAddingNativeTags. DelegateIsBound: 0
[2018.03.14-19.01.17:092][  0]LogFileCache: Scanning file cache for directory 'E:/CIS_568_Game/Project1/DefendTheOrchard/GameProject/Content/' took 0.01s
[2018.03.14-19.01.17:129][  0]SourceControl: Source control is disabled
[2018.03.14-19.01.17:130][  0]Cmd: MAP LOAD FILE="E:/CIS_568_Game/Project1/DefendTheOrchard/GameProject/Content/ThirdPersonBP/Maps/ThirdPersonExampleMap.umap" TEMPLATE=0 SHOWPROGRESS=1 FEATURELEVEL=3
[2018.03.14-19.01.17:130][  0]LightingResults: New page: Lighting Build
[2018.03.14-19.01.17:159][  0]MapCheck: New page: Map Check
[2018.03.14-19.01.17:159][  0]LightingResults: New page: Lighting Build
[2018.03.14-19.01.17:325][  0]LogBlueprint: Warning: [Compiler ThirdPersonCharacter] InputAction Event references unknown Action 'WalkOrPick' for  InputAction WalkOrPick
[2018.03.14-19.01.17:340][  0]LogBlueprint: Warning: [Compiler ThirdPersonCharacter] [0016.96] Compile of ThirdPersonCharacter successful, but with 1 Warning(s) [in 45 ms] (/Game/ThirdPersonBP/Blueprints/ThirdPersonCharacter.ThirdPersonCharacter)
[2018.03.14-19.01.17:675][  0]LogAIModule: Creating AISystem for world ThirdPersonExampleMap
[2018.03.14-19.01.17:687][  0]LogEditorServer: Finished looking for orphan Actors (0.000 secs)
[2018.03.14-19.01.17:700][  0]Cmd: MAP CHECKDEP NOCLEARLOG
[2018.03.14-19.01.17:762][  0]MapCheck: Map check complete: 0 Error(s), 0 Warning(s), took 61.882ms to complete.
[2018.03.14-19.01.17:762][  0]LogFileHelpers: Loading map 'ThirdPersonExampleMap' took 0.632
[2018.03.14-19.01.17:849][  0]LogWindowsTextInputMethodSystem: Display: IME system now activated using TSF (搜狗拼音输入法).
[2018.03.14-19.01.17:850][  0]LogWindowsTextInputMethodSystem: Display: IME system now activated using TSF (搜狗拼音输入法).
[2018.03.14-19.01.17:924][  0]LogCollectionManager: Loaded 0 collections in 0.000909 seconds
[2018.03.14-19.01.17:997][  0]LogFileCache: Scanning file cache for directory 'E:/CIS_568_Game/Project1/DefendTheOrchard/GameProject/Saved/Collections/' took 0.01s
[2018.03.14-19.01.17:997][  0]LogFileCache: Scanning file cache for directory 'E:/CIS_568_Game/Project1/DefendTheOrchard/GameProject/Content/Developers/lingh/Collections/' took 0.01s
[2018.03.14-19.01.17:997][  0]LogFileCache: Scanning file cache for directory 'E:/CIS_568_Game/Project1/DefendTheOrchard/GameProject/Content/Collections/' took 0.01s
[2018.03.14-19.01.17:997][  0]LogCollectionManager: Rebuilt the GUID cache for 0 collections in 0.000001 seconds
[2018.03.14-19.01.18:005][  0]LogContentBrowser: Native class hierarchy populated in 0.0078 seconds. Added 2363 classes and 519 folders.
[2018.03.14-19.01.18:048][  0]LogContentBrowser: Native class hierarchy updated for 'WidgetCarousel' in 0.0002 seconds. Added 0 classes and 0 folders.
[2018.03.14-19.01.18:088][  0]LogContentBrowser: Native class hierarchy updated for 'AddContentDialog' in 0.0003 seconds. Added 0 classes and 0 folders.
[2018.03.14-19.01.18:118][  0]LogContentBrowser: Native class hierarchy updated for 'SceneOutliner' in 0.0003 seconds. Added 1 classes and 2 folders.
[2018.03.14-19.01.18:136][  0]LogSlate: Took 0.000269 seconds to synchronously load lazily loaded font '../../../Engine/Content/Slate/Fonts/Roboto-Regular.ttf' (155K)
[2018.03.14-19.01.18:138][  0]LogSlate: Took 0.000187 seconds to synchronously load lazily loaded font '../../../Engine/Content/Slate/Fonts/Roboto-Bold.ttf' (160K)
[2018.03.14-19.01.18:143][  0]LogSlate: Took 0.000215 seconds to synchronously load lazily loaded font '../../../Engine/Content/Editor/Slate/Fonts/FontAwesome.ttf' (139K)
[2018.03.14-19.01.18:241][  0]LogRenderer: Reallocating scene render targets to support 964x460 Format 10 NumSamples 1 (Frame:1).
[2018.03.14-19.01.19:207][  0]LogContentBrowser: Native class hierarchy updated for 'HierarchicalLODOutliner' in 0.0003 seconds. Added 1 classes and 2 folders.
[2018.03.14-19.01.19:207][  0]LogLoad: (Engine Initialization) Total time: 18.83 seconds
[2018.03.14-19.01.19:207][  0]LogLoad: (Engine Initialization) Total Blueprint compile time: 0.00 seconds
[2018.03.14-19.01.19:207][  0]LogExternalProfiler: No external profilers were discovered.  External profiling features will not be available.
[2018.03.14-19.01.19:239][  0]LogContentStreaming: Texture pool size now 1000 MB
[2018.03.14-19.01.19:275][  0]LogSlate: Took 0.000206 seconds to synchronously load lazily loaded font '../../../Engine/Content/Slate/Fonts/Roboto-Light.ttf' (159K)
[2018.03.14-19.01.19:301][  1]LogAssetRegistry: Asset discovery search completed in 11.4738 seconds
[2018.03.14-19.01.19:303][  1]LogCollectionManager: Rebuilt the object cache for 0 collections in 0.000001 seconds (found 0 objects)
[2018.03.14-19.01.19:303][  1]LogCollectionManager: Fixed up redirectors for 0 collections in 0.000069 seconds (updated 0 objects)
[2018.03.14-19.01.23:121][ 94]LogTemp: Repeating last play command: Selected Viewport
[2018.03.14-19.01.23:165][ 94]LogBlueprintUserMessages: Early PlayInEditor Detection: Level '/Game/ThirdPersonBP/Maps/ThirdPersonExampleMap.ThirdPersonExampleMap:PersistentLevel' has LevelScriptBlueprint '/Game/ThirdPersonBP/Maps/ThirdPersonExampleMap.ThirdPersonExampleMap:PersistentLevel.ThirdPersonExampleMap' with GeneratedClass '/Game/ThirdPersonBP/Maps/ThirdPersonExampleMap.ThirdPersonExampleMap_C' with ClassGeneratedBy '/Game/ThirdPersonBP/Maps/ThirdPersonExampleMap.ThirdPersonExampleMap:PersistentLevel.ThirdPersonExampleMap'
[2018.03.14-19.01.23:165][ 94]LogPlayLevel: PlayLevel: No blueprints needed recompiling
[2018.03.14-19.01.23:165][ 94]PIE: New page: PIE session: ThirdPersonExampleMap (Mar 14, 2018, 11:01:23 AM)
[2018.03.14-19.01.23:165][ 94]LogPlayLevel: Creating play world package: /Game/ThirdPersonBP/Maps/UEDPIE_0_ThirdPersonExampleMap
[2018.03.14-19.01.23:194][ 94]LogPlayLevel: PIE: StaticDuplicateObject took: (0.028407s)
[2018.03.14-19.01.23:194][ 94]LogAIModule: Creating AISystem for world ThirdPersonExampleMap
[2018.03.14-19.01.23:195][ 94]LogPlayLevel: PIE: World Init took: (0.000659s)
[2018.03.14-19.01.23:195][ 94]LogPlayLevel: PIE: Created PIE world by copying editor world from /Game/ThirdPersonBP/Maps/ThirdPersonExampleMap.ThirdPersonExampleMap to /Game/ThirdPersonBP/Maps/UEDPIE_0_ThirdPersonExampleMap.ThirdPersonExampleMap (0.029341s)
[2018.03.14-19.01.23:206][ 94]LogInit: XAudio2 using 'Speakers (Realtek(R) Audio)' : 2 channels at 48 kHz using 32 bits per sample (channel mask 0x3)
[2018.03.14-19.01.23:284][ 94]LogInit: FAudioDevice initialized.
[2018.03.14-19.01.23:340][ 94]LogLoad: Game class is 'ThirdPersonGameMode_C'
[2018.03.14-19.01.23:344][ 94]LogWorld: Bringing World /Game/ThirdPersonBP/Maps/UEDPIE_0_ThirdPersonExampleMap.ThirdPersonExampleMap up for play (max tick rate 0) at 2018.03.14-15.01.23
[2018.03.14-19.01.23:344][ 94]LogWorld: Bringing up level for play took: 0.002409
[2018.03.14-19.01.23:387][ 94]LogContentBrowser: Native class hierarchy updated for 'MovieSceneCapture' in 0.0003 seconds. Added 11 classes and 0 folders.
[2018.03.14-19.01.23:391][ 94]PIE: Play in editor start time for /Game/ThirdPersonBP/Maps/UEDPIE_0_ThirdPersonExampleMap 0.658
[2018.03.14-19.01.23:391][ 94]LogBlueprintUserMessages: Late PlayInEditor Detection: Level '/Game/ThirdPersonBP/Maps/ThirdPersonExampleMap.ThirdPersonExampleMap:PersistentLevel' has LevelScriptBlueprint '/Game/ThirdPersonBP/Maps/ThirdPersonExampleMap.ThirdPersonExampleMap:PersistentLevel.ThirdPersonExampleMap' with GeneratedClass '/Game/ThirdPersonBP/Maps/ThirdPersonExampleMap.ThirdPersonExampleMap_C' with ClassGeneratedBy '/Game/ThirdPersonBP/Maps/ThirdPersonExampleMap.ThirdPersonExampleMap:PersistentLevel.ThirdPersonExampleMap'
[2018.03.14-19.01.55:320][546]LogBlueprintUserMessages: Early EndPlayMap Detection: Level '/Game/ThirdPersonBP/Maps/ThirdPersonExampleMap.ThirdPersonExampleMap:PersistentLevel' has LevelScriptBlueprint '/Game/ThirdPersonBP/Maps/ThirdPersonExampleMap.ThirdPersonExampleMap:PersistentLevel.ThirdPersonExampleMap' with GeneratedClass '/Game/ThirdPersonBP/Maps/ThirdPersonExampleMap.ThirdPersonExampleMap_C' with ClassGeneratedBy '/Game/ThirdPersonBP/Maps/ThirdPersonExampleMap.ThirdPersonExampleMap:PersistentLevel.ThirdPersonExampleMap'
[2018.03.14-19.01.55:365][546]LogBlueprintUserMessages: Late EndPlayMap Detection: Level '/Game/ThirdPersonBP/Maps/ThirdPersonExampleMap.ThirdPersonExampleMap:PersistentLevel' has LevelScriptBlueprint '/Game/ThirdPersonBP/Maps/ThirdPersonExampleMap.ThirdPersonExampleMap:PersistentLevel.ThirdPersonExampleMap' with GeneratedClass '/Game/ThirdPersonBP/Maps/ThirdPersonExampleMap.ThirdPersonExampleMap_C' with ClassGeneratedBy '/Game/ThirdPersonBP/Maps/ThirdPersonExampleMap.ThirdPersonExampleMap:PersistentLevel.ThirdPersonExampleMap'
[2018.03.14-19.02.01:014][732]LogSlate: Took 0.000397 seconds to synchronously load lazily loaded font '../../../Engine/Content/Slate/Fonts/Roboto-Light.ttf' (159K)
[2018.03.14-19.02.01:451][732]LogContentBrowser: Native class hierarchy updated for 'BlueprintGraph' in 0.0007 seconds. Added 116 classes and 0 folders.
[2018.03.14-19.02.02:074][732]LogSlate: Took 0.000151 seconds to synchronously load lazily loaded font '../../../Engine/Content/Slate/Fonts/Roboto-Regular.ttf' (155K)
[2018.03.14-19.02.02:139][732]LogSlate: Took 0.000268 seconds to synchronously load lazily loaded font '../../../Engine/Content/Editor/Slate/Fonts/Roboto-BoldCondensed.ttf' (158K)
[2018.03.14-19.02.02:372][733]LogSlate: Took 0.000298 seconds to synchronously load lazily loaded font '../../../Engine/Content/Editor/Slate/Fonts/Roboto-Italic.ttf' (157K)
[2018.03.14-19.02.47:426][160]LogEditorViewport: Clicking on Actor (LMB): BP_Sky_Sphere_C (SkySphereBlueprint)
[2018.03.14-19.02.52:209][282]LogSlate: Only BGRA pngs, bmps or icos are supported in by External Image Picker
[2018.03.14-19.02.52:267][283]LogTemp: Executing iPhonePackager certificates Engine -bundlename com.YourCompany.GameProject
[2018.03.14-19.02.52:267][283]LogTemp: CWD: D:\Unreal\UE_4.18\Engine\Binaries\DotNET\IOS
[2018.03.14-19.02.52:267][283]LogTemp: Initial Dir: D:\Unreal\UE_4.18
[2018.03.14-19.02.52:267][283]LogTemp: Env CWD: D:\Unreal\UE_4.18\Engine\Binaries\DotNET\IOS
[2018.03.14-19.02.52:287][284]LogTemp: BranchPath = DESKTOP-8DQOABU/D/Unreal/UE_4.18/Engine/Binaries --- GameBranchPath = DESKTOP-8DQOABU/D/Unreal/UE_4.18/Engine/Binaries
[2018.03.14-19.02.52:309][285]LogTemp: IPP ERROR: Could not find provision directory 'C:\Users\lingh\AppData\Local/Apple Computer/MobileDevice/Provisioning Profiles/'.
[2018.03.14-19.03.31:574][650]BlueprintLog: New page: Compile ThirdPersonCharacter
[2018.03.14-19.03.35:809][921]LogTemp: Repeating last play command: Selected Viewport
[2018.03.14-19.03.35:843][921]LogBlueprintUserMessages: Early PlayInEditor Detection: Level '/Game/ThirdPersonBP/Maps/ThirdPersonExampleMap.ThirdPersonExampleMap:PersistentLevel' has LevelScriptBlueprint '/Game/ThirdPersonBP/Maps/ThirdPersonExampleMap.ThirdPersonExampleMap:PersistentLevel.ThirdPersonExampleMap' with GeneratedClass '/Game/ThirdPersonBP/Maps/ThirdPersonExampleMap.ThirdPersonExampleMap_C' with ClassGeneratedBy '/Game/ThirdPersonBP/Maps/ThirdPersonExampleMap.ThirdPersonExampleMap:PersistentLevel.ThirdPersonExampleMap'
[2018.03.14-19.03.35:844][921]LogPlayLevel: PlayLevel: No blueprints needed recompiling
[2018.03.14-19.03.35:844][921]PIE: New page: PIE session: ThirdPersonExampleMap (Mar 14, 2018, 11:03:35 AM)
[2018.03.14-19.03.35:844][921]LogPlayLevel: Creating play world package: /Game/ThirdPersonBP/Maps/UEDPIE_0_ThirdPersonExampleMap
[2018.03.14-19.03.35:871][921]LogPlayLevel: PIE: StaticDuplicateObject took: (0.026934s)
[2018.03.14-19.03.35:872][921]LogAIModule: Creating AISystem for world ThirdPersonExampleMap
[2018.03.14-19.03.35:872][921]LogPlayLevel: PIE: World Init took: (0.000941s)
[2018.03.14-19.03.35:872][921]LogPlayLevel: PIE: Created PIE world by copying editor world from /Game/ThirdPersonBP/Maps/ThirdPersonExampleMap.ThirdPersonExampleMap to /Game/ThirdPersonBP/Maps/UEDPIE_0_ThirdPersonExampleMap.ThirdPersonExampleMap (0.028267s)
[2018.03.14-19.03.35:898][921]LogInit: XAudio2 using 'Speakers (Realtek(R) Audio)' : 2 channels at 48 kHz using 32 bits per sample (channel mask 0x3)
[2018.03.14-19.03.35:976][921]LogInit: FAudioDevice initialized.
[2018.03.14-19.03.36:011][921]LogLoad: Game class is 'ThirdPersonGameMode_C'
[2018.03.14-19.03.36:015][921]LogWorld: Bringing World /Game/ThirdPersonBP/Maps/UEDPIE_0_ThirdPersonExampleMap.ThirdPersonExampleMap up for play (max tick rate 0) at 2018.03.14-15.03.36
[2018.03.14-19.03.36:015][921]LogWorld: Bringing up level for play took: 0.002496
[2018.03.14-19.03.36:019][921]PIE: Play in editor start time for /Game/ThirdPersonBP/Maps/UEDPIE_0_ThirdPersonExampleMap -0.715
[2018.03.14-19.03.36:019][921]LogBlueprintUserMessages: Late PlayInEditor Detection: Level '/Game/ThirdPersonBP/Maps/ThirdPersonExampleMap.ThirdPersonExampleMap:PersistentLevel' has LevelScriptBlueprint '/Game/ThirdPersonBP/Maps/ThirdPersonExampleMap.ThirdPersonExampleMap:PersistentLevel.ThirdPersonExampleMap' with GeneratedClass '/Game/ThirdPersonBP/Maps/ThirdPersonExampleMap.ThirdPersonExampleMap_C' with ClassGeneratedBy '/Game/ThirdPersonBP/Maps/ThirdPersonExampleMap.ThirdPersonExampleMap:PersistentLevel.ThirdPersonExampleMap'
[2018.03.14-19.05.06:954][944]LogBlueprintUserMessages: Early EndPlayMap Detection: Level '/Game/ThirdPersonBP/Maps/ThirdPersonExampleMap.ThirdPersonExampleMap:PersistentLevel' has LevelScriptBlueprint '/Game/ThirdPersonBP/Maps/ThirdPersonExampleMap.ThirdPersonExampleMap:PersistentLevel.ThirdPersonExampleMap' with GeneratedClass '/Game/ThirdPersonBP/Maps/ThirdPersonExampleMap.ThirdPersonExampleMap_C' with ClassGeneratedBy '/Game/ThirdPersonBP/Maps/ThirdPersonExampleMap.ThirdPersonExampleMap:PersistentLevel.ThirdPersonExampleMap'
[2018.03.14-19.05.06:996][944]LogBlueprintUserMessages: Late EndPlayMap Detection: Level '/Game/ThirdPersonBP/Maps/ThirdPersonExampleMap.ThirdPersonExampleMap:PersistentLevel' has LevelScriptBlueprint '/Game/ThirdPersonBP/Maps/ThirdPersonExampleMap.ThirdPersonExampleMap:PersistentLevel.ThirdPersonExampleMap' with GeneratedClass '/Game/ThirdPersonBP/Maps/ThirdPersonExampleMap.ThirdPersonExampleMap_C' with ClassGeneratedBy '/Game/ThirdPersonBP/Maps/ThirdPersonExampleMap.ThirdPersonExampleMap:PersistentLevel.ThirdPersonExampleMap'
[2018.03.14-20.07.04:961][653]LogD3D11RHI: Timed out while waiting for GPU to catch up. (500 ms)
[2018.03.14-20.07.05:311][655]LogHttp: Warning: 0000020C9055BD00: request failed, libcurl error: 6 (Couldn't resolve host name)
[2018.03.14-20.07.05:311][655]LogHttp: Warning: 0000020C9055BD00: libcurl info message cache 0 (Connection 0 seems to be dead!)
[2018.03.14-20.07.05:312][655]LogHttp: Warning: 0000020C9055BD00: libcurl info message cache 1 (Closing connection 0)
[2018.03.14-20.07.05:312][655]LogHttp: Warning: 0000020C9055BD00: libcurl info message cache 2 (Could not resolve host: datarouter.ol.epicgames.com)
[2018.03.14-20.07.05:312][655]LogHttp: Warning: 0000020C9055BD00: libcurl info message cache 3 (Closing connection 1)
[2018.03.14-20.07.15:029][683]LogSlate: Took 0.000199 seconds to synchronously load lazily loaded font '../../../Engine/Content/Slate/Fonts/Roboto-Light.ttf' (159K)
[2018.03.14-20.07.15:252][683]LogSavePackage: Save=156.61ms
[2018.03.14-20.07.15:252][683]LogSavePackage: Moving 'E:/CIS_568_Game/Project1/DefendTheOrchard/GameProject/Saved/ThirdPersonExampleMap_Auto1FF11632344654484B565D18649E1AF59.tmp' to 'E:/CIS_568_Game/Project1/DefendTheOrchard/GameProject/Saved/Autosaves/Game/ThirdPersonBP/Maps/ThirdPersonExampleMap_Auto1.umap'
[2018.03.14-20.07.15:254][683]LogSavePackage: Display: Finished SavePackage E:/CIS_568_Game/Project1/DefendTheOrchard/GameProject/Saved/Autosaves/Game/ThirdPersonBP/Maps/ThirdPersonExampleMap_Auto1.umap
[2018.03.14-20.07.15:256][683]LogFileHelpers: Editor autosave (incl. sublevels) for '/Game/ThirdPersonBP/Maps/ThirdPersonExampleMap' took 0.195
[2018.03.14-20.07.15:256][683]LogFileHelpers: Editor autosave (incl. sublevels) for all levels took 0.195
[2018.03.14-20.11.42:123][526]LogTemp: Repeating last play command: Selected Viewport
[2018.03.14-20.11.42:147][526]LogBlueprintUserMessages: Early PlayInEditor Detection: Level '/Game/ThirdPersonBP/Maps/ThirdPersonExampleMap.ThirdPersonExampleMap:PersistentLevel' has LevelScriptBlueprint '/Game/ThirdPersonBP/Maps/ThirdPersonExampleMap.ThirdPersonExampleMap:PersistentLevel.ThirdPersonExampleMap' with GeneratedClass '/Game/ThirdPersonBP/Maps/ThirdPersonExampleMap.ThirdPersonExampleMap_C' with ClassGeneratedBy '/Game/ThirdPersonBP/Maps/ThirdPersonExampleMap.ThirdPersonExampleMap:PersistentLevel.ThirdPersonExampleMap'
[2018.03.14-20.11.42:148][526]LogPlayLevel: PlayLevel: No blueprints needed recompiling
[2018.03.14-20.11.42:148][526]PIE: New page: PIE session: ThirdPersonExampleMap (Mar 14, 2018, 12:11:42 PM)
[2018.03.14-20.11.42:148][526]LogPlayLevel: Creating play world package: /Game/ThirdPersonBP/Maps/UEDPIE_0_ThirdPersonExampleMap
[2018.03.14-20.11.42:173][526]LogPlayLevel: PIE: StaticDuplicateObject took: (0.025176s)
[2018.03.14-20.11.42:175][526]LogAIModule: Creating AISystem for world ThirdPersonExampleMap
[2018.03.14-20.11.42:175][526]LogPlayLevel: PIE: World Init took: (0.001009s)
[2018.03.14-20.11.42:175][526]LogPlayLevel: PIE: Created PIE world by copying editor world from /Game/ThirdPersonBP/Maps/ThirdPersonExampleMap.ThirdPersonExampleMap to /Game/ThirdPersonBP/Maps/UEDPIE_0_ThirdPersonExampleMap.ThirdPersonExampleMap (0.026607s)
[2018.03.14-20.11.42:195][526]LogInit: XAudio2 using 'Speakers (Realtek(R) Audio)' : 2 channels at 48 kHz using 32 bits per sample (channel mask 0x3)
[2018.03.14-20.11.42:268][526]LogInit: FAudioDevice initialized.
[2018.03.14-20.11.42:303][526]LogLoad: Game class is 'ThirdPersonGameMode_C'
[2018.03.14-20.11.42:308][526]LogWorld: Bringing World /Game/ThirdPersonBP/Maps/UEDPIE_0_ThirdPersonExampleMap.ThirdPersonExampleMap up for play (max tick rate 0) at 2018.03.14-16.11.42
[2018.03.14-20.11.42:309][526]LogWorld: Bringing up level for play took: 0.003607
[2018.03.14-20.11.42:313][526]PIE: Play in editor start time for /Game/ThirdPersonBP/Maps/UEDPIE_0_ThirdPersonExampleMap -0.415
[2018.03.14-20.11.42:313][526]LogBlueprintUserMessages: Late PlayInEditor Detection: Level '/Game/ThirdPersonBP/Maps/ThirdPersonExampleMap.ThirdPersonExampleMap:PersistentLevel' has LevelScriptBlueprint '/Game/ThirdPersonBP/Maps/ThirdPersonExampleMap.ThirdPersonExampleMap:PersistentLevel.ThirdPersonExampleMap' with GeneratedClass '/Game/ThirdPersonBP/Maps/ThirdPersonExampleMap.ThirdPersonExampleMap_C' with ClassGeneratedBy '/Game/ThirdPersonBP/Maps/ThirdPersonExampleMap.ThirdPersonExampleMap:PersistentLevel.ThirdPersonExampleMap'
[2018.03.14-20.12.01:958][459]LogBlueprintUserMessages: Early EndPlayMap Detection: Level '/Game/ThirdPersonBP/Maps/ThirdPersonExampleMap.ThirdPersonExampleMap:PersistentLevel' has LevelScriptBlueprint '/Game/ThirdPersonBP/Maps/ThirdPersonExampleMap.ThirdPersonExampleMap:PersistentLevel.ThirdPersonExampleMap' with GeneratedClass '/Game/ThirdPersonBP/Maps/ThirdPersonExampleMap.ThirdPersonExampleMap_C' with ClassGeneratedBy '/Game/ThirdPersonBP/Maps/ThirdPersonExampleMap.ThirdPersonExampleMap:PersistentLevel.ThirdPersonExampleMap'
[2018.03.14-20.12.02:002][459]LogBlueprintUserMessages: Late EndPlayMap Detection: Level '/Game/ThirdPersonBP/Maps/ThirdPersonExampleMap.ThirdPersonExampleMap:PersistentLevel' has LevelScriptBlueprint '/Game/ThirdPersonBP/Maps/ThirdPersonExampleMap.ThirdPersonExampleMap:PersistentLevel.ThirdPersonExampleMap' with GeneratedClass '/Game/ThirdPersonBP/Maps/ThirdPersonExampleMap.ThirdPersonExampleMap_C' with ClassGeneratedBy '/Game/ThirdPersonBP/Maps/ThirdPersonExampleMap.ThirdPersonExampleMap:PersistentLevel.ThirdPersonExampleMap'
[2018.03.14-20.14.05:543][741]LogTemp: Repeating last play command: Selected Viewport
[2018.03.14-20.14.05:575][741]LogBlueprintUserMessages: Early PlayInEditor Detection: Level '/Game/ThirdPersonBP/Maps/ThirdPersonExampleMap.ThirdPersonExampleMap:PersistentLevel' has LevelScriptBlueprint '/Game/ThirdPersonBP/Maps/ThirdPersonExampleMap.ThirdPersonExampleMap:PersistentLevel.ThirdPersonExampleMap' with GeneratedClass '/Game/ThirdPersonBP/Maps/ThirdPersonExampleMap.ThirdPersonExampleMap_C' with ClassGeneratedBy '/Game/ThirdPersonBP/Maps/ThirdPersonExampleMap.ThirdPersonExampleMap:PersistentLevel.ThirdPersonExampleMap'
[2018.03.14-20.14.05:575][741]LogPlayLevel: PlayLevel: No blueprints needed recompiling
[2018.03.14-20.14.05:575][741]PIE: New page: PIE session: ThirdPersonExampleMap (Mar 14, 2018, 12:14:05 PM)
[2018.03.14-20.14.05:576][741]LogPlayLevel: Creating play world package: /Game/ThirdPersonBP/Maps/UEDPIE_0_ThirdPersonExampleMap
[2018.03.14-20.14.05:598][741]LogPlayLevel: PIE: StaticDuplicateObject took: (0.022141s)
[2018.03.14-20.14.05:599][741]LogAIModule: Creating AISystem for world ThirdPersonExampleMap
[2018.03.14-20.14.05:599][741]LogPlayLevel: PIE: World Init took: (0.001071s)
[2018.03.14-20.14.05:600][741]LogPlayLevel: PIE: Created PIE world by copying editor world from /Game/ThirdPersonBP/Maps/ThirdPersonExampleMap.ThirdPersonExampleMap to /Game/ThirdPersonBP/Maps/UEDPIE_0_ThirdPersonExampleMap.ThirdPersonExampleMap (0.023608s)
[2018.03.14-20.14.05:619][741]LogInit: XAudio2 using 'Speakers (Realtek(R) Audio)' : 2 channels at 48 kHz using 32 bits per sample (channel mask 0x3)
[2018.03.14-20.14.05:686][741]LogInit: FAudioDevice initialized.
[2018.03.14-20.14.05:718][741]LogLoad: Game class is 'ThirdPersonGameMode_C'
[2018.03.14-20.14.05:721][741]LogWorld: Bringing World /Game/ThirdPersonBP/Maps/UEDPIE_0_ThirdPersonExampleMap.ThirdPersonExampleMap up for play (max tick rate 60) at 2018.03.14-16.14.05
[2018.03.14-20.14.05:721][741]LogWorld: Bringing up level for play took: 0.002120
[2018.03.14-20.14.05:724][741]PIE: Play in editor start time for /Game/ThirdPersonBP/Maps/UEDPIE_0_ThirdPersonExampleMap 0.996
[2018.03.14-20.14.05:724][741]LogBlueprintUserMessages: Late PlayInEditor Detection: Level '/Game/ThirdPersonBP/Maps/ThirdPersonExampleMap.ThirdPersonExampleMap:PersistentLevel' has LevelScriptBlueprint '/Game/ThirdPersonBP/Maps/ThirdPersonExampleMap.ThirdPersonExampleMap:PersistentLevel.ThirdPersonExampleMap' with GeneratedClass '/Game/ThirdPersonBP/Maps/ThirdPersonExampleMap.ThirdPersonExampleMap_C' with ClassGeneratedBy '/Game/ThirdPersonBP/Maps/ThirdPersonExampleMap.ThirdPersonExampleMap:PersistentLevel.ThirdPersonExampleMap'
[2018.03.14-20.14.07:599][827]LogBlueprintUserMessages: Early EndPlayMap Detection: Level '/Game/ThirdPersonBP/Maps/ThirdPersonExampleMap.ThirdPersonExampleMap:PersistentLevel' has LevelScriptBlueprint '/Game/ThirdPersonBP/Maps/ThirdPersonExampleMap.ThirdPersonExampleMap:PersistentLevel.ThirdPersonExampleMap' with GeneratedClass '/Game/ThirdPersonBP/Maps/ThirdPersonExampleMap.ThirdPersonExampleMap_C' with ClassGeneratedBy '/Game/ThirdPersonBP/Maps/ThirdPersonExampleMap.ThirdPersonExampleMap:PersistentLevel.ThirdPersonExampleMap'
[2018.03.14-20.14.07:641][827]LogBlueprintUserMessages: Late EndPlayMap Detection: Level '/Game/ThirdPersonBP/Maps/ThirdPersonExampleMap.ThirdPersonExampleMap:PersistentLevel' has LevelScriptBlueprint '/Game/ThirdPersonBP/Maps/ThirdPersonExampleMap.ThirdPersonExampleMap:PersistentLevel.ThirdPersonExampleMap' with GeneratedClass '/Game/ThirdPersonBP/Maps/ThirdPersonExampleMap.ThirdPersonExampleMap_C' with ClassGeneratedBy '/Game/ThirdPersonBP/Maps/ThirdPersonExampleMap.ThirdPersonExampleMap:PersistentLevel.ThirdPersonExampleMap'
[2018.03.14-20.17.31:051][ 67]LogTemp: Repeating last play command: Selected Viewport
[2018.03.14-20.17.31:071][ 67]LogBlueprintUserMessages: Early PlayInEditor Detection: Level '/Game/ThirdPersonBP/Maps/ThirdPersonExampleMap.ThirdPersonExampleMap:PersistentLevel' has LevelScriptBlueprint '/Game/ThirdPersonBP/Maps/ThirdPersonExampleMap.ThirdPersonExampleMap:PersistentLevel.ThirdPersonExampleMap' with GeneratedClass '/Game/ThirdPersonBP/Maps/ThirdPersonExampleMap.ThirdPersonExampleMap_C' with ClassGeneratedBy '/Game/ThirdPersonBP/Maps/ThirdPersonExampleMap.ThirdPersonExampleMap:PersistentLevel.ThirdPersonExampleMap'
[2018.03.14-20.17.31:071][ 67]LogPlayLevel: PlayLevel: No blueprints needed recompiling
[2018.03.14-20.17.31:072][ 67]PIE: New page: PIE session: ThirdPersonExampleMap (Mar 14, 2018, 12:17:31 PM)
[2018.03.14-20.17.31:072][ 67]LogPlayLevel: Creating play world package: /Game/ThirdPersonBP/Maps/UEDPIE_0_ThirdPersonExampleMap
[2018.03.14-20.17.31:094][ 67]LogPlayLevel: PIE: StaticDuplicateObject took: (0.021533s)
[2018.03.14-20.17.31:095][ 67]LogAIModule: Creating AISystem for world ThirdPersonExampleMap
[2018.03.14-20.17.31:095][ 67]LogPlayLevel: PIE: World Init took: (0.001457s)
[2018.03.14-20.17.31:096][ 67]LogPlayLevel: PIE: Created PIE world by copying editor world from /Game/ThirdPersonBP/Maps/ThirdPersonExampleMap.ThirdPersonExampleMap to /Game/ThirdPersonBP/Maps/UEDPIE_0_ThirdPersonExampleMap.ThirdPersonExampleMap (0.023651s)
[2018.03.14-20.17.31:117][ 67]LogInit: XAudio2 using 'Speakers (Realtek(R) Audio)' : 2 channels at 48 kHz using 32 bits per sample (channel mask 0x3)
[2018.03.14-20.17.31:185][ 67]LogInit: FAudioDevice initialized.
[2018.03.14-20.17.31:223][ 67]LogLoad: Game class is 'ThirdPersonGameMode_C'
[2018.03.14-20.17.31:229][ 67]LogWorld: Bringing World /Game/ThirdPersonBP/Maps/UEDPIE_0_ThirdPersonExampleMap.ThirdPersonExampleMap up for play (max tick rate 60) at 2018.03.14-16.17.31
[2018.03.14-20.17.31:230][ 67]LogWorld: Bringing up level for play took: 0.005267
[2018.03.14-20.17.31:235][ 67]PIE: Play in editor start time for /Game/ThirdPersonBP/Maps/UEDPIE_0_ThirdPersonExampleMap 0.508
[2018.03.14-20.17.31:236][ 67]LogBlueprintUserMessages: Late PlayInEditor Detection: Level '/Game/ThirdPersonBP/Maps/ThirdPersonExampleMap.ThirdPersonExampleMap:PersistentLevel' has LevelScriptBlueprint '/Game/ThirdPersonBP/Maps/ThirdPersonExampleMap.ThirdPersonExampleMap:PersistentLevel.ThirdPersonExampleMap' with GeneratedClass '/Game/ThirdPersonBP/Maps/ThirdPersonExampleMap.ThirdPersonExampleMap_C' with ClassGeneratedBy '/Game/ThirdPersonBP/Maps/ThirdPersonExampleMap.ThirdPersonExampleMap:PersistentLevel.ThirdPersonExampleMap'
[2018.03.14-20.17.43:573][648]LogBlueprintUserMessages: Early EndPlayMap Detection: Level '/Game/ThirdPersonBP/Maps/ThirdPersonExampleMap.ThirdPersonExampleMap:PersistentLevel' has LevelScriptBlueprint '/Game/ThirdPersonBP/Maps/ThirdPersonExampleMap.ThirdPersonExampleMap:PersistentLevel.ThirdPersonExampleMap' with GeneratedClass '/Game/ThirdPersonBP/Maps/ThirdPersonExampleMap.ThirdPersonExampleMap_C' with ClassGeneratedBy '/Game/ThirdPersonBP/Maps/ThirdPersonExampleMap.ThirdPersonExampleMap:PersistentLevel.ThirdPersonExampleMap'
[2018.03.14-20.17.43:645][648]LogBlueprintUserMessages: Late EndPlayMap Detection: Level '/Game/ThirdPersonBP/Maps/ThirdPersonExampleMap.ThirdPersonExampleMap:PersistentLevel' has LevelScriptBlueprint '/Game/ThirdPersonBP/Maps/ThirdPersonExampleMap.ThirdPersonExampleMap:PersistentLevel.ThirdPersonExampleMap' with GeneratedClass '/Game/ThirdPersonBP/Maps/ThirdPersonExampleMap.ThirdPersonExampleMap_C' with ClassGeneratedBy '/Game/ThirdPersonBP/Maps/ThirdPersonExampleMap.ThirdPersonExampleMap:PersistentLevel.ThirdPersonExampleMap'
[2018.03.14-20.18.04:215][424]LogEditorViewport: Clicking on Actor (LMB): TextRenderActor (TextRenderActor)
[2018.03.14-20.18.25:703][256]LogTemp: Repeating last play command: Selected Viewport
[2018.03.14-20.18.25:733][256]LogBlueprintUserMessages: Early PlayInEditor Detection: Level '/Game/ThirdPersonBP/Maps/ThirdPersonExampleMap.ThirdPersonExampleMap:PersistentLevel' has LevelScriptBlueprint '/Game/ThirdPersonBP/Maps/ThirdPersonExampleMap.ThirdPersonExampleMap:PersistentLevel.ThirdPersonExampleMap' with GeneratedClass '/Game/ThirdPersonBP/Maps/ThirdPersonExampleMap.ThirdPersonExampleMap_C' with ClassGeneratedBy '/Game/ThirdPersonBP/Maps/ThirdPersonExampleMap.ThirdPersonExampleMap:PersistentLevel.ThirdPersonExampleMap'
[2018.03.14-20.18.25:734][256]LogPlayLevel: PlayLevel: No blueprints needed recompiling
[2018.03.14-20.18.25:734][256]PIE: New page: PIE session: ThirdPersonExampleMap (Mar 14, 2018, 12:18:25 PM)
[2018.03.14-20.18.25:735][256]LogPlayLevel: Creating play world package: /Game/ThirdPersonBP/Maps/UEDPIE_0_ThirdPersonExampleMap
[2018.03.14-20.18.25:761][256]LogPlayLevel: PIE: StaticDuplicateObject took: (0.026231s)
[2018.03.14-20.18.25:762][256]LogAIModule: Creating AISystem for world ThirdPersonExampleMap
[2018.03.14-20.18.25:762][256]LogPlayLevel: PIE: World Init took: (0.001309s)
[2018.03.14-20.18.25:763][256]LogPlayLevel: PIE: Created PIE world by copying editor world from /Game/ThirdPersonBP/Maps/ThirdPersonExampleMap.ThirdPersonExampleMap to /Game/ThirdPersonBP/Maps/UEDPIE_0_ThirdPersonExampleMap.ThirdPersonExampleMap (0.027986s)
[2018.03.14-20.18.25:788][256]LogInit: XAudio2 using 'Speakers (Realtek(R) Audio)' : 2 channels at 48 kHz using 32 bits per sample (channel mask 0x3)
[2018.03.14-20.18.25:869][256]LogInit: FAudioDevice initialized.
[2018.03.14-20.18.25:904][256]LogLoad: Game class is 'ThirdPersonGameMode_C'
[2018.03.14-20.18.25:908][256]LogWorld: Bringing World /Game/ThirdPersonBP/Maps/UEDPIE_0_ThirdPersonExampleMap.ThirdPersonExampleMap up for play (max tick rate 60) at 2018.03.14-16.18.25
[2018.03.14-20.18.25:909][256]LogWorld: Bringing up level for play took: 0.002873
[2018.03.14-20.18.25:912][256]PIE: Play in editor start time for /Game/ThirdPersonBP/Maps/UEDPIE_0_ThirdPersonExampleMap -0.815
[2018.03.14-20.18.25:912][256]LogBlueprintUserMessages: Late PlayInEditor Detection: Level '/Game/ThirdPersonBP/Maps/ThirdPersonExampleMap.ThirdPersonExampleMap:PersistentLevel' has LevelScriptBlueprint '/Game/ThirdPersonBP/Maps/ThirdPersonExampleMap.ThirdPersonExampleMap:PersistentLevel.ThirdPersonExampleMap' with GeneratedClass '/Game/ThirdPersonBP/Maps/ThirdPersonExampleMap.ThirdPersonExampleMap_C' with ClassGeneratedBy '/Game/ThirdPersonBP/Maps/ThirdPersonExampleMap.ThirdPersonExampleMap:PersistentLevel.ThirdPersonExampleMap'
[2018.03.14-20.18.50:013][327]LogBlueprintUserMessages: Early EndPlayMap Detection: Level '/Game/ThirdPersonBP/Maps/ThirdPersonExampleMap.ThirdPersonExampleMap:PersistentLevel' has LevelScriptBlueprint '/Game/ThirdPersonBP/Maps/ThirdPersonExampleMap.ThirdPersonExampleMap:PersistentLevel.ThirdPersonExampleMap' with GeneratedClass '/Game/ThirdPersonBP/Maps/ThirdPersonExampleMap.ThirdPersonExampleMap_C' with ClassGeneratedBy '/Game/ThirdPersonBP/Maps/ThirdPersonExampleMap.ThirdPersonExampleMap:PersistentLevel.ThirdPersonExampleMap'
[2018.03.14-20.18.50:075][327]LogBlueprintUserMessages: Late EndPlayMap Detection: Level '/Game/ThirdPersonBP/Maps/ThirdPersonExampleMap.ThirdPersonExampleMap:PersistentLevel' has LevelScriptBlueprint '/Game/ThirdPersonBP/Maps/ThirdPersonExampleMap.ThirdPersonExampleMap:PersistentLevel.ThirdPersonExampleMap' with GeneratedClass '/Game/ThirdPersonBP/Maps/ThirdPersonExampleMap.ThirdPersonExampleMap_C' with ClassGeneratedBy '/Game/ThirdPersonBP/Maps/ThirdPersonExampleMap.ThirdPersonExampleMap:PersistentLevel.ThirdPersonExampleMap'
[2018.03.14-20.19.15:147][ 39]LogRenderer: Reallocating scene render targets to support 1096x476 Format 10 NumSamples 1 (Frame:1).
[2018.03.14-20.19.53:078][913]Cmd: QUIT_EDITOR
[2018.03.14-20.19.53:254][913]LogWindowsTextInputMethodSystem: Display: IME system now activated using TSF (搜狗拼音输入法).
[2018.03.14-20.19.53:254][913]LogWindowsTextInputMethodSystem: Display: IME system now activated using TSF (搜狗拼音输入法).
[2018.03.14-20.19.53:268][913]LogExit: Preparing to exit.
[2018.03.14-20.19.53:904][913]LogExit: Editor shut down
[2018.03.14-20.19.53:908][913]LogExit: Transaction tracking system shut down
[2018.03.14-20.19.54:105][913]LogDirectoryWatcher: A directory notification for '../../../Engine/Content/' was aborted.
[2018.03.14-20.19.54:105][913]LogDirectoryWatcher: A directory notification for 'E:/CIS_568_Game/Project1/DefendTheOrchard/GameProject/Content/' was aborted.
[2018.03.14-20.19.54:105][913]LogDirectoryWatcher: A directory notification for '../../../Engine/Plugins/2D/Paper2D/Content/' was aborted.
[2018.03.14-20.19.54:106][913]LogDirectoryWatcher: A directory notification for '../../../Engine/Plugins/Media/MediaCompositing/Content/' was aborted.
[2018.03.14-20.19.54:106][913]LogDirectoryWatcher: A directory notification for '../../../Engine/Plugins/Runtime/AppleARKit/Content/' was aborted.
[2018.03.14-20.19.54:106][913]LogDirectoryWatcher: A directory notification for '../../../Engine/Plugins/Runtime/Oculus/OculusVR/Content/' was aborted.
[2018.03.14-20.19.54:106][913]LogDirectoryWatcher: A directory notification for '../../../Engine/Plugins/Runtime/Steam/SteamVR/Content/' was aborted.
[2018.03.14-20.19.54:180][913]LogExit: Object subsystem successfully closed.
[2018.03.14-20.19.54:201][913]LogD3D11RHI: Shutdown
[2018.03.14-20.19.54:201][913]LogD3D11RHI: CleanupD3DDevice
[2018.03.14-20.19.54:230][913]LogD3D11RHI: ~FD3D11DynamicRHI
[2018.03.14-20.19.54:238][913]LogModuleManager: Shutting down and abandoning module ExternalImagePicker (554)
[2018.03.14-20.19.54:238][913]LogModuleManager: Shutting down and abandoning module BlueprintGraph (552)
[2018.03.14-20.19.54:238][913]LogModuleManager: Shutting down and abandoning module MovieSceneCapture (550)
[2018.03.14-20.19.54:238][913]LogModuleManager: Shutting down and abandoning module HierarchicalLODOutliner (548)
[2018.03.14-20.19.54:238][913]LogModuleManager: Shutting down and abandoning module SceneOutliner (546)
[2018.03.14-20.19.54:238][913]LogModuleManager: Shutting down and abandoning module AddContentDialog (544)
[2018.03.14-20.19.54:238][913]LogDirectoryWatcher: A directory notification for 'D:/Unreal/UE_4.18/FeaturePacks/' was aborted.
[2018.03.14-20.19.54:240][913]LogModuleManager: Shutting down and abandoning module WidgetCarousel (543)
[2018.03.14-20.19.54:240][913]LogModuleManager: Shutting down and abandoning module EditorWidgets (540)
[2018.03.14-20.19.54:240][913]LogModuleManager: Shutting down and abandoning module CollectionManager (538)
[2018.03.14-20.19.54:240][913]LogDirectoryWatcher: A directory notification for 'E:/CIS_568_Game/Project1/DefendTheOrchard/GameProject/Content/Collections/' was aborted.
[2018.03.14-20.19.54:240][913]LogDirectoryWatcher: A directory notification for 'E:/CIS_568_Game/Project1/DefendTheOrchard/GameProject/Content/Developers/lingh/Collections/' was aborted.
[2018.03.14-20.19.54:240][913]LogDirectoryWatcher: A directory notification for 'E:/CIS_568_Game/Project1/DefendTheOrchard/GameProject/Saved/Collections/' was aborted.
[2018.03.14-20.19.54:240][913]LogModuleManager: Shutting down and abandoning module StatsViewer (536)
[2018.03.14-20.19.54:240][913]LogModuleManager: Shutting down and abandoning module FoliageEdit (534)
[2018.03.14-20.19.54:240][913]LogModuleManager: Shutting down and abandoning module LandscapeEditor (532)
[2018.03.14-20.19.54:240][913]LogModuleManager: Shutting down and abandoning module MeshPaintMode (530)
[2018.03.14-20.19.54:240][913]LogModuleManager: Shutting down and abandoning module SceneDepthPickerMode (528)
[2018.03.14-20.19.54:240][913]LogModuleManager: Shutting down and abandoning module ActorPickerMode (526)
[2018.03.14-20.19.54:240][913]LogModuleManager: Shutting down and abandoning module GeometryMode (524)
[2018.03.14-20.19.54:240][913]LogModuleManager: Shutting down and abandoning module TextureAlignMode (522)
[2018.03.14-20.19.54:240][913]LogModuleManager: Shutting down and abandoning module BspMode (520)
[2018.03.14-20.19.54:240][913]LogModuleManager: Shutting down and abandoning module PIEPreviewDeviceProfileSelector (518)
[2018.03.14-20.19.54:240][913]LogModuleManager: Shutting down and abandoning module HardwareSurvey (516)
[2018.03.14-20.19.54:240][913]LogModuleManager: Shutting down and abandoning module SequenceRecorderSections (514)
[2018.03.14-20.19.54:240][913]LogModuleManager: Shutting down and abandoning module AutomationWorker (512)
[2018.03.14-20.19.54:240][913]LogModuleManager: Shutting down and abandoning module MatineeToLevelSequence (510)
[2018.03.14-20.19.54:240][913]LogModuleManager: Shutting down and abandoning module LevelSequenceEditor (508)
[2018.03.14-20.19.54:240][913]LogModuleManager: Shutting down and abandoning module PlacementMode (507)
[2018.03.14-20.19.54:240][913]LogModuleManager: Shutting down and abandoning module WmfMediaFactory (504)
[2018.03.14-20.19.54:240][913]LogModuleManager: Shutting down and abandoning module WmfMediaEditor (502)
[2018.03.14-20.19.54:240][913]LogModuleManager: Shutting down and abandoning module OpenExrWrapper (500)
[2018.03.14-20.19.54:240][913]LogModuleManager: Shutting down and abandoning module ImgMediaFactory (498)
[2018.03.14-20.19.54:240][913]LogModuleManager: Shutting down and abandoning module ImgMediaEditor (496)
[2018.03.14-20.19.54:240][913]LogModuleManager: Shutting down and abandoning module AvfMediaFactory (494)
[2018.03.14-20.19.54:240][913]LogModuleManager: Shutting down and abandoning module AvfMediaEditor (492)
[2018.03.14-20.19.54:240][913]LogModuleManager: Shutting down and abandoning module AndroidMediaFactory (490)
[2018.03.14-20.19.54:240][913]LogModuleManager: Shutting down and abandoning module AndroidMediaEditor (488)
[2018.03.14-20.19.54:240][913]LogModuleManager: Shutting down and abandoning module CharacterAI (486)
[2018.03.14-20.19.54:240][913]LogModuleManager: Shutting down and abandoning module AudioCapture (484)
[2018.03.14-20.19.54:240][913]LogModuleManager: Shutting down and abandoning module SequenceRecorder (483)
[2018.03.14-20.19.54:240][913]LogModuleManager: Shutting down and abandoning module SmartSnapping (480)
[2018.03.14-20.19.54:240][913]LogModuleManager: Shutting down and abandoning module SessionServices (478)
[2018.03.14-20.19.54:240][913]LogModuleManager: Shutting down and abandoning module ViewportSnapping (476)
[2018.03.14-20.19.54:240][913]LogModuleManager: Shutting down and abandoning module ViewportInteraction (474)
[2018.03.14-20.19.54:240][913]LogModuleManager: Shutting down and abandoning module ClothPainter (472)
[2018.03.14-20.19.54:240][913]LogModuleManager: Shutting down and abandoning module SkeletalMeshEditor (471)
[2018.03.14-20.19.54:240][913]LogModuleManager: Shutting down and abandoning module LogVisualizer (468)
[2018.03.14-20.19.54:240][913]LogModuleManager: Shutting down and abandoning module IntroTutorials (466)
[2018.03.14-20.19.54:240][913]LogModuleManager: Shutting down and abandoning module GameProjectGeneration (465)
[2018.03.14-20.19.54:240][913]LogModuleManager: Shutting down and abandoning module IOSPlatformEditor (462)
[2018.03.14-20.19.54:240][913]LogModuleManager: Shutting down and abandoning module HTML5PlatformEditor (460)
[2018.03.14-20.19.54:240][913]LogModuleManager: Shutting down and abandoning module AndroidPlatformEditor (458)
[2018.03.14-20.19.54:240][913]LogModuleManager: Shutting down and abandoning module AndroidDeviceDetection (457)
[2018.03.14-20.19.55:073][913]LogModuleManager: Shutting down and abandoning module WindowsPlatformEditor (454)
[2018.03.14-20.19.55:073][913]LogModuleManager: Shutting down and abandoning module IOSRuntimeSettings (452)
[2018.03.14-20.19.55:073][913]LogModuleManager: Shutting down and abandoning module AndroidRuntimeSettings (450)
[2018.03.14-20.19.55:073][913]LogModuleManager: Shutting down and abandoning module InputBindingEditor (448)
[2018.03.14-20.19.55:073][913]LogModuleManager: Shutting down and abandoning module MergeActors (446)
[2018.03.14-20.19.55:073][913]LogModuleManager: Shutting down and abandoning module SizeMap (444)
[2018.03.14-20.19.55:073][913]LogModuleManager: Shutting down and abandoning module TreeMap (442)
[2018.03.14-20.19.55:073][913]LogModuleManager: Shutting down and abandoning module ReferenceViewer (440)
[2018.03.14-20.19.55:073][913]LogModuleManager: Shutting down and abandoning module LocalizationDashboard (438)
[2018.03.14-20.19.55:074][913]LogModuleManager: Shutting down and abandoning module LocalizationService (437)
[2018.03.14-20.19.55:074][913]LogModuleManager: Shutting down and abandoning module HardwareTargeting (434)
[2018.03.14-20.19.55:074][913]LogModuleManager: Shutting down and abandoning module DeviceProfileEditor (432)
[2018.03.14-20.19.55:074][913]LogModuleManager: Shutting down and abandoning module UndoHistory (430)
[2018.03.14-20.19.55:074][913]LogModuleManager: Shutting down and abandoning module XmlParser (428)
[2018.03.14-20.19.55:074][913]LogModuleManager: Shutting down and abandoning module Blutility (426)
[2018.03.14-20.19.55:074][913]LogModuleManager: Shutting down and abandoning module ProjectSettingsViewer (424)
[2018.03.14-20.19.55:074][913]LogModuleManager: Shutting down and abandoning module ProjectTargetPlatformEditor (423)
[2018.03.14-20.19.55:075][913]LogModuleManager: Shutting down and abandoning module EditorSettingsViewer (420)
[2018.03.14-20.19.55:075][913]LogModuleManager: Shutting down and abandoning module SettingsEditor (418)
[2018.03.14-20.19.55:075][913]LogModuleManager: Shutting down and abandoning module ProjectLauncher (416)
[2018.03.14-20.19.55:075][913]LogModuleManager: Shutting down and abandoning module SessionFrontend (414)
[2018.03.14-20.19.55:075][913]LogModuleManager: Shutting down and abandoning module ProfilerClient (412)
[2018.03.14-20.19.55:075][913]LogModuleManager: Shutting down and abandoning module DeviceManager (410)
[2018.03.14-20.19.55:076][913]LogModuleManager: Shutting down and abandoning module TargetDeviceServices (409)
[2018.03.14-20.19.55:131][913]LogModuleManager: Shutting down and abandoning module AutomationController (406)
[2018.03.14-20.19.55:131][913]LogModuleManager: Shutting down and abandoning module AutomationWindow (404)
[2018.03.14-20.19.55:131][913]LogModuleManager: Shutting down and abandoning module Layers (402)
[2018.03.14-20.19.55:131][913]LogModuleManager: Shutting down and abandoning module ComponentVisualizers (400)
[2018.03.14-20.19.55:131][913]LogModuleManager: Shutting down and abandoning module DetailCustomizations (398)
[2018.03.14-20.19.55:131][913]LogModuleManager: Shutting down and abandoning module PackagesDialog (396)
[2018.03.14-20.19.55:132][913]LogModuleManager: Shutting down and abandoning module Persona (394)
[2018.03.14-20.19.55:132][913]LogModuleManager: Shutting down and abandoning module AdvancedPreviewScene (393)
[2018.03.14-20.19.55:132][913]LogModuleManager: Shutting down and abandoning module AnimGraph (391)
[2018.03.14-20.19.55:133][913]LogModuleManager: Shutting down and abandoning module Kismet (388)
[2018.03.14-20.19.55:152][913]LogModuleManager: Shutting down and abandoning module ClassViewer (386)
[2018.03.14-20.19.55:152][913]LogModuleManager: Shutting down and abandoning module Toolbox (384)
[2018.03.14-20.19.55:152][913]LogModuleManager: Shutting down and abandoning module ModuleUI (382)
[2018.03.14-20.19.55:152][913]LogModuleManager: Shutting down and abandoning module MovieSceneTools (380)
[2018.03.14-20.19.55:152][913]LogModuleManager: Shutting down and abandoning module OutputLog (378)
[2018.03.14-20.19.55:152][913]LogModuleManager: Shutting down and abandoning module GammaUI (376)
[2018.03.14-20.19.55:152][913]LogModuleManager: Shutting down and abandoning module Documentation (374)
[2018.03.14-20.19.55:152][913]LogModuleManager: Shutting down and abandoning module MovieSceneTracks (372)
[2018.03.14-20.19.55:152][913]LogModuleManager: Shutting down and abandoning module MovieScene (370)
[2018.03.14-20.19.55:152][913]LogModuleManager: Shutting down and abandoning module StreamingPauseRendering (368)
[2018.03.14-20.19.55:153][913]LogModuleManager: Shutting down and abandoning module LauncherPlatform (366)
[2018.03.14-20.19.55:153][913]LogModuleManager: Shutting down and abandoning module AnalyticsET (364)
[2018.03.14-20.19.55:153][913]LogModuleManager: Shutting down and abandoning module PortalServices (362)
[2018.03.14-20.19.55:153][913]LogModuleManager: Shutting down and abandoning module PortalRpc (360)
[2018.03.14-20.19.55:153][913]LogModuleManager: Shutting down and abandoning module MessagingRpc (358)
[2018.03.14-20.19.55:153][913]LogModuleManager: Shutting down and abandoning module AIModule (356)
[2018.03.14-20.19.55:153][913]LogModuleManager: Shutting down and abandoning module GameplayDebugger (355)
[2018.03.14-20.19.55:153][913]LogModuleManager: Shutting down and abandoning module AITestSuite (353)
[2018.03.14-20.19.55:153][913]LogModuleManager: Shutting down and abandoning module DesktopPlatform (350)
[2018.03.14-20.19.55:153][913]LogModuleManager: Shutting down and abandoning module ProfilerService (348)
[2018.03.14-20.19.55:247][913]LogModuleManager: Shutting down and abandoning module TaskGraph (346)
[2018.03.14-20.19.55:247][913]LogModuleManager: Shutting down and abandoning module SteamVRController (344)
[2018.03.14-20.19.55:247][913]LogModuleManager: Shutting down and abandoning module ProceduralMeshComponentEditor (342)
[2018.03.14-20.19.55:247][913]LogModuleManager: Shutting down and abandoning module ProceduralMeshComponent (340)
[2018.03.14-20.19.55:247][913]LogModuleManager: Shutting down and abandoning module OculusInput (338)
[2018.03.14-20.19.55:247][913]LogModuleManager: Shutting down and abandoning module MobilePatchingUtils (336)
[2018.03.14-20.19.55:247][913]LogModuleManager: Shutting down and abandoning module CustomMeshComponent (334)
[2018.03.14-20.19.55:247][913]LogModuleManager: Shutting down and abandoning module CableComponent (332)
[2018.03.14-20.19.55:247][913]LogModuleManager: Shutting down and abandoning module ArchVisCharacter (330)
[2018.03.14-20.19.55:247][913]LogModuleManager: Shutting down and abandoning module AndroidPermission (328)
[2018.03.14-20.19.55:247][913]LogModuleManager: Shutting down and abandoning module ActorSequence (324)
[2018.03.14-20.19.55:247][913]LogModuleManager: Shutting down and abandoning module MediaPlayerEditor (322)
[2018.03.14-20.19.55:248][913]LogModuleManager: Shutting down and abandoning module MediaCompositingEditor (320)
[2018.03.14-20.19.55:248][913]LogModuleManager: Shutting down and abandoning module MediaCompositing (318)
[2018.03.14-20.19.55:248][913]LogModuleManager: Shutting down and abandoning module HTML5Networking (316)
[2018.03.14-20.19.55:248][913]LogModuleManager: Shutting down and abandoning module AlembicImporter (314)
[2018.03.14-20.19.55:248][913]LogModuleManager: Shutting down and abandoning module AlembicLibrary (313)
[2018.03.14-20.19.55:248][913]LogModuleManager: Shutting down and abandoning module GeometryCache (312)
[2018.03.14-20.19.55:248][913]LogModuleManager: Shutting down and abandoning module GeometryCacheEd (311)
[2018.03.14-20.19.55:249][913]LogModuleManager: Shutting down and abandoning module SpeedTreeImporter (306)
[2018.03.14-20.19.55:249][913]LogModuleManager: Shutting down and abandoning module PluginBrowser (304)
[2018.03.14-20.19.55:249][913]LogModuleManager: Shutting down and abandoning module MobileLauncherProfileWizard (302)
[2018.03.14-20.19.55:249][913]LogModuleManager: Shutting down and abandoning module VisualStudioSourceCodeAccess (300)
[2018.03.14-20.19.55:249][913]LogModuleManager: Shutting down and abandoning module VisualStudioCodeSourceCodeAccess (298)
[2018.03.14-20.19.55:249][913]LogModuleManager: Shutting down and abandoning module UObjectPlugin (296)
[2018.03.14-20.19.55:249][913]LogModuleManager: Shutting down and abandoning module SubversionSourceControl (294)
[2018.03.14-20.19.55:249][913]LogModuleManager: Shutting down and abandoning module PerforceSourceControl (292)
[2018.03.14-20.19.55:249][913]LogModuleManager: Shutting down and abandoning module GitSourceControl (290)
[2018.03.14-20.19.55:249][913]LogModuleManager: Shutting down and abandoning module SourceControl (289)
[2018.03.14-20.19.55:249][913]LogModuleManager: Shutting down and abandoning module LightPropagationVolumeEditor (286)
[2018.03.14-20.19.55:250][913]LogModuleManager: Shutting down and abandoning module PaperTiledImporter (284)
[2018.03.14-20.19.55:250][913]LogModuleManager: Shutting down and abandoning module PaperSpriteSheetImporter (282)
[2018.03.14-20.19.55:250][913]LogModuleManager: Shutting down and abandoning module Paper2DEditor (280)
[2018.03.14-20.19.55:250][913]LogModuleManager: Shutting down and abandoning module MeshPaint (279)
[2018.03.14-20.19.55:250][913]LogModuleManager: Shutting down and abandoning module LevelEditor (277)
[2018.03.14-20.19.55:253][913]LogModuleManager: Shutting down and abandoning module PixelInspectorModule (276)
[2018.03.14-20.19.55:253][913]LogModuleManager: Shutting down and abandoning module MainFrame (274)
[2018.03.14-20.19.55:253][913]LogModuleManager: Shutting down and abandoning module HotReload (273)
[2018.03.14-20.19.55:255][913]LogModuleManager: Shutting down and abandoning module RuntimePhysXCooking (268)
[2018.03.14-20.19.55:255][913]LogModuleManager: Shutting down and abandoning module PhysXVehiclesEditor (266)
[2018.03.14-20.19.55:255][913]LogModuleManager: Shutting down and abandoning module PhysXVehicles (264)
[2018.03.14-20.19.55:255][913]LogModuleManager: Shutting down and abandoning module OculusEditor (262)
[2018.03.14-20.19.55:255][913]LogModuleManager: Shutting down and abandoning module LocationServicesBPLibrary (260)
[2018.03.14-20.19.55:255][913]LogModuleManager: Shutting down and abandoning module ImmediatePhysicsEditor (258)
[2018.03.14-20.19.55:255][913]LogModuleManager: Shutting down and abandoning module ImmediatePhysics (256)
[2018.03.14-20.19.55:255][913]LogModuleManager: Shutting down and abandoning module UdpMessaging (254)
[2018.03.14-20.19.55:357][913]LogModuleManager: Shutting down and abandoning module TcpMessaging (252)
[2018.03.14-20.19.55:458][913]LogModuleManager: Shutting down and abandoning module GameplayTagsEditor (250)
[2018.03.14-20.19.55:458][913]LogModuleManager: Shutting down and abandoning module FacialAnimationEditor (248)
[2018.03.14-20.19.55:458][913]LogModuleManager: Shutting down and abandoning module FacialAnimation (246)
[2018.03.14-20.19.55:458][913]LogModuleManager: Shutting down and abandoning module AssetManagerEditor (244)
[2018.03.14-20.19.55:458][913]LogModuleManager: Shutting down and abandoning module GraphEditor (243)
[2018.03.14-20.19.55:458][913]LogModuleManager: Shutting down and abandoning module ContentBrowser (241)
[2018.03.14-20.19.55:460][913]LogModuleManager: Shutting down and abandoning module LightPropagationVolumeRuntime (238)
[2018.03.14-20.19.55:460][913]LogModuleManager: Shutting down and abandoning module Paper2D (236)
[2018.03.14-20.19.55:460][913]LogModuleManager: Shutting down and abandoning module WindowsMoviePlayer (234)
[2018.03.14-20.19.55:460][913]LogModuleManager: Shutting down and abandoning module WmfMedia (232)
[2018.03.14-20.19.55:463][913]LogModuleManager: Shutting down and abandoning module ImgMedia (230)
[2018.03.14-20.19.55:463][913]LogModuleManager: Shutting down and abandoning module PacketHandler (228)
[2018.03.14-20.19.55:463][913]LogModuleManager: Shutting down and abandoning module ClothingSystemEditor (226)
[2018.03.14-20.19.55:463][913]LogModuleManager: Shutting down and abandoning module ClothingSystemRuntime (224)
[2018.03.14-20.19.55:463][913]LogModuleManager: Shutting down and abandoning module MediaAssets (222)
[2018.03.14-20.19.55:463][913]LogModuleManager: Shutting down and abandoning module Media (221)
[2018.03.14-20.19.55:469][913]LogModuleManager: Shutting down and abandoning module Overlay (218)
[2018.03.14-20.19.55:470][913]LogModuleManager: Shutting down and abandoning module OverlayEditor (217)
[2018.03.14-20.19.55:470][913]LogModuleManager: Shutting down and abandoning module VREditor (214)
[2018.03.14-20.19.55:470][913]LogModuleManager: Shutting down and abandoning module StringTableEditor (212)
[2018.03.14-20.19.55:470][913]LogModuleManager: Shutting down and abandoning module GameplayTasksEditor (210)
[2018.03.14-20.19.55:470][913]LogModuleManager: Shutting down and abandoning module BehaviorTreeEditor (208)
[2018.03.14-20.19.55:470][913]LogModuleManager: Shutting down and abandoning module FunctionalTesting (206)
[2018.03.14-20.19.55:470][913]LogModuleManager: Shutting down and abandoning module CollisionAnalyzer (204)
[2018.03.14-20.19.55:470][913]LogModuleManager: Shutting down and abandoning module WorkspaceMenuStructure (203)
[2018.03.14-20.19.55:470][913]LogModuleManager: Shutting down and abandoning module UMG (200)
[2018.03.14-20.19.55:470][913]LogModuleManager: Shutting down and abandoning module UMGEditor (199)
[2018.03.14-20.19.55:470][913]LogModuleManager: Shutting down and abandoning module Sequencer (198)
[2018.03.14-20.19.55:470][913]LogModuleManager: Shutting down and abandoning module MessageLog (195)
[2018.03.14-20.19.55:470][913]LogModuleManager: Shutting down and abandoning module SlateReflector (190)
[2018.03.14-20.19.55:470][913]LogModuleManager: Shutting down and abandoning module Slate (188)
[2018.03.14-20.19.55:470][913]LogModuleManager: Shutting down and abandoning module EditorStyle (186)
[2018.03.14-20.19.55:472][913]LogModuleManager: Shutting down and abandoning module MRMesh (184)
[2018.03.14-20.19.55:472][913]LogModuleManager: Shutting down and abandoning module SourceCodeAccess (182)
[2018.03.14-20.19.55:472][913]LogModuleManager: Shutting down and abandoning module HeadMountedDisplay (180)
[2018.03.14-20.19.55:472][913]LogModuleManager: Shutting down and abandoning module XAudio2 (178)
[2018.03.14-20.19.55:472][913]LogModuleManager: Shutting down and abandoning module Networking (176)
[2018.03.14-20.19.55:473][913]LogModuleManager: Shutting down and abandoning module Core (172)
[2018.03.14-20.19.55:473][913]LogModuleManager: Shutting down and abandoning module LevelSequence (168)
[2018.03.14-20.19.55:473][913]LogModuleManager: Shutting down and abandoning module DirectoryWatcher (166)
[2018.03.14-20.19.55:473][913]LogModuleManager: Shutting down and abandoning module KismetCompiler (164)
[2018.03.14-20.19.55:473][913]LogModuleManager: Shutting down and abandoning module MeshUtilities (162)
[2018.03.14-20.19.55:473][913]LogModuleManager: Shutting down and abandoning module MeshMergeUtilities (161)
[2018.03.14-20.19.55:473][913]LogModuleManager: Shutting down and abandoning module MeshReductionInterface (160)
[2018.03.14-20.19.55:473][913]LogModuleManager: Shutting down and abandoning module SimplygonSwarm (159)
[2018.03.14-20.19.55:473][913]LogModuleManager: Shutting down and abandoning module SimplygonMeshReduction (157)
[2018.03.14-20.19.55:474][913]LogModuleManager: Shutting down and abandoning module QuadricMeshReduction (155)
[2018.03.14-20.19.55:474][913]LogModuleManager: Shutting down and abandoning module MaterialBaking (151)
[2018.03.14-20.19.55:474][913]LogModuleManager: Shutting down and abandoning module DerivedDataCache (148)
[2018.03.14-20.19.55:555][913]LogDerivedDataCache: Shutdown
[2018.03.14-20.19.55:555][913]LogModuleManager: Shutting down and abandoning module TargetPlatform (146)
[2018.03.14-20.19.55:555][913]LogModuleManager: Shutting down and abandoning module VulkanShaderFormat (145)
[2018.03.14-20.19.55:555][913]LogModuleManager: Shutting down and abandoning module ShaderFormatVectorVM (143)
[2018.03.14-20.19.55:555][913]LogModuleManager: Shutting down and abandoning module ShaderFormatOpenGL (141)
[2018.03.14-20.19.55:555][913]LogModuleManager: Shutting down and abandoning module ShaderFormatD3D (139)
[2018.03.14-20.19.55:555][913]LogModuleManager: Shutting down and abandoning module MetalShaderFormat (137)
[2018.03.14-20.19.55:555][913]LogModuleManager: Shutting down and abandoning module TextureFormatUncompressed (135)
[2018.03.14-20.19.55:555][913]LogModuleManager: Shutting down and abandoning module TextureFormatPVR (133)
[2018.03.14-20.19.55:555][913]LogModuleManager: Shutting down and abandoning module TextureFormatDXT (131)
[2018.03.14-20.19.55:555][913]LogModuleManager: Shutting down and abandoning module TextureFormatIntelISPCTexComp (129)
[2018.03.14-20.19.55:556][913]LogModuleManager: Shutting down and abandoning module TextureFormatASTC (127)
[2018.03.14-20.19.55:556][913]LogModuleManager: Shutting down and abandoning module ImageWrapper (126)
[2018.03.14-20.19.55:556][913]LogModuleManager: Shutting down and abandoning module TextureFormatAndroid (123)
[2018.03.14-20.19.55:556][913]LogModuleManager: Shutting down and abandoning module AudioFormatOpus (121)
[2018.03.14-20.19.55:556][913]LogModuleManager: Shutting down and abandoning module AudioFormatOgg (119)
[2018.03.14-20.19.55:556][913]LogModuleManager: Shutting down and abandoning module AudioFormatADPCM (117)
[2018.03.14-20.19.55:556][913]LogModuleManager: Shutting down and abandoning module LinuxTargetPlatform (115)
[2018.03.14-20.19.55:557][913]LogModuleManager: Shutting down and abandoning module LinuxServerTargetPlatform (113)
[2018.03.14-20.19.55:557][913]LogModuleManager: Shutting down and abandoning module LinuxNoEditorTargetPlatform (111)
[2018.03.14-20.19.55:557][913]LogModuleManager: Shutting down and abandoning module LinuxClientTargetPlatform (109)
[2018.03.14-20.19.55:557][913]LogModuleManager: Shutting down and abandoning module TVOSTargetPlatform (107)
[2018.03.14-20.19.55:557][913]LogModuleManager: Shutting down and abandoning module Messaging (105)
[2018.03.14-20.19.55:557][913]LogModuleManager: Shutting down and abandoning module IOSTargetPlatform (103)
[2018.03.14-20.19.55:557][913]LogModuleManager: Shutting down and abandoning module HTML5TargetPlatform (101)
[2018.03.14-20.19.55:557][913]LogModuleManager: Shutting down and abandoning module AndroidTargetPlatform (99)
[2018.03.14-20.19.55:558][913]LogModuleManager: Shutting down and abandoning module Android_PVRTCTargetPlatform (97)
[2018.03.14-20.19.55:558][913]LogModuleManager: Shutting down and abandoning module Android_MultiTargetPlatform (95)
[2018.03.14-20.19.55:558][913]LogModuleManager: Shutting down and abandoning module Android_ETC2TargetPlatform (93)
[2018.03.14-20.19.55:558][913]LogModuleManager: Shutting down and abandoning module Android_ETC1TargetPlatform (91)
[2018.03.14-20.19.55:558][913]LogModuleManager: Shutting down and abandoning module Android_DXTTargetPlatform (89)
[2018.03.14-20.19.55:558][913]LogModuleManager: Shutting down and abandoning module Android_ATCTargetPlatform (87)
[2018.03.14-20.19.55:558][913]LogModuleManager: Shutting down and abandoning module Android_ASTCTargetPlatform (85)
[2018.03.14-20.19.55:558][913]LogModuleManager: Shutting down and abandoning module WindowsTargetPlatform (83)
[2018.03.14-20.19.55:558][913]LogModuleManager: Shutting down and abandoning module WindowsServerTargetPlatform (81)
[2018.03.14-20.19.55:558][913]LogModuleManager: Shutting down and abandoning module WindowsNoEditorTargetPlatform (79)
[2018.03.14-20.19.55:558][913]LogModuleManager: Shutting down and abandoning module WindowsClientTargetPlatform (77)
[2018.03.14-20.19.55:559][913]LogModuleManager: Shutting down and abandoning module MacTargetPlatform (75)
[2018.03.14-20.19.55:559][913]LogModuleManager: Shutting down and abandoning module MacServerTargetPlatform (73)
[2018.03.14-20.19.55:559][913]LogModuleManager: Shutting down and abandoning module MacNoEditorTargetPlatform (71)
[2018.03.14-20.19.55:559][913]LogModuleManager: Shutting down and abandoning module MacClientTargetPlatform (69)
[2018.03.14-20.19.55:559][913]LogModuleManager: Shutting down and abandoning module AllDesktopTargetPlatform (67)
[2018.03.14-20.19.55:559][913]LogModuleManager: Shutting down and abandoning module InputCore (64)
[2018.03.14-20.19.55:559][913]LogModuleManager: Shutting down and abandoning module Settings (62)
[2018.03.14-20.19.55:559][913]LogModuleManager: Shutting down and abandoning module PhysXCooking (60)
[2018.03.14-20.19.55:559][913]LogModuleManager: Shutting down and abandoning module SteamVR (58)
[2018.03.14-20.19.55:559][913]LogModuleManager: Shutting down and abandoning module OculusHMD (56)
[2018.03.14-20.19.55:560][913]LogModuleManager: Shutting down and abandoning module ExampleDeviceProfileSelector (54)
[2018.03.14-20.19.55:560][913]LogModuleManager: Shutting down and abandoning module AppleARKit (52)
[2018.03.14-20.19.55:560][913]LogModuleManager: Shutting down and abandoning module AugmentedReality (51)
[2018.03.14-20.19.55:560][913]LogModuleManager: Shutting down and abandoning module OnlineBlueprintSupport (48)
[2018.03.14-20.19.55:560][913]LogModuleManager: Shutting down and abandoning module OnlineSubsystem (44)
[2018.03.14-20.19.55:560][913]LogModuleManager: Shutting down and abandoning module XMPP (43)
[2018.03.14-20.19.55:560][913]LogModuleManager: Shutting down and abandoning module HTTP (41)
[2018.03.14-20.19.55:560][913]LogHttp: Display: Http module shutting down, but needs to wait on 1 outstanding Http requests:
[2018.03.14-20.19.55:560][913]LogHttp: Display: 	verb=[POST] url=[https://datarouter.ol.epicgames.com/datarouter/api/v1/public/data?SessionID=%7B3112BEB3-499E-4DE1-23F4-D89F7995D79D%7D&AppID=UEEditor.Rocket.Release&AppVersion=4.18.3-3832480%2B%2B%2BUE4%2BRelease-4.18&UserID=a326b07d48e1804d5ac8448c4791f7e2%7C187d76b23fec41e89cedda504afaf210%7C92677d9c-c710-41c7-b8ee-2c49066b37fc&AppEnvironment=datacollector-binary&UploadType=eteventstream] status=Processing
[2018.03.14-20.19.55:593][913]LogModuleManager: Shutting down and abandoning module SSL (40)
[2018.03.14-20.19.55:598][913]LogModuleManager: Shutting down and abandoning module AnimationModifiers (36)
[2018.03.14-20.19.55:598][913]LogModuleManager: Shutting down and abandoning module PropertyEditor (35)
[2018.03.14-20.19.55:598][913]LogModuleManager: Shutting down and abandoning module AudioEditor (32)
[2018.03.14-20.19.55:598][913]LogModuleManager: Shutting down and abandoning module TextureCompressor (30)
[2018.03.14-20.19.55:599][913]LogModuleManager: Shutting down and abandoning module ShaderCore (28)
[2018.03.14-20.19.55:599][913]LogModuleManager: Shutting down and abandoning module Landscape (26)
[2018.03.14-20.19.55:599][913]LogModuleManager: Shutting down and abandoning module SlateRHIRenderer (24)
[2018.03.14-20.19.55:601][913]LogModuleManager: Shutting down and abandoning module OpenGLDrv (22)
[2018.03.14-20.19.55:601][913]LogModuleManager: Shutting down and abandoning module D3D11RHI (20)
[2018.03.14-20.19.55:601][913]LogModuleManager: Shutting down and abandoning module AnimGraphRuntime (18)
[2018.03.14-20.19.55:601][913]LogModuleManager: Shutting down and abandoning module Renderer (16)
[2018.03.14-20.19.55:601][913]LogModuleManager: Shutting down and abandoning module Engine (14)
[2018.03.14-20.19.55:601][913]LogModuleManager: Shutting down and abandoning module CoreUObject (12)
[2018.03.14-20.19.55:601][913]LogModuleManager: Shutting down and abandoning module NetworkFile (10)
[2018.03.14-20.19.55:601][913]LogModuleManager: Shutting down and abandoning module CookedIterativeFile (8)
[2018.03.14-20.19.55:601][913]LogModuleManager: Shutting down and abandoning module StreamingFile (6)
[2018.03.14-20.19.55:601][913]LogModuleManager: Shutting down and abandoning module SandboxFile (4)
[2018.03.14-20.19.55:601][913]LogModuleManager: Shutting down and abandoning module PakFile (2)
[2018.03.14-20.19.55:607][913]LogExit: Exiting.
[2018.03.14-20.19.55:619][913]Log file closed, 03/14/18 16:19:55
