Log file open, 04/02/18 17:59:41
LogWindows: Failed to load 'aqProf.dll' (GetLastError=126)
LogWindows: File 'aqProf.dll' does not exist
LogWindows: Failed to load 'VtuneApi.dll' (GetLastError=126)
LogWindows: File 'VtuneApi.dll' does not exist
LogWindows: Failed to load 'VtuneApi32e.dll' (GetLastError=126)
LogWindows: File 'VtuneApi32e.dll' does not exist
LogInit: Display: Running engine for game: GameProject
LogPlatformFile: Not using cached read wrapper
LogInit: Display: RandInit(214717644) SRandInit(214717644).
LogInit: Read version file with build ID '3709383'
LogInit: Overriding engine version to CL 3832480, compatible CL 3709383
LogInit: Registered custom module enumerator with build ID '3709383'
LogTaskGraph: Started task graph with 5 named threads and 8 total threads with 3 sets of task threads.
LogStats: Stats thread started at 0.925785
LogD3D11RHI: Aftermath initialized
LogModuleManager: Display: Found up-to-date module file ../../../Engine/Plugins/2D/Paper2D/Binaries/Win64/UE4Editor-Paper2D.dll (API version 3709383).
LogModuleManager: Display: Found up-to-date module file ../../../Engine/Plugins/2D/Paper2D/Binaries/Win64/UE4Editor-Paper2DEditor.dll (API version 3709383).
LogModuleManager: Display: Found up-to-date module file ../../../Engine/Plugins/2D/Paper2D/Binaries/Win64/UE4Editor-PaperSpriteSheetImporter.dll (API version 3709383).
LogModuleManager: Display: Found up-to-date module file ../../../Engine/Plugins/2D/Paper2D/Binaries/Win64/UE4Editor-PaperTiledImporter.dll (API version 3709383).
LogModuleManager: Display: Found up-to-date module file ../../../Engine/Plugins/2D/Paper2D/Binaries/Win64/UE4Editor-SmartSnapping.dll (API version 3709383).
LogModuleManager: Display: Found up-to-date module file ../../../Engine/Plugins/Blendables/LightPropagationVolume/Binaries/Win64/UE4Editor-LightPropagationVolumeRuntime.dll (API version 3709383).
LogModuleManager: Display: Found up-to-date module file ../../../Engine/Plugins/Blendables/LightPropagationVolume/Binaries/Win64/UE4Editor-LightPropagationVolumeEditor.dll (API version 3709383).
LogModuleManager: Display: Found up-to-date module file ../../../Engine/Plugins/Developer/GitSourceControl/Binaries/Win64/UE4Editor-GitSourceControl.dll (API version 3709383).
LogModuleManager: Display: Found up-to-date module file ../../../Engine/Plugins/Developer/PerforceSourceControl/Binaries/Win64/UE4Editor-PerforceSourceControl.dll (API version 3709383).
LogModuleManager: Display: Found up-to-date module file ../../../Engine/Plugins/Developer/SubversionSourceControl/Binaries/Win64/UE4Editor-SubversionSourceControl.dll (API version 3709383).
LogModuleManager: Display: Found up-to-date module file ../../../Engine/Plugins/Developer/UObjectPlugin/Binaries/Win64/UE4Editor-UObjectPlugin.dll (API version 3709383).
LogModuleManager: Display: Found up-to-date module file ../../../Engine/Plugins/Developer/VisualStudioCodeSourceCodeAccess/Binaries/Win64/UE4Editor-VisualStudioCodeSourceCodeAccess.dll (API version 3709383).
LogModuleManager: Display: Found up-to-date module file ../../../Engine/Plugins/Developer/VisualStudioSourceCodeAccess/Binaries/Win64/UE4Editor-VisualStudioSourceCodeAccess.dll (API version 3709383).
LogModuleManager: Display: Found up-to-date module file ../../../Engine/Plugins/Editor/AssetManagerEditor/Binaries/Win64/UE4Editor-AssetManagerEditor.dll (API version 3709383).
LogModuleManager: Display: Found up-to-date module file ../../../Engine/Plugins/Editor/AudioCapture/Binaries/Win64/UE4Editor-AudioCapture.dll (API version 3709383).
LogModuleManager: Display: Found up-to-date module file ../../../Engine/Plugins/Editor/FacialAnimation/Binaries/Win64/UE4Editor-FacialAnimation.dll (API version 3709383).
LogModuleManager: Display: Found up-to-date module file ../../../Engine/Plugins/Editor/FacialAnimation/Binaries/Win64/UE4Editor-FacialAnimationEditor.dll (API version 3709383).
LogModuleManager: Display: Found up-to-date module file ../../../Engine/Plugins/Editor/GameplayTagsEditor/Binaries/Win64/UE4Editor-GameplayTagsEditor.dll (API version 3709383).
LogModuleManager: Display: Found up-to-date module file ../../../Engine/Plugins/Editor/MobileLauncherProfileWizard/Binaries/Win64/UE4Editor-MobileLauncherProfileWizard.dll (API version 3709383).
LogModuleManager: Display: Found up-to-date module file ../../../Engine/Plugins/Editor/PluginBrowser/Binaries/Win64/UE4Editor-PluginBrowser.dll (API version 3709383).
LogModuleManager: Display: Found up-to-date module file ../../../Engine/Plugins/Editor/SpeedTreeImporter/Binaries/Win64/UE4Editor-SpeedTreeImporter.dll (API version 3709383).
LogModuleManager: Display: Found up-to-date module file ../../../Engine/Plugins/Experimental/AlembicImporter/Binaries/Win64/UE4Editor-AlembicImporter.dll (API version 3709383).
LogModuleManager: Display: Found up-to-date module file ../../../Engine/Plugins/Experimental/AlembicImporter/Binaries/Win64/UE4Editor-AlembicLibrary.dll (API version 3709383).
LogModuleManager: Display: Found up-to-date module file ../../../Engine/Plugins/Experimental/CharacterAI/Binaries/Win64/UE4Editor-CharacterAI.dll (API version 3709383).
LogModuleManager: Display: Found up-to-date module file ../../../Engine/Plugins/Experimental/HTML5Networking/Binaries/Win64/UE4Editor-HTML5Networking.dll (API version 3709383).
LogModuleManager: Display: Found up-to-date module file ../../../Engine/Plugins/Media/AndroidMedia/Binaries/Win64/UE4Editor-AndroidMediaEditor.dll (API version 3709383).
LogModuleManager: Display: Found up-to-date module file ../../../Engine/Plugins/Media/AndroidMedia/Binaries/Win64/UE4Editor-AndroidMediaFactory.dll (API version 3709383).
LogModuleManager: Display: Found up-to-date module file ../../../Engine/Plugins/Media/AvfMedia/Binaries/Win64/UE4Editor-AvfMediaEditor.dll (API version 3709383).
LogModuleManager: Display: Found up-to-date module file ../../../Engine/Plugins/Media/AvfMedia/Binaries/Win64/UE4Editor-AvfMediaFactory.dll (API version 3709383).
LogModuleManager: Display: Found up-to-date module file ../../../Engine/Plugins/Media/AvfMedia/Binaries/Win64/UE4Editor-AvfMediaFactory.dll (API version 3709383).
LogModuleManager: Display: Found up-to-date module file ../../../Engine/Plugins/Media/ImgMedia/Binaries/Win64/UE4Editor-ImgMedia.dll (API version 3709383).
LogModuleManager: Display: Found up-to-date module file ../../../Engine/Plugins/Media/ImgMedia/Binaries/Win64/UE4Editor-ImgMediaEditor.dll (API version 3709383).
LogModuleManager: Display: Found up-to-date module file ../../../Engine/Plugins/Media/ImgMedia/Binaries/Win64/UE4Editor-ImgMediaFactory.dll (API version 3709383).
LogModuleManager: Display: Found up-to-date module file ../../../Engine/Plugins/Media/ImgMedia/Binaries/Win64/UE4Editor-ImgMediaFactory.dll (API version 3709383).
LogModuleManager: Display: Found up-to-date module file ../../../Engine/Plugins/Media/ImgMedia/Binaries/Win64/UE4Editor-OpenExrWrapper.dll (API version 3709383).
LogModuleManager: Display: Found up-to-date module file ../../../Engine/Plugins/Media/MediaCompositing/Binaries/Win64/UE4Editor-MediaCompositing.dll (API version 3709383).
LogModuleManager: Display: Found up-to-date module file ../../../Engine/Plugins/Media/MediaCompositing/Binaries/Win64/UE4Editor-MediaCompositingEditor.dll (API version 3709383).
LogModuleManager: Display: Found up-to-date module file ../../../Engine/Plugins/Media/MediaPlayerEditor/Binaries/Win64/UE4Editor-MediaPlayerEditor.dll (API version 3709383).
LogModuleManager: Display: Found up-to-date module file ../../../Engine/Plugins/Media/WmfMedia/Binaries/Win64/UE4Editor-WmfMedia.dll (API version 3709383).
LogModuleManager: Display: Found up-to-date module file ../../../Engine/Plugins/Media/WmfMedia/Binaries/Win64/UE4Editor-WmfMediaEditor.dll (API version 3709383).
LogModuleManager: Display: Found up-to-date module file ../../../Engine/Plugins/Media/WmfMedia/Binaries/Win64/UE4Editor-WmfMediaFactory.dll (API version 3709383).
LogModuleManager: Display: Found up-to-date module file ../../../Engine/Plugins/Media/WmfMedia/Binaries/Win64/UE4Editor-WmfMediaFactory.dll (API version 3709383).
LogModuleManager: Display: Found up-to-date module file ../../../Engine/Plugins/Messaging/TcpMessaging/Binaries/Win64/UE4Editor-TcpMessaging.dll (API version 3709383).
LogModuleManager: Display: Found up-to-date module file ../../../Engine/Plugins/Messaging/UdpMessaging/Binaries/Win64/UE4Editor-UdpMessaging.dll (API version 3709383).
LogModuleManager: Display: Found up-to-date module file ../../../Engine/Plugins/MovieScene/ActorSequence/Binaries/Win64/UE4Editor-ActorSequence.dll (API version 3709383).
LogModuleManager: Display: Found up-to-date module file ../../../Engine/Plugins/MovieScene/LevelSequenceEditor/Binaries/Win64/UE4Editor-LevelSequenceEditor.dll (API version 3709383).
LogModuleManager: Display: Found up-to-date module file ../../../Engine/Plugins/MovieScene/MatineeToLevelSequence/Binaries/Win64/UE4Editor-MatineeToLevelSequence.dll (API version 3709383).
LogModuleManager: Display: Found up-to-date module file ../../../Engine/Plugins/Online/OnlineSubsystem/Binaries/Win64/UE4Editor-OnlineSubsystem.dll (API version 3709383).
LogModuleManager: Display: Found up-to-date module file ../../../Engine/Plugins/Runtime/AndroidPermission/Binaries/Win64/UE4Editor-AndroidPermission.dll (API version 3709383).
LogModuleManager: Display: Found up-to-date module file ../../../Engine/Plugins/Online/OnlineSubsystemNull/Binaries/Win64/UE4Editor-OnlineSubsystemNull.dll (API version 3709383).
LogModuleManager: Display: Found up-to-date module file ../../../Engine/Plugins/Online/OnlineSubsystemUtils/Binaries/Win64/UE4Editor-OnlineSubsystemUtils.dll (API version 3709383).
LogModuleManager: Display: Found up-to-date module file ../../../Engine/Plugins/Online/OnlineSubsystemUtils/Binaries/Win64/UE4Editor-OnlineBlueprintSupport.dll (API version 3709383).
LogModuleManager: Display: Found up-to-date module file ../../../Engine/Plugins/Runtime/AndroidDeviceProfileSelector/Binaries/Win64/UE4Editor-AndroidDeviceProfileSelector.dll (API version 3709383).
LogModuleManager: Display: Found up-to-date module file ../../../Engine/Plugins/Runtime/AppleARKit/Binaries/Win64/UE4Editor-AppleARKit.dll (API version 3709383).
LogModuleManager: Display: Found up-to-date module file ../../../Engine/Plugins/Runtime/ArchVisCharacter/Binaries/Win64/UE4Editor-ArchVisCharacter.dll (API version 3709383).
LogModuleManager: Display: Found up-to-date module file ../../../Engine/Plugins/Runtime/CableComponent/Binaries/Win64/UE4Editor-CableComponent.dll (API version 3709383).
LogModuleManager: Display: Found up-to-date module file ../../../Engine/Plugins/Runtime/CustomMeshComponent/Binaries/Win64/UE4Editor-CustomMeshComponent.dll (API version 3709383).
LogModuleManager: Display: Found up-to-date module file ../../../Engine/Plugins/Runtime/ExampleDeviceProfileSelector/Binaries/Win64/UE4Editor-ExampleDeviceProfileSelector.dll (API version 3709383).
LogModuleManager: Display: Found up-to-date module file ../../../Engine/Plugins/Runtime/ImmediatePhysics/Binaries/Win64/UE4Editor-ImmediatePhysics.dll (API version 3709383).
LogModuleManager: Display: Found up-to-date module file ../../../Engine/Plugins/Runtime/ImmediatePhysics/Binaries/Win64/UE4Editor-ImmediatePhysicsEditor.dll (API version 3709383).
LogModuleManager: Display: Found up-to-date module file ../../../Engine/Plugins/Runtime/LocationServicesBPLibrary/Binaries/Win64/UE4Editor-LocationServicesBPLibrary.dll (API version 3709383).
LogModuleManager: Display: Found up-to-date module file ../../../Engine/Plugins/Runtime/MobilePatchingUtils/Binaries/Win64/UE4Editor-MobilePatchingUtils.dll (API version 3709383).
LogModuleManager: Display: Found up-to-date module file ../../../Engine/Plugins/Runtime/Oculus/OculusVR/Binaries/Win64/UE4Editor-OculusHMD.dll (API version 3709383).
LogModuleManager: Display: Found up-to-date module file ../../../Engine/Plugins/Runtime/Oculus/OculusVR/Binaries/Win64/UE4Editor-OculusInput.dll (API version 3709383).
LogModuleManager: Display: Found up-to-date module file ../../../Engine/Plugins/Runtime/Oculus/OculusVR/Binaries/Win64/UE4Editor-OculusEditor.dll (API version 3709383).
LogModuleManager: Display: Found up-to-date module file ../../../Engine/Plugins/Runtime/PhysXVehicles/Binaries/Win64/UE4Editor-PhysXVehicles.dll (API version 3709383).
LogModuleManager: Display: Found up-to-date module file ../../../Engine/Plugins/Runtime/PhysXVehicles/Binaries/Win64/UE4Editor-PhysXVehiclesEditor.dll (API version 3709383).
LogModuleManager: Display: Found up-to-date module file ../../../Engine/Plugins/Runtime/ProceduralMeshComponent/Binaries/Win64/UE4Editor-ProceduralMeshComponent.dll (API version 3709383).
LogModuleManager: Display: Found up-to-date module file ../../../Engine/Plugins/Runtime/ProceduralMeshComponent/Binaries/Win64/UE4Editor-ProceduralMeshComponentEditor.dll (API version 3709383).
LogModuleManager: Display: Found up-to-date module file ../../../Engine/Plugins/Runtime/RuntimePhysXCooking/Binaries/Win64/UE4Editor-RuntimePhysXCooking.dll (API version 3709383).
LogModuleManager: Display: Found up-to-date module file ../../../Engine/Plugins/Runtime/Steam/SteamVR/Binaries/Win64/UE4Editor-SteamVR.dll (API version 3709383).
LogModuleManager: Display: Found up-to-date module file ../../../Engine/Plugins/Runtime/Steam/SteamVR/Binaries/Win64/UE4Editor-SteamVRController.dll (API version 3709383).
LogModuleManager: Display: Found up-to-date module file ../../../Engine/Plugins/Runtime/WindowsMoviePlayer/Binaries/Win64/UE4Editor-WindowsMoviePlayer.dll (API version 3709383).
LogPluginManager: Mounting plugin Paper2D
LogPluginManager: Mounting plugin LightPropagationVolume
LogPluginManager: Mounting plugin CodeLiteSourceCodeAccess
LogPluginManager: Mounting plugin GitSourceControl
LogPluginManager: Mounting plugin KDevelopSourceCodeAccess
LogPluginManager: Mounting plugin NullSourceCodeAccess
LogPluginManager: Mounting plugin PerforceSourceControl
LogPluginManager: Mounting plugin SubversionSourceControl
LogPluginManager: Mounting plugin UObjectPlugin
LogPluginManager: Mounting plugin VisualStudioCodeSourceCodeAccess
LogPluginManager: Mounting plugin VisualStudioSourceCodeAccess
LogPluginManager: Mounting plugin XCodeSourceCodeAccess
LogPluginManager: Mounting plugin AssetManagerEditor
LogPluginManager: Mounting plugin AudioCapture
LogPluginManager: Mounting plugin FacialAnimation
LogPluginManager: Mounting plugin GameplayTagsEditor
LogPluginManager: Mounting plugin MobileLauncherProfileWizard
LogPluginManager: Mounting plugin PluginBrowser
LogPluginManager: Mounting plugin SpeedTreeImporter
LogPluginManager: Mounting plugin AlembicImporter
LogPluginManager: Mounting plugin CharacterAI
LogPluginManager: Mounting plugin HTML5Networking
LogPluginManager: Mounting plugin AndroidMedia
LogPluginManager: Mounting plugin AvfMedia
LogPluginManager: Mounting plugin ImgMedia
LogPluginManager: Mounting plugin MediaCompositing
LogPluginManager: Mounting plugin MediaPlayerEditor
LogPluginManager: Mounting plugin WmfMedia
LogPluginManager: Mounting plugin TcpMessaging
LogPluginManager: Mounting plugin UdpMessaging
LogPluginManager: Mounting plugin ActorSequence
LogPluginManager: Mounting plugin LevelSequenceEditor
LogPluginManager: Mounting plugin MatineeToLevelSequence
LogPluginManager: Mounting plugin OnlineSubsystemGooglePlay
LogPluginManager: Mounting plugin OnlineSubsystemIOS
LogPluginManager: Mounting plugin OnlineSubsystem
LogPluginManager: Mounting plugin OnlineSubsystemNull
LogPluginManager: Mounting plugin OnlineSubsystemUtils
LogPluginManager: Mounting plugin AndroidDeviceProfileSelector
LogPluginManager: Mounting plugin AndroidMoviePlayer
LogPluginManager: Mounting plugin AndroidPermission
LogPluginManager: Mounting plugin AppleARKit
LogPluginManager: Mounting plugin AppleMoviePlayer
LogPluginManager: Mounting plugin ArchVisCharacter
LogPluginManager: Mounting plugin CableComponent
LogPluginManager: Mounting plugin CustomMeshComponent
LogPluginManager: Mounting plugin ExampleDeviceProfileSelector
LogPluginManager: Mounting plugin GoogleCloudMessaging
LogPluginManager: Mounting plugin ImmediatePhysics
LogPluginManager: Mounting plugin IOSDeviceProfileSelector
LogPluginManager: Mounting plugin LinuxDeviceProfileSelector
LogPluginManager: Mounting plugin LocationServicesBPLibrary
LogPluginManager: Mounting plugin MobilePatchingUtils
LogPluginManager: Mounting plugin OculusVR
LogPluginManager: Plugin shader directory ../../../Engine/Plugins/Runtime/Oculus/OculusVR/Shaders found
LogPluginManager: Mapping shader source directory ../../../Engine/Plugins/Runtime/Oculus/OculusVR/Shaders to virtual directory /Plugin/OculusVR
LogPluginManager: Mounting plugin PhysXVehicles
LogPluginManager: Mounting plugin ProceduralMeshComponent
LogPluginManager: Mounting plugin RuntimePhysXCooking
LogPluginManager: Mounting plugin SteamVR
LogPluginManager: Mounting plugin WindowsMoviePlayer
LogInit: Using libcurl 7.47.1
LogInit:  - built for x86_64-pc-win32
LogInit:  - supports SSL with OpenSSL/1.0.2g
LogInit:  - supports HTTP deflate (compression) using libz 1.2.8
LogInit:  - other features:
LogInit:      CURL_VERSION_SSL
LogInit:      CURL_VERSION_LIBZ
LogInit:      CURL_VERSION_IPV6
LogInit:      CURL_VERSION_ASYNCHDNS
LogInit:      CURL_VERSION_LARGEFILE
LogInit:      CURL_VERSION_IDN
LogInit:  CurlRequestOptions (configurable via config and command line):
LogInit:  - bVerifyPeer = false  - Libcurl will NOT verify peer certificate
LogInit:  - bUseHttpProxy = false  - Libcurl will NOT use HTTP proxy
LogInit:  - bDontReuseConnections = false  - Libcurl will reuse connections
LogInit:  - CertBundlePath = nullptr  - Libcurl will use whatever was configured at build time.
LogInit: Build: ++UE4+Release-4.18-CL-3832480
LogInit: Engine Version: 4.18.3-3832480+++UE4+Release-4.18
LogInit: Compatible Engine Version: 4.18.0-3709383+++UE4+Release-4.18
LogInit: Net CL: 3709383
LogDevObjectVersion: Number of dev versions registered: 16
LogDevObjectVersion:   Dev-Blueprints (B0D832E4-1F89-4F0D-ACCF-7EB736FD4AA2): 10
LogDevObjectVersion:   Dev-Build (E1C64328-A22C-4D53-A36C-8E866417BD8C): 0
LogDevObjectVersion:   Dev-Core (375EC13C-06E4-48FB-B500-84F0262A717E): 2
LogDevObjectVersion:   Dev-Editor (E4B068ED-F494-42E9-A231-DA0B2E46BB41): 20
LogDevObjectVersion:   Dev-Framework (CFFC743F-43B0-4480-9391-14DF171D2073): 30
LogDevObjectVersion:   Dev-Mobile (B02B49B5-BB20-44E9-A304-32B752E40360): 0
LogDevObjectVersion:   Dev-Networking (A4E4105C-59A1-49B5-A7C5-40C4547EDFEE): 0
LogDevObjectVersion:   Dev-Online (39C831C9-5AE6-47DC-9A44-9C173E1C8E7C): 0
LogDevObjectVersion:   Dev-Physics (78F01B33-EBEA-4F98-B9B4-84EACCB95AA2): 0
LogDevObjectVersion:   Dev-Platform (6631380F-2D4D-43E0-8009-CF276956A95A): 0
LogDevObjectVersion:   Dev-Rendering (12F88B9F-8875-4AFC-A67C-D90C383ABD29): 20
LogDevObjectVersion:   Dev-Sequencer (7B5AE74C-D270-4C10-A958-57980B212A5A): 4
LogDevObjectVersion:   Dev-VR (D7296918-1DD6-4BDD-9DE2-64A83CC13884): 0
LogDevObjectVersion:   Dev-LoadTimes (C2A15278-BFE7-4AFE-6C17-90FF531DF755): 1
LogDevObjectVersion:   Private-Geometry (6EACA3D4-40EC-4CC1-B786-8BED09428FC5): 1
LogDevObjectVersion:   Dev-AnimPhys (29E575DD-E0A3-4627-9D10-D276232CDCEA): 12
LogInit: Compiled (64-bit): Jan 12 2018 02:04:55
LogInit: Compiled with Visual C++: 19.00.24215.01
LogInit: Build Configuration: Development
LogInit: Branch Name: ++UE4+Release-4.18
LogInit: Command line:  
LogInit: Base directory: C:/Program Files/Epic Games/UE_4.18/Engine/Binaries/Win64/
LogInit: Installed Engine Build: 1
LogInit: Presizing for max 8388607 objects, including 0 objects not considered by GC, pre-allocating 0 bytes for permanent pool.
LogInit: Object subsystem initialized
[2018.04.02-21.59.52:368][  0]LogInit: Selected Device Profile: [Windows]
[2018.04.02-21.59.52:368][  0]LogInit: Applying CVar settings loaded from the selected device profile: [Windows]
[2018.04.02-21.59.52:391][  0]LogInit: Computer: CHRIS-PC
[2018.04.02-21.59.52:391][  0]LogInit: User: Chris
[2018.04.02-21.59.52:391][  0]LogInit: CPU Page size=4096, Cores=2
[2018.04.02-21.59.52:391][  0]LogInit: High frequency timer resolution =2.533242 MHz
[2018.04.02-21.59.52:391][  0]LogMemory: Memory total: Physical=7.7GB (8GB approx)
[2018.04.02-21.59.52:391][  0]LogMemory: Platform Memory Stats for Windows
[2018.04.02-21.59.52:391][  0]LogMemory: Process Physical Memory: 272.91 MB used, 272.91 MB peak
[2018.04.02-21.59.52:391][  0]LogMemory: Process Virtual Memory: 270.33 MB used, 270.33 MB peak
[2018.04.02-21.59.52:391][  0]LogMemory: Physical Memory: 3001.95 MB used,  4886.03 MB free, 7887.98 MB total
[2018.04.02-21.59.52:391][  0]LogMemory: Virtual Memory: 613.43 MB used,  4886.03 MB free, 8388608.00 MB total
[2018.04.02-21.59.54:633][  0]LogInit: Overriding language with editor language configuration option (en).
[2018.04.02-21.59.54:633][  0]LogInit: Overriding locale with editor locale configuration option (en).
[2018.04.02-21.59.55:152][  0]LogWindows: Failed to load 'shcore.dll' (GetLastError=126)
[2018.04.02-21.59.55:152][  0]LogWindows: File 'shcore.dll' does not exist
[2018.04.02-21.59.55:152][  0]LogInit: Setting process to DPI aware
[2018.04.02-21.59.55:174][  0]LogWindows: Failed to load 'shcore.dll' (GetLastError=126)
[2018.04.02-21.59.55:175][  0]LogWindows: File 'shcore.dll' does not exist
[2018.04.02-21.59.55:175][  0]LogInit: Setting process to DPI aware
[2018.04.02-21.59.56:171][  0]LogD3D11RHI: D3D11 adapters:
[2018.04.02-21.59.56:183][  0]LogD3D11RHI:    0. 'Intel(R) HD Graphics 5500' (Feature Level 11_0)
[2018.04.02-21.59.56:183][  0]LogD3D11RHI:       192/0/1632 MB DedicatedVideo/DedicatedSystem/SharedSystem, Outputs:1, VendorId:0x8086
[2018.04.02-21.59.56:183][  0]LogD3D11RHI: Chosen D3D11 Adapter: 0
[2018.04.02-21.59.56:189][  0]LogD3D11RHI: Creating new Direct3DDevice
[2018.04.02-21.59.56:190][  0]LogD3D11RHI:     GPU DeviceId: 0x1616 (for the marketing name, search the web for "GPU Device Id")
[2018.04.02-21.59.56:190][  0]LogWindows: EnumDisplayDevices:
[2018.04.02-21.59.56:190][  0]LogWindows:    0. 'Intel(R) HD Graphics 5500' (P:1 D:1)
[2018.04.02-21.59.56:190][  0]LogWindows:    1. 'Intel(R) HD Graphics 5500' (P:0 D:0)
[2018.04.02-21.59.56:191][  0]LogWindows:    2. 'Intel(R) HD Graphics 5500' (P:0 D:0)
[2018.04.02-21.59.56:191][  0]LogWindows:    3. 'RDPDD Chained DD' (P:0 D:0)
[2018.04.02-21.59.56:191][  0]LogWindows:    4. 'RDP Encoder Mirror Driver' (P:0 D:0)
[2018.04.02-21.59.56:191][  0]LogWindows:    5. 'RDP Reflector Display Driver' (P:0 D:0)
[2018.04.02-21.59.56:192][  0]LogWindows: DebugString: GetVideoDriverDetailsInvalid PrimaryIsNotTheChoosenAdapter GetVideoDriverDetailsInvalid PrimaryIsNotTheChoosenAdapter GetVideoDriverDetailsInvalid PrimaryIsNotTheChoosenAdapter FoundDriverCount:3 
[2018.04.02-21.59.56:192][  0]LogD3D11RHI:     Adapter Name: Intel(R) HD Graphics 5500
[2018.04.02-21.59.56:192][  0]LogD3D11RHI:   Driver Version: 10.18.14.4432 (internal:10.18.14.4432, unified:10.18.14.4432)
[2018.04.02-21.59.56:192][  0]LogD3D11RHI:      Driver Date: 4-8-2016
[2018.04.02-21.59.56:192][  0]LogRHI: Texture pool is 705 MB (70% of 1008 MB)
[2018.04.02-21.59.56:203][  0]LogD3D11RHI: Async texture creation enabled
[2018.04.02-21.59.56:225][  0]LogD3D11RHI: GPU Timing Frequency: 12.500000 (Debug: 2 0)
[2018.04.02-21.59.56:229][  0]LogShaderCompilers: Guid format shader working directory is -58 characters bigger than the processId version (../../../../../../Users/Chris/Documents/UpennCGGT/CIS 568 - Game Design/hw6/DefendTheOrchard/GameProject/Intermediate/Shaders/WorkingDirectory/8088/).
[2018.04.02-21.59.56:230][  0]LogShaderCompilers: Cleaned the shader compiler working directory 'C:/Users/Chris/AppData/Local/Temp/UnrealShaderWorkingDir/0D42A8DE491912F066A9FFB55143079C/'.
[2018.04.02-21.59.56:230][  0]LogShaderCompilers: Display: Using Local Shader Compiler.
[2018.04.02-21.59.58:551][  0]LogTemp: Display: Loaded TP AllDesktopTargetPlatform
[2018.04.02-21.59.59:075][  0]LogTemp: Display: Loaded TP MacClientTargetPlatform
[2018.04.02-21.59.59:617][  0]LogTemp: Display: Loaded TP MacNoEditorTargetPlatform
[2018.04.02-22.00.00:169][  0]LogTemp: Display: Loaded TP MacServerTargetPlatform
[2018.04.02-22.00.00:710][  0]LogTemp: Display: Loaded TP MacTargetPlatform
[2018.04.02-22.00.01:255][  0]LogTemp: Display: Loaded TP WindowsClientTargetPlatform
[2018.04.02-22.00.01:801][  0]LogTemp: Display: Loaded TP WindowsNoEditorTargetPlatform
[2018.04.02-22.00.02:373][  0]LogTemp: Display: Loaded TP WindowsServerTargetPlatform
[2018.04.02-22.00.03:190][  0]LogTemp: Display: Loaded TP WindowsTargetPlatform
[2018.04.02-22.00.03:790][  0]LogTemp: Display: Loaded TP Android_ASTCTargetPlatform
[2018.04.02-22.00.04:345][  0]LogTemp: Display: Loaded TP Android_ATCTargetPlatform
[2018.04.02-22.00.04:879][  0]LogTemp: Display: Loaded TP Android_DXTTargetPlatform
[2018.04.02-22.00.05:402][  0]LogTemp: Display: Loaded TP Android_ETC1TargetPlatform
[2018.04.02-22.00.05:918][  0]LogTemp: Display: Loaded TP Android_ETC2TargetPlatform
[2018.04.02-22.00.07:055][  0]LogTemp: Display: Loaded TP Android_MultiTargetPlatform
[2018.04.02-22.00.07:055][  0]LogTemp: Display: Loaded TP Android_PVRTCTargetPlatform
[2018.04.02-22.00.07:589][  0]LogTemp: Display: Loaded TP AndroidTargetPlatform
[2018.04.02-22.00.08:111][  0]LogTemp: Display: Loaded TP HTML5TargetPlatform
[2018.04.02-22.00.08:970][  0]LogTemp: Display: Loaded TP IOSTargetPlatform
[2018.04.02-22.00.09:298][  0]LogTemp: Display: Loaded TP TVOSTargetPlatform
[2018.04.02-22.00.09:892][  0]LogTemp: Display: Loaded TP LinuxClientTargetPlatform
[2018.04.02-22.00.10:421][  0]LogTemp: Display: Loaded TP LinuxNoEditorTargetPlatform
[2018.04.02-22.00.10:945][  0]LogTemp: Display: Loaded TP LinuxServerTargetPlatform
[2018.04.02-22.00.11:484][  0]LogTemp: Display: Loaded TP LinuxTargetPlatform
[2018.04.02-22.00.11:484][  0]LogTargetPlatformManager: Display: Building Assets For Windows
[2018.04.02-22.00.17:358][  0]LogDerivedDataCache: Display: Max Cache Size: 512 MB
[2018.04.02-22.00.17:683][  0]LogDerivedDataCache: Loaded boot cache 0.32s 79MB C:/Users/Chris/AppData/Local/UnrealEngine/4.18/DerivedDataCache/Boot.ddc.
[2018.04.02-22.00.17:683][  0]LogDerivedDataCache: Display: Loaded Boot cache: C:/Users/Chris/AppData/Local/UnrealEngine/4.18/DerivedDataCache/Boot.ddc
[2018.04.02-22.00.17:683][  0]LogDerivedDataCache: FDerivedDataBackendGraph:  Pak pak cache file ../../../../../../Users/Chris/Documents/UpennCGGT/CIS 568 - Game Design/hw6/DefendTheOrchard/GameProject/DerivedDataCache/DDC.ddp not found, will not use a pak cache.
[2018.04.02-22.00.17:683][  0]LogDerivedDataCache: Unable to find inner node Pak for hierarchical cache Hierarchy.
[2018.04.02-22.00.17:683][  0]LogDerivedDataCache: FDerivedDataBackendGraph:  CompressedPak pak cache file ../../../../../../Users/Chris/Documents/UpennCGGT/CIS 568 - Game Design/hw6/DefendTheOrchard/GameProject/DerivedDataCache/Compressed.ddp not found, will not use a pak cache.
[2018.04.02-22.00.17:683][  0]LogDerivedDataCache: Unable to find inner node CompressedPak for hierarchical cache Hierarchy.
[2018.04.02-22.00.17:710][  0]LogDerivedDataCache: Display: Pak cache opened for reading ../../../Engine/DerivedDataCache/Compressed.ddp.
[2018.04.02-22.00.17:724][  0]LogDerivedDataCache: Using Local data cache path C:/Users/Chris/AppData/Local/UnrealEngine/Common/DerivedDataCache: Writable
[2018.04.02-22.00.17:739][  0]LogMaterial: Verifying Global Shaders for PCD3D_SM5
[2018.04.02-22.00.17:747][  0]LogSlate: Using Freetype 2.6.0
[2018.04.02-22.00.17:750][  0]LogSlate: SlateFontCache - WITH_FREETYPE: 1, WITH_HARFBUZZ: 1
[2018.04.02-22.00.17:750][  0]LogSlate: SlateFontCache - WITH_FREETYPE: 1, WITH_HARFBUZZ: 1
[2018.04.02-22.00.18:824][  0]LogInit: Selected Device Profile: [Windows]
[2018.04.02-22.00.21:604][  0]LogSimplygon: Simplygon DLL not present - disabling.
[2018.04.02-22.00.22:090][  0]LogMeshReduction: Using SimplygonSwarm for distributed automatic mesh merging
[2018.04.02-22.00.22:091][  0]LogMeshReduction: Using QuadricMeshReduction for automatic static mesh reduction
[2018.04.02-22.00.22:091][  0]LogMeshReduction: No automatic skeletal mesh reduction module available
[2018.04.02-22.00.22:091][  0]LogMeshReduction: No automatic mesh merging module available
[2018.04.02-22.00.22:091][  0]LogMeshMerging: No automatic mesh merging module available
[2018.04.02-22.00.22:140][  0]LogNetVersion: GameProject , NetCL: 3709383, EngineNetVer: 2, GameNetVer: 0 (Checksum: 2708194857)
[2018.04.02-22.00.22:876][  0]LogAssetRegistry: FAssetRegistry took 0.0297 seconds to start up
[2018.04.02-22.00.24:817][  0]LogPackageLocalizationCache: Processed 7 localized package path(s) for 1 prioritized culture(s) in 0.097479 seconds
[2018.04.02-22.00.24:825][  0]LogUObjectArray: 35870 objects as part of root set at end of initial load.
[2018.04.02-22.00.24:825][  0]LogUObjectAllocator: 7363696 out of 0 bytes used by permanent object pool.
[2018.04.02-22.00.24:825][  0]LogUObjectArray: CloseDisregardForGC: 0/0 objects in disregard for GC pool
[2018.04.02-22.00.25:819][  0]LogInit: WinSock: version 1.1 (2.2), MaxSocks=32767, MaxUdp=65467
[2018.04.02-22.00.48:472][  0]LogTcpMessaging: Initializing TcpMessaging bridge
[2018.04.02-22.00.48:745][  0]LogUdpMessaging: Initializing bridge on interface 0.0.0.0:0 to multicast group 230.0.0.1:6666.
[2018.04.02-22.00.54:403][  0]LogMaterial: Uniform references updated for custom material expression Custom.
[2018.04.02-22.00.58:024][  0]SourceControl: Source control is disabled
[2018.04.02-22.00.58:024][  0]SourceControl: Source control is disabled
[2018.04.02-22.00.58:584][  0]SourceControl: Source control is disabled
[2018.04.02-22.00.59:102][  0]SourceControl: Source control is disabled
[2018.04.02-22.01.07:450][  0]LogAndroidPermission: UAndroidPermissionCallbackProxy::GetInstance
[2018.04.02-22.01.10:230][  0]LogOcInput: OculusInput pre-init called
[2018.04.02-22.01.13:131][  0]LogEngine: Initializing Engine...
[2018.04.02-22.01.13:136][  0]LogHMD: Failed to initialize OpenVR with code 110
[2018.04.02-22.01.13:544][  0]LogStats: UGameplayTagsManager::ConstructGameplayTagTree: Construct from data asset -  0.000 s
[2018.04.02-22.01.13:544][  0]LogStats: UGameplayTagsManager::ConstructGameplayTagTree: GameplayTagTreeChangedEvent.Broadcast -  0.000 s
[2018.04.02-22.01.15:102][  0]LogAIModule: Creating AISystem for world Untitled
[2018.04.02-22.01.15:128][  0]LogInit: XAudio2 using 'Speaker/HP (Realtek High Definition Audio)' : 2 channels at 48 kHz using 32 bits per sample (channel mask 0x3)
[2018.04.02-22.01.15:185][  0]LogInit: FAudioDevice initialized.
[2018.04.02-22.01.15:274][  0]LogDerivedDataCache: Saved boot cache 0.09s 79MB C:/Users/Chris/AppData/Local/UnrealEngine/4.18/DerivedDataCache/Boot.ddc.
[2018.04.02-22.01.15:287][  0]LogInit: Texture streaming: Enabled
[2018.04.02-22.01.16:641][  0]LogEngineSessionManager: EngineSessionManager initialized
[2018.04.02-22.01.18:235][  0]LogInit: Transaction tracking system initialized
[2018.04.02-22.01.23:570][  0]BlueprintLog: New page: Editor Load
[2018.04.02-22.01.37:588][  0]LocalizationService: Localization service is disabled
[2018.04.02-22.01.48:544][  0]LogConsoleResponse: Display: 
[2018.04.02-22.01.49:193][  0]LogCook: Display: Max memory allowance for cook 16384mb min free memory 0mb
[2018.04.02-22.01.49:193][  0]LogCook: Display: Mobile HDR setting 1
[2018.04.02-22.01.49:193][  0]LogGameplayTags: Display: UGameplayTagsManager::DoneAddingNativeTags. DelegateIsBound: 0
[2018.04.02-22.01.49:872][  0]LogFileCache: Scanning file cache for directory 'C:/Users/Chris/Documents/UpennCGGT/CIS 568 - Game Design/hw6/DefendTheOrchard/GameProject/Content/' took 0.02s
[2018.04.02-22.02.03:937][  0]SourceControl: Source control is disabled
[2018.04.02-22.02.03:941][  0]LightingResults: New page: Lighting Build
[2018.04.02-22.02.04:504][  0]MapCheck: New page: Map Check
[2018.04.02-22.02.04:505][  0]LightingResults: New page: Lighting Build
[2018.04.02-22.02.05:784][  0]LogLinker: Warning: Can't find file '/Game/ThirdPersonBP/Maps/ThirdPersonExampleMap_BuiltData'
[2018.04.02-22.02.05:785][  0]LogLinker: Warning: Can't find file for asset '/Game/ThirdPersonBP/Maps/ThirdPersonExampleMap_BuiltData' while loading ../../../../../../Users/Chris/Documents/UpennCGGT/CIS 568 - Game Design/hw6/DefendTheOrchard/GameProject/Content/ThirdPersonBP/Maps/ThirdPersonExampleMap.umap.
[2018.04.02-22.02.05:785][  0]LoadErrors: Error: /Game/ThirdPersonBP/Maps/ThirdPersonExampleMap : Can't find file for asset. /Game/ThirdPersonBP/Maps/ThirdPersonExampleMap_BuiltData
[2018.04.02-22.02.05:828][  0]LogLinker: Warning: Can't find file '/Game/ThirdPersonBP/Maps/ThirdPersonExampleMap_BuiltData'
[2018.04.02-22.02.05:829][  0]LogLinker: Warning: Can't find file for asset '/Game/ThirdPersonBP/Maps/ThirdPersonExampleMap_BuiltData' while loading ../../../../../../Users/Chris/Documents/UpennCGGT/CIS 568 - Game Design/hw6/DefendTheOrchard/GameProject/Content/ThirdPersonBP/Maps/ThirdPersonExampleMap.umap.
[2018.04.02-22.02.05:829][  0]LoadErrors: Error: /Game/ThirdPersonBP/Maps/ThirdPersonExampleMap : Can't find file for asset. /Game/ThirdPersonBP/Maps/ThirdPersonExampleMap_BuiltData
[2018.04.02-22.02.05:832][  0]LogLinker: Warning: Can't find file '/Game/ThirdPersonBP/Maps/ThirdPersonExampleMap_BuiltData'
[2018.04.02-22.02.05:833][  0]LogLinker: Warning: Can't find file for asset '/Game/ThirdPersonBP/Maps/ThirdPersonExampleMap_BuiltData' while loading NULL.
[2018.04.02-22.02.05:833][  0]LogLinker: Warning: Can't find file '/Game/ThirdPersonBP/Maps/ThirdPersonExampleMap_BuiltData'
[2018.04.02-22.02.05:834][  0]LogLinker: Warning: Can't find file for asset '/Game/ThirdPersonBP/Maps/ThirdPersonExampleMap_BuiltData' while loading NULL.
[2018.04.02-22.02.05:958][  0]LogLinker: Warning: Can't find file '/Game/ThirdPersonBP/Maps/ThirdPersonExampleMap_BuiltData'
[2018.04.02-22.02.05:958][  0]LoadErrors: Failed to load /Game/ThirdPersonBP/Maps/ThirdPersonExampleMap_BuiltData.ThirdPersonExampleMap_BuiltData Referenced by PersistentLevel
[2018.04.02-22.02.05:959][  0]LogLinker: Warning: Can't find file for asset '/Game/ThirdPersonBP/Maps/ThirdPersonExampleMap_BuiltData' while loading NULL.
[2018.04.02-22.02.05:959][  0]LoadErrors: Failed to load /Game/ThirdPersonBP/Maps/ThirdPersonExampleMap_BuiltData.ThirdPersonExampleMap_BuiltData Referenced by PersistentLevel
[2018.04.02-22.02.06:155][  0]LogAnimationCompression: Building Anim DDC data for AnimSequence /Game/ThirdPersonBP/Blueprints/Character/Robber/Falling_Down.Falling_Down
[2018.04.02-22.02.06:156][  0]LogAnimationCompression: Recompressing (AnimSequence /Game/ThirdPersonBP/Blueprints/Character/Robber/Falling_Down.Falling_Down) using current/default (AnimCompress_BitwiseCompressOnly_0) bFirstRecompressUsingCurrentOrDefault(1) bTryAlternateCompressor(0) IsCompressedDataValid(0)
[2018.04.02-22.02.07:039][  0]LogAIModule: Creating AISystem for world ThirdPersonExampleMap
[2018.04.02-22.02.07:353][  0]LogEditorServer: Finished looking for orphan Actors (0.000 secs)
[2018.04.02-22.02.07:400][  0]Cmd: MAP CHECKDEP NOCLEARLOG
[2018.04.02-22.02.07:672][  0]MapCheck: Map check complete: 0 Error(s), 0 Warning(s), took 272.016ms to complete.
[2018.04.02-22.02.07:672][  0]LogFileHelpers: Loading map 'ThirdPersonExampleMap' took 3.734
[2018.04.02-22.02.08:158][  0]LogCollectionManager: Loaded 0 collections in 0.002730 seconds
[2018.04.02-22.02.08:792][  0]LogFileCache: Scanning file cache for directory 'C:/Users/Chris/Documents/UpennCGGT/CIS 568 - Game Design/hw6/DefendTheOrchard/GameProject/Saved/Collections/' took 0.01s
[2018.04.02-22.02.08:792][  0]LogFileCache: Scanning file cache for directory 'C:/Users/Chris/Documents/UpennCGGT/CIS 568 - Game Design/hw6/DefendTheOrchard/GameProject/Content/Developers/Chris/Collections/' took 0.01s
[2018.04.02-22.02.08:792][  0]LogFileCache: Scanning file cache for directory 'C:/Users/Chris/Documents/UpennCGGT/CIS 568 - Game Design/hw6/DefendTheOrchard/GameProject/Content/Collections/' took 0.01s
[2018.04.02-22.02.08:792][  0]LogCollectionManager: Rebuilt the GUID cache for 0 collections in 0.000000 seconds
[2018.04.02-22.02.08:804][  0]LogContentBrowser: Native class hierarchy populated in 0.0104 seconds. Added 2363 classes and 519 folders.
[2018.04.02-22.02.09:792][  0]LogContentBrowser: Native class hierarchy updated for 'WidgetCarousel' in 0.0003 seconds. Added 0 classes and 0 folders.
[2018.04.02-22.02.09:940][  0]LogContentBrowser: Native class hierarchy updated for 'AddContentDialog' in 0.0003 seconds. Added 0 classes and 0 folders.
[2018.04.02-22.02.10:520][  0]LogContentBrowser: Native class hierarchy updated for 'SceneOutliner' in 0.0003 seconds. Added 1 classes and 2 folders.
[2018.04.02-22.02.10:692][  0]LogSlate: Took 0.001021 seconds to synchronously load lazily loaded font '../../../Engine/Content/Slate/Fonts/Roboto-Regular.ttf' (155K)
[2018.04.02-22.02.10:695][  0]LogSlate: Took 0.000980 seconds to synchronously load lazily loaded font '../../../Engine/Content/Slate/Fonts/Roboto-Bold.ttf' (160K)
[2018.04.02-22.02.10:703][  0]LogSlate: Took 0.002073 seconds to synchronously load lazily loaded font '../../../Engine/Content/Editor/Slate/Fonts/FontAwesome.ttf' (139K)
[2018.04.02-22.02.10:831][  0]LogRenderer: Reallocating scene render targets to support 824x328 Format 10 NumSamples 1 (Frame:1).
[2018.04.02-22.02.12:648][  0]LogContentBrowser: Native class hierarchy updated for 'HierarchicalLODOutliner' in 0.0004 seconds. Added 1 classes and 2 folders.
[2018.04.02-22.02.12:649][  0]LogLoad: (Engine Initialization) Total time: 154.50 seconds
[2018.04.02-22.02.12:649][  0]LogLoad: (Engine Initialization) Total Blueprint compile time: 0.00 seconds
[2018.04.02-22.02.12:649][  0]LogExternalProfiler: Found external profiler: VSPerf
[2018.04.02-22.02.12:649][  0]LogExternalProfiler: Using external profiler: VSPerf
[2018.04.02-22.02.13:021][  0]LogContentStreaming: Texture pool size now 1000 MB
[2018.04.02-22.02.14:600][  4]LogAssetRegistry: Asset discovery search completed in 111.7419 seconds
[2018.04.02-22.02.14:604][  4]LogCollectionManager: Rebuilt the object cache for 0 collections in 0.000000 seconds (found 0 objects)
[2018.04.02-22.02.14:604][  4]LogCollectionManager: Fixed up redirectors for 0 collections in 0.000150 seconds (updated 0 objects)
[2018.04.02-22.02.14:636][  4]LogSlate: Took 0.002277 seconds to synchronously load lazily loaded font '../../../Engine/Content/Slate/Fonts/Roboto-Light.ttf' (159K)
[2018.04.02-22.02.34:888][206]LogSlate: Took 0.000926 seconds to synchronously load lazily loaded font '../../../Engine/Content/Slate/Fonts/Roboto-Light.ttf' (159K)
[2018.04.02-22.02.35:786][206]LogContentBrowser: Native class hierarchy updated for 'BlueprintGraph' in 0.0007 seconds. Added 116 classes and 0 folders.
[2018.04.02-22.02.37:065][206]LogSlate: Took 0.000150 seconds to synchronously load lazily loaded font '../../../Engine/Content/Slate/Fonts/Roboto-Light.ttf' (159K)
[2018.04.02-22.02.37:067][206]LogSlate: Took 0.001172 seconds to synchronously load lazily loaded font '../../../Engine/Content/Editor/Slate/Fonts/Roboto-BoldCondensed.ttf' (158K)
[2018.04.02-22.02.52:826][496]LogSlate: Took 0.001359 seconds to synchronously load lazily loaded font '../../../Engine/Content/Editor/Slate/Fonts/Roboto-Italic.ttf' (157K)
[2018.04.02-22.03.31:728][806]BlueprintLog: New page: Compile ThirdPersonCharacter
[2018.04.02-22.03.44:978][ 43]LogSlate: Took 0.016221 seconds to synchronously load lazily loaded font '../../../Engine/Content/Slate/Fonts/DroidSansFallback.ttf' (3848K)
[2018.04.02-22.05.10:494][552]BlueprintLog: New page: Compile GameUI
[2018.04.02-22.05.39:180][997]BlueprintLog: New page: Compile PauseUI
[2018.04.02-22.06.15:413][691]BlueprintLog: New page: Compile ThirdPersonCharacter
[2018.04.02-22.06.44:850][250]BlueprintLog: New page: Compile Global
[2018.04.02-22.07.03:987][341]BlueprintLog: New page: Compile Global
[2018.04.02-22.08.25:817][194]BlueprintLog: New page: Compile Global
[2018.04.02-22.08.41:870][114]BlueprintLog: New page: Compile Global
[2018.04.02-22.08.59:436][104]BlueprintLog: New page: Compile Global
[2018.04.02-22.09.43:058][160]LogEditorViewport: Clicking on Actor (LMB): Tree3_C (Tree15)
[2018.04.02-22.09.45:068][205]Cmd: DELETE
[2018.04.02-22.09.45:068][205]Cmd: ACTOR DELETE
[2018.04.02-22.09.45:138][205]LogEditorActor: Deleted Actor: Tree3_C
[2018.04.02-22.09.45:185][205]LogEditorActor: Deleted 1 Actors (0.105 secs)
[2018.04.02-22.09.46:827][244]LogEditorViewport: Clicking on Actor (LMB): Lemon_C (Lemon16)
[2018.04.02-22.09.47:373][254]Cmd: DELETE
[2018.04.02-22.09.47:374][254]Cmd: ACTOR DELETE
[2018.04.02-22.09.47:404][254]LogEditorActor: Deleted Actor: Lemon_C
[2018.04.02-22.09.47:467][254]LogEditorActor: Deleted 1 Actors (0.093 secs)
[2018.04.02-22.09.49:088][292]Cmd: TRANSACTION UNDO
[2018.04.02-22.09.49:089][292]LogEditorTransaction: Undo Delete Actors
[2018.04.02-22.09.52:610][395]LogEditorViewport: Clicking on Actor (LMB): BP_Sky_Sphere_C (SkySphereBlueprint)
[2018.04.02-22.09.54:745][441]LogEditorViewport: Clicking on Actor (LMB): Lemon_C (Lemon16)
[2018.04.02-22.09.59:788][553]LogEditorActor: Deleted Actor: Lemon_C
[2018.04.02-22.09.59:792][553]LogEditorActor: Deleted Actor: Lemon_C
[2018.04.02-22.09.59:796][553]LogEditorActor: Deleted Actor: Lemon_C
[2018.04.02-22.09.59:798][553]LogEditorActor: Deleted Actor: Lemon_C
[2018.04.02-22.09.59:801][553]LogEditorActor: Deleted Actor: Lemon_C
[2018.04.02-22.09.59:804][553]LogEditorActor: Deleted Actor: Lemon_C
[2018.04.02-22.09.59:866][553]LogEditorActor: Deleted 6 Actors (0.119 secs)
[2018.04.02-22.10.11:765][856]LogEditorActor: Deleted Actor: Lemon_C
[2018.04.02-22.10.11:767][856]LogEditorActor: Deleted Actor: Lemon_C
[2018.04.02-22.10.11:768][856]LogEditorActor: Deleted Actor: Lemon_C
[2018.04.02-22.10.11:770][856]LogEditorActor: Deleted Actor: Lemon_C
[2018.04.02-22.10.11:771][856]LogEditorActor: Deleted Actor: Lemon_C
[2018.04.02-22.10.11:774][856]LogEditorActor: Deleted Actor: Lemon_C
[2018.04.02-22.10.11:776][856]LogEditorActor: Deleted Actor: Lemon_C
[2018.04.02-22.10.11:832][856]LogEditorActor: Deleted 7 Actors (0.098 secs)
[2018.04.02-22.10.14:854][932]LogEditorActor: Deleted Actor: Lemon_C
[2018.04.02-22.10.14:856][932]LogEditorActor: Deleted Actor: Lemon_C
[2018.04.02-22.10.14:858][932]LogEditorActor: Deleted Actor: Lemon_C
[2018.04.02-22.10.14:860][932]LogEditorActor: Deleted Actor: Lemon_C
[2018.04.02-22.10.14:862][932]LogEditorActor: Deleted Actor: Lemon_C
[2018.04.02-22.10.14:866][932]LogEditorActor: Deleted Actor: Lemon_C
[2018.04.02-22.10.14:927][932]LogEditorActor: Deleted 6 Actors (0.103 secs)
[2018.04.02-22.10.16:349][967]LogEditorViewport: Clicking on Actor (LMB): Tree3_C (Tree11)
[2018.04.02-22.10.17:405][991]Cmd: DELETE
[2018.04.02-22.10.17:405][991]Cmd: ACTOR DELETE
[2018.04.02-22.10.17:438][991]LogEditorActor: Deleted Actor: Tree3_C
[2018.04.02-22.10.17:506][991]LogEditorActor: Deleted 1 Actors (0.100 secs)
[2018.04.02-22.10.18:492][ 16]LogEditorViewport: Clicking on Actor (LMB): Tree3_C (Tree9)
[2018.04.02-22.10.18:843][ 23]Cmd: DELETE
[2018.04.02-22.10.18:843][ 23]Cmd: ACTOR DELETE
[2018.04.02-22.10.18:873][ 23]LogEditorActor: Deleted Actor: Tree3_C
[2018.04.02-22.10.18:936][ 23]LogEditorActor: Deleted 1 Actors (0.092 secs)
[2018.04.02-22.10.20:885][ 72]LogEditorViewport: Clicking on Actor (LMB): TargetPoint (TargetPoint16)
[2018.04.02-22.10.21:917][ 96]Cmd: DELETE
[2018.04.02-22.10.21:917][ 96]Cmd: ACTOR DELETE
[2018.04.02-22.10.21:947][ 96]LogEditorActor: Deleted Actor: TargetPoint
[2018.04.02-22.10.22:017][ 96]LogEditorActor: Deleted 1 Actors (0.099 secs)
[2018.04.02-22.10.23:056][123]LogEditorViewport: Clicking on Actor (LMB): NavMeshBoundsVolume (NavMeshBoundsVolume)
[2018.04.02-22.10.24:371][154]LogEditorViewport: Clicking on Actor (LMB): NavMeshBoundsVolume (NavMeshBoundsVolume)
[2018.04.02-22.10.44:031][599]LogEditorViewport: Clicking on Actor (LMB): Landscape (Floor_1)
[2018.04.02-22.10.48:796][695]LogEditorViewport: Clicking on Actor (LMB): TargetPoint (TargetPoint12)
[2018.04.02-22.10.56:196][854]LogEditorActor: Deleted Actor: TargetPoint
[2018.04.02-22.10.56:238][854]LogEditorActor: Deleted 1 Actors (0.078 secs)
[2018.04.02-22.10.57:679][886]LogEditorViewport: Clicking on Actor (LMB): Landscape (Floor_1)
[2018.04.02-22.10.59:136][913]LogEditorViewport: Clicking on Actor (LMB): TargetPoint (TargetPoint9)
[2018.04.02-22.11.00:628][943]Cmd: DELETE
[2018.04.02-22.11.00:629][943]Cmd: ACTOR DELETE
[2018.04.02-22.11.00:668][943]LogEditorActor: Deleted Actor: TargetPoint
[2018.04.02-22.11.00:747][943]LogEditorActor: Deleted 1 Actors (0.117 secs)
[2018.04.02-22.11.13:730][210]LogSavePackage: Save=812.26ms
[2018.04.02-22.11.13:730][210]LogSavePackage: Moving '../../../../../../Users/Chris/Documents/UpennCGGT/CIS 568 - Game Design/hw6/DefendTheOrchard/GameProject/Saved/ThirdPersonExampleMapC337E9BD4B13FD731278E8ACA4EA4697.tmp' to '../../../../../../Users/Chris/Documents/UpennCGGT/CIS 568 - Game Design/hw6/DefendTheOrchard/GameProject/Content/ThirdPersonBP/Maps/ThirdPersonExampleMap.umap'
[2018.04.02-22.11.13:750][210]LogSavePackage: Display: Finished SavePackage ../../../../../../Users/Chris/Documents/UpennCGGT/CIS 568 - Game Design/hw6/DefendTheOrchard/GameProject/Content/ThirdPersonBP/Maps/ThirdPersonExampleMap.umap
[2018.04.02-22.11.13:812][210]LogFileHelpers: Saving map 'ThirdPersonExampleMap' took 1.488
[2018.04.02-22.11.14:101][210]LogSavePackage: Save=243.72ms
[2018.04.02-22.11.14:101][210]LogSavePackage: Moving '../../../../../../Users/Chris/Documents/UpennCGGT/CIS 568 - Game Design/hw6/DefendTheOrchard/GameProject/Saved/Global110ED7984ED5F2EFDE088AA04F41924B.tmp' to '../../../../../../Users/Chris/Documents/UpennCGGT/CIS 568 - Game Design/hw6/DefendTheOrchard/GameProject/Content/ThirdPersonBP/Blueprints/Global.uasset'
[2018.04.02-22.11.14:124][210]LogSavePackage: Display: Finished SavePackage ../../../../../../Users/Chris/Documents/UpennCGGT/CIS 568 - Game Design/hw6/DefendTheOrchard/GameProject/Content/ThirdPersonBP/Blueprints/Global.uasset
[2018.04.02-22.11.14:499][210]LogSavePackage: Save=279.43ms
[2018.04.02-22.11.14:500][210]LogSavePackage: Moving '../../../../../../Users/Chris/Documents/UpennCGGT/CIS 568 - Game Design/hw6/DefendTheOrchard/GameProject/Saved/ThirdPersonCharacter7CB952FA4594924DAC17948F07F7DA7F.tmp' to '../../../../../../Users/Chris/Documents/UpennCGGT/CIS 568 - Game Design/hw6/DefendTheOrchard/GameProject/Content/ThirdPersonBP/Blueprints/ThirdPersonCharacter.uasset'
[2018.04.02-22.11.14:526][210]LogSavePackage: Display: Finished SavePackage ../../../../../../Users/Chris/Documents/UpennCGGT/CIS 568 - Game Design/hw6/DefendTheOrchard/GameProject/Content/ThirdPersonBP/Blueprints/ThirdPersonCharacter.uasset
[2018.04.02-22.11.15:204][210]LogSavePackage: Save=610.78ms
[2018.04.02-22.11.15:204][210]LogSavePackage: Moving '../../../../../../Users/Chris/Documents/UpennCGGT/CIS 568 - Game Design/hw6/DefendTheOrchard/GameProject/Saved/GameUI405CA182487E5D1AB7DC67A655CCB475.tmp' to '../../../../../../Users/Chris/Documents/UpennCGGT/CIS 568 - Game Design/hw6/DefendTheOrchard/GameProject/Content/ThirdPersonBP/Blueprints/GameUI.uasset'
[2018.04.02-22.11.15:232][210]LogSavePackage: Display: Finished SavePackage ../../../../../../Users/Chris/Documents/UpennCGGT/CIS 568 - Game Design/hw6/DefendTheOrchard/GameProject/Content/ThirdPersonBP/Blueprints/GameUI.uasset
[2018.04.02-22.11.15:404][210]LogSavePackage: Save=104.73ms
[2018.04.02-22.11.15:404][210]LogSavePackage: Moving '../../../../../../Users/Chris/Documents/UpennCGGT/CIS 568 - Game Design/hw6/DefendTheOrchard/GameProject/Saved/PauseUI22986B714C1C5F286C1FCDA0B6075FEC.tmp' to '../../../../../../Users/Chris/Documents/UpennCGGT/CIS 568 - Game Design/hw6/DefendTheOrchard/GameProject/Content/ThirdPersonBP/Blueprints/PauseUI.uasset'
[2018.04.02-22.11.15:433][210]LogSavePackage: Display: Finished SavePackage ../../../../../../Users/Chris/Documents/UpennCGGT/CIS 568 - Game Design/hw6/DefendTheOrchard/GameProject/Content/ThirdPersonBP/Blueprints/PauseUI.uasset
[2018.04.02-22.11.17:348][246]LogTemp: Repeating last play command: New Editor Window (PIE)
[2018.04.02-22.11.18:081][246]LogBlueprintUserMessages: Early PlayInEditor Detection: Level '/Game/ThirdPersonBP/Maps/ThirdPersonExampleMap.ThirdPersonExampleMap:PersistentLevel' has LevelScriptBlueprint '/Game/ThirdPersonBP/Maps/ThirdPersonExampleMap.ThirdPersonExampleMap:PersistentLevel.ThirdPersonExampleMap' with GeneratedClass '/Game/ThirdPersonBP/Maps/ThirdPersonExampleMap.ThirdPersonExampleMap_C' with ClassGeneratedBy '/Game/ThirdPersonBP/Maps/ThirdPersonExampleMap.ThirdPersonExampleMap:PersistentLevel.ThirdPersonExampleMap'
[2018.04.02-22.11.18:082][246]LogPlayLevel: PlayLevel: No blueprints needed recompiling
[2018.04.02-22.11.18:089][246]PIE: New page: PIE session: ThirdPersonExampleMap (Apr 2, 2018, 2:11:18 PM)
[2018.04.02-22.11.18:089][246]LogPlayLevel: Creating play world package: /Game/ThirdPersonBP/Maps/UEDPIE_0_ThirdPersonExampleMap
[2018.04.02-22.11.18:161][246]LogPlayLevel: PIE: StaticDuplicateObject took: (0.071900s)
[2018.04.02-22.11.18:165][246]LogAIModule: Creating AISystem for world ThirdPersonExampleMap
[2018.04.02-22.11.18:166][246]LogPlayLevel: PIE: World Init took: (0.003880s)
[2018.04.02-22.11.18:168][246]LogPlayLevel: PIE: Created PIE world by copying editor world from /Game/ThirdPersonBP/Maps/ThirdPersonExampleMap.ThirdPersonExampleMap to /Game/ThirdPersonBP/Maps/UEDPIE_0_ThirdPersonExampleMap.ThirdPersonExampleMap (0.078188s)
[2018.04.02-22.11.18:229][246]LogInit: XAudio2 using 'Speaker/HP (Realtek High Definition Audio)' : 2 channels at 48 kHz using 32 bits per sample (channel mask 0x3)
[2018.04.02-22.11.18:248][246]LogInit: FAudioDevice initialized.
[2018.04.02-22.11.18:307][246]LogLoad: Game class is 'ThirdPersonGameMode_C'
[2018.04.02-22.11.18:325][246]LogWorld: Bringing World /Game/ThirdPersonBP/Maps/UEDPIE_0_ThirdPersonExampleMap.ThirdPersonExampleMap up for play (max tick rate 60) at 2018.04.02-18.11.18
[2018.04.02-22.11.18:337][246]LogWorld: Bringing up level for play took: 0.029184
[2018.04.02-22.11.19:122][246]LogContentBrowser: Native class hierarchy updated for 'MovieSceneCapture' in 0.0005 seconds. Added 11 classes and 0 folders.
[2018.04.02-22.11.19:158][246]PIE: Play in editor start time for /Game/ThirdPersonBP/Maps/UEDPIE_0_ThirdPersonExampleMap 0.878
[2018.04.02-22.11.19:159][246]LogBlueprintUserMessages: Late PlayInEditor Detection: Level '/Game/ThirdPersonBP/Maps/ThirdPersonExampleMap.ThirdPersonExampleMap:PersistentLevel' has LevelScriptBlueprint '/Game/ThirdPersonBP/Maps/ThirdPersonExampleMap.ThirdPersonExampleMap:PersistentLevel.ThirdPersonExampleMap' with GeneratedClass '/Game/ThirdPersonBP/Maps/ThirdPersonExampleMap.ThirdPersonExampleMap_C' with ClassGeneratedBy '/Game/ThirdPersonBP/Maps/ThirdPersonExampleMap.ThirdPersonExampleMap:PersistentLevel.ThirdPersonExampleMap'
[2018.04.02-22.11.19:384][246]LogRenderer: Reallocating scene render targets to support 1292x756 Format 10 NumSamples 1 (Frame:1).
[2018.04.02-22.11.35:313][445]LogBlueprintUserMessages: Early EndPlayMap Detection: Level '/Game/ThirdPersonBP/Maps/ThirdPersonExampleMap.ThirdPersonExampleMap:PersistentLevel' has LevelScriptBlueprint '/Game/ThirdPersonBP/Maps/ThirdPersonExampleMap.ThirdPersonExampleMap:PersistentLevel.ThirdPersonExampleMap' with GeneratedClass '/Game/ThirdPersonBP/Maps/ThirdPersonExampleMap.ThirdPersonExampleMap_C' with ClassGeneratedBy '/Game/ThirdPersonBP/Maps/ThirdPersonExampleMap.ThirdPersonExampleMap:PersistentLevel.ThirdPersonExampleMap'
[2018.04.02-22.11.35:606][445]LogBlueprintUserMessages: Late EndPlayMap Detection: Level '/Game/ThirdPersonBP/Maps/ThirdPersonExampleMap.ThirdPersonExampleMap:PersistentLevel' has LevelScriptBlueprint '/Game/ThirdPersonBP/Maps/ThirdPersonExampleMap.ThirdPersonExampleMap:PersistentLevel.ThirdPersonExampleMap' with GeneratedClass '/Game/ThirdPersonBP/Maps/ThirdPersonExampleMap.ThirdPersonExampleMap_C' with ClassGeneratedBy '/Game/ThirdPersonBP/Maps/ThirdPersonExampleMap.ThirdPersonExampleMap:PersistentLevel.ThirdPersonExampleMap'
[2018.04.02-22.12.29:566][317]LogEditorTransaction: Undo Edit Left
[2018.04.02-22.12.32:431][376]LogEditorTransaction: Undo Edit Top
[2018.04.02-22.12.33:135][384]Cmd: TRANSACTION UNDO
[2018.04.02-22.12.33:136][384]LogEditorTransaction: Undo Resize Widget
[2018.04.02-22.13.04:754][904]BlueprintLog: New page: Compile GameUI
[2018.04.02-22.13.08:007][949]LogTemp: Repeating last play command: New Editor Window (PIE)
[2018.04.02-22.13.08:057][949]LogBlueprintUserMessages: Early PlayInEditor Detection: Level '/Game/ThirdPersonBP/Maps/ThirdPersonExampleMap.ThirdPersonExampleMap:PersistentLevel' has LevelScriptBlueprint '/Game/ThirdPersonBP/Maps/ThirdPersonExampleMap.ThirdPersonExampleMap:PersistentLevel.ThirdPersonExampleMap' with GeneratedClass '/Game/ThirdPersonBP/Maps/ThirdPersonExampleMap.ThirdPersonExampleMap_C' with ClassGeneratedBy '/Game/ThirdPersonBP/Maps/ThirdPersonExampleMap.ThirdPersonExampleMap:PersistentLevel.ThirdPersonExampleMap'
[2018.04.02-22.13.08:057][949]LogPlayLevel: PlayLevel: No blueprints needed recompiling
[2018.04.02-22.13.08:057][949]PIE: New page: PIE session: ThirdPersonExampleMap (Apr 2, 2018, 2:13:08 PM)
[2018.04.02-22.13.08:057][949]LogPlayLevel: Creating play world package: /Game/ThirdPersonBP/Maps/UEDPIE_0_ThirdPersonExampleMap
[2018.04.02-22.13.08:130][949]LogPlayLevel: PIE: StaticDuplicateObject took: (0.072926s)
[2018.04.02-22.13.08:134][949]LogAIModule: Creating AISystem for world ThirdPersonExampleMap
[2018.04.02-22.13.08:134][949]LogPlayLevel: PIE: World Init took: (0.003705s)
[2018.04.02-22.13.08:135][949]LogPlayLevel: PIE: Created PIE world by copying editor world from /Game/ThirdPersonBP/Maps/ThirdPersonExampleMap.ThirdPersonExampleMap to /Game/ThirdPersonBP/Maps/UEDPIE_0_ThirdPersonExampleMap.ThirdPersonExampleMap (0.077518s)
[2018.04.02-22.13.08:184][949]LogInit: XAudio2 using 'Speaker/HP (Realtek High Definition Audio)' : 2 channels at 48 kHz using 32 bits per sample (channel mask 0x3)
[2018.04.02-22.13.08:199][949]LogInit: FAudioDevice initialized.
[2018.04.02-22.13.08:244][949]LogLoad: Game class is 'ThirdPersonGameMode_C'
[2018.04.02-22.13.08:262][949]LogWorld: Bringing World /Game/ThirdPersonBP/Maps/UEDPIE_0_ThirdPersonExampleMap.ThirdPersonExampleMap up for play (max tick rate 60) at 2018.04.02-18.13.08
[2018.04.02-22.13.08:263][949]LogWorld: Bringing up level for play took: 0.018802
[2018.04.02-22.13.08:276][949]PIE: Play in editor start time for /Game/ThirdPersonBP/Maps/UEDPIE_0_ThirdPersonExampleMap -0.005
[2018.04.02-22.13.08:277][949]LogBlueprintUserMessages: Late PlayInEditor Detection: Level '/Game/ThirdPersonBP/Maps/ThirdPersonExampleMap.ThirdPersonExampleMap:PersistentLevel' has LevelScriptBlueprint '/Game/ThirdPersonBP/Maps/ThirdPersonExampleMap.ThirdPersonExampleMap:PersistentLevel.ThirdPersonExampleMap' with GeneratedClass '/Game/ThirdPersonBP/Maps/ThirdPersonExampleMap.ThirdPersonExampleMap_C' with ClassGeneratedBy '/Game/ThirdPersonBP/Maps/ThirdPersonExampleMap.ThirdPersonExampleMap:PersistentLevel.ThirdPersonExampleMap'
[2018.04.02-22.13.28:029][184]LogBlueprintUserMessages: Early EndPlayMap Detection: Level '/Game/ThirdPersonBP/Maps/ThirdPersonExampleMap.ThirdPersonExampleMap:PersistentLevel' has LevelScriptBlueprint '/Game/ThirdPersonBP/Maps/ThirdPersonExampleMap.ThirdPersonExampleMap:PersistentLevel.ThirdPersonExampleMap' with GeneratedClass '/Game/ThirdPersonBP/Maps/ThirdPersonExampleMap.ThirdPersonExampleMap_C' with ClassGeneratedBy '/Game/ThirdPersonBP/Maps/ThirdPersonExampleMap.ThirdPersonExampleMap:PersistentLevel.ThirdPersonExampleMap'
[2018.04.02-22.13.28:234][184]LogBlueprintUserMessages: Late EndPlayMap Detection: Level '/Game/ThirdPersonBP/Maps/ThirdPersonExampleMap.ThirdPersonExampleMap:PersistentLevel' has LevelScriptBlueprint '/Game/ThirdPersonBP/Maps/ThirdPersonExampleMap.ThirdPersonExampleMap:PersistentLevel.ThirdPersonExampleMap' with GeneratedClass '/Game/ThirdPersonBP/Maps/ThirdPersonExampleMap.ThirdPersonExampleMap_C' with ClassGeneratedBy '/Game/ThirdPersonBP/Maps/ThirdPersonExampleMap.ThirdPersonExampleMap:PersistentLevel.ThirdPersonExampleMap'
[2018.04.02-22.21.51:652][705]LogSavePackage: Save=770.90ms
[2018.04.02-22.21.51:652][705]LogSavePackage: Moving '../../../../../../Users/Chris/Documents/UpennCGGT/CIS 568 - Game Design/hw6/DefendTheOrchard/GameProject/Saved/ThirdPersonExampleMap_Auto1A5F024744BA310CBB66ADD84CC8AD4C2.tmp' to '../../../../../../Users/Chris/Documents/UpennCGGT/CIS 568 - Game Design/hw6/DefendTheOrchard/GameProject/Saved/Autosaves/Game/ThirdPersonBP/Maps/ThirdPersonExampleMap_Auto1.umap'
[2018.04.02-22.21.51:660][705]LogSavePackage: Display: Finished SavePackage ../../../../../../Users/Chris/Documents/UpennCGGT/CIS 568 - Game Design/hw6/DefendTheOrchard/GameProject/Saved/Autosaves/Game/ThirdPersonBP/Maps/ThirdPersonExampleMap_Auto1.umap
[2018.04.02-22.21.51:666][705]LogFileHelpers: Editor autosave (incl. sublevels) for '/Game/ThirdPersonBP/Maps/ThirdPersonExampleMap' took 0.879
[2018.04.02-22.21.51:666][705]LogFileHelpers: Editor autosave (incl. sublevels) for all levels took 0.879
[2018.04.02-22.21.51:674][705]OBJ SavePackage: Generating thumbnails for [0] asset(s) in package [/Game/ThirdPersonBP/Blueprints/GameUI] ([1] browsable assets)...
[2018.04.02-22.21.51:674][705]OBJ SavePackage: Finished generating thumbnails for package [/Game/ThirdPersonBP/Blueprints/GameUI]
[2018.04.02-22.21.52:121][705]LogSavePackage: Save=412.62ms
[2018.04.02-22.21.52:121][705]LogSavePackage: Moving '../../../../../../Users/Chris/Documents/UpennCGGT/CIS 568 - Game Design/hw6/DefendTheOrchard/GameProject/Saved/GameUI_Auto1AC77996C44D084924656DA8FEF2FFA84.tmp' to '../../../../../../Users/Chris/Documents/UpennCGGT/CIS 568 - Game Design/hw6/DefendTheOrchard/GameProject/Saved/Autosaves/Game/ThirdPersonBP/Blueprints/GameUI_Auto1.uasset'
[2018.04.02-22.21.52:130][705]LogSavePackage: Display: Finished SavePackage ../../../../../../Users/Chris/Documents/UpennCGGT/CIS 568 - Game Design/hw6/DefendTheOrchard/GameProject/Saved/Autosaves/Game/ThirdPersonBP/Blueprints/GameUI_Auto1.uasset
[2018.04.02-22.21.52:130][705]LogFileHelpers: Auto-saving content packages took 0.463
[2018.04.02-22.49.08:978][834]BlueprintLog: New page: Compile Robber
[2018.04.02-22.51.28:132][736]BlueprintLog: New page: Compile PauseUI
[2018.04.02-22.51.42:365][141]LogSavePackage: Save=749.03ms
[2018.04.02-22.51.42:365][141]LogSavePackage: Moving '../../../../../../Users/Chris/Documents/UpennCGGT/CIS 568 - Game Design/hw6/DefendTheOrchard/GameProject/Saved/ThirdPersonExampleMap373163C94F9EAD09DF5585B449F8978F.tmp' to '../../../../../../Users/Chris/Documents/UpennCGGT/CIS 568 - Game Design/hw6/DefendTheOrchard/GameProject/Content/ThirdPersonBP/Maps/ThirdPersonExampleMap.umap'
[2018.04.02-22.51.42:383][141]LogSavePackage: Display: Finished SavePackage ../../../../../../Users/Chris/Documents/UpennCGGT/CIS 568 - Game Design/hw6/DefendTheOrchard/GameProject/Content/ThirdPersonBP/Maps/ThirdPersonExampleMap.umap
[2018.04.02-22.51.42:426][141]LogFileHelpers: Saving map 'ThirdPersonExampleMap' took 1.155
[2018.04.02-22.51.42:725][141]LogSavePackage: Save=205.74ms
[2018.04.02-22.51.42:726][141]LogSavePackage: Moving '../../../../../../Users/Chris/Documents/UpennCGGT/CIS 568 - Game Design/hw6/DefendTheOrchard/GameProject/Saved/RobberAFC3010E4C92096A8A8348B20D58A323.tmp' to '../../../../../../Users/Chris/Documents/UpennCGGT/CIS 568 - Game Design/hw6/DefendTheOrchard/GameProject/Content/ThirdPersonBP/Blueprints/Robber.uasset'
[2018.04.02-22.51.42:743][141]LogSavePackage: Display: Finished SavePackage ../../../../../../Users/Chris/Documents/UpennCGGT/CIS 568 - Game Design/hw6/DefendTheOrchard/GameProject/Content/ThirdPersonBP/Blueprints/Robber.uasset
[2018.04.02-22.51.43:209][141]LogSavePackage: Save=424.98ms
[2018.04.02-22.51.43:209][141]LogSavePackage: Moving '../../../../../../Users/Chris/Documents/UpennCGGT/CIS 568 - Game Design/hw6/DefendTheOrchard/GameProject/Saved/GameUIFF5CD4A247496C6A262B4BA9CA1583EA.tmp' to '../../../../../../Users/Chris/Documents/UpennCGGT/CIS 568 - Game Design/hw6/DefendTheOrchard/GameProject/Content/ThirdPersonBP/Blueprints/GameUI.uasset'
[2018.04.02-22.51.43:227][141]LogSavePackage: Display: Finished SavePackage ../../../../../../Users/Chris/Documents/UpennCGGT/CIS 568 - Game Design/hw6/DefendTheOrchard/GameProject/Content/ThirdPersonBP/Blueprints/GameUI.uasset
[2018.04.02-22.51.43:355][141]LogSavePackage: Save=85.76ms
[2018.04.02-22.51.43:355][141]LogSavePackage: Moving '../../../../../../Users/Chris/Documents/UpennCGGT/CIS 568 - Game Design/hw6/DefendTheOrchard/GameProject/Saved/PauseUIE0745D6F4EEF2272EE481DB299FD0FFF.tmp' to '../../../../../../Users/Chris/Documents/UpennCGGT/CIS 568 - Game Design/hw6/DefendTheOrchard/GameProject/Content/ThirdPersonBP/Blueprints/PauseUI.uasset'
[2018.04.02-22.51.43:375][141]LogSavePackage: Display: Finished SavePackage ../../../../../../Users/Chris/Documents/UpennCGGT/CIS 568 - Game Design/hw6/DefendTheOrchard/GameProject/Content/ThirdPersonBP/Blueprints/PauseUI.uasset
[2018.04.02-22.51.47:740][208]LogActorComponent: UnregisterComponent: (/Engine/Transient.EditorFloorComp) Not registered. Aborting.
[2018.04.02-22.51.48:099][209]Cmd: QUIT_EDITOR
[2018.04.02-22.51.48:190][209]LogExit: Preparing to exit.
[2018.04.02-22.51.48:547][209]LogDirectoryWatcher: A directory notification for 'C:/Users/Chris/Documents/UpennCGGT/CIS 568 - Game Design/hw6/DefendTheOrchard/GameProject/Content/' was aborted.
[2018.04.02-22.51.48:603][209]LogExit: Editor shut down
[2018.04.02-22.51.48:607][209]LogExit: Transaction tracking system shut down
[2018.04.02-22.51.48:744][209]LogDirectoryWatcher: A directory notification for '../../../Engine/Content/' was aborted.
[2018.04.02-22.51.48:745][209]LogDirectoryWatcher: A directory notification for '../../../../../../Users/Chris/Documents/UpennCGGT/CIS 568 - Game Design/hw6/DefendTheOrchard/GameProject/Content/' was aborted.
[2018.04.02-22.51.48:745][209]LogDirectoryWatcher: A directory notification for '../../../Engine/Plugins/2D/Paper2D/Content/' was aborted.
[2018.04.02-22.51.48:745][209]LogDirectoryWatcher: A directory notification for '../../../Engine/Plugins/Media/MediaCompositing/Content/' was aborted.
[2018.04.02-22.51.48:745][209]LogDirectoryWatcher: A directory notification for '../../../Engine/Plugins/Runtime/AppleARKit/Content/' was aborted.
[2018.04.02-22.51.48:745][209]LogDirectoryWatcher: A directory notification for '../../../Engine/Plugins/Runtime/Oculus/OculusVR/Content/' was aborted.
[2018.04.02-22.51.48:745][209]LogDirectoryWatcher: A directory notification for '../../../Engine/Plugins/Runtime/Steam/SteamVR/Content/' was aborted.
[2018.04.02-22.51.48:921][209]LogExit: Object subsystem successfully closed.
[2018.04.02-22.51.48:957][209]LogD3D11RHI: Shutdown
[2018.04.02-22.51.48:957][209]LogD3D11RHI: CleanupD3DDevice
[2018.04.02-22.51.48:993][209]LogD3D11RHI: ~FD3D11DynamicRHI
[2018.04.02-22.51.49:224][209]LogModuleManager: Shutting down and abandoning module MovieSceneCapture (554)
[2018.04.02-22.51.49:224][209]LogModuleManager: Shutting down and abandoning module SequencerWidgets (552)
[2018.04.02-22.51.49:224][209]LogModuleManager: Shutting down and abandoning module BlueprintGraph (550)
[2018.04.02-22.51.49:224][209]LogModuleManager: Shutting down and abandoning module HierarchicalLODOutliner (548)
[2018.04.02-22.51.49:224][209]LogModuleManager: Shutting down and abandoning module SceneOutliner (546)
[2018.04.02-22.51.49:224][209]LogModuleManager: Shutting down and abandoning module AddContentDialog (544)
[2018.04.02-22.51.49:224][209]LogDirectoryWatcher: A directory notification for 'C:/Program Files/Epic Games/UE_4.18/FeaturePacks/' was aborted.
[2018.04.02-22.51.49:226][209]LogModuleManager: Shutting down and abandoning module WidgetCarousel (543)
[2018.04.02-22.51.49:226][209]LogModuleManager: Shutting down and abandoning module EditorWidgets (540)
[2018.04.02-22.51.49:226][209]LogModuleManager: Shutting down and abandoning module CollectionManager (538)
[2018.04.02-22.51.49:227][209]LogDirectoryWatcher: A directory notification for 'C:/Users/Chris/Documents/UpennCGGT/CIS 568 - Game Design/hw6/DefendTheOrchard/GameProject/Content/Collections/' was aborted.
[2018.04.02-22.51.49:227][209]LogDirectoryWatcher: A directory notification for 'C:/Users/Chris/Documents/UpennCGGT/CIS 568 - Game Design/hw6/DefendTheOrchard/GameProject/Content/Developers/Chris/Collections/' was aborted.
[2018.04.02-22.51.49:227][209]LogDirectoryWatcher: A directory notification for 'C:/Users/Chris/Documents/UpennCGGT/CIS 568 - Game Design/hw6/DefendTheOrchard/GameProject/Saved/Collections/' was aborted.
[2018.04.02-22.51.49:227][209]LogModuleManager: Shutting down and abandoning module StatsViewer (536)
[2018.04.02-22.51.49:228][209]LogModuleManager: Shutting down and abandoning module FoliageEdit (534)
[2018.04.02-22.51.49:228][209]LogModuleManager: Shutting down and abandoning module LandscapeEditor (532)
[2018.04.02-22.51.49:229][209]LogModuleManager: Shutting down and abandoning module MeshPaintMode (530)
[2018.04.02-22.51.49:230][209]LogModuleManager: Shutting down and abandoning module SceneDepthPickerMode (528)
[2018.04.02-22.51.49:230][209]LogModuleManager: Shutting down and abandoning module ActorPickerMode (526)
[2018.04.02-22.51.49:230][209]LogModuleManager: Shutting down and abandoning module GeometryMode (524)
[2018.04.02-22.51.49:230][209]LogModuleManager: Shutting down and abandoning module TextureAlignMode (522)
[2018.04.02-22.51.49:230][209]LogModuleManager: Shutting down and abandoning module BspMode (520)
[2018.04.02-22.51.49:230][209]LogModuleManager: Shutting down and abandoning module PIEPreviewDeviceProfileSelector (518)
[2018.04.02-22.51.49:230][209]LogModuleManager: Shutting down and abandoning module HardwareSurvey (516)
[2018.04.02-22.51.49:230][209]LogModuleManager: Shutting down and abandoning module SequenceRecorderSections (514)
[2018.04.02-22.51.49:230][209]LogModuleManager: Shutting down and abandoning module AutomationWorker (512)
[2018.04.02-22.51.49:230][209]LogModuleManager: Shutting down and abandoning module MatineeToLevelSequence (510)
[2018.04.02-22.51.49:231][209]LogModuleManager: Shutting down and abandoning module LevelSequenceEditor (508)
[2018.04.02-22.51.49:233][209]LogModuleManager: Shutting down and abandoning module PlacementMode (507)
[2018.04.02-22.51.49:233][209]LogModuleManager: Shutting down and abandoning module WmfMediaFactory (504)
[2018.04.02-22.51.49:233][209]LogModuleManager: Shutting down and abandoning module WmfMediaEditor (502)
[2018.04.02-22.51.49:233][209]LogModuleManager: Shutting down and abandoning module OpenExrWrapper (500)
[2018.04.02-22.51.49:233][209]LogModuleManager: Shutting down and abandoning module ImgMediaFactory (498)
[2018.04.02-22.51.49:233][209]LogModuleManager: Shutting down and abandoning module ImgMediaEditor (496)
[2018.04.02-22.51.49:233][209]LogModuleManager: Shutting down and abandoning module AvfMediaFactory (494)
[2018.04.02-22.51.49:233][209]LogModuleManager: Shutting down and abandoning module AvfMediaEditor (492)
[2018.04.02-22.51.49:233][209]LogModuleManager: Shutting down and abandoning module AndroidMediaFactory (490)
[2018.04.02-22.51.49:233][209]LogModuleManager: Shutting down and abandoning module AndroidMediaEditor (488)
[2018.04.02-22.51.49:233][209]LogModuleManager: Shutting down and abandoning module CharacterAI (486)
[2018.04.02-22.51.49:233][209]LogModuleManager: Shutting down and abandoning module AudioCapture (484)
[2018.04.02-22.51.49:233][209]LogModuleManager: Shutting down and abandoning module SequenceRecorder (483)
[2018.04.02-22.51.49:233][209]LogModuleManager: Shutting down and abandoning module SmartSnapping (480)
[2018.04.02-22.51.49:233][209]LogModuleManager: Shutting down and abandoning module SessionServices (478)
[2018.04.02-22.51.49:233][209]LogModuleManager: Shutting down and abandoning module ViewportSnapping (476)
[2018.04.02-22.51.49:233][209]LogModuleManager: Shutting down and abandoning module ViewportInteraction (474)
[2018.04.02-22.51.49:234][209]LogModuleManager: Shutting down and abandoning module ClothPainter (472)
[2018.04.02-22.51.49:234][209]LogModuleManager: Shutting down and abandoning module SkeletalMeshEditor (471)
[2018.04.02-22.51.49:235][209]LogModuleManager: Shutting down and abandoning module LogVisualizer (468)
[2018.04.02-22.51.49:236][209]LogModuleManager: Shutting down and abandoning module IntroTutorials (466)
[2018.04.02-22.51.49:238][209]LogModuleManager: Shutting down and abandoning module GameProjectGeneration (465)
[2018.04.02-22.51.49:239][209]LogModuleManager: Shutting down and abandoning module IOSPlatformEditor (462)
[2018.04.02-22.51.49:239][209]LogModuleManager: Shutting down and abandoning module HTML5PlatformEditor (460)
[2018.04.02-22.51.49:239][209]LogModuleManager: Shutting down and abandoning module AndroidPlatformEditor (458)
[2018.04.02-22.51.49:239][209]LogModuleManager: Shutting down and abandoning module AndroidDeviceDetection (457)
[2018.04.02-22.51.49:793][209]LogModuleManager: Shutting down and abandoning module WindowsPlatformEditor (454)
[2018.04.02-22.51.49:793][209]LogModuleManager: Shutting down and abandoning module IOSRuntimeSettings (452)
[2018.04.02-22.51.49:793][209]LogModuleManager: Shutting down and abandoning module AndroidRuntimeSettings (450)
[2018.04.02-22.51.49:793][209]LogModuleManager: Shutting down and abandoning module InputBindingEditor (448)
[2018.04.02-22.51.49:801][209]LogModuleManager: Shutting down and abandoning module MergeActors (446)
[2018.04.02-22.51.49:801][209]LogModuleManager: Shutting down and abandoning module SizeMap (444)
[2018.04.02-22.51.49:801][209]LogModuleManager: Shutting down and abandoning module TreeMap (442)
[2018.04.02-22.51.49:802][209]LogModuleManager: Shutting down and abandoning module ReferenceViewer (440)
[2018.04.02-22.51.49:802][209]LogModuleManager: Shutting down and abandoning module LocalizationDashboard (438)
[2018.04.02-22.51.49:803][209]LogModuleManager: Shutting down and abandoning module LocalizationService (437)
[2018.04.02-22.51.49:803][209]LogModuleManager: Shutting down and abandoning module HardwareTargeting (434)
[2018.04.02-22.51.49:803][209]LogModuleManager: Shutting down and abandoning module DeviceProfileEditor (432)
[2018.04.02-22.51.49:803][209]LogModuleManager: Shutting down and abandoning module UndoHistory (430)
[2018.04.02-22.51.49:803][209]LogModuleManager: Shutting down and abandoning module XmlParser (428)
[2018.04.02-22.51.49:803][209]LogModuleManager: Shutting down and abandoning module Blutility (426)
[2018.04.02-22.51.49:804][209]LogModuleManager: Shutting down and abandoning module ProjectSettingsViewer (424)
[2018.04.02-22.51.49:804][209]LogModuleManager: Shutting down and abandoning module ProjectTargetPlatformEditor (423)
[2018.04.02-22.51.49:804][209]LogModuleManager: Shutting down and abandoning module EditorSettingsViewer (420)
[2018.04.02-22.51.49:804][209]LogModuleManager: Shutting down and abandoning module SettingsEditor (418)
[2018.04.02-22.51.49:804][209]LogModuleManager: Shutting down and abandoning module ProjectLauncher (416)
[2018.04.02-22.51.49:805][209]LogModuleManager: Shutting down and abandoning module SessionFrontend (414)
[2018.04.02-22.51.49:806][209]LogModuleManager: Shutting down and abandoning module ProfilerClient (412)
[2018.04.02-22.51.49:806][209]LogModuleManager: Shutting down and abandoning module DeviceManager (410)
[2018.04.02-22.51.49:806][209]LogModuleManager: Shutting down and abandoning module TargetDeviceServices (409)
[2018.04.02-22.51.49:847][209]LogModuleManager: Shutting down and abandoning module AutomationController (406)
[2018.04.02-22.51.49:848][209]LogModuleManager: Shutting down and abandoning module AutomationWindow (404)
[2018.04.02-22.51.49:849][209]LogModuleManager: Shutting down and abandoning module Layers (402)
[2018.04.02-22.51.49:851][209]LogModuleManager: Shutting down and abandoning module ComponentVisualizers (400)
[2018.04.02-22.51.49:851][209]LogModuleManager: Shutting down and abandoning module DetailCustomizations (398)
[2018.04.02-22.51.49:851][209]LogModuleManager: Shutting down and abandoning module PackagesDialog (396)
[2018.04.02-22.51.49:858][209]LogModuleManager: Shutting down and abandoning module Persona (394)
[2018.04.02-22.51.49:861][209]LogModuleManager: Shutting down and abandoning module AdvancedPreviewScene (393)
[2018.04.02-22.51.49:861][209]LogModuleManager: Shutting down and abandoning module AnimGraph (391)
[2018.04.02-22.51.49:861][209]LogModuleManager: Shutting down and abandoning module Kismet (388)
[2018.04.02-22.51.49:981][209]LogModuleManager: Shutting down and abandoning module ClassViewer (386)
[2018.04.02-22.51.49:981][209]LogModuleManager: Shutting down and abandoning module Toolbox (384)
[2018.04.02-22.51.49:981][209]LogModuleManager: Shutting down and abandoning module ModuleUI (382)
[2018.04.02-22.51.49:997][209]LogModuleManager: Shutting down and abandoning module MovieSceneTools (380)
[2018.04.02-22.51.49:998][209]LogModuleManager: Shutting down and abandoning module OutputLog (378)
[2018.04.02-22.51.49:998][209]LogModuleManager: Shutting down and abandoning module GammaUI (376)
[2018.04.02-22.51.49:999][209]LogModuleManager: Shutting down and abandoning module Documentation (374)
[2018.04.02-22.51.50:000][209]LogModuleManager: Shutting down and abandoning module MovieSceneTracks (372)
[2018.04.02-22.51.50:000][209]LogModuleManager: Shutting down and abandoning module MovieScene (370)
[2018.04.02-22.51.50:000][209]LogModuleManager: Shutting down and abandoning module StreamingPauseRendering (368)
[2018.04.02-22.51.50:000][209]LogModuleManager: Shutting down and abandoning module LauncherPlatform (366)
[2018.04.02-22.51.50:000][209]LogModuleManager: Shutting down and abandoning module AnalyticsET (364)
[2018.04.02-22.51.50:000][209]LogModuleManager: Shutting down and abandoning module PortalServices (362)
[2018.04.02-22.51.50:000][209]LogModuleManager: Shutting down and abandoning module PortalRpc (360)
[2018.04.02-22.51.50:000][209]LogModuleManager: Shutting down and abandoning module MessagingRpc (358)
[2018.04.02-22.51.50:000][209]LogModuleManager: Shutting down and abandoning module AIModule (356)
[2018.04.02-22.51.50:001][209]LogModuleManager: Shutting down and abandoning module GameplayDebugger (355)
[2018.04.02-22.51.50:001][209]LogModuleManager: Shutting down and abandoning module AITestSuite (353)
[2018.04.02-22.51.50:001][209]LogModuleManager: Shutting down and abandoning module DesktopPlatform (350)
[2018.04.02-22.51.50:001][209]LogModuleManager: Shutting down and abandoning module ProfilerService (348)
[2018.04.02-22.51.50:157][209]LogModuleManager: Shutting down and abandoning module TaskGraph (346)
[2018.04.02-22.51.50:165][209]LogModuleManager: Shutting down and abandoning module SteamVRController (344)
[2018.04.02-22.51.50:165][209]LogModuleManager: Shutting down and abandoning module ProceduralMeshComponentEditor (342)
[2018.04.02-22.51.50:165][209]LogModuleManager: Shutting down and abandoning module ProceduralMeshComponent (340)
[2018.04.02-22.51.50:166][209]LogModuleManager: Shutting down and abandoning module OculusInput (338)
[2018.04.02-22.51.50:166][209]LogModuleManager: Shutting down and abandoning module MobilePatchingUtils (336)
[2018.04.02-22.51.50:166][209]LogModuleManager: Shutting down and abandoning module CustomMeshComponent (334)
[2018.04.02-22.51.50:166][209]LogModuleManager: Shutting down and abandoning module CableComponent (332)
[2018.04.02-22.51.50:166][209]LogModuleManager: Shutting down and abandoning module ArchVisCharacter (330)
[2018.04.02-22.51.50:166][209]LogModuleManager: Shutting down and abandoning module AndroidPermission (328)
[2018.04.02-22.51.50:166][209]LogModuleManager: Shutting down and abandoning module ActorSequence (324)
[2018.04.02-22.51.50:166][209]LogModuleManager: Shutting down and abandoning module MediaPlayerEditor (322)
[2018.04.02-22.51.50:169][209]LogModuleManager: Shutting down and abandoning module MediaCompositingEditor (320)
[2018.04.02-22.51.50:169][209]LogModuleManager: Shutting down and abandoning module MediaCompositing (318)
[2018.04.02-22.51.50:169][209]LogModuleManager: Shutting down and abandoning module HTML5Networking (316)
[2018.04.02-22.51.50:169][209]LogModuleManager: Shutting down and abandoning module AlembicImporter (314)
[2018.04.02-22.51.50:169][209]LogModuleManager: Shutting down and abandoning module AlembicLibrary (313)
[2018.04.02-22.51.50:169][209]LogModuleManager: Shutting down and abandoning module GeometryCache (312)
[2018.04.02-22.51.50:169][209]LogModuleManager: Shutting down and abandoning module GeometryCacheEd (311)
[2018.04.02-22.51.50:169][209]LogModuleManager: Shutting down and abandoning module SpeedTreeImporter (306)
[2018.04.02-22.51.50:169][209]LogModuleManager: Shutting down and abandoning module PluginBrowser (304)
[2018.04.02-22.51.50:172][209]LogModuleManager: Shutting down and abandoning module MobileLauncherProfileWizard (302)
[2018.04.02-22.51.50:173][209]LogModuleManager: Shutting down and abandoning module VisualStudioSourceCodeAccess (300)
[2018.04.02-22.51.50:173][209]LogModuleManager: Shutting down and abandoning module VisualStudioCodeSourceCodeAccess (298)
[2018.04.02-22.51.50:173][209]LogModuleManager: Shutting down and abandoning module UObjectPlugin (296)
[2018.04.02-22.51.50:173][209]LogModuleManager: Shutting down and abandoning module SubversionSourceControl (294)
[2018.04.02-22.51.50:174][209]LogModuleManager: Shutting down and abandoning module PerforceSourceControl (292)
[2018.04.02-22.51.50:175][209]LogModuleManager: Shutting down and abandoning module GitSourceControl (290)
[2018.04.02-22.51.50:176][209]LogModuleManager: Shutting down and abandoning module SourceControl (289)
[2018.04.02-22.51.50:179][209]LogModuleManager: Shutting down and abandoning module LightPropagationVolumeEditor (286)
[2018.04.02-22.51.50:179][209]LogModuleManager: Shutting down and abandoning module PaperTiledImporter (284)
[2018.04.02-22.51.50:179][209]LogModuleManager: Shutting down and abandoning module PaperSpriteSheetImporter (282)
[2018.04.02-22.51.50:179][209]LogModuleManager: Shutting down and abandoning module Paper2DEditor (280)
[2018.04.02-22.51.50:180][209]LogModuleManager: Shutting down and abandoning module MeshPaint (279)
[2018.04.02-22.51.50:181][209]LogModuleManager: Shutting down and abandoning module LevelEditor (277)
[2018.04.02-22.51.50:182][209]LogModuleManager: Shutting down and abandoning module PixelInspectorModule (276)
[2018.04.02-22.51.50:183][209]LogModuleManager: Shutting down and abandoning module MainFrame (274)
[2018.04.02-22.51.50:183][209]LogModuleManager: Shutting down and abandoning module HotReload (273)
[2018.04.02-22.51.50:185][209]LogModuleManager: Shutting down and abandoning module RuntimePhysXCooking (268)
[2018.04.02-22.51.50:185][209]LogModuleManager: Shutting down and abandoning module PhysXVehiclesEditor (266)
[2018.04.02-22.51.50:185][209]LogModuleManager: Shutting down and abandoning module PhysXVehicles (264)
[2018.04.02-22.51.50:185][209]LogModuleManager: Shutting down and abandoning module OculusEditor (262)
[2018.04.02-22.51.50:185][209]LogModuleManager: Shutting down and abandoning module LocationServicesBPLibrary (260)
[2018.04.02-22.51.50:186][209]LogModuleManager: Shutting down and abandoning module ImmediatePhysicsEditor (258)
[2018.04.02-22.51.50:186][209]LogModuleManager: Shutting down and abandoning module ImmediatePhysics (256)
[2018.04.02-22.51.50:186][209]LogModuleManager: Shutting down and abandoning module UdpMessaging (254)
[2018.04.02-22.51.50:293][209]LogModuleManager: Shutting down and abandoning module TcpMessaging (252)
[2018.04.02-22.51.50:393][209]LogModuleManager: Shutting down and abandoning module GameplayTagsEditor (250)
[2018.04.02-22.51.50:401][209]LogModuleManager: Shutting down and abandoning module FacialAnimationEditor (248)
[2018.04.02-22.51.50:401][209]LogModuleManager: Shutting down and abandoning module FacialAnimation (246)
[2018.04.02-22.51.50:401][209]LogModuleManager: Shutting down and abandoning module AssetManagerEditor (244)
[2018.04.02-22.51.50:403][209]LogModuleManager: Shutting down and abandoning module GraphEditor (243)
[2018.04.02-22.51.50:403][209]LogModuleManager: Shutting down and abandoning module ContentBrowser (241)
[2018.04.02-22.51.50:406][209]LogModuleManager: Shutting down and abandoning module LightPropagationVolumeRuntime (238)
[2018.04.02-22.51.50:406][209]LogModuleManager: Shutting down and abandoning module Paper2D (236)
[2018.04.02-22.51.50:406][209]LogModuleManager: Shutting down and abandoning module WindowsMoviePlayer (234)
[2018.04.02-22.51.50:407][209]LogModuleManager: Shutting down and abandoning module WmfMedia (232)
[2018.04.02-22.51.50:409][209]LogModuleManager: Shutting down and abandoning module ImgMedia (230)
[2018.04.02-22.51.50:409][209]LogModuleManager: Shutting down and abandoning module PacketHandler (228)
[2018.04.02-22.51.50:409][209]LogModuleManager: Shutting down and abandoning module ClothingSystemEditor (226)
[2018.04.02-22.51.50:409][209]LogModuleManager: Shutting down and abandoning module ClothingSystemRuntime (224)
[2018.04.02-22.51.50:410][209]LogModuleManager: Shutting down and abandoning module MediaAssets (222)
[2018.04.02-22.51.50:410][209]LogModuleManager: Shutting down and abandoning module Media (221)
[2018.04.02-22.51.50:416][209]LogModuleManager: Shutting down and abandoning module Overlay (218)
[2018.04.02-22.51.50:416][209]LogModuleManager: Shutting down and abandoning module OverlayEditor (217)
[2018.04.02-22.51.50:416][209]LogModuleManager: Shutting down and abandoning module VREditor (214)
[2018.04.02-22.51.50:418][209]LogModuleManager: Shutting down and abandoning module StringTableEditor (212)
[2018.04.02-22.51.50:419][209]LogModuleManager: Shutting down and abandoning module GameplayTasksEditor (210)
[2018.04.02-22.51.50:419][209]LogModuleManager: Shutting down and abandoning module BehaviorTreeEditor (208)
[2018.04.02-22.51.50:423][209]LogModuleManager: Shutting down and abandoning module FunctionalTesting (206)
[2018.04.02-22.51.50:423][209]LogModuleManager: Shutting down and abandoning module CollisionAnalyzer (204)
[2018.04.02-22.51.50:425][209]LogModuleManager: Shutting down and abandoning module WorkspaceMenuStructure (203)
[2018.04.02-22.51.50:425][209]LogModuleManager: Shutting down and abandoning module UMG (200)
[2018.04.02-22.51.50:425][209]LogModuleManager: Shutting down and abandoning module UMGEditor (199)
[2018.04.02-22.51.50:425][209]LogModuleManager: Shutting down and abandoning module Sequencer (198)
[2018.04.02-22.51.50:425][209]LogModuleManager: Shutting down and abandoning module MessageLog (195)
[2018.04.02-22.51.50:425][209]LogModuleManager: Shutting down and abandoning module SlateReflector (190)
[2018.04.02-22.51.50:430][209]LogModuleManager: Shutting down and abandoning module Slate (188)
[2018.04.02-22.51.50:430][209]LogModuleManager: Shutting down and abandoning module EditorStyle (186)
[2018.04.02-22.51.50:450][209]LogModuleManager: Shutting down and abandoning module MRMesh (184)
[2018.04.02-22.51.50:450][209]LogModuleManager: Shutting down and abandoning module SourceCodeAccess (182)
[2018.04.02-22.51.50:450][209]LogModuleManager: Shutting down and abandoning module HeadMountedDisplay (180)
[2018.04.02-22.51.50:450][209]LogModuleManager: Shutting down and abandoning module XAudio2 (178)
[2018.04.02-22.51.50:450][209]LogModuleManager: Shutting down and abandoning module Networking (176)
[2018.04.02-22.51.50:450][209]LogModuleManager: Shutting down and abandoning module Core (172)
[2018.04.02-22.51.50:450][209]LogModuleManager: Shutting down and abandoning module LevelSequence (168)
[2018.04.02-22.51.50:450][209]LogModuleManager: Shutting down and abandoning module DirectoryWatcher (166)
[2018.04.02-22.51.50:451][209]LogModuleManager: Shutting down and abandoning module KismetCompiler (164)
[2018.04.02-22.51.50:451][209]LogModuleManager: Shutting down and abandoning module MeshUtilities (162)
[2018.04.02-22.51.50:453][209]LogModuleManager: Shutting down and abandoning module MeshMergeUtilities (161)
[2018.04.02-22.51.50:454][209]LogModuleManager: Shutting down and abandoning module MeshReductionInterface (160)
[2018.04.02-22.51.50:454][209]LogModuleManager: Shutting down and abandoning module SimplygonSwarm (159)
[2018.04.02-22.51.50:455][209]LogModuleManager: Shutting down and abandoning module SimplygonMeshReduction (157)
[2018.04.02-22.51.50:455][209]LogModuleManager: Shutting down and abandoning module QuadricMeshReduction (155)
[2018.04.02-22.51.50:455][209]LogModuleManager: Shutting down and abandoning module MaterialBaking (151)
[2018.04.02-22.51.50:456][209]LogModuleManager: Shutting down and abandoning module DerivedDataCache (148)
[2018.04.02-22.51.50:538][209]LogDerivedDataCache: Shutdown
[2018.04.02-22.51.50:538][209]LogModuleManager: Shutting down and abandoning module TargetPlatform (146)
[2018.04.02-22.51.50:538][209]LogModuleManager: Shutting down and abandoning module VulkanShaderFormat (145)
[2018.04.02-22.51.50:539][209]LogModuleManager: Shutting down and abandoning module ShaderFormatVectorVM (143)
[2018.04.02-22.51.50:539][209]LogModuleManager: Shutting down and abandoning module ShaderFormatOpenGL (141)
[2018.04.02-22.51.50:541][209]LogModuleManager: Shutting down and abandoning module ShaderFormatD3D (139)
[2018.04.02-22.51.50:541][209]LogModuleManager: Shutting down and abandoning module MetalShaderFormat (137)
[2018.04.02-22.51.50:543][209]LogModuleManager: Shutting down and abandoning module TextureFormatUncompressed (135)
[2018.04.02-22.51.50:543][209]LogModuleManager: Shutting down and abandoning module TextureFormatPVR (133)
[2018.04.02-22.51.50:543][209]LogModuleManager: Shutting down and abandoning module TextureFormatDXT (131)
[2018.04.02-22.51.50:543][209]LogModuleManager: Shutting down and abandoning module TextureFormatIntelISPCTexComp (129)
[2018.04.02-22.51.50:544][209]LogModuleManager: Shutting down and abandoning module TextureFormatASTC (127)
[2018.04.02-22.51.50:544][209]LogModuleManager: Shutting down and abandoning module ImageWrapper (126)
[2018.04.02-22.51.50:544][209]LogModuleManager: Shutting down and abandoning module TextureFormatAndroid (123)
[2018.04.02-22.51.50:544][209]LogModuleManager: Shutting down and abandoning module AudioFormatOpus (121)
[2018.04.02-22.51.50:544][209]LogModuleManager: Shutting down and abandoning module AudioFormatOgg (119)
[2018.04.02-22.51.50:544][209]LogModuleManager: Shutting down and abandoning module AudioFormatADPCM (117)
[2018.04.02-22.51.50:544][209]LogModuleManager: Shutting down and abandoning module LinuxTargetPlatform (115)
[2018.04.02-22.51.50:544][209]LogModuleManager: Shutting down and abandoning module LinuxServerTargetPlatform (113)
[2018.04.02-22.51.50:545][209]LogModuleManager: Shutting down and abandoning module LinuxNoEditorTargetPlatform (111)
[2018.04.02-22.51.50:545][209]LogModuleManager: Shutting down and abandoning module LinuxClientTargetPlatform (109)
[2018.04.02-22.51.50:545][209]LogModuleManager: Shutting down and abandoning module TVOSTargetPlatform (107)
[2018.04.02-22.51.50:545][209]LogModuleManager: Shutting down and abandoning module Messaging (105)
[2018.04.02-22.51.50:545][209]LogModuleManager: Shutting down and abandoning module IOSTargetPlatform (103)
[2018.04.02-22.51.50:545][209]LogModuleManager: Shutting down and abandoning module HTML5TargetPlatform (101)
[2018.04.02-22.51.50:545][209]LogModuleManager: Shutting down and abandoning module AndroidTargetPlatform (99)
[2018.04.02-22.51.50:545][209]LogModuleManager: Shutting down and abandoning module Android_PVRTCTargetPlatform (97)
[2018.04.02-22.51.50:545][209]LogModuleManager: Shutting down and abandoning module Android_MultiTargetPlatform (95)
[2018.04.02-22.51.50:545][209]LogModuleManager: Shutting down and abandoning module Android_ETC2TargetPlatform (93)
[2018.04.02-22.51.50:545][209]LogModuleManager: Shutting down and abandoning module Android_ETC1TargetPlatform (91)
[2018.04.02-22.51.50:545][209]LogModuleManager: Shutting down and abandoning module Android_DXTTargetPlatform (89)
[2018.04.02-22.51.50:545][209]LogModuleManager: Shutting down and abandoning module Android_ATCTargetPlatform (87)
[2018.04.02-22.51.50:545][209]LogModuleManager: Shutting down and abandoning module Android_ASTCTargetPlatform (85)
[2018.04.02-22.51.50:545][209]LogModuleManager: Shutting down and abandoning module WindowsTargetPlatform (83)
[2018.04.02-22.51.50:545][209]LogModuleManager: Shutting down and abandoning module WindowsServerTargetPlatform (81)
[2018.04.02-22.51.50:546][209]LogModuleManager: Shutting down and abandoning module WindowsNoEditorTargetPlatform (79)
[2018.04.02-22.51.50:546][209]LogModuleManager: Shutting down and abandoning module WindowsClientTargetPlatform (77)
[2018.04.02-22.51.50:546][209]LogModuleManager: Shutting down and abandoning module MacTargetPlatform (75)
[2018.04.02-22.51.50:546][209]LogModuleManager: Shutting down and abandoning module MacServerTargetPlatform (73)
[2018.04.02-22.51.50:546][209]LogModuleManager: Shutting down and abandoning module MacNoEditorTargetPlatform (71)
[2018.04.02-22.51.50:546][209]LogModuleManager: Shutting down and abandoning module MacClientTargetPlatform (69)
[2018.04.02-22.51.50:546][209]LogModuleManager: Shutting down and abandoning module AllDesktopTargetPlatform (67)
[2018.04.02-22.51.50:546][209]LogModuleManager: Shutting down and abandoning module InputCore (64)
[2018.04.02-22.51.50:546][209]LogModuleManager: Shutting down and abandoning module Settings (62)
[2018.04.02-22.51.50:546][209]LogModuleManager: Shutting down and abandoning module PhysXCooking (60)
[2018.04.02-22.51.50:546][209]LogModuleManager: Shutting down and abandoning module SteamVR (58)
[2018.04.02-22.51.50:546][209]LogModuleManager: Shutting down and abandoning module OculusHMD (56)
[2018.04.02-22.51.50:547][209]LogModuleManager: Shutting down and abandoning module ExampleDeviceProfileSelector (54)
[2018.04.02-22.51.50:547][209]LogModuleManager: Shutting down and abandoning module AppleARKit (52)
[2018.04.02-22.51.50:547][209]LogModuleManager: Shutting down and abandoning module AugmentedReality (51)
[2018.04.02-22.51.50:547][209]LogModuleManager: Shutting down and abandoning module OnlineBlueprintSupport (48)
[2018.04.02-22.51.50:547][209]LogModuleManager: Shutting down and abandoning module OnlineSubsystem (44)
[2018.04.02-22.51.50:549][209]LogModuleManager: Shutting down and abandoning module XMPP (43)
[2018.04.02-22.51.50:551][209]LogModuleManager: Shutting down and abandoning module HTTP (41)
[2018.04.02-22.51.50:551][209]LogHttp: Display: Http module shutting down, but needs to wait on 1 outstanding Http requests:
[2018.04.02-22.51.50:551][209]LogHttp: Display: 	verb=[POST] url=[https://datarouter.ol.epicgames.com/datarouter/api/v1/public/data?SessionID=%7B1BC61FEF-49BB-8C2E-9035-EA93A5D68414%7D&AppID=UEEditor.Rocket.Release&AppVersion=4.18.3-3832480%2B%2B%2BUE4%2BRelease-4.18&UserID=f273a15c4de26e850f28d1a7d85dba2b%7C3e0f88c4829944bba27cee7d48bd92eb%7C004954db-13a4-4d2d-862c-9d303498e558&AppEnvironment=datacollector-binary&UploadType=eteventstream] status=Processing
[2018.04.02-22.51.50:578][209]LogModuleManager: Shutting down and abandoning module SSL (40)
[2018.04.02-22.51.50:581][209]LogModuleManager: Shutting down and abandoning module AnimationModifiers (36)
[2018.04.02-22.51.50:583][209]LogModuleManager: Shutting down and abandoning module PropertyEditor (35)
[2018.04.02-22.51.50:583][209]LogModuleManager: Shutting down and abandoning module AudioEditor (32)
[2018.04.02-22.51.50:584][209]LogModuleManager: Shutting down and abandoning module TextureCompressor (30)
[2018.04.02-22.51.50:586][209]LogModuleManager: Shutting down and abandoning module ShaderCore (28)
[2018.04.02-22.51.50:587][209]LogModuleManager: Shutting down and abandoning module Landscape (26)
[2018.04.02-22.51.50:587][209]LogModuleManager: Shutting down and abandoning module SlateRHIRenderer (24)
[2018.04.02-22.51.50:593][209]LogModuleManager: Shutting down and abandoning module OpenGLDrv (22)
[2018.04.02-22.51.50:594][209]LogModuleManager: Shutting down and abandoning module D3D11RHI (20)
[2018.04.02-22.51.50:594][209]LogModuleManager: Shutting down and abandoning module AnimGraphRuntime (18)
[2018.04.02-22.51.50:594][209]LogModuleManager: Shutting down and abandoning module Renderer (16)
[2018.04.02-22.51.50:594][209]LogModuleManager: Shutting down and abandoning module Engine (14)
[2018.04.02-22.51.50:595][209]LogModuleManager: Shutting down and abandoning module CoreUObject (12)
[2018.04.02-22.51.50:595][209]LogModuleManager: Shutting down and abandoning module NetworkFile (10)
[2018.04.02-22.51.50:595][209]LogModuleManager: Shutting down and abandoning module CookedIterativeFile (8)
[2018.04.02-22.51.50:595][209]LogModuleManager: Shutting down and abandoning module StreamingFile (6)
[2018.04.02-22.51.50:596][209]LogModuleManager: Shutting down and abandoning module SandboxFile (4)
[2018.04.02-22.51.50:596][209]LogModuleManager: Shutting down and abandoning module PakFile (2)
[2018.04.02-22.51.50:601][209]LogExit: Exiting.
[2018.04.02-22.51.50:641][209]Log file closed, 04/02/18 18:51:50
